[runlim] version:		1.21
[runlim] host:			c3n09
[runlim] time limit:		900 seconds
[runlim] real time limit:	900 seconds
[runlim] space limit:		50000 MB
[runlim] argv[0]:		./binary
[runlim] argv[1]:		/tmp/local-unzipped-18834963-4-parity80.cnf
[runlim] argv[2]:		900 50000
[runlim] start:			Tue Feb 16 23:34:27 2021
[runlim] child:			4333
[runlim] sample:		10.00 time, 10.01 real, 87 MB
[runlim] sample:		20.00 time, 20.01 real, 116 MB
[runlim] sample:		30.00 time, 30.01 real, 164 MB
[runlim] sample:		40.00 time, 40.01 real, 170 MB
[runlim] sample:		50.00 time, 50.01 real, 176 MB
[runlim] sample:		60.00 time, 60.01 real, 222 MB
[runlim] sample:		70.00 time, 70.01 real, 307 MB
[runlim] sample:		80.00 time, 80.01 real, 311 MB
[runlim] sample:		90.00 time, 90.01 real, 315 MB
[runlim] sample:		99.99 time, 100.01 real, 319 MB
[runlim] sample:		110.00 time, 110.01 real, 323 MB
[runlim] sample:		120.00 time, 120.01 real, 327 MB
[runlim] sample:		130.00 time, 130.01 real, 330 MB
[runlim] sample:		139.99 time, 140.01 real, 333 MB
[runlim] sample:		150.00 time, 150.01 real, 336 MB
[runlim] sample:		160.00 time, 160.01 real, 339 MB
[runlim] sample:		170.00 time, 170.01 real, 342 MB
[runlim] sample:		180.00 time, 180.01 real, 426 MB
[runlim] sample:		190.00 time, 190.01 real, 429 MB
[runlim] sample:		199.99 time, 200.01 real, 432 MB
[runlim] sample:		210.00 time, 210.01 real, 434 MB
[runlim] sample:		220.00 time, 220.01 real, 437 MB
[runlim] sample:		229.99 time, 230.01 real, 600 MB
[runlim] sample:		240.00 time, 240.01 real, 602 MB
[runlim] sample:		250.00 time, 250.01 real, 605 MB
[runlim] sample:		260.00 time, 260.01 real, 607 MB
[runlim] sample:		270.00 time, 270.01 real, 610 MB
[runlim] sample:		280.00 time, 280.01 real, 612 MB
[runlim] sample:		289.99 time, 290.02 real, 615 MB
[runlim] sample:		300.00 time, 300.01 real, 618 MB
[runlim] sample:		310.00 time, 310.01 real, 620 MB
[runlim] sample:		320.00 time, 320.01 real, 622 MB
[runlim] sample:		330.00 time, 330.01 real, 624 MB
[runlim] sample:		340.00 time, 340.01 real, 626 MB
[runlim] sample:		350.00 time, 350.01 real, 629 MB
[runlim] sample:		360.00 time, 360.01 real, 631 MB
[runlim] sample:		370.00 time, 370.01 real, 632 MB
[runlim] sample:		380.00 time, 380.01 real, 635 MB
[runlim] sample:		390.00 time, 390.01 real, 637 MB
[runlim] sample:		400.00 time, 400.01 real, 638 MB
[runlim] sample:		410.00 time, 410.02 real, 640 MB
[runlim] sample:		420.00 time, 420.02 real, 642 MB
[runlim] sample:		429.99 time, 430.01 real, 644 MB
[runlim] sample:		440.00 time, 440.02 real, 646 MB
[runlim] sample:		450.00 time, 450.02 real, 647 MB
[runlim] sample:		460.00 time, 460.02 real, 648 MB
[runlim] sample:		469.99 time, 470.01 real, 650 MB
[runlim] sample:		480.00 time, 480.01 real, 652 MB
[runlim] sample:		490.00 time, 490.02 real, 653 MB
[runlim] sample:		500.00 time, 500.02 real, 654 MB
[runlim] sample:		510.00 time, 510.02 real, 655 MB
[runlim] sample:		520.00 time, 520.02 real, 656 MB
[runlim] sample:		530.00 time, 530.02 real, 658 MB
[runlim] sample:		540.00 time, 540.02 real, 659 MB
[runlim] sample:		550.00 time, 550.02 real, 661 MB
[runlim] sample:		560.00 time, 560.02 real, 662 MB
[runlim] sample:		570.00 time, 570.02 real, 663 MB
[runlim] sample:		580.00 time, 580.01 real, 664 MB
[runlim] sample:		590.00 time, 590.02 real, 666 MB
[runlim] sample:		600.00 time, 600.02 real, 667 MB
[runlim] sample:		610.00 time, 610.02 real, 668 MB
[runlim] sample:		620.00 time, 620.02 real, 669 MB
[runlim] sample:		630.00 time, 630.01 real, 671 MB
[runlim] sample:		640.00 time, 640.01 real, 673 MB
[runlim] sample:		650.00 time, 650.02 real, 674 MB
[runlim] sample:		660.00 time, 660.02 real, 676 MB
[runlim] sample:		670.00 time, 670.02 real, 837 MB
[runlim] sample:		680.00 time, 680.01 real, 839 MB
[runlim] sample:		690.00 time, 690.02 real, 840 MB
[runlim] sample:		700.00 time, 700.02 real, 842 MB
[runlim] sample:		710.00 time, 710.02 real, 843 MB
[runlim] sample:		720.00 time, 720.02 real, 844 MB
[runlim] sample:		730.00 time, 730.02 real, 846 MB
[runlim] sample:		740.00 time, 740.02 real, 847 MB
[runlim] sample:		750.00 time, 750.02 real, 848 MB
[runlim] sample:		760.00 time, 760.02 real, 849 MB
[runlim] sample:		770.00 time, 770.02 real, 850 MB
[runlim] sample:		780.00 time, 780.02 real, 851 MB
[runlim] sample:		790.00 time, 790.02 real, 853 MB
[runlim] sample:		800.00 time, 800.02 real, 854 MB
[runlim] sample:		810.00 time, 810.02 real, 855 MB
[runlim] sample:		820.00 time, 820.02 real, 856 MB
[runlim] sample:		830.00 time, 830.02 real, 857 MB
[runlim] sample:		840.00 time, 840.02 real, 858 MB
[runlim] sample:		850.00 time, 850.02 real, 859 MB
[runlim] sample:		860.00 time, 860.02 real, 860 MB
[runlim] sample:		870.00 time, 870.02 real, 861 MB
[runlim] sample:		880.00 time, 880.02 real, 863 MB
[runlim] sample:		890.00 time, 890.02 real, 1184 MB
[runlim] sample:		900.00 time, 900.01 real, 1185 MB
Terminated
[runlim] end:			Tue Feb 16 23:49:27 2021
[runlim] status:		out of time
[runlim] result:		2
[runlim] children:		3
[runlim] real:			900.10 seconds
[runlim] time:			900.00 seconds
[runlim] space:			1321 MB
[runlim] samples:		9000
