[runlim] version:		1.21
[runlim] host:			c3n09
[runlim] time limit:		900 seconds
[runlim] real time limit:	900 seconds
[runlim] space limit:		50000 MB
[runlim] argv[0]:		./binary
[runlim] argv[1]:		/tmp/local-unzipped-18834963-5-parity40.cnf
[runlim] argv[2]:		900 50000
[runlim] start:			Tue Feb 16 23:34:27 2021
[runlim] child:			4334
[runlim] sample:		10.00 time, 10.01 real, 50 MB
[runlim] sample:		20.00 time, 20.01 real, 86 MB
[runlim] sample:		30.00 time, 30.01 real, 90 MB
[runlim] sample:		40.00 time, 40.01 real, 113 MB
[runlim] sample:		50.00 time, 50.01 real, 157 MB
[runlim] sample:		59.99 time, 60.01 real, 160 MB
[runlim] sample:		69.99 time, 70.01 real, 164 MB
[runlim] sample:		79.99 time, 80.01 real, 167 MB
[runlim] sample:		89.99 time, 90.01 real, 170 MB
[runlim] sample:		99.98 time, 100.01 real, 173 MB
[runlim] sample:		109.99 time, 110.01 real, 176 MB
[runlim] sample:		119.98 time, 120.01 real, 218 MB
[runlim] sample:		129.99 time, 130.01 real, 300 MB
[runlim] sample:		139.98 time, 140.01 real, 302 MB
[runlim] sample:		149.99 time, 150.01 real, 303 MB
[runlim] sample:		159.99 time, 160.01 real, 306 MB
[runlim] sample:		169.98 time, 170.01 real, 307 MB
[runlim] sample:		179.98 time, 180.01 real, 309 MB
[runlim] sample:		189.99 time, 190.01 real, 311 MB
[runlim] sample:		199.98 time, 200.01 real, 312 MB
[runlim] sample:		209.98 time, 210.01 real, 314 MB
[runlim] sample:		219.98 time, 220.01 real, 315 MB
[runlim] sample:		229.98 time, 230.01 real, 316 MB
[runlim] sample:		239.98 time, 240.01 real, 318 MB
[runlim] sample:		249.97 time, 250.01 real, 319 MB
[runlim] sample:		259.98 time, 260.01 real, 320 MB
[runlim] sample:		269.97 time, 270.01 real, 322 MB
[runlim] sample:		279.97 time, 280.01 real, 323 MB
[runlim] sample:		289.98 time, 290.01 real, 324 MB
[runlim] sample:		299.97 time, 300.01 real, 325 MB
[runlim] sample:		309.97 time, 310.01 real, 326 MB
[runlim] sample:		319.97 time, 320.01 real, 327 MB
[runlim] sample:		329.97 time, 330.01 real, 328 MB
[runlim] sample:		339.97 time, 340.01 real, 329 MB
[runlim] sample:		349.96 time, 350.01 real, 330 MB
[runlim] sample:		359.97 time, 360.01 real, 331 MB
[runlim] sample:		369.97 time, 370.01 real, 332 MB
[runlim] sample:		379.96 time, 380.01 real, 333 MB
[runlim] sample:		389.97 time, 390.01 real, 334 MB
[runlim] sample:		399.97 time, 400.01 real, 335 MB
[runlim] sample:		409.96 time, 410.01 real, 336 MB
[runlim] sample:		419.96 time, 420.01 real, 336 MB
[runlim] sample:		429.96 time, 430.01 real, 337 MB
[runlim] sample:		439.96 time, 440.01 real, 338 MB
[runlim] sample:		449.96 time, 450.01 real, 339 MB
[runlim] sample:		459.96 time, 460.01 real, 340 MB
[runlim] sample:		469.96 time, 470.01 real, 341 MB
[runlim] sample:		479.96 time, 480.01 real, 342 MB
[runlim] sample:		489.95 time, 490.01 real, 342 MB
[runlim] sample:		499.96 time, 500.01 real, 343 MB
[runlim] sample:		509.95 time, 510.01 real, 344 MB
[runlim] sample:		519.95 time, 520.01 real, 345 MB
[runlim] sample:		529.95 time, 530.01 real, 346 MB
[runlim] sample:		539.96 time, 540.01 real, 427 MB
[runlim] sample:		549.95 time, 550.01 real, 428 MB
[runlim] sample:		559.94 time, 560.01 real, 428 MB
[runlim] sample:		569.95 time, 570.01 real, 429 MB
[runlim] sample:		579.95 time, 580.01 real, 590 MB
[runlim] sample:		589.95 time, 590.01 real, 591 MB
[runlim] sample:		599.95 time, 600.01 real, 592 MB
[runlim] sample:		609.94 time, 610.01 real, 593 MB
[runlim] sample:		619.94 time, 620.01 real, 593 MB
[runlim] sample:		629.94 time, 630.01 real, 594 MB
[runlim] sample:		639.94 time, 640.01 real, 595 MB
[runlim] sample:		649.94 time, 650.01 real, 596 MB
[runlim] sample:		659.94 time, 660.01 real, 597 MB
[runlim] sample:		669.94 time, 670.01 real, 597 MB
[runlim] sample:		679.94 time, 680.01 real, 598 MB
[runlim] sample:		689.93 time, 690.01 real, 599 MB
[runlim] sample:		699.94 time, 700.01 real, 599 MB
[runlim] sample:		709.93 time, 710.01 real, 600 MB
[runlim] sample:		719.93 time, 720.01 real, 601 MB
[runlim] sample:		729.93 time, 730.01 real, 601 MB
[runlim] sample:		739.94 time, 740.01 real, 602 MB
[runlim] sample:		749.93 time, 750.01 real, 603 MB
[runlim] sample:		759.94 time, 760.01 real, 604 MB
[runlim] sample:		769.93 time, 770.01 real, 605 MB
[runlim] sample:		779.93 time, 780.01 real, 605 MB
[runlim] sample:		789.93 time, 790.01 real, 606 MB
[runlim] sample:		799.93 time, 800.01 real, 606 MB
[runlim] sample:		809.93 time, 810.01 real, 607 MB
[runlim] sample:		819.93 time, 820.01 real, 608 MB
[runlim] sample:		829.92 time, 830.01 real, 609 MB
[runlim] sample:		839.92 time, 840.01 real, 609 MB
[runlim] sample:		849.92 time, 850.01 real, 610 MB
[runlim] sample:		859.92 time, 860.01 real, 610 MB
[runlim] sample:		869.92 time, 870.01 real, 611 MB
[runlim] sample:		879.93 time, 880.01 real, 612 MB
[runlim] sample:		889.93 time, 890.01 real, 612 MB
[runlim] sample:		899.92 time, 900.01 real, 613 MB
Terminated
[runlim] end:			Tue Feb 16 23:49:27 2021
[runlim] status:		out of time
[runlim] result:		2
[runlim] children:		3
[runlim] real:			900.10 seconds
[runlim] time:			899.92 seconds
[runlim] space:			663 MB
[runlim] samples:		9000
