[runlim] version:		1.21
[runlim] host:			c3n10
[runlim] time limit:		900 seconds
[runlim] real time limit:	900 seconds
[runlim] space limit:		50000 MB
[runlim] argv[0]:		./binary
[runlim] argv[1]:		/tmp/local-unzipped-18834963-6-parity60.cnf
[runlim] argv[2]:		900 50000
[runlim] start:			Tue Feb 16 23:34:28 2021
[runlim] child:			4128
[runlim] sample:		10.00 time, 10.02 real, 83 MB
[runlim] sample:		20.00 time, 20.02 real, 91 MB
[runlim] sample:		30.00 time, 30.02 real, 157 MB
[runlim] sample:		40.00 time, 40.02 real, 162 MB
[runlim] sample:		50.00 time, 50.02 real, 167 MB
[runlim] sample:		60.00 time, 60.02 real, 171 MB
[runlim] sample:		70.00 time, 70.02 real, 175 MB
[runlim] sample:		80.00 time, 80.02 real, 218 MB
[runlim] sample:		90.00 time, 90.02 real, 223 MB
[runlim] sample:		100.00 time, 100.02 real, 306 MB
[runlim] sample:		110.00 time, 110.02 real, 309 MB
[runlim] sample:		119.99 time, 120.02 real, 311 MB
[runlim] sample:		130.00 time, 130.02 real, 314 MB
[runlim] sample:		140.00 time, 140.02 real, 316 MB
[runlim] sample:		150.00 time, 150.02 real, 319 MB
[runlim] sample:		160.00 time, 160.02 real, 321 MB
[runlim] sample:		170.00 time, 170.02 real, 323 MB
[runlim] sample:		180.00 time, 180.02 real, 326 MB
[runlim] sample:		190.00 time, 190.02 real, 328 MB
[runlim] sample:		200.00 time, 200.02 real, 331 MB
[runlim] sample:		209.99 time, 210.02 real, 333 MB
[runlim] sample:		220.00 time, 220.02 real, 335 MB
[runlim] sample:		229.99 time, 230.02 real, 337 MB
[runlim] sample:		240.00 time, 240.02 real, 339 MB
[runlim] sample:		250.00 time, 250.02 real, 342 MB
[runlim] sample:		260.00 time, 260.02 real, 343 MB
[runlim] sample:		270.00 time, 270.02 real, 425 MB
[runlim] sample:		280.00 time, 280.02 real, 427 MB
[runlim] sample:		290.00 time, 290.02 real, 429 MB
[runlim] sample:		300.00 time, 300.02 real, 432 MB
[runlim] sample:		309.99 time, 310.02 real, 433 MB
[runlim] sample:		319.99 time, 320.02 real, 476 MB
[runlim] sample:		330.00 time, 330.02 real, 597 MB
[runlim] sample:		340.00 time, 340.02 real, 598 MB
[runlim] sample:		350.00 time, 350.02 real, 600 MB
[runlim] sample:		360.00 time, 360.02 real, 601 MB
[runlim] sample:		370.00 time, 370.02 real, 603 MB
[runlim] sample:		380.00 time, 380.02 real, 604 MB
[runlim] sample:		390.00 time, 390.02 real, 606 MB
[runlim] sample:		400.00 time, 400.02 real, 608 MB
[runlim] sample:		410.00 time, 410.02 real, 609 MB
[runlim] sample:		419.99 time, 420.02 real, 610 MB
[runlim] sample:		429.99 time, 430.02 real, 611 MB
[runlim] sample:		440.00 time, 440.02 real, 613 MB
[runlim] sample:		450.00 time, 450.02 real, 614 MB
[runlim] sample:		459.99 time, 460.02 real, 616 MB
[runlim] sample:		470.00 time, 470.02 real, 617 MB
[runlim] sample:		479.99 time, 480.02 real, 618 MB
[runlim] sample:		489.99 time, 490.02 real, 619 MB
[runlim] sample:		499.99 time, 500.02 real, 620 MB
[runlim] sample:		509.99 time, 510.02 real, 621 MB
[runlim] sample:		520.00 time, 520.02 real, 623 MB
[runlim] sample:		530.00 time, 530.02 real, 624 MB
[runlim] sample:		540.00 time, 540.02 real, 625 MB
[runlim] sample:		549.99 time, 550.02 real, 625 MB
[runlim] sample:		559.99 time, 560.02 real, 627 MB
[runlim] sample:		570.00 time, 570.02 real, 628 MB
[runlim] sample:		580.00 time, 580.02 real, 629 MB
[runlim] sample:		589.99 time, 590.02 real, 631 MB
[runlim] sample:		599.99 time, 600.02 real, 632 MB
[runlim] sample:		609.99 time, 610.02 real, 633 MB
[runlim] sample:		620.00 time, 620.02 real, 634 MB
[runlim] sample:		630.00 time, 630.02 real, 635 MB
[runlim] sample:		639.99 time, 640.02 real, 636 MB
[runlim] sample:		650.00 time, 650.02 real, 637 MB
[runlim] sample:		659.99 time, 660.02 real, 638 MB
[runlim] sample:		669.99 time, 670.02 real, 639 MB
[runlim] sample:		679.99 time, 680.02 real, 640 MB
[runlim] sample:		690.00 time, 690.02 real, 641 MB
[runlim] sample:		699.99 time, 700.02 real, 642 MB
[runlim] sample:		709.99 time, 710.02 real, 643 MB
[runlim] sample:		719.99 time, 720.02 real, 644 MB
[runlim] sample:		729.99 time, 730.02 real, 645 MB
[runlim] sample:		739.99 time, 740.02 real, 645 MB
[runlim] sample:		749.99 time, 750.02 real, 647 MB
[runlim] sample:		759.99 time, 760.02 real, 648 MB
[runlim] sample:		770.00 time, 770.02 real, 649 MB
[runlim] sample:		779.99 time, 780.02 real, 649 MB
[runlim] sample:		789.99 time, 790.02 real, 650 MB
[runlim] sample:		799.99 time, 800.01 real, 652 MB
[runlim] sample:		809.99 time, 810.02 real, 653 MB
[runlim] sample:		819.99 time, 820.02 real, 654 MB
[runlim] sample:		829.99 time, 830.02 real, 655 MB
[runlim] sample:		839.99 time, 840.02 real, 656 MB
[runlim] sample:		849.99 time, 850.02 real, 657 MB
[runlim] sample:		859.99 time, 860.02 real, 658 MB
[runlim] sample:		869.99 time, 870.02 real, 659 MB
[runlim] sample:		879.99 time, 880.02 real, 659 MB
[runlim] sample:		889.99 time, 890.02 real, 661 MB
[runlim] sample:		899.99 time, 900.01 real, 661 MB
Terminated
[runlim] end:			Tue Feb 16 23:49:28 2021
[runlim] status:		out of time
[runlim] result:		2
[runlim] children:		3
[runlim] real:			900.09 seconds
[runlim] time:			899.99 seconds
[runlim] space:			661 MB
[runlim] samples:		9000
