[runlim] version:		1.21
[runlim] host:			c3n01
[runlim] time limit:		900 seconds
[runlim] real time limit:	900 seconds
[runlim] space limit:		50000 MB
[runlim] argv[0]:		./binary
[runlim] argv[1]:		/tmp/local-unzipped-18834963-10-parity30.cnf
[runlim] argv[2]:		900 50000
[runlim] start:			Tue Feb 16 23:41:34 2021
[runlim] child:			4272
[runlim] sample:		10.00 time, 10.01 real, 48 MB
[runlim] sample:		20.00 time, 20.01 real, 82 MB
[runlim] sample:		30.00 time, 30.01 real, 86 MB
[runlim] sample:		40.00 time, 40.01 real, 89 MB
[runlim] sample:		50.00 time, 50.01 real, 92 MB
[runlim] sample:		60.00 time, 60.01 real, 154 MB
[runlim] sample:		69.99 time, 70.01 real, 157 MB
[runlim] sample:		80.00 time, 80.01 real, 159 MB
[runlim] sample:		90.00 time, 90.01 real, 161 MB
[runlim] sample:		100.00 time, 100.01 real, 162 MB
[runlim] sample:		110.00 time, 110.01 real, 164 MB
[runlim] sample:		120.00 time, 120.01 real, 165 MB
[runlim] sample:		130.00 time, 130.01 real, 167 MB
[runlim] sample:		140.00 time, 140.01 real, 169 MB
[runlim] sample:		149.99 time, 150.01 real, 170 MB
[runlim] sample:		160.00 time, 160.01 real, 172 MB
[runlim] sample:		170.00 time, 170.01 real, 173 MB
[runlim] sample:		179.99 time, 180.01 real, 175 MB
[runlim] sample:		190.00 time, 190.01 real, 176 MB
[runlim] sample:		200.00 time, 200.01 real, 177 MB
[runlim] sample:		210.00 time, 210.01 real, 299 MB
[runlim] sample:		220.00 time, 220.01 real, 300 MB
[runlim] sample:		230.00 time, 230.01 real, 301 MB
[runlim] sample:		239.99 time, 240.01 real, 302 MB
[runlim] sample:		250.00 time, 250.01 real, 304 MB
[runlim] sample:		260.00 time, 260.01 real, 305 MB
[runlim] sample:		269.99 time, 270.01 real, 306 MB
[runlim] sample:		279.99 time, 280.01 real, 307 MB
[runlim] sample:		290.00 time, 290.01 real, 308 MB
[runlim] sample:		300.00 time, 300.01 real, 309 MB
[runlim] sample:		310.00 time, 310.01 real, 310 MB
[runlim] sample:		320.00 time, 320.01 real, 311 MB
[runlim] sample:		330.00 time, 330.01 real, 312 MB
[runlim] sample:		339.99 time, 340.01 real, 313 MB
[runlim] sample:		350.00 time, 350.01 real, 314 MB
[runlim] sample:		360.00 time, 360.01 real, 315 MB
[runlim] sample:		369.99 time, 370.01 real, 316 MB
[runlim] sample:		379.99 time, 380.01 real, 316 MB
[runlim] sample:		390.00 time, 390.01 real, 317 MB
[runlim] sample:		400.00 time, 400.01 real, 318 MB
[runlim] sample:		410.00 time, 410.01 real, 319 MB
[runlim] sample:		420.00 time, 420.01 real, 319 MB
[runlim] sample:		430.00 time, 430.01 real, 320 MB
[runlim] sample:		440.00 time, 440.01 real, 321 MB
[runlim] sample:		449.99 time, 450.01 real, 321 MB
[runlim] sample:		460.00 time, 460.01 real, 322 MB
[runlim] sample:		470.00 time, 470.01 real, 323 MB
[runlim] sample:		479.99 time, 480.01 real, 324 MB
[runlim] sample:		490.00 time, 490.01 real, 324 MB
[runlim] sample:		499.99 time, 500.01 real, 325 MB
[runlim] sample:		510.00 time, 510.01 real, 326 MB
[runlim] sample:		520.00 time, 520.01 real, 326 MB
[runlim] sample:		530.00 time, 530.01 real, 327 MB
[runlim] sample:		540.00 time, 540.01 real, 328 MB
[runlim] sample:		550.00 time, 550.01 real, 329 MB
[runlim] sample:		560.00 time, 560.01 real, 329 MB
[runlim] sample:		569.99 time, 570.01 real, 330 MB
[runlim] sample:		580.00 time, 580.01 real, 330 MB
[runlim] sample:		590.00 time, 590.01 real, 331 MB
[runlim] sample:		600.00 time, 600.01 real, 332 MB
[runlim] sample:		610.00 time, 610.01 real, 332 MB
[runlim] sample:		619.99 time, 620.01 real, 333 MB
[runlim] sample:		629.99 time, 630.01 real, 333 MB
[runlim] sample:		640.00 time, 640.01 real, 334 MB
[runlim] sample:		649.99 time, 650.01 real, 334 MB
[runlim] sample:		660.00 time, 660.01 real, 335 MB
[runlim] sample:		670.00 time, 670.01 real, 336 MB
[runlim] sample:		679.99 time, 680.01 real, 336 MB
[runlim] sample:		689.99 time, 690.01 real, 337 MB
[runlim] sample:		700.00 time, 700.01 real, 337 MB
[runlim] sample:		710.00 time, 710.01 real, 338 MB
[runlim] sample:		720.00 time, 720.01 real, 339 MB
[runlim] sample:		730.00 time, 730.01 real, 339 MB
[runlim] sample:		739.99 time, 740.01 real, 339 MB
[runlim] sample:		750.00 time, 750.01 real, 340 MB
[runlim] sample:		760.00 time, 760.01 real, 340 MB
[runlim] sample:		770.00 time, 770.01 real, 341 MB
[runlim] sample:		780.00 time, 780.01 real, 341 MB
[runlim] sample:		790.00 time, 790.01 real, 342 MB
[runlim] sample:		799.99 time, 800.01 real, 343 MB
[runlim] sample:		809.99 time, 810.01 real, 343 MB
[runlim] sample:		819.99 time, 820.01 real, 344 MB
[runlim] sample:		829.99 time, 830.01 real, 344 MB
[runlim] sample:		839.99 time, 840.01 real, 345 MB
[runlim] sample:		849.99 time, 850.01 real, 345 MB
[runlim] sample:		859.99 time, 860.01 real, 346 MB
[runlim] sample:		869.99 time, 870.01 real, 346 MB
[runlim] sample:		880.00 time, 880.01 real, 346 MB
[runlim] sample:		890.00 time, 890.01 real, 347 MB
[runlim] sample:		899.99 time, 900.01 real, 589 MB
Terminated
[runlim] end:			Tue Feb 16 23:56:35 2021
[runlim] status:		out of time
[runlim] result:		2
[runlim] children:		3
[runlim] real:			900.09 seconds
[runlim] time:			899.99 seconds
[runlim] space:			589 MB
[runlim] samples:		9000
