[runlim] version:		1.21
[runlim] host:			c3n03
[runlim] time limit:		900 seconds
[runlim] real time limit:	900 seconds
[runlim] space limit:		50000 MB
[runlim] argv[0]:		./binary
[runlim] argv[1]:		/tmp/local-unzipped-18834963-1-parity50.cnf
[runlim] argv[2]:		900 50000
[runlim] start:			Tue Feb 16 23:34:27 2021
[runlim] child:			4053
[runlim] sample:		10.00 time, 10.01 real, 62 MB
[runlim] sample:		19.99 time, 20.01 real, 89 MB
[runlim] sample:		29.99 time, 30.01 real, 114 MB
[runlim] sample:		39.99 time, 40.01 real, 158 MB
[runlim] sample:		49.99 time, 50.01 real, 162 MB
[runlim] sample:		60.00 time, 60.01 real, 166 MB
[runlim] sample:		70.00 time, 70.01 real, 170 MB
[runlim] sample:		79.99 time, 80.01 real, 173 MB
[runlim] sample:		89.99 time, 90.01 real, 176 MB
[runlim] sample:		99.99 time, 100.01 real, 219 MB
[runlim] sample:		110.00 time, 110.01 real, 221 MB
[runlim] sample:		120.00 time, 120.01 real, 304 MB
[runlim] sample:		130.00 time, 130.01 real, 306 MB
[runlim] sample:		140.00 time, 140.01 real, 308 MB
[runlim] sample:		149.99 time, 150.01 real, 311 MB
[runlim] sample:		159.99 time, 160.01 real, 313 MB
[runlim] sample:		170.00 time, 170.01 real, 315 MB
[runlim] sample:		180.00 time, 180.01 real, 317 MB
[runlim] sample:		189.99 time, 190.01 real, 319 MB
[runlim] sample:		200.00 time, 200.01 real, 321 MB
[runlim] sample:		209.99 time, 210.01 real, 323 MB
[runlim] sample:		219.99 time, 220.01 real, 324 MB
[runlim] sample:		230.00 time, 230.01 real, 326 MB
[runlim] sample:		239.99 time, 240.01 real, 328 MB
[runlim] sample:		249.99 time, 250.01 real, 330 MB
[runlim] sample:		259.99 time, 260.01 real, 331 MB
[runlim] sample:		269.99 time, 270.01 real, 333 MB
[runlim] sample:		279.99 time, 280.01 real, 335 MB
[runlim] sample:		289.98 time, 290.01 real, 337 MB
[runlim] sample:		299.99 time, 300.01 real, 338 MB
[runlim] sample:		309.99 time, 310.01 real, 340 MB
[runlim] sample:		319.99 time, 320.01 real, 341 MB
[runlim] sample:		329.99 time, 330.01 real, 342 MB
[runlim] sample:		339.99 time, 340.01 real, 343 MB
[runlim] sample:		349.99 time, 350.01 real, 425 MB
[runlim] sample:		359.99 time, 360.01 real, 426 MB
[runlim] sample:		369.99 time, 370.01 real, 428 MB
[runlim] sample:		379.99 time, 380.01 real, 429 MB
[runlim] sample:		389.99 time, 390.01 real, 430 MB
[runlim] sample:		399.99 time, 400.01 real, 431 MB
[runlim] sample:		409.99 time, 410.01 real, 432 MB
[runlim] sample:		419.99 time, 420.01 real, 433 MB
[runlim] sample:		429.98 time, 430.01 real, 594 MB
[runlim] sample:		439.99 time, 440.01 real, 595 MB
[runlim] sample:		449.99 time, 450.02 real, 596 MB
[runlim] sample:		459.99 time, 460.02 real, 597 MB
[runlim] sample:		469.99 time, 470.02 real, 598 MB
[runlim] sample:		479.99 time, 480.01 real, 599 MB
[runlim] sample:		489.99 time, 490.02 real, 600 MB
[runlim] sample:		499.99 time, 500.02 real, 601 MB
[runlim] sample:		509.99 time, 510.02 real, 602 MB
[runlim] sample:		519.99 time, 520.02 real, 603 MB
[runlim] sample:		529.98 time, 530.02 real, 604 MB
[runlim] sample:		539.99 time, 540.01 real, 604 MB
[runlim] sample:		549.99 time, 550.02 real, 605 MB
[runlim] sample:		559.99 time, 560.02 real, 607 MB
[runlim] sample:		569.99 time, 570.02 real, 608 MB
[runlim] sample:		579.99 time, 580.01 real, 609 MB
[runlim] sample:		589.98 time, 590.01 real, 610 MB
[runlim] sample:		599.98 time, 600.01 real, 611 MB
[runlim] sample:		609.99 time, 610.01 real, 613 MB
[runlim] sample:		619.98 time, 620.02 real, 614 MB
[runlim] sample:		629.99 time, 630.02 real, 615 MB
[runlim] sample:		639.99 time, 640.02 real, 616 MB
[runlim] sample:		649.99 time, 650.02 real, 617 MB
[runlim] sample:		659.99 time, 660.02 real, 618 MB
[runlim] sample:		669.99 time, 670.02 real, 619 MB
[runlim] sample:		679.98 time, 680.02 real, 619 MB
[runlim] sample:		689.98 time, 690.02 real, 620 MB
[runlim] sample:		699.99 time, 700.02 real, 621 MB
[runlim] sample:		709.99 time, 710.01 real, 622 MB
[runlim] sample:		719.98 time, 720.02 real, 623 MB
[runlim] sample:		729.98 time, 730.02 real, 623 MB
[runlim] sample:		739.98 time, 740.02 real, 624 MB
[runlim] sample:		749.98 time, 750.02 real, 625 MB
[runlim] sample:		759.98 time, 760.02 real, 626 MB
[runlim] sample:		769.98 time, 770.02 real, 626 MB
[runlim] sample:		779.98 time, 780.02 real, 628 MB
[runlim] sample:		789.98 time, 790.02 real, 628 MB
[runlim] sample:		799.98 time, 800.02 real, 629 MB
[runlim] sample:		809.98 time, 810.02 real, 630 MB
[runlim] sample:		819.98 time, 820.02 real, 631 MB
[runlim] sample:		829.98 time, 830.02 real, 631 MB
[runlim] sample:		839.98 time, 840.02 real, 632 MB
[runlim] sample:		849.98 time, 850.02 real, 633 MB
[runlim] sample:		859.98 time, 860.02 real, 633 MB
[runlim] sample:		869.98 time, 870.02 real, 634 MB
[runlim] sample:		879.98 time, 880.02 real, 635 MB
[runlim] sample:		889.98 time, 890.02 real, 636 MB
[runlim] sample:		899.97 time, 900.02 real, 637 MB
Terminated
[runlim] end:			Tue Feb 16 23:49:27 2021
[runlim] status:		out of time
[runlim] result:		2
[runlim] children:		3
[runlim] real:			900.09 seconds
[runlim] time:			899.97 seconds
[runlim] space:			637 MB
[runlim] samples:		9000
