[runlim] version:		1.21
[runlim] host:			c3n08
[runlim] time limit:		900 seconds
[runlim] real time limit:	900 seconds
[runlim] space limit:		7000 MB
[runlim] argv[0]:		./binary
[runlim] argv[1]:		/tmp/local-unzipped-18816929-118-Adder2-10-s.cnf
[runlim] start:			Fri Feb 12 12:52:45 2021
[runlim] child:			9702
[runlim] sample:		0.00 time, 10.01 real, 3 MB
[runlim] sample:		0.00 time, 20.01 real, 3 MB
[runlim] sample:		0.00 time, 30.01 real, 3 MB
[runlim] sample:		0.00 time, 40.01 real, 3 MB
[runlim] sample:		0.00 time, 50.01 real, 3 MB
[runlim] sample:		0.00 time, 60.01 real, 3 MB
[runlim] sample:		0.00 time, 70.01 real, 3 MB
[runlim] sample:		0.00 time, 80.01 real, 3 MB
[runlim] sample:		0.00 time, 90.01 real, 3 MB
[runlim] sample:		0.00 time, 100.01 real, 3 MB
[runlim] sample:		0.00 time, 110.01 real, 3 MB
[runlim] sample:		0.00 time, 120.01 real, 3 MB
[runlim] sample:		0.00 time, 130.01 real, 3 MB
[runlim] sample:		0.00 time, 140.01 real, 3 MB
[runlim] sample:		0.00 time, 150.01 real, 3 MB
[runlim] sample:		0.00 time, 160.01 real, 3 MB
[runlim] sample:		0.00 time, 170.01 real, 3 MB
[runlim] sample:		0.00 time, 180.01 real, 3 MB
[runlim] sample:		0.00 time, 190.01 real, 3 MB
[runlim] sample:		0.00 time, 200.01 real, 3 MB
[runlim] sample:		0.00 time, 210.01 real, 3 MB
[runlim] sample:		0.00 time, 220.01 real, 3 MB
[runlim] sample:		0.00 time, 230.01 real, 3 MB
[runlim] sample:		0.00 time, 240.01 real, 3 MB
[runlim] sample:		0.00 time, 250.01 real, 3 MB
[runlim] sample:		0.00 time, 260.01 real, 3 MB
[runlim] sample:		0.00 time, 270.01 real, 3 MB
[runlim] sample:		0.00 time, 280.01 real, 3 MB
[runlim] sample:		0.00 time, 290.01 real, 3 MB
[runlim] sample:		0.00 time, 300.01 real, 0 MB
[runlim] sample:		0.00 time, 310.11 real, 0 MB
[runlim] sample:		0.00 time, 320.11 real, 0 MB
[runlim] sample:		0.00 time, 330.11 real, 0 MB
[runlim] sample:		0.00 time, 340.11 real, 0 MB
[runlim] sample:		0.00 time, 350.11 real, 0 MB
[runlim] sample:		0.00 time, 360.11 real, 0 MB
[runlim] sample:		0.00 time, 370.11 real, 0 MB
[runlim] sample:		0.00 time, 380.11 real, 0 MB
[runlim] sample:		0.00 time, 390.11 real, 0 MB
[runlim] sample:		0.00 time, 400.51 real, 0 MB
[runlim] sample:		0.00 time, 410.51 real, 0 MB
[runlim] sample:		0.00 time, 420.51 real, 0 MB
[runlim] sample:		0.00 time, 430.51 real, 0 MB
[runlim] sample:		0.00 time, 440.51 real, 0 MB
[runlim] sample:		0.00 time, 450.51 real, 0 MB
[runlim] sample:		0.00 time, 460.51 real, 0 MB
[runlim] sample:		0.00 time, 470.51 real, 0 MB
[runlim] sample:		0.00 time, 480.51 real, 0 MB
[runlim] sample:		0.00 time, 490.51 real, 0 MB
[runlim] sample:		0.00 time, 500.51 real, 0 MB
[runlim] sample:		0.00 time, 510.51 real, 0 MB
[runlim] sample:		0.00 time, 520.51 real, 0 MB
[runlim] sample:		0.00 time, 530.51 real, 0 MB
[runlim] sample:		0.00 time, 540.51 real, 0 MB
[runlim] sample:		0.00 time, 550.51 real, 0 MB
[runlim] sample:		0.00 time, 560.51 real, 0 MB
[runlim] sample:		0.00 time, 570.51 real, 0 MB
[runlim] sample:		0.00 time, 580.51 real, 0 MB
[runlim] sample:		0.00 time, 590.51 real, 0 MB
[runlim] sample:		0.00 time, 600.51 real, 0 MB
[runlim] sample:		0.00 time, 610.51 real, 0 MB
[runlim] sample:		0.00 time, 620.51 real, 0 MB
[runlim] sample:		0.00 time, 630.51 real, 0 MB
[runlim] sample:		0.00 time, 640.51 real, 0 MB
[runlim] sample:		0.00 time, 650.51 real, 0 MB
[runlim] sample:		0.00 time, 660.51 real, 0 MB
[runlim] sample:		0.00 time, 670.51 real, 0 MB
[runlim] sample:		0.00 time, 680.51 real, 0 MB
[runlim] sample:		0.00 time, 690.51 real, 0 MB
[runlim] sample:		0.00 time, 700.51 real, 0 MB
[runlim] sample:		0.00 time, 710.51 real, 0 MB
[runlim] sample:		0.00 time, 720.51 real, 0 MB
[runlim] sample:		0.00 time, 730.51 real, 0 MB
[runlim] sample:		0.00 time, 740.51 real, 0 MB
[runlim] sample:		0.00 time, 750.51 real, 0 MB
[runlim] sample:		0.00 time, 761.51 real, 0 MB
[runlim] sample:		0.00 time, 771.61 real, 0 MB
[runlim] sample:		0.00 time, 781.61 real, 0 MB
[runlim] sample:		0.00 time, 791.61 real, 0 MB
[runlim] sample:		0.00 time, 801.61 real, 0 MB
[runlim] sample:		0.00 time, 811.61 real, 0 MB
[runlim] sample:		0.00 time, 821.61 real, 0 MB
[runlim] sample:		0.00 time, 831.61 real, 0 MB
[runlim] sample:		0.00 time, 841.61 real, 0 MB
[runlim] sample:		0.00 time, 851.61 real, 0 MB
[runlim] sample:		0.00 time, 861.61 real, 0 MB
[runlim] sample:		0.00 time, 871.61 real, 0 MB
[runlim] sample:		0.00 time, 881.61 real, 0 MB
[runlim] sample:		0.00 time, 891.61 real, 0 MB
[runlim] end:			Fri Feb 12 13:07:45 2021
[runlim] status:		out of time
[runlim] result:		2
[runlim] children:		1
[runlim] real:			900.05 seconds
[runlim] time:			0.00 seconds
[runlim] space:			3 MB
[runlim] samples:		8984
