[runlim] version:		1.21
[runlim] host:			c3n12
[runlim] time limit:		900 seconds
[runlim] real time limit:	900 seconds
[runlim] space limit:		7000 MB
[runlim] argv[0]:		./binary
[runlim] argv[1]:		/tmp/local-unzipped-18816929-180-biu.mv.xl_ao.bb-b003-p020-MIF04-c05.blif-biu.inv.prop.bb-bmc.conf03.01X-QBF.BB1-Zi.BB2-Zi.BB3-01X.with-IOC.unfold-010.cnf
[runlim] start:			Fri Feb 12 12:52:51 2021
[runlim] child:			5705
[runlim] sample:		0.00 time, 10.01 real, 3 MB
[runlim] sample:		0.00 time, 20.01 real, 3 MB
[runlim] sample:		0.00 time, 30.01 real, 3 MB
[runlim] sample:		0.00 time, 40.01 real, 3 MB
[runlim] sample:		0.00 time, 50.01 real, 3 MB
[runlim] sample:		0.00 time, 60.01 real, 3 MB
[runlim] sample:		0.00 time, 70.01 real, 3 MB
[runlim] sample:		0.00 time, 80.01 real, 3 MB
[runlim] sample:		0.00 time, 90.01 real, 3 MB
[runlim] sample:		0.00 time, 100.01 real, 3 MB
[runlim] sample:		0.00 time, 110.01 real, 3 MB
[runlim] sample:		0.00 time, 120.01 real, 3 MB
[runlim] sample:		0.00 time, 130.01 real, 3 MB
[runlim] sample:		0.00 time, 140.01 real, 3 MB
[runlim] sample:		0.00 time, 150.01 real, 3 MB
[runlim] sample:		0.00 time, 160.01 real, 3 MB
[runlim] sample:		0.00 time, 170.01 real, 3 MB
[runlim] sample:		0.00 time, 180.01 real, 3 MB
[runlim] sample:		0.00 time, 190.01 real, 3 MB
[runlim] sample:		0.00 time, 200.01 real, 3 MB
[runlim] sample:		0.00 time, 210.01 real, 3 MB
[runlim] sample:		0.00 time, 220.01 real, 3 MB
[runlim] sample:		0.00 time, 230.01 real, 3 MB
[runlim] sample:		0.00 time, 240.01 real, 3 MB
[runlim] sample:		0.00 time, 250.01 real, 3 MB
[runlim] sample:		0.00 time, 260.01 real, 3 MB
[runlim] sample:		0.00 time, 270.01 real, 3 MB
[runlim] sample:		0.00 time, 280.01 real, 3 MB
[runlim] sample:		0.00 time, 290.01 real, 3 MB
[runlim] sample:		0.00 time, 300.01 real, 3 MB
[runlim] sample:		0.00 time, 310.01 real, 3 MB
[runlim] sample:		0.00 time, 320.01 real, 3 MB
[runlim] sample:		0.00 time, 330.01 real, 3 MB
[runlim] sample:		0.00 time, 340.01 real, 3 MB
[runlim] sample:		0.00 time, 350.01 real, 3 MB
[runlim] sample:		0.00 time, 360.01 real, 3 MB
[runlim] sample:		0.00 time, 370.01 real, 3 MB
[runlim] sample:		0.00 time, 380.01 real, 3 MB
[runlim] sample:		0.00 time, 390.01 real, 3 MB
[runlim] sample:		0.00 time, 400.01 real, 3 MB
[runlim] sample:		0.00 time, 410.01 real, 3 MB
[runlim] sample:		0.00 time, 420.01 real, 3 MB
[runlim] sample:		0.00 time, 430.01 real, 3 MB
[runlim] sample:		0.00 time, 440.01 real, 3 MB
[runlim] sample:		0.00 time, 450.01 real, 3 MB
[runlim] sample:		0.00 time, 460.01 real, 3 MB
[runlim] sample:		0.00 time, 470.01 real, 3 MB
[runlim] sample:		0.00 time, 480.01 real, 3 MB
[runlim] sample:		0.00 time, 490.01 real, 3 MB
[runlim] sample:		0.00 time, 500.01 real, 0 MB
[runlim] sample:		0.00 time, 510.01 real, 0 MB
[runlim] sample:		0.00 time, 520.01 real, 0 MB
[runlim] sample:		0.00 time, 530.01 real, 0 MB
[runlim] sample:		0.00 time, 540.01 real, 0 MB
[runlim] sample:		0.00 time, 550.01 real, 0 MB
[runlim] sample:		0.00 time, 560.01 real, 0 MB
[runlim] sample:		0.00 time, 570.01 real, 0 MB
[runlim] sample:		0.00 time, 580.11 real, 0 MB
[runlim] sample:		0.00 time, 590.11 real, 0 MB
[runlim] sample:		0.00 time, 600.11 real, 0 MB
[runlim] sample:		0.00 time, 610.11 real, 0 MB
[runlim] sample:		0.00 time, 620.11 real, 0 MB
[runlim] sample:		0.00 time, 630.11 real, 0 MB
[runlim] sample:		0.00 time, 640.11 real, 0 MB
[runlim] sample:		0.00 time, 650.11 real, 0 MB
[runlim] sample:		0.00 time, 660.11 real, 0 MB
[runlim] sample:		0.00 time, 670.11 real, 0 MB
[runlim] sample:		0.00 time, 680.11 real, 0 MB
[runlim] sample:		0.00 time, 690.11 real, 0 MB
[runlim] sample:		0.00 time, 700.11 real, 0 MB
[runlim] sample:		0.00 time, 710.11 real, 0 MB
[runlim] sample:		0.00 time, 720.11 real, 0 MB
[runlim] sample:		0.00 time, 730.11 real, 0 MB
[runlim] sample:		0.00 time, 740.11 real, 0 MB
[runlim] sample:		0.00 time, 750.11 real, 0 MB
[runlim] sample:		0.00 time, 760.11 real, 0 MB
[runlim] sample:		0.00 time, 770.11 real, 0 MB
[runlim] sample:		0.00 time, 780.11 real, 0 MB
[runlim] sample:		0.00 time, 790.11 real, 0 MB
[runlim] sample:		0.00 time, 800.11 real, 0 MB
[runlim] sample:		0.00 time, 810.11 real, 0 MB
[runlim] sample:		0.00 time, 820.11 real, 0 MB
[runlim] sample:		0.00 time, 830.11 real, 0 MB
[runlim] sample:		0.00 time, 840.11 real, 0 MB
[runlim] sample:		0.00 time, 850.11 real, 0 MB
[runlim] sample:		0.00 time, 860.11 real, 0 MB
[runlim] sample:		0.00 time, 870.11 real, 0 MB
[runlim] sample:		0.00 time, 880.11 real, 0 MB
[runlim] sample:		0.00 time, 890.11 real, 0 MB
[runlim] end:			Fri Feb 12 13:07:51 2021
[runlim] status:		out of time
[runlim] result:		2
[runlim] children:		1
[runlim] real:			900.05 seconds
[runlim] time:			0.00 seconds
[runlim] space:			3 MB
[runlim] samples:		8999
