[runlim] version:		1.21
[runlim] host:			c3n22
[runlim] time limit:		900 seconds
[runlim] real time limit:	900 seconds
[runlim] space limit:		7000 MB
[runlim] argv[0]:		./binary
[runlim] argv[1]:		/tmp/local-unzipped-18816929-343-biu.mv.xl_ao.bb-b003-p020-MIF02-c01.blif-biu.inv.prop.bb-bmc.conf07.01X-QBF.BB1-Zi.BB2-Zi.BB3-Zi.with-IOC.unfold-009.cnf
[runlim] start:			Fri Feb 12 12:53:02 2021
[runlim] child:			3972
[runlim] sample:		0.00 time, 10.01 real, 3 MB
[runlim] sample:		0.00 time, 20.01 real, 3 MB
[runlim] sample:		0.00 time, 30.01 real, 3 MB
[runlim] sample:		0.00 time, 40.01 real, 3 MB
[runlim] sample:		0.00 time, 50.01 real, 3 MB
[runlim] sample:		0.00 time, 60.01 real, 3 MB
[runlim] sample:		0.00 time, 70.01 real, 3 MB
[runlim] sample:		0.00 time, 80.01 real, 3 MB
[runlim] sample:		0.00 time, 90.01 real, 3 MB
[runlim] sample:		0.00 time, 100.01 real, 3 MB
[runlim] sample:		0.00 time, 110.01 real, 3 MB
[runlim] sample:		0.00 time, 120.01 real, 3 MB
[runlim] sample:		0.00 time, 130.01 real, 3 MB
[runlim] sample:		0.00 time, 140.01 real, 3 MB
[runlim] sample:		0.00 time, 150.01 real, 3 MB
[runlim] sample:		0.00 time, 160.01 real, 3 MB
[runlim] sample:		0.00 time, 170.01 real, 3 MB
[runlim] sample:		0.00 time, 180.01 real, 3 MB
[runlim] sample:		0.00 time, 190.01 real, 3 MB
[runlim] sample:		0.00 time, 200.01 real, 3 MB
[runlim] sample:		0.00 time, 210.01 real, 3 MB
[runlim] sample:		0.00 time, 220.01 real, 3 MB
[runlim] sample:		0.00 time, 230.01 real, 3 MB
[runlim] sample:		0.00 time, 240.01 real, 3 MB
[runlim] sample:		0.00 time, 250.01 real, 3 MB
[runlim] sample:		0.00 time, 260.01 real, 3 MB
[runlim] sample:		0.00 time, 270.01 real, 3 MB
[runlim] sample:		0.00 time, 280.01 real, 3 MB
[runlim] sample:		0.00 time, 290.01 real, 3 MB
[runlim] sample:		0.00 time, 300.01 real, 3 MB
[runlim] sample:		0.00 time, 310.01 real, 3 MB
[runlim] sample:		0.00 time, 320.01 real, 3 MB
[runlim] sample:		0.00 time, 330.01 real, 3 MB
[runlim] sample:		0.00 time, 340.01 real, 3 MB
[runlim] sample:		0.00 time, 350.01 real, 3 MB
[runlim] sample:		0.00 time, 360.01 real, 3 MB
[runlim] sample:		0.00 time, 370.01 real, 3 MB
[runlim] sample:		0.00 time, 380.01 real, 3 MB
[runlim] sample:		0.00 time, 391.81 real, 0 MB
[runlim] sample:		0.00 time, 401.81 real, 0 MB
[runlim] sample:		0.00 time, 411.81 real, 0 MB
[runlim] sample:		0.00 time, 421.81 real, 0 MB
[runlim] sample:		0.00 time, 431.81 real, 0 MB
[runlim] sample:		0.00 time, 441.81 real, 0 MB
[runlim] sample:		0.00 time, 451.81 real, 0 MB
[runlim] sample:		0.00 time, 461.81 real, 0 MB
[runlim] sample:		0.00 time, 471.81 real, 0 MB
[runlim] sample:		0.00 time, 481.81 real, 0 MB
[runlim] sample:		0.00 time, 491.81 real, 0 MB
[runlim] sample:		0.00 time, 501.81 real, 0 MB
[runlim] sample:		0.00 time, 511.81 real, 0 MB
[runlim] sample:		0.00 time, 521.81 real, 0 MB
[runlim] sample:		0.00 time, 531.81 real, 0 MB
[runlim] sample:		0.00 time, 541.81 real, 0 MB
[runlim] sample:		0.00 time, 551.81 real, 0 MB
[runlim] sample:		0.00 time, 561.81 real, 0 MB
[runlim] sample:		0.00 time, 571.81 real, 0 MB
[runlim] sample:		0.00 time, 581.81 real, 0 MB
[runlim] sample:		0.00 time, 591.81 real, 0 MB
[runlim] sample:		0.00 time, 601.81 real, 0 MB
[runlim] sample:		0.00 time, 611.81 real, 0 MB
[runlim] sample:		0.00 time, 621.81 real, 0 MB
[runlim] sample:		0.00 time, 631.81 real, 0 MB
[runlim] sample:		0.00 time, 641.81 real, 0 MB
[runlim] sample:		0.00 time, 651.81 real, 0 MB
[runlim] sample:		0.00 time, 661.81 real, 0 MB
[runlim] sample:		0.00 time, 671.81 real, 0 MB
[runlim] sample:		0.00 time, 681.81 real, 0 MB
[runlim] sample:		0.00 time, 691.81 real, 0 MB
[runlim] sample:		0.00 time, 701.81 real, 0 MB
[runlim] sample:		0.00 time, 711.81 real, 0 MB
[runlim] sample:		0.00 time, 721.81 real, 0 MB
[runlim] sample:		0.00 time, 731.81 real, 0 MB
[runlim] sample:		0.00 time, 741.81 real, 0 MB
[runlim] sample:		0.00 time, 751.81 real, 0 MB
[runlim] sample:		0.00 time, 761.81 real, 0 MB
[runlim] sample:		0.00 time, 771.81 real, 0 MB
[runlim] sample:		0.00 time, 781.81 real, 0 MB
[runlim] sample:		0.00 time, 791.81 real, 0 MB
[runlim] sample:		0.00 time, 801.81 real, 0 MB
[runlim] sample:		0.00 time, 811.81 real, 0 MB
[runlim] sample:		0.00 time, 821.81 real, 0 MB
[runlim] sample:		0.00 time, 831.81 real, 0 MB
[runlim] sample:		0.00 time, 841.81 real, 0 MB
[runlim] sample:		0.00 time, 851.81 real, 0 MB
[runlim] sample:		0.00 time, 861.81 real, 0 MB
[runlim] sample:		0.00 time, 871.81 real, 0 MB
[runlim] sample:		0.00 time, 881.81 real, 0 MB
[runlim] sample:		0.00 time, 891.81 real, 0 MB
[runlim] end:			Fri Feb 12 13:08:04 2021
[runlim] status:		out of time
[runlim] result:		2
[runlim] children:		1
[runlim] real:			901.86 seconds
[runlim] time:			0.00 seconds
[runlim] space:			3 MB
[runlim] samples:		8982
