[runlim] version:		1.21
[runlim] host:			c3n18
[runlim] time limit:		900 seconds
[runlim] real time limit:	900 seconds
[runlim] space limit:		7000 MB
[runlim] argv[0]:		./binary
[runlim] argv[1]:		/tmp/local-unzipped-18816929-278-c4_Debug_s5_f2_e2_v1.cnf
[runlim] start:			Fri Feb 12 12:53:02 2021
[runlim] child:			3653
[runlim] sample:		0.00 time, 10.01 real, 3 MB
[runlim] sample:		0.00 time, 20.01 real, 3 MB
[runlim] sample:		0.00 time, 30.01 real, 3 MB
[runlim] sample:		0.00 time, 40.01 real, 3 MB
[runlim] sample:		0.00 time, 50.01 real, 3 MB
[runlim] sample:		0.00 time, 60.01 real, 3 MB
[runlim] sample:		0.00 time, 70.01 real, 3 MB
[runlim] sample:		0.00 time, 80.01 real, 3 MB
[runlim] sample:		0.00 time, 90.01 real, 3 MB
[runlim] sample:		0.00 time, 100.01 real, 3 MB
[runlim] sample:		0.00 time, 110.01 real, 3 MB
[runlim] sample:		0.00 time, 120.01 real, 3 MB
[runlim] sample:		0.00 time, 130.01 real, 3 MB
[runlim] sample:		0.00 time, 140.01 real, 3 MB
[runlim] sample:		0.00 time, 150.01 real, 3 MB
[runlim] sample:		0.00 time, 160.01 real, 3 MB
[runlim] sample:		0.00 time, 170.01 real, 3 MB
[runlim] sample:		0.00 time, 180.01 real, 3 MB
[runlim] sample:		0.00 time, 190.01 real, 3 MB
[runlim] sample:		0.00 time, 200.01 real, 3 MB
[runlim] sample:		0.00 time, 210.01 real, 3 MB
[runlim] sample:		0.00 time, 220.01 real, 3 MB
[runlim] sample:		0.00 time, 230.01 real, 3 MB
[runlim] sample:		0.00 time, 240.01 real, 3 MB
[runlim] sample:		0.00 time, 250.01 real, 3 MB
[runlim] sample:		0.00 time, 260.01 real, 3 MB
[runlim] sample:		0.00 time, 270.01 real, 3 MB
[runlim] sample:		0.00 time, 280.01 real, 3 MB
[runlim] sample:		0.00 time, 290.01 real, 3 MB
[runlim] sample:		0.00 time, 300.01 real, 3 MB
[runlim] sample:		0.00 time, 310.01 real, 3 MB
[runlim] sample:		0.00 time, 320.01 real, 3 MB
[runlim] sample:		0.00 time, 330.01 real, 3 MB
[runlim] sample:		0.00 time, 340.01 real, 3 MB
[runlim] sample:		0.00 time, 350.01 real, 3 MB
[runlim] sample:		0.00 time, 360.01 real, 3 MB
[runlim] sample:		0.00 time, 370.01 real, 3 MB
[runlim] sample:		0.00 time, 380.01 real, 3 MB
[runlim] sample:		0.00 time, 390.01 real, 3 MB
[runlim] sample:		0.00 time, 400.01 real, 3 MB
[runlim] sample:		0.00 time, 410.01 real, 3 MB
[runlim] sample:		0.00 time, 420.01 real, 3 MB
[runlim] sample:		0.00 time, 430.01 real, 3 MB
[runlim] sample:		0.00 time, 440.01 real, 3 MB
[runlim] sample:		0.00 time, 450.01 real, 3 MB
[runlim] sample:		0.00 time, 460.01 real, 3 MB
[runlim] sample:		0.00 time, 470.01 real, 3 MB
[runlim] sample:		0.00 time, 482.21 real, 0 MB
[runlim] sample:		0.00 time, 493.01 real, 0 MB
[runlim] sample:		0.00 time, 503.01 real, 0 MB
[runlim] sample:		0.00 time, 513.01 real, 0 MB
[runlim] sample:		0.00 time, 523.01 real, 0 MB
[runlim] sample:		0.00 time, 533.01 real, 0 MB
[runlim] sample:		0.00 time, 543.01 real, 0 MB
[runlim] sample:		0.00 time, 553.01 real, 0 MB
[runlim] sample:		0.00 time, 563.01 real, 0 MB
[runlim] sample:		0.00 time, 573.01 real, 0 MB
[runlim] sample:		0.00 time, 583.01 real, 0 MB
[runlim] sample:		0.00 time, 593.01 real, 0 MB
[runlim] sample:		0.00 time, 603.01 real, 0 MB
[runlim] sample:		0.00 time, 613.01 real, 0 MB
[runlim] sample:		0.00 time, 623.01 real, 0 MB
[runlim] sample:		0.00 time, 633.01 real, 0 MB
[runlim] sample:		0.00 time, 643.01 real, 0 MB
[runlim] sample:		0.00 time, 653.01 real, 0 MB
[runlim] sample:		0.00 time, 663.01 real, 0 MB
[runlim] sample:		0.00 time, 673.01 real, 0 MB
[runlim] sample:		0.00 time, 683.01 real, 0 MB
[runlim] sample:		0.00 time, 693.01 real, 0 MB
[runlim] sample:		0.00 time, 703.01 real, 0 MB
[runlim] sample:		0.00 time, 713.01 real, 0 MB
[runlim] sample:		0.00 time, 723.01 real, 0 MB
[runlim] sample:		0.00 time, 733.01 real, 0 MB
[runlim] sample:		0.00 time, 743.01 real, 0 MB
[runlim] sample:		0.00 time, 753.01 real, 0 MB
[runlim] sample:		0.00 time, 763.01 real, 0 MB
[runlim] sample:		0.00 time, 773.01 real, 0 MB
[runlim] sample:		0.00 time, 783.01 real, 0 MB
[runlim] sample:		0.00 time, 793.01 real, 0 MB
[runlim] sample:		0.00 time, 803.01 real, 0 MB
[runlim] sample:		0.00 time, 813.01 real, 0 MB
[runlim] sample:		0.00 time, 823.01 real, 0 MB
[runlim] sample:		0.00 time, 833.01 real, 0 MB
[runlim] sample:		0.00 time, 843.01 real, 0 MB
[runlim] sample:		0.00 time, 853.01 real, 0 MB
[runlim] sample:		0.00 time, 863.01 real, 0 MB
[runlim] sample:		0.00 time, 873.01 real, 0 MB
[runlim] sample:		0.00 time, 883.01 real, 0 MB
[runlim] sample:		0.00 time, 893.01 real, 0 MB
[runlim] end:			Fri Feb 12 13:08:02 2021
[runlim] status:		out of time
[runlim] result:		2
[runlim] children:		1
[runlim] real:			900.05 seconds
[runlim] time:			0.00 seconds
[runlim] space:			3 MB
[runlim] samples:		8970
