[runlim] version:		1.21
[runlim] host:			c3n13
[runlim] time limit:		900 seconds
[runlim] real time limit:	900 seconds
[runlim] space limit:		7000 MB
[runlim] argv[0]:		./binary
[runlim] argv[1]:		/tmp/local-unzipped-18816929-196-c6_BMC_p1_k2048.cnf
[runlim] start:			Fri Feb 12 12:52:48 2021
[runlim] child:			4583
[runlim] sample:		0.00 time, 10.01 real, 3 MB
[runlim] sample:		0.00 time, 20.01 real, 3 MB
[runlim] sample:		0.00 time, 30.01 real, 3 MB
[runlim] sample:		0.00 time, 40.01 real, 3 MB
[runlim] sample:		0.00 time, 50.01 real, 3 MB
[runlim] sample:		0.00 time, 60.01 real, 3 MB
[runlim] sample:		0.00 time, 70.01 real, 3 MB
[runlim] sample:		0.00 time, 80.01 real, 3 MB
[runlim] end:			Fri Feb 12 12:54:16 2021
[runlim] status:		ok
[runlim] result:		0
[runlim] children:		1
[runlim] real:			87.97 seconds
[runlim] time:			0.00 seconds
[runlim] space:			3 MB
[runlim] samples:		879
