[runlim] version:		1.21
[runlim] host:			c3n04
[runlim] time limit:		900 seconds
[runlim] real time limit:	900 seconds
[runlim] space limit:		7000 MB
[runlim] argv[0]:		./binary
[runlim] argv[1]:		/tmp/local-unzipped-18816929-58-ConcreteActivityService.cnf
[runlim] start:			Fri Feb 12 12:52:49 2021
[runlim] child:			7639
[runlim] sample:		0.00 time, 10.01 real, 3 MB
[runlim] sample:		0.00 time, 20.01 real, 3 MB
[runlim] sample:		0.00 time, 30.01 real, 3 MB
[runlim] sample:		0.00 time, 40.01 real, 3 MB
[runlim] sample:		0.00 time, 50.01 real, 3 MB
[runlim] sample:		0.00 time, 60.01 real, 3 MB
[runlim] sample:		0.00 time, 70.01 real, 3 MB
[runlim] sample:		0.00 time, 80.01 real, 3 MB
[runlim] sample:		0.00 time, 90.01 real, 3 MB
[runlim] sample:		0.00 time, 100.01 real, 3 MB
[runlim] sample:		0.00 time, 110.01 real, 3 MB
[runlim] sample:		0.00 time, 120.01 real, 3 MB
[runlim] sample:		0.00 time, 130.01 real, 3 MB
[runlim] sample:		0.00 time, 140.01 real, 3 MB
[runlim] sample:		0.00 time, 150.01 real, 3 MB
[runlim] sample:		0.00 time, 160.01 real, 3 MB
[runlim] sample:		0.00 time, 170.01 real, 3 MB
[runlim] sample:		0.00 time, 180.01 real, 2 MB
[runlim] sample:		0.00 time, 190.21 real, 2 MB
[runlim] sample:		0.00 time, 200.21 real, 2 MB
[runlim] sample:		0.00 time, 210.21 real, 2 MB
[runlim] sample:		0.00 time, 220.21 real, 2 MB
[runlim] sample:		0.00 time, 230.21 real, 2 MB
[runlim] sample:		0.00 time, 240.21 real, 2 MB
[runlim] sample:		0.00 time, 250.21 real, 2 MB
[runlim] sample:		0.00 time, 260.21 real, 2 MB
[runlim] sample:		0.00 time, 270.21 real, 2 MB
[runlim] sample:		0.00 time, 280.21 real, 2 MB
[runlim] sample:		0.00 time, 290.21 real, 2 MB
[runlim] sample:		0.00 time, 300.21 real, 2 MB
[runlim] sample:		0.00 time, 310.21 real, 2 MB
[runlim] sample:		0.00 time, 320.21 real, 2 MB
[runlim] sample:		0.00 time, 330.21 real, 2 MB
[runlim] sample:		0.00 time, 340.21 real, 2 MB
[runlim] sample:		0.00 time, 350.21 real, 2 MB
[runlim] sample:		0.00 time, 360.21 real, 2 MB
[runlim] sample:		0.00 time, 370.21 real, 2 MB
[runlim] sample:		0.00 time, 380.21 real, 2 MB
[runlim] sample:		0.00 time, 390.21 real, 2 MB
[runlim] sample:		0.00 time, 400.21 real, 2 MB
[runlim] sample:		0.00 time, 410.21 real, 2 MB
[runlim] sample:		0.00 time, 420.21 real, 2 MB
[runlim] sample:		0.00 time, 430.21 real, 2 MB
[runlim] sample:		0.00 time, 440.21 real, 2 MB
[runlim] sample:		0.00 time, 450.21 real, 2 MB
[runlim] sample:		0.00 time, 460.21 real, 2 MB
[runlim] sample:		0.00 time, 470.21 real, 2 MB
[runlim] sample:		0.00 time, 480.21 real, 2 MB
[runlim] sample:		0.00 time, 490.21 real, 2 MB
[runlim] sample:		0.00 time, 500.21 real, 2 MB
[runlim] sample:		0.00 time, 510.21 real, 2 MB
[runlim] sample:		0.00 time, 520.21 real, 2 MB
[runlim] sample:		0.00 time, 530.21 real, 2 MB
[runlim] sample:		0.00 time, 540.21 real, 2 MB
[runlim] sample:		0.00 time, 550.21 real, 2 MB
[runlim] sample:		0.00 time, 560.21 real, 2 MB
[runlim] sample:		0.00 time, 570.21 real, 1 MB
[runlim] sample:		0.00 time, 580.21 real, 1 MB
[runlim] sample:		0.00 time, 590.21 real, 1 MB
[runlim] sample:		0.00 time, 600.21 real, 1 MB
[runlim] sample:		0.00 time, 610.21 real, 1 MB
[runlim] sample:		0.00 time, 620.21 real, 1 MB
[runlim] sample:		0.00 time, 630.21 real, 1 MB
[runlim] sample:		0.00 time, 640.21 real, 1 MB
[runlim] sample:		0.00 time, 650.21 real, 1 MB
[runlim] sample:		0.00 time, 660.21 real, 1 MB
[runlim] sample:		0.00 time, 670.21 real, 1 MB
[runlim] sample:		0.00 time, 680.21 real, 1 MB
[runlim] sample:		0.00 time, 690.21 real, 1 MB
[runlim] sample:		0.00 time, 700.21 real, 1 MB
[runlim] sample:		0.00 time, 710.21 real, 1 MB
[runlim] sample:		0.00 time, 720.21 real, 1 MB
[runlim] sample:		0.00 time, 730.21 real, 1 MB
[runlim] sample:		0.00 time, 740.21 real, 1 MB
[runlim] sample:		0.00 time, 750.21 real, 1 MB
[runlim] sample:		0.00 time, 760.21 real, 1 MB
[runlim] sample:		0.00 time, 770.21 real, 1 MB
[runlim] sample:		0.00 time, 780.21 real, 1 MB
[runlim] sample:		0.00 time, 790.21 real, 1 MB
[runlim] sample:		0.00 time, 800.21 real, 1 MB
[runlim] sample:		0.00 time, 810.21 real, 1 MB
[runlim] sample:		0.00 time, 820.21 real, 1 MB
[runlim] sample:		0.00 time, 830.21 real, 1 MB
[runlim] sample:		0.00 time, 840.21 real, 1 MB
[runlim] sample:		0.00 time, 850.21 real, 1 MB
[runlim] sample:		0.00 time, 860.21 real, 1 MB
[runlim] sample:		0.00 time, 870.21 real, 1 MB
[runlim] sample:		0.00 time, 880.21 real, 1 MB
[runlim] sample:		0.00 time, 890.21 real, 1 MB
[runlim] end:			Fri Feb 12 13:07:49 2021
[runlim] status:		out of time
[runlim] result:		2
[runlim] children:		1
[runlim] real:			900.05 seconds
[runlim] time:			0.00 seconds
[runlim] space:			3 MB
[runlim] samples:		8998
