[runlim] version:		1.21
[runlim] host:			c3n27
[runlim] time limit:		900 seconds
[runlim] real time limit:	900 seconds
[runlim] space limit:		7000 MB
[runlim] argv[0]:		./binary
[runlim] argv[1]:		/tmp/local-unzipped-18816929-422-cycle_sched_4_7_1.unsat.cnf
[runlim] start:			Fri Feb 12 12:53:06 2021
[runlim] child:			2332
[runlim] sample:		0.00 time, 10.01 real, 3 MB
[runlim] sample:		0.00 time, 20.01 real, 3 MB
[runlim] sample:		0.00 time, 30.01 real, 3 MB
[runlim] sample:		0.00 time, 40.01 real, 3 MB
[runlim] sample:		0.00 time, 50.01 real, 3 MB
[runlim] sample:		0.00 time, 60.01 real, 3 MB
[runlim] sample:		0.00 time, 70.01 real, 3 MB
[runlim] sample:		0.00 time, 80.01 real, 3 MB
[runlim] sample:		0.00 time, 90.01 real, 3 MB
[runlim] sample:		0.00 time, 100.01 real, 3 MB
[runlim] sample:		0.00 time, 110.01 real, 3 MB
[runlim] sample:		0.00 time, 120.01 real, 3 MB
[runlim] sample:		0.00 time, 130.01 real, 3 MB
[runlim] sample:		0.00 time, 140.01 real, 3 MB
[runlim] sample:		0.00 time, 150.01 real, 3 MB
[runlim] sample:		0.00 time, 160.01 real, 3 MB
[runlim] sample:		0.00 time, 170.01 real, 3 MB
[runlim] sample:		0.00 time, 180.01 real, 3 MB
[runlim] sample:		0.00 time, 190.01 real, 3 MB
[runlim] sample:		0.00 time, 200.01 real, 3 MB
[runlim] sample:		0.00 time, 210.01 real, 3 MB
[runlim] sample:		0.00 time, 220.01 real, 3 MB
[runlim] sample:		0.00 time, 230.01 real, 3 MB
[runlim] sample:		0.00 time, 240.01 real, 3 MB
[runlim] sample:		0.00 time, 250.01 real, 3 MB
[runlim] sample:		0.00 time, 260.01 real, 3 MB
[runlim] sample:		0.00 time, 270.01 real, 3 MB
[runlim] sample:		0.00 time, 280.01 real, 3 MB
[runlim] sample:		0.00 time, 290.01 real, 3 MB
[runlim] sample:		0.00 time, 300.01 real, 3 MB
[runlim] sample:		0.00 time, 310.01 real, 3 MB
[runlim] sample:		0.00 time, 320.01 real, 3 MB
[runlim] sample:		0.00 time, 330.01 real, 0 MB
[runlim] sample:		0.00 time, 340.11 real, 0 MB
[runlim] sample:		0.00 time, 350.11 real, 0 MB
[runlim] sample:		0.00 time, 360.11 real, 0 MB
[runlim] sample:		0.00 time, 370.11 real, 0 MB
[runlim] sample:		0.00 time, 380.11 real, 0 MB
[runlim] sample:		0.00 time, 390.11 real, 0 MB
[runlim] sample:		0.00 time, 400.11 real, 0 MB
[runlim] sample:		0.00 time, 410.11 real, 0 MB
[runlim] sample:		0.00 time, 420.11 real, 0 MB
[runlim] sample:		0.00 time, 430.11 real, 0 MB
[runlim] sample:		0.00 time, 440.11 real, 0 MB
[runlim] sample:		0.00 time, 450.11 real, 0 MB
[runlim] sample:		0.00 time, 460.11 real, 0 MB
[runlim] sample:		0.00 time, 470.11 real, 0 MB
[runlim] sample:		0.00 time, 480.41 real, 0 MB
[runlim] sample:		0.00 time, 490.41 real, 0 MB
[runlim] sample:		0.00 time, 500.41 real, 0 MB
[runlim] sample:		0.00 time, 510.41 real, 0 MB
[runlim] sample:		0.00 time, 520.41 real, 0 MB
[runlim] sample:		0.00 time, 530.41 real, 0 MB
[runlim] sample:		0.00 time, 540.41 real, 0 MB
[runlim] sample:		0.00 time, 550.41 real, 0 MB
[runlim] sample:		0.00 time, 560.41 real, 0 MB
[runlim] sample:		0.00 time, 570.41 real, 0 MB
[runlim] sample:		0.00 time, 580.41 real, 0 MB
[runlim] sample:		0.00 time, 590.41 real, 0 MB
[runlim] sample:		0.00 time, 600.41 real, 0 MB
[runlim] sample:		0.00 time, 610.41 real, 0 MB
[runlim] sample:		0.00 time, 620.41 real, 0 MB
[runlim] sample:		0.00 time, 630.41 real, 0 MB
[runlim] sample:		0.00 time, 640.41 real, 0 MB
[runlim] sample:		0.00 time, 650.41 real, 0 MB
[runlim] sample:		0.00 time, 660.41 real, 0 MB
[runlim] sample:		0.00 time, 670.41 real, 0 MB
[runlim] sample:		0.00 time, 680.41 real, 0 MB
[runlim] sample:		0.00 time, 690.41 real, 0 MB
[runlim] sample:		0.00 time, 700.41 real, 0 MB
[runlim] sample:		0.00 time, 710.41 real, 0 MB
[runlim] sample:		0.00 time, 720.41 real, 0 MB
[runlim] sample:		0.00 time, 730.41 real, 0 MB
[runlim] sample:		0.00 time, 740.41 real, 0 MB
[runlim] sample:		0.00 time, 750.41 real, 0 MB
[runlim] sample:		0.00 time, 760.41 real, 0 MB
[runlim] sample:		0.00 time, 770.41 real, 0 MB
[runlim] sample:		0.00 time, 780.41 real, 0 MB
[runlim] sample:		0.00 time, 790.41 real, 0 MB
[runlim] sample:		0.00 time, 800.41 real, 0 MB
[runlim] sample:		0.00 time, 810.41 real, 0 MB
[runlim] sample:		0.00 time, 823.01 real, 0 MB
[runlim] sample:		0.00 time, 833.01 real, 0 MB
[runlim] sample:		0.00 time, 843.01 real, 0 MB
[runlim] sample:		0.00 time, 853.01 real, 0 MB
[runlim] sample:		0.00 time, 863.01 real, 0 MB
[runlim] sample:		0.00 time, 873.01 real, 0 MB
[runlim] sample:		0.00 time, 883.01 real, 0 MB
[runlim] sample:		0.00 time, 893.01 real, 0 MB
[runlim] end:			Fri Feb 12 13:08:06 2021
[runlim] status:		out of time
[runlim] result:		2
[runlim] children:		1
[runlim] real:			900.05 seconds
[runlim] time:			0.00 seconds
[runlim] space:			3 MB
[runlim] samples:		8970
