[runlim] version:		1.21
[runlim] host:			c3n07
[runlim] time limit:		900 seconds
[runlim] real time limit:	900 seconds
[runlim] space limit:		7000 MB
[runlim] argv[0]:		./binary
[runlim] argv[1]:		/tmp/local-unzipped-18816929-98-depots16_7.cnf
[runlim] start:			Fri Feb 12 12:52:49 2021
[runlim] child:			5622
[runlim] sample:		0.00 time, 10.01 real, 3 MB
[runlim] sample:		0.00 time, 20.11 real, 3 MB
[runlim] sample:		0.00 time, 30.11 real, 3 MB
[runlim] sample:		0.00 time, 40.11 real, 3 MB
[runlim] sample:		0.00 time, 50.11 real, 3 MB
[runlim] sample:		0.00 time, 60.11 real, 3 MB
[runlim] sample:		0.00 time, 70.11 real, 3 MB
[runlim] sample:		0.00 time, 80.11 real, 3 MB
[runlim] sample:		0.00 time, 90.11 real, 3 MB
[runlim] sample:		0.00 time, 100.11 real, 3 MB
[runlim] sample:		0.00 time, 110.11 real, 3 MB
[runlim] sample:		0.00 time, 120.11 real, 3 MB
[runlim] sample:		0.00 time, 130.11 real, 3 MB
[runlim] sample:		0.00 time, 140.11 real, 3 MB
[runlim] sample:		0.00 time, 150.11 real, 3 MB
[runlim] sample:		0.00 time, 160.11 real, 3 MB
[runlim] sample:		0.00 time, 170.11 real, 3 MB
[runlim] sample:		0.00 time, 180.11 real, 3 MB
[runlim] sample:		0.00 time, 190.11 real, 3 MB
[runlim] sample:		0.00 time, 200.11 real, 3 MB
[runlim] sample:		0.00 time, 210.11 real, 3 MB
[runlim] sample:		0.00 time, 220.11 real, 3 MB
[runlim] sample:		0.00 time, 230.11 real, 3 MB
[runlim] sample:		0.00 time, 240.11 real, 3 MB
[runlim] sample:		0.00 time, 250.11 real, 3 MB
[runlim] sample:		0.00 time, 260.11 real, 3 MB
[runlim] sample:		0.00 time, 270.11 real, 3 MB
[runlim] sample:		0.00 time, 280.11 real, 3 MB
[runlim] sample:		0.00 time, 290.11 real, 3 MB
[runlim] sample:		0.00 time, 300.11 real, 3 MB
[runlim] sample:		0.00 time, 310.11 real, 3 MB
[runlim] sample:		0.00 time, 320.11 real, 3 MB
[runlim] sample:		0.00 time, 330.11 real, 3 MB
[runlim] sample:		0.00 time, 340.11 real, 3 MB
[runlim] sample:		0.00 time, 350.11 real, 3 MB
[runlim] sample:		0.00 time, 360.11 real, 3 MB
[runlim] sample:		0.00 time, 370.11 real, 3 MB
[runlim] sample:		0.00 time, 380.11 real, 3 MB
[runlim] sample:		0.00 time, 390.11 real, 3 MB
[runlim] sample:		0.00 time, 400.11 real, 3 MB
[runlim] sample:		0.00 time, 410.11 real, 3 MB
[runlim] sample:		0.00 time, 420.11 real, 3 MB
[runlim] sample:		0.00 time, 430.11 real, 3 MB
[runlim] sample:		0.00 time, 440.11 real, 3 MB
[runlim] sample:		0.00 time, 450.11 real, 3 MB
[runlim] sample:		0.00 time, 460.11 real, 3 MB
[runlim] sample:		0.00 time, 470.11 real, 3 MB
[runlim] sample:		0.00 time, 480.11 real, 3 MB
[runlim] sample:		0.00 time, 490.11 real, 3 MB
[runlim] sample:		0.00 time, 500.11 real, 3 MB
[runlim] sample:		0.00 time, 510.11 real, 3 MB
[runlim] sample:		0.00 time, 520.11 real, 3 MB
[runlim] sample:		0.00 time, 530.11 real, 3 MB
[runlim] sample:		0.00 time, 540.11 real, 3 MB
[runlim] sample:		0.00 time, 550.11 real, 3 MB
[runlim] sample:		0.00 time, 560.11 real, 3 MB
[runlim] sample:		0.00 time, 570.11 real, 3 MB
[runlim] sample:		0.00 time, 580.11 real, 3 MB
[runlim] sample:		0.00 time, 590.11 real, 3 MB
[runlim] sample:		0.00 time, 600.11 real, 3 MB
[runlim] sample:		0.00 time, 610.11 real, 3 MB
[runlim] sample:		0.00 time, 620.11 real, 3 MB
[runlim] sample:		0.00 time, 630.11 real, 3 MB
[runlim] sample:		0.00 time, 640.11 real, 3 MB
[runlim] sample:		0.00 time, 650.11 real, 3 MB
[runlim] sample:		0.00 time, 660.11 real, 3 MB
[runlim] sample:		0.00 time, 670.11 real, 3 MB
[runlim] sample:		0.00 time, 680.11 real, 3 MB
[runlim] sample:		0.00 time, 690.11 real, 3 MB
[runlim] sample:		0.00 time, 700.11 real, 3 MB
[runlim] sample:		0.00 time, 710.11 real, 3 MB
[runlim] sample:		0.00 time, 720.11 real, 3 MB
[runlim] sample:		0.00 time, 730.11 real, 3 MB
[runlim] sample:		0.00 time, 740.11 real, 3 MB
[runlim] sample:		0.00 time, 750.11 real, 3 MB
[runlim] sample:		0.00 time, 760.11 real, 1 MB
[runlim] sample:		0.00 time, 770.11 real, 0 MB
[runlim] sample:		0.00 time, 780.11 real, 0 MB
[runlim] sample:		0.00 time, 790.11 real, 0 MB
[runlim] sample:		0.00 time, 800.11 real, 0 MB
[runlim] sample:		0.00 time, 810.11 real, 0 MB
[runlim] sample:		0.00 time, 820.11 real, 0 MB
[runlim] sample:		0.00 time, 830.11 real, 0 MB
[runlim] sample:		0.00 time, 840.11 real, 0 MB
[runlim] sample:		0.00 time, 850.11 real, 0 MB
[runlim] sample:		0.00 time, 860.11 real, 0 MB
[runlim] sample:		0.00 time, 870.11 real, 0 MB
[runlim] sample:		0.00 time, 880.11 real, 0 MB
[runlim] sample:		0.00 time, 890.11 real, 0 MB
[runlim] end:			Fri Feb 12 13:07:50 2021
[runlim] status:		out of time
[runlim] result:		2
[runlim] children:		1
[runlim] real:			900.05 seconds
[runlim] time:			0.00 seconds
[runlim] space:			3 MB
[runlim] samples:		8999
