[runlim] version:		1.21
[runlim] host:			c3n25
[runlim] time limit:		900 seconds
[runlim] real time limit:	900 seconds
[runlim] space limit:		7000 MB
[runlim] argv[0]:		./binary
[runlim] argv[1]:		/tmp/local-unzipped-18816929-393-depots03_9.cnf
[runlim] start:			Fri Feb 12 12:53:06 2021
[runlim] child:			3218
[runlim] sample:		0.00 time, 10.01 real, 3 MB
[runlim] sample:		0.00 time, 20.01 real, 3 MB
[runlim] sample:		0.00 time, 30.01 real, 3 MB
[runlim] sample:		0.00 time, 40.01 real, 3 MB
[runlim] sample:		0.00 time, 50.01 real, 3 MB
[runlim] sample:		0.00 time, 60.01 real, 3 MB
[runlim] sample:		0.00 time, 70.01 real, 3 MB
[runlim] sample:		0.00 time, 80.01 real, 3 MB
[runlim] sample:		0.00 time, 90.01 real, 3 MB
[runlim] sample:		0.00 time, 100.01 real, 3 MB
[runlim] sample:		0.00 time, 110.01 real, 3 MB
[runlim] sample:		0.00 time, 120.01 real, 3 MB
[runlim] sample:		0.00 time, 130.01 real, 3 MB
[runlim] sample:		0.00 time, 140.01 real, 3 MB
[runlim] sample:		0.00 time, 150.01 real, 3 MB
[runlim] sample:		0.00 time, 160.01 real, 3 MB
[runlim] sample:		0.00 time, 170.01 real, 3 MB
[runlim] sample:		0.00 time, 180.01 real, 3 MB
[runlim] sample:		0.00 time, 190.01 real, 3 MB
[runlim] sample:		0.00 time, 200.01 real, 3 MB
[runlim] sample:		0.00 time, 210.01 real, 3 MB
[runlim] sample:		0.00 time, 220.01 real, 3 MB
[runlim] sample:		0.00 time, 230.01 real, 3 MB
[runlim] sample:		0.00 time, 240.01 real, 3 MB
[runlim] sample:		0.00 time, 250.01 real, 3 MB
[runlim] sample:		0.00 time, 260.01 real, 3 MB
[runlim] sample:		0.00 time, 270.01 real, 3 MB
[runlim] sample:		0.00 time, 280.01 real, 3 MB
[runlim] sample:		0.00 time, 290.01 real, 3 MB
[runlim] sample:		0.00 time, 300.01 real, 3 MB
[runlim] sample:		0.00 time, 310.01 real, 3 MB
[runlim] sample:		0.00 time, 320.01 real, 3 MB
[runlim] sample:		0.00 time, 330.01 real, 3 MB
[runlim] sample:		0.00 time, 340.01 real, 3 MB
[runlim] sample:		0.00 time, 350.01 real, 3 MB
[runlim] sample:		0.00 time, 360.01 real, 3 MB
[runlim] sample:		0.00 time, 370.01 real, 0 MB
[runlim] sample:		0.00 time, 380.01 real, 0 MB
[runlim] sample:		0.00 time, 390.01 real, 0 MB
[runlim] sample:		0.00 time, 400.01 real, 0 MB
[runlim] sample:		0.00 time, 410.01 real, 0 MB
[runlim] sample:		0.00 time, 420.01 real, 0 MB
[runlim] sample:		0.00 time, 430.01 real, 0 MB
[runlim] sample:		0.00 time, 440.01 real, 0 MB
[runlim] sample:		0.00 time, 450.01 real, 0 MB
[runlim] sample:		0.00 time, 460.01 real, 0 MB
[runlim] sample:		0.00 time, 470.11 real, 0 MB
[runlim] sample:		0.00 time, 480.11 real, 0 MB
[runlim] sample:		0.00 time, 490.11 real, 0 MB
[runlim] sample:		0.00 time, 500.11 real, 0 MB
[runlim] sample:		0.00 time, 510.11 real, 0 MB
[runlim] sample:		0.00 time, 520.11 real, 0 MB
[runlim] sample:		0.00 time, 539.71 real, 0 MB
[runlim] sample:		0.00 time, 549.71 real, 0 MB
[runlim] sample:		0.00 time, 559.71 real, 0 MB
[runlim] sample:		0.00 time, 569.71 real, 0 MB
[runlim] sample:		0.00 time, 579.71 real, 0 MB
[runlim] sample:		0.00 time, 589.71 real, 0 MB
[runlim] sample:		0.00 time, 599.71 real, 0 MB
[runlim] sample:		0.00 time, 609.71 real, 0 MB
[runlim] sample:		0.00 time, 619.71 real, 0 MB
[runlim] sample:		0.00 time, 629.71 real, 0 MB
[runlim] sample:		0.00 time, 639.71 real, 0 MB
[runlim] sample:		0.00 time, 649.71 real, 0 MB
[runlim] sample:		0.00 time, 659.71 real, 0 MB
[runlim] sample:		0.00 time, 669.71 real, 0 MB
[runlim] sample:		0.00 time, 679.71 real, 0 MB
[runlim] sample:		0.00 time, 689.71 real, 0 MB
[runlim] sample:		0.00 time, 699.71 real, 0 MB
[runlim] sample:		0.00 time, 709.71 real, 0 MB
[runlim] sample:		0.00 time, 719.71 real, 0 MB
[runlim] sample:		0.00 time, 729.71 real, 0 MB
[runlim] sample:		0.00 time, 739.71 real, 0 MB
[runlim] sample:		0.00 time, 749.71 real, 0 MB
[runlim] sample:		0.00 time, 759.71 real, 0 MB
[runlim] sample:		0.00 time, 769.71 real, 0 MB
[runlim] sample:		0.00 time, 779.71 real, 0 MB
[runlim] sample:		0.00 time, 789.71 real, 0 MB
[runlim] sample:		0.00 time, 799.71 real, 0 MB
[runlim] sample:		0.00 time, 809.71 real, 0 MB
[runlim] sample:		0.00 time, 819.71 real, 0 MB
[runlim] sample:		0.00 time, 829.71 real, 0 MB
[runlim] sample:		0.00 time, 839.71 real, 0 MB
[runlim] sample:		0.00 time, 849.71 real, 0 MB
[runlim] sample:		0.00 time, 859.71 real, 0 MB
[runlim] sample:		0.00 time, 869.71 real, 0 MB
[runlim] sample:		0.00 time, 879.71 real, 0 MB
[runlim] sample:		0.00 time, 889.71 real, 0 MB
[runlim] sample:		0.00 time, 899.71 real, 0 MB
[runlim] end:			Fri Feb 12 13:08:06 2021
[runlim] status:		out of time
[runlim] result:		2
[runlim] children:		1
[runlim] real:			900.05 seconds
[runlim] time:			0.00 seconds
[runlim] space:			3 MB
[runlim] samples:		8903
