[runlim] version:		1.21
[runlim] host:			c3n22
[runlim] time limit:		900 seconds
[runlim] real time limit:	900 seconds
[runlim] space limit:		7000 MB
[runlim] argv[0]:		./binary
[runlim] argv[1]:		/tmp/local-unzipped-18816929-341-ev-pr-6x6-19-5-0-1-2-lg.cnf
[runlim] start:			Fri Feb 12 12:52:58 2021
[runlim] child:			3910
[runlim] sample:		0.00 time, 10.01 real, 3 MB
[runlim] sample:		0.00 time, 20.01 real, 3 MB
[runlim] sample:		0.00 time, 30.01 real, 3 MB
[runlim] sample:		0.00 time, 40.01 real, 3 MB
[runlim] sample:		0.00 time, 50.01 real, 3 MB
[runlim] sample:		0.00 time, 60.01 real, 3 MB
[runlim] sample:		0.00 time, 70.01 real, 3 MB
[runlim] sample:		0.00 time, 80.01 real, 3 MB
[runlim] sample:		0.00 time, 90.01 real, 3 MB
[runlim] sample:		0.00 time, 100.01 real, 3 MB
[runlim] sample:		0.00 time, 110.01 real, 3 MB
[runlim] sample:		0.00 time, 120.01 real, 3 MB
[runlim] sample:		0.00 time, 130.01 real, 3 MB
[runlim] sample:		0.00 time, 140.01 real, 3 MB
[runlim] sample:		0.00 time, 150.01 real, 3 MB
[runlim] sample:		0.00 time, 160.01 real, 3 MB
[runlim] sample:		0.00 time, 170.01 real, 3 MB
[runlim] sample:		0.00 time, 180.01 real, 3 MB
[runlim] sample:		0.00 time, 190.01 real, 3 MB
[runlim] sample:		0.00 time, 200.01 real, 3 MB
[runlim] sample:		0.00 time, 210.01 real, 3 MB
[runlim] sample:		0.00 time, 220.01 real, 3 MB
[runlim] sample:		0.00 time, 230.01 real, 3 MB
[runlim] sample:		0.00 time, 240.01 real, 3 MB
[runlim] sample:		0.00 time, 250.01 real, 3 MB
[runlim] sample:		0.00 time, 260.01 real, 3 MB
[runlim] sample:		0.00 time, 270.01 real, 3 MB
[runlim] sample:		0.00 time, 280.01 real, 3 MB
[runlim] sample:		0.00 time, 290.01 real, 3 MB
[runlim] sample:		0.00 time, 300.01 real, 3 MB
[runlim] sample:		0.00 time, 310.01 real, 3 MB
[runlim] sample:		0.00 time, 320.01 real, 3 MB
[runlim] sample:		0.00 time, 330.01 real, 3 MB
[runlim] sample:		0.00 time, 340.01 real, 3 MB
[runlim] sample:		0.00 time, 350.01 real, 3 MB
[runlim] sample:		0.00 time, 360.01 real, 3 MB
[runlim] sample:		0.00 time, 370.01 real, 3 MB
[runlim] sample:		0.00 time, 380.01 real, 3 MB
[runlim] sample:		0.00 time, 390.01 real, 1 MB
[runlim] sample:		0.00 time, 400.01 real, 0 MB
[runlim] sample:		0.00 time, 410.01 real, 0 MB
[runlim] sample:		0.00 time, 420.01 real, 0 MB
[runlim] sample:		0.00 time, 430.01 real, 0 MB
[runlim] sample:		0.00 time, 440.01 real, 0 MB
[runlim] sample:		0.00 time, 450.01 real, 0 MB
[runlim] sample:		0.00 time, 460.01 real, 0 MB
[runlim] sample:		0.00 time, 470.01 real, 0 MB
[runlim] sample:		0.00 time, 480.01 real, 0 MB
[runlim] sample:		0.00 time, 490.01 real, 0 MB
[runlim] sample:		0.00 time, 500.01 real, 0 MB
[runlim] sample:		0.00 time, 510.01 real, 0 MB
[runlim] sample:		0.00 time, 520.01 real, 0 MB
[runlim] sample:		0.00 time, 530.01 real, 0 MB
[runlim] sample:		0.00 time, 540.01 real, 0 MB
[runlim] sample:		0.00 time, 550.01 real, 0 MB
[runlim] sample:		0.00 time, 564.01 real, 0 MB
[runlim] sample:		0.00 time, 574.01 real, 0 MB
[runlim] sample:		0.00 time, 584.01 real, 0 MB
[runlim] sample:		0.00 time, 594.01 real, 0 MB
[runlim] sample:		0.00 time, 604.01 real, 0 MB
[runlim] sample:		0.00 time, 614.01 real, 0 MB
[runlim] sample:		0.00 time, 624.01 real, 0 MB
[runlim] sample:		0.00 time, 634.01 real, 0 MB
[runlim] sample:		0.00 time, 644.01 real, 0 MB
[runlim] sample:		0.00 time, 654.01 real, 0 MB
[runlim] sample:		0.00 time, 664.01 real, 0 MB
[runlim] sample:		0.00 time, 674.01 real, 0 MB
[runlim] sample:		0.00 time, 684.01 real, 0 MB
[runlim] sample:		0.00 time, 694.01 real, 0 MB
[runlim] sample:		0.00 time, 704.01 real, 0 MB
[runlim] sample:		0.00 time, 714.01 real, 0 MB
[runlim] sample:		0.00 time, 724.01 real, 0 MB
[runlim] sample:		0.00 time, 734.01 real, 0 MB
[runlim] sample:		0.00 time, 744.01 real, 0 MB
[runlim] sample:		0.00 time, 754.01 real, 0 MB
[runlim] sample:		0.00 time, 764.01 real, 0 MB
[runlim] sample:		0.00 time, 774.01 real, 0 MB
[runlim] sample:		0.00 time, 784.01 real, 0 MB
[runlim] sample:		0.00 time, 794.01 real, 0 MB
[runlim] sample:		0.00 time, 804.01 real, 0 MB
[runlim] sample:		0.00 time, 814.01 real, 0 MB
[runlim] sample:		0.00 time, 824.01 real, 0 MB
[runlim] sample:		0.00 time, 834.01 real, 0 MB
[runlim] sample:		0.00 time, 844.01 real, 0 MB
[runlim] sample:		0.00 time, 854.01 real, 0 MB
[runlim] sample:		0.00 time, 864.01 real, 0 MB
[runlim] sample:		0.00 time, 874.01 real, 0 MB
[runlim] sample:		0.00 time, 884.01 real, 0 MB
[runlim] sample:		0.00 time, 894.01 real, 0 MB
[runlim] end:			Fri Feb 12 13:07:58 2021
[runlim] status:		out of time
[runlim] result:		2
[runlim] children:		1
[runlim] real:			900.05 seconds
[runlim] time:			0.00 seconds
[runlim] space:			3 MB
[runlim] samples:		8960
