[runlim] version:		1.21
[runlim] host:			c3n13
[runlim] time limit:		900 seconds
[runlim] real time limit:	900 seconds
[runlim] space limit:		7000 MB
[runlim] argv[0]:		./binary
[runlim] argv[1]:		/tmp/local-unzipped-18816929-200-filesys_smbmrx_cvsndrcv.c.cnf
[runlim] start:			Fri Feb 12 12:52:49 2021
[runlim] child:			4667
[runlim] sample:		0.00 time, 10.01 real, 3 MB
[runlim] sample:		0.00 time, 20.01 real, 3 MB
[runlim] sample:		0.00 time, 30.01 real, 3 MB
[runlim] sample:		0.00 time, 40.01 real, 3 MB
[runlim] sample:		0.00 time, 50.01 real, 3 MB
[runlim] sample:		0.00 time, 60.01 real, 3 MB
[runlim] sample:		0.00 time, 70.01 real, 3 MB
[runlim] sample:		0.00 time, 80.01 real, 3 MB
[runlim] sample:		0.00 time, 90.01 real, 3 MB
[runlim] sample:		0.00 time, 100.01 real, 3 MB
[runlim] sample:		0.00 time, 110.01 real, 3 MB
[runlim] sample:		0.00 time, 120.01 real, 3 MB
[runlim] sample:		0.00 time, 130.01 real, 3 MB
[runlim] sample:		0.00 time, 140.01 real, 3 MB
[runlim] sample:		0.00 time, 150.01 real, 3 MB
[runlim] sample:		0.00 time, 160.01 real, 3 MB
[runlim] sample:		0.00 time, 170.01 real, 3 MB
[runlim] sample:		0.00 time, 180.01 real, 3 MB
[runlim] sample:		0.00 time, 190.01 real, 3 MB
[runlim] sample:		0.00 time, 200.01 real, 3 MB
[runlim] sample:		0.00 time, 210.01 real, 3 MB
[runlim] sample:		0.00 time, 220.01 real, 3 MB
[runlim] sample:		0.00 time, 230.01 real, 3 MB
[runlim] sample:		0.00 time, 240.01 real, 3 MB
[runlim] sample:		0.00 time, 250.01 real, 3 MB
[runlim] sample:		0.00 time, 260.01 real, 3 MB
[runlim] sample:		0.00 time, 270.01 real, 3 MB
[runlim] sample:		0.00 time, 280.01 real, 3 MB
[runlim] sample:		0.00 time, 290.01 real, 3 MB
[runlim] sample:		0.00 time, 300.01 real, 3 MB
[runlim] sample:		0.00 time, 310.01 real, 3 MB
[runlim] sample:		0.00 time, 320.01 real, 3 MB
[runlim] sample:		0.00 time, 330.01 real, 3 MB
[runlim] sample:		0.00 time, 340.01 real, 3 MB
[runlim] sample:		0.00 time, 350.01 real, 3 MB
[runlim] sample:		0.00 time, 360.01 real, 3 MB
[runlim] sample:		0.00 time, 370.01 real, 3 MB
[runlim] sample:		0.00 time, 380.01 real, 3 MB
[runlim] sample:		0.00 time, 390.01 real, 3 MB
[runlim] sample:		0.00 time, 400.01 real, 3 MB
[runlim] sample:		0.00 time, 410.01 real, 3 MB
[runlim] sample:		0.00 time, 420.01 real, 3 MB
[runlim] sample:		0.00 time, 430.01 real, 3 MB
[runlim] sample:		0.00 time, 440.01 real, 3 MB
[runlim] sample:		0.00 time, 450.01 real, 3 MB
[runlim] sample:		0.00 time, 460.01 real, 3 MB
[runlim] sample:		0.00 time, 470.01 real, 3 MB
[runlim] sample:		0.00 time, 480.01 real, 3 MB
[runlim] sample:		0.00 time, 490.01 real, 3 MB
[runlim] sample:		0.00 time, 500.01 real, 3 MB
[runlim] sample:		0.00 time, 510.01 real, 0 MB
[runlim] sample:		0.00 time, 521.01 real, 0 MB
[runlim] sample:		0.00 time, 531.01 real, 0 MB
[runlim] sample:		0.00 time, 541.01 real, 0 MB
[runlim] sample:		0.00 time, 551.01 real, 0 MB
[runlim] sample:		0.00 time, 561.01 real, 0 MB
[runlim] sample:		0.00 time, 571.01 real, 0 MB
[runlim] sample:		0.00 time, 581.01 real, 0 MB
[runlim] sample:		0.00 time, 591.01 real, 0 MB
[runlim] sample:		0.00 time, 602.71 real, 0 MB
[runlim] sample:		0.00 time, 612.71 real, 0 MB
[runlim] sample:		0.00 time, 622.71 real, 0 MB
[runlim] sample:		0.00 time, 632.71 real, 0 MB
[runlim] sample:		0.00 time, 642.71 real, 0 MB
[runlim] sample:		0.00 time, 652.71 real, 0 MB
[runlim] sample:		0.00 time, 662.71 real, 0 MB
[runlim] sample:		0.00 time, 672.71 real, 0 MB
[runlim] sample:		0.00 time, 682.71 real, 0 MB
[runlim] sample:		0.00 time, 692.71 real, 0 MB
[runlim] sample:		0.00 time, 702.71 real, 0 MB
[runlim] sample:		0.00 time, 713.01 real, 0 MB
[runlim] sample:		0.00 time, 723.01 real, 0 MB
[runlim] sample:		0.00 time, 733.01 real, 0 MB
[runlim] sample:		0.00 time, 743.01 real, 0 MB
[runlim] sample:		0.00 time, 753.01 real, 0 MB
[runlim] sample:		0.00 time, 763.11 real, 0 MB
[runlim] sample:		0.00 time, 773.11 real, 0 MB
[runlim] sample:		0.00 time, 783.11 real, 0 MB
[runlim] sample:		0.00 time, 793.11 real, 0 MB
[runlim] sample:		0.00 time, 803.11 real, 0 MB
[runlim] sample:		0.00 time, 813.11 real, 0 MB
[runlim] sample:		0.00 time, 823.11 real, 0 MB
[runlim] sample:		0.00 time, 833.11 real, 0 MB
[runlim] sample:		0.00 time, 843.11 real, 0 MB
[runlim] sample:		0.00 time, 853.11 real, 0 MB
[runlim] sample:		0.00 time, 863.11 real, 0 MB
[runlim] sample:		0.00 time, 873.11 real, 0 MB
[runlim] sample:		0.00 time, 883.11 real, 0 MB
[runlim] sample:		0.00 time, 893.11 real, 0 MB
[runlim] end:			Fri Feb 12 13:07:49 2021
[runlim] status:		out of time
[runlim] result:		2
[runlim] children:		1
[runlim] real:			900.05 seconds
[runlim] time:			0.00 seconds
[runlim] space:			3 MB
[runlim] samples:		8969
