[runlim] version:		1.21
[runlim] host:			c3n26
[runlim] time limit:		900 seconds
[runlim] real time limit:	900 seconds
[runlim] space limit:		7000 MB
[runlim] argv[0]:		./binary
[runlim] argv[1]:		/tmp/local-unzipped-18816929-412-filesys_smbmrx_midatlas.c.cnf
[runlim] start:			Fri Feb 12 12:53:13 2021
[runlim] child:			5472
[runlim] sample:		0.00 time, 10.01 real, 3 MB
[runlim] sample:		0.00 time, 20.01 real, 3 MB
[runlim] sample:		0.00 time, 30.01 real, 3 MB
[runlim] sample:		0.00 time, 40.01 real, 3 MB
[runlim] sample:		0.00 time, 50.01 real, 3 MB
[runlim] sample:		0.00 time, 60.01 real, 3 MB
[runlim] sample:		0.00 time, 70.01 real, 3 MB
[runlim] sample:		0.00 time, 80.01 real, 3 MB
[runlim] sample:		0.00 time, 90.01 real, 3 MB
[runlim] sample:		0.00 time, 100.01 real, 3 MB
[runlim] sample:		0.00 time, 110.01 real, 3 MB
[runlim] sample:		0.00 time, 120.01 real, 3 MB
[runlim] sample:		0.00 time, 130.01 real, 3 MB
[runlim] sample:		0.00 time, 140.01 real, 3 MB
[runlim] sample:		0.00 time, 150.01 real, 3 MB
[runlim] sample:		0.00 time, 160.01 real, 3 MB
[runlim] sample:		0.00 time, 170.01 real, 3 MB
[runlim] sample:		0.00 time, 180.01 real, 3 MB
[runlim] sample:		0.00 time, 190.01 real, 3 MB
[runlim] sample:		0.00 time, 200.01 real, 3 MB
[runlim] sample:		0.00 time, 210.01 real, 3 MB
[runlim] sample:		0.00 time, 220.01 real, 3 MB
[runlim] sample:		0.00 time, 230.01 real, 3 MB
[runlim] sample:		0.00 time, 240.01 real, 3 MB
[runlim] sample:		0.00 time, 250.01 real, 3 MB
[runlim] sample:		0.00 time, 260.01 real, 3 MB
[runlim] sample:		0.00 time, 270.01 real, 3 MB
[runlim] sample:		0.00 time, 280.01 real, 3 MB
[runlim] sample:		0.00 time, 290.01 real, 3 MB
[runlim] sample:		0.00 time, 300.01 real, 3 MB
[runlim] sample:		0.00 time, 310.01 real, 3 MB
[runlim] sample:		0.00 time, 320.01 real, 3 MB
[runlim] sample:		0.00 time, 330.01 real, 3 MB
[runlim] sample:		0.00 time, 340.01 real, 3 MB
[runlim] sample:		0.00 time, 350.01 real, 3 MB
[runlim] sample:		0.00 time, 360.01 real, 3 MB
[runlim] sample:		0.00 time, 370.01 real, 3 MB
[runlim] sample:		0.00 time, 380.01 real, 3 MB
[runlim] sample:		0.00 time, 390.01 real, 3 MB
[runlim] sample:		0.00 time, 400.01 real, 3 MB
[runlim] sample:		0.00 time, 410.01 real, 3 MB
[runlim] sample:		0.00 time, 420.01 real, 3 MB
[runlim] sample:		0.00 time, 430.01 real, 3 MB
[runlim] sample:		0.00 time, 440.01 real, 3 MB
[runlim] sample:		0.00 time, 450.01 real, 3 MB
[runlim] sample:		0.00 time, 461.21 real, 1 MB
[runlim] sample:		0.00 time, 471.21 real, 1 MB
[runlim] sample:		0.00 time, 481.21 real, 1 MB
[runlim] sample:		0.00 time, 491.21 real, 1 MB
[runlim] sample:		0.00 time, 501.21 real, 1 MB
[runlim] sample:		0.00 time, 511.21 real, 1 MB
[runlim] sample:		0.00 time, 521.21 real, 1 MB
[runlim] sample:		0.00 time, 531.21 real, 1 MB
[runlim] sample:		0.00 time, 541.21 real, 1 MB
[runlim] sample:		0.00 time, 551.21 real, 0 MB
[runlim] sample:		0.00 time, 561.21 real, 0 MB
[runlim] sample:		0.00 time, 571.21 real, 0 MB
[runlim] sample:		0.00 time, 581.21 real, 0 MB
[runlim] sample:		0.00 time, 591.21 real, 0 MB
[runlim] sample:		0.00 time, 601.21 real, 0 MB
[runlim] sample:		0.00 time, 611.21 real, 0 MB
[runlim] sample:		0.00 time, 621.21 real, 0 MB
[runlim] sample:		0.00 time, 631.21 real, 0 MB
[runlim] sample:		0.00 time, 641.21 real, 0 MB
[runlim] sample:		0.00 time, 651.21 real, 0 MB
[runlim] sample:		0.00 time, 661.21 real, 0 MB
[runlim] sample:		0.00 time, 671.21 real, 0 MB
[runlim] sample:		0.00 time, 681.21 real, 0 MB
[runlim] sample:		0.00 time, 691.21 real, 0 MB
[runlim] sample:		0.00 time, 701.21 real, 0 MB
[runlim] sample:		0.00 time, 711.21 real, 0 MB
[runlim] sample:		0.00 time, 721.21 real, 0 MB
[runlim] sample:		0.00 time, 731.21 real, 0 MB
[runlim] sample:		0.00 time, 741.21 real, 0 MB
[runlim] sample:		0.00 time, 751.21 real, 0 MB
[runlim] sample:		0.00 time, 761.21 real, 0 MB
[runlim] sample:		0.00 time, 771.21 real, 0 MB
[runlim] sample:		0.00 time, 781.21 real, 0 MB
[runlim] sample:		0.00 time, 791.21 real, 0 MB
[runlim] sample:		0.00 time, 801.21 real, 0 MB
[runlim] sample:		0.00 time, 811.21 real, 0 MB
[runlim] sample:		0.00 time, 821.21 real, 0 MB
[runlim] sample:		0.00 time, 831.21 real, 0 MB
[runlim] sample:		0.00 time, 841.21 real, 0 MB
[runlim] sample:		0.00 time, 851.21 real, 0 MB
[runlim] sample:		0.00 time, 861.21 real, 0 MB
[runlim] sample:		0.00 time, 871.21 real, 0 MB
[runlim] sample:		0.00 time, 881.21 real, 0 MB
[runlim] sample:		0.00 time, 891.21 real, 0 MB
[runlim] end:			Fri Feb 12 13:08:13 2021
[runlim] status:		out of time
[runlim] result:		2
[runlim] children:		1
[runlim] real:			900.05 seconds
[runlim] time:			0.00 seconds
[runlim] space:			3 MB
[runlim] samples:		8988
