[runlim] version:		1.21
[runlim] host:			c3n27
[runlim] time limit:		900 seconds
[runlim] real time limit:	900 seconds
[runlim] space limit:		7000 MB
[runlim] argv[0]:		./binary
[runlim] argv[1]:		/tmp/local-unzipped-18816929-417-IterationService.cnf
[runlim] start:			Fri Feb 12 12:53:03 2021
[runlim] child:			2271
[runlim] sample:		0.00 time, 10.01 real, 3 MB
[runlim] sample:		0.00 time, 20.01 real, 3 MB
[runlim] sample:		0.00 time, 30.01 real, 3 MB
[runlim] sample:		0.00 time, 40.01 real, 3 MB
[runlim] sample:		0.00 time, 50.01 real, 3 MB
[runlim] sample:		0.00 time, 60.01 real, 3 MB
[runlim] sample:		0.00 time, 70.01 real, 3 MB
[runlim] sample:		0.00 time, 80.01 real, 3 MB
[runlim] sample:		0.00 time, 90.01 real, 3 MB
[runlim] sample:		0.00 time, 100.01 real, 3 MB
[runlim] sample:		0.00 time, 110.01 real, 3 MB
[runlim] sample:		0.00 time, 120.01 real, 3 MB
[runlim] sample:		0.00 time, 130.01 real, 3 MB
[runlim] sample:		0.00 time, 140.01 real, 3 MB
[runlim] sample:		0.00 time, 150.01 real, 3 MB
[runlim] sample:		0.00 time, 160.01 real, 3 MB
[runlim] sample:		0.00 time, 170.01 real, 3 MB
[runlim] sample:		0.00 time, 180.01 real, 3 MB
[runlim] sample:		0.00 time, 190.01 real, 3 MB
[runlim] sample:		0.00 time, 200.01 real, 3 MB
[runlim] sample:		0.00 time, 210.01 real, 3 MB
[runlim] sample:		0.00 time, 220.01 real, 3 MB
[runlim] sample:		0.00 time, 230.01 real, 3 MB
[runlim] sample:		0.00 time, 240.01 real, 3 MB
[runlim] sample:		0.00 time, 250.01 real, 3 MB
[runlim] sample:		0.00 time, 260.01 real, 3 MB
[runlim] sample:		0.00 time, 270.01 real, 3 MB
[runlim] sample:		0.00 time, 280.01 real, 3 MB
[runlim] sample:		0.00 time, 290.01 real, 3 MB
[runlim] sample:		0.00 time, 300.01 real, 3 MB
[runlim] sample:		0.00 time, 310.01 real, 3 MB
[runlim] sample:		0.00 time, 320.01 real, 3 MB
[runlim] sample:		0.00 time, 330.01 real, 0 MB
[runlim] sample:		0.00 time, 340.01 real, 0 MB
[runlim] sample:		0.00 time, 350.01 real, 0 MB
[runlim] sample:		0.00 time, 360.01 real, 0 MB
[runlim] sample:		0.00 time, 370.01 real, 0 MB
[runlim] sample:		0.00 time, 380.01 real, 0 MB
[runlim] sample:		0.00 time, 390.01 real, 0 MB
[runlim] sample:		0.00 time, 400.01 real, 0 MB
[runlim] sample:		0.00 time, 410.01 real, 0 MB
[runlim] sample:		0.00 time, 420.11 real, 0 MB
[runlim] sample:		0.00 time, 430.11 real, 0 MB
[runlim] sample:		0.00 time, 440.11 real, 0 MB
[runlim] sample:		0.00 time, 450.11 real, 0 MB
[runlim] sample:		0.00 time, 460.11 real, 0 MB
[runlim] sample:		0.00 time, 470.11 real, 0 MB
[runlim] sample:		0.00 time, 480.61 real, 0 MB
[runlim] sample:		0.00 time, 490.61 real, 0 MB
[runlim] sample:		0.00 time, 500.61 real, 0 MB
[runlim] sample:		0.00 time, 510.61 real, 0 MB
[runlim] sample:		0.00 time, 520.61 real, 0 MB
[runlim] sample:		0.00 time, 530.61 real, 0 MB
[runlim] sample:		0.00 time, 540.61 real, 0 MB
[runlim] sample:		0.00 time, 550.61 real, 0 MB
[runlim] sample:		0.00 time, 560.61 real, 0 MB
[runlim] sample:		0.00 time, 570.61 real, 0 MB
[runlim] sample:		0.00 time, 580.61 real, 0 MB
[runlim] sample:		0.00 time, 590.61 real, 0 MB
[runlim] sample:		0.00 time, 601.81 real, 0 MB
[runlim] sample:		0.00 time, 611.81 real, 0 MB
[runlim] sample:		0.00 time, 621.81 real, 0 MB
[runlim] sample:		0.00 time, 631.81 real, 0 MB
[runlim] sample:		0.00 time, 641.81 real, 0 MB
[runlim] sample:		0.00 time, 651.81 real, 0 MB
[runlim] sample:		0.00 time, 661.81 real, 0 MB
[runlim] sample:		0.00 time, 671.81 real, 0 MB
[runlim] sample:		0.00 time, 681.81 real, 0 MB
[runlim] sample:		0.00 time, 691.81 real, 0 MB
[runlim] sample:		0.00 time, 701.81 real, 0 MB
[runlim] sample:		0.00 time, 711.81 real, 0 MB
[runlim] sample:		0.00 time, 721.81 real, 0 MB
[runlim] sample:		0.00 time, 731.81 real, 0 MB
[runlim] sample:		0.00 time, 741.81 real, 0 MB
[runlim] sample:		0.00 time, 751.81 real, 0 MB
[runlim] sample:		0.00 time, 761.81 real, 0 MB
[runlim] sample:		0.00 time, 771.81 real, 0 MB
[runlim] sample:		0.00 time, 781.81 real, 0 MB
[runlim] sample:		0.00 time, 791.81 real, 0 MB
[runlim] sample:		0.00 time, 801.81 real, 0 MB
[runlim] sample:		0.00 time, 811.81 real, 0 MB
[runlim] sample:		0.00 time, 821.81 real, 0 MB
[runlim] sample:		0.00 time, 831.81 real, 0 MB
[runlim] sample:		0.00 time, 841.81 real, 0 MB
[runlim] sample:		0.00 time, 851.81 real, 0 MB
[runlim] sample:		0.00 time, 861.81 real, 0 MB
[runlim] sample:		0.00 time, 871.81 real, 0 MB
[runlim] sample:		0.00 time, 881.81 real, 0 MB
[runlim] sample:		0.00 time, 891.81 real, 0 MB
[runlim] end:			Fri Feb 12 13:08:03 2021
[runlim] status:		out of time
[runlim] result:		2
[runlim] children:		1
[runlim] real:			900.05 seconds
[runlim] time:			0.00 seconds
[runlim] space:			3 MB
[runlim] samples:		8982
