[runlim] version:		1.21
[runlim] host:			c3n20
[runlim] time limit:		900 seconds
[runlim] real time limit:	900 seconds
[runlim] space limit:		7000 MB
[runlim] argv[0]:		./binary
[runlim] argv[1]:		/tmp/local-unzipped-18816929-306-nusmv.reactor^3.C-d4.cnf
[runlim] start:			Fri Feb 12 12:52:53 2021
[runlim] child:			4639
[runlim] sample:		0.00 time, 10.01 real, 3 MB
[runlim] sample:		0.00 time, 20.01 real, 3 MB
[runlim] sample:		0.00 time, 30.01 real, 3 MB
[runlim] sample:		0.00 time, 40.01 real, 3 MB
[runlim] sample:		0.00 time, 50.01 real, 3 MB
[runlim] sample:		0.00 time, 60.01 real, 3 MB
[runlim] sample:		0.00 time, 70.01 real, 3 MB
[runlim] sample:		0.00 time, 80.01 real, 3 MB
[runlim] sample:		0.00 time, 90.01 real, 3 MB
[runlim] sample:		0.00 time, 100.01 real, 3 MB
[runlim] sample:		0.00 time, 110.01 real, 3 MB
[runlim] sample:		0.00 time, 120.01 real, 3 MB
[runlim] sample:		0.00 time, 130.01 real, 3 MB
[runlim] sample:		0.00 time, 140.01 real, 3 MB
[runlim] sample:		0.00 time, 150.01 real, 3 MB
[runlim] sample:		0.00 time, 160.01 real, 3 MB
[runlim] sample:		0.00 time, 170.01 real, 3 MB
[runlim] sample:		0.00 time, 180.01 real, 3 MB
[runlim] sample:		0.00 time, 190.01 real, 3 MB
[runlim] sample:		0.00 time, 200.01 real, 3 MB
[runlim] sample:		0.00 time, 210.01 real, 3 MB
[runlim] sample:		0.00 time, 220.01 real, 3 MB
[runlim] sample:		0.00 time, 230.01 real, 3 MB
[runlim] sample:		0.00 time, 240.01 real, 3 MB
[runlim] sample:		0.00 time, 250.01 real, 3 MB
[runlim] sample:		0.00 time, 260.01 real, 3 MB
[runlim] sample:		0.00 time, 270.01 real, 3 MB
[runlim] sample:		0.00 time, 280.01 real, 3 MB
[runlim] sample:		0.00 time, 290.01 real, 3 MB
[runlim] sample:		0.00 time, 300.01 real, 3 MB
[runlim] sample:		0.00 time, 310.01 real, 3 MB
[runlim] sample:		0.00 time, 320.01 real, 3 MB
[runlim] sample:		0.00 time, 330.01 real, 3 MB
[runlim] sample:		0.00 time, 340.01 real, 3 MB
[runlim] sample:		0.00 time, 350.01 real, 3 MB
[runlim] sample:		0.00 time, 360.01 real, 1 MB
[runlim] sample:		0.00 time, 370.01 real, 0 MB
[runlim] sample:		0.00 time, 381.41 real, 0 MB
[runlim] sample:		0.00 time, 391.41 real, 0 MB
[runlim] sample:		0.00 time, 402.51 real, 0 MB
[runlim] sample:		0.00 time, 412.51 real, 0 MB
[runlim] sample:		0.00 time, 422.51 real, 0 MB
[runlim] sample:		0.00 time, 432.51 real, 0 MB
[runlim] sample:		0.00 time, 442.51 real, 0 MB
[runlim] sample:		0.00 time, 452.51 real, 0 MB
[runlim] sample:		0.00 time, 462.86 real, 0 MB
[runlim] sample:		0.00 time, 472.71 real, 0 MB
[runlim] sample:		0.00 time, 482.71 real, 0 MB
[runlim] sample:		0.00 time, 492.71 real, 0 MB
[runlim] sample:		0.00 time, 502.71 real, 0 MB
[runlim] sample:		0.00 time, 512.71 real, 0 MB
[runlim] sample:		0.00 time, 522.71 real, 0 MB
[runlim] sample:		0.00 time, 532.71 real, 0 MB
[runlim] sample:		0.00 time, 542.71 real, 0 MB
[runlim] sample:		0.00 time, 552.71 real, 0 MB
[runlim] sample:		0.00 time, 562.71 real, 0 MB
[runlim] sample:		0.00 time, 572.71 real, 0 MB
[runlim] sample:		0.00 time, 582.71 real, 0 MB
[runlim] sample:		0.00 time, 592.71 real, 0 MB
[runlim] sample:		0.00 time, 602.71 real, 0 MB
[runlim] sample:		0.00 time, 612.71 real, 0 MB
[runlim] sample:		0.00 time, 622.71 real, 0 MB
[runlim] sample:		0.00 time, 632.71 real, 0 MB
[runlim] sample:		0.00 time, 642.71 real, 0 MB
[runlim] sample:		0.00 time, 652.71 real, 0 MB
[runlim] sample:		0.00 time, 662.71 real, 0 MB
[runlim] sample:		0.00 time, 678.61 real, 0 MB
[runlim] sample:		0.00 time, 688.61 real, 0 MB
[runlim] sample:		0.00 time, 698.61 real, 0 MB
[runlim] sample:		0.00 time, 708.61 real, 0 MB
[runlim] sample:		0.00 time, 718.61 real, 0 MB
[runlim] sample:		0.00 time, 728.61 real, 0 MB
[runlim] sample:		0.00 time, 738.61 real, 0 MB
[runlim] sample:		0.00 time, 748.61 real, 0 MB
[runlim] sample:		0.00 time, 758.61 real, 0 MB
[runlim] sample:		0.00 time, 768.61 real, 0 MB
[runlim] sample:		0.00 time, 778.61 real, 0 MB
[runlim] sample:		0.00 time, 788.61 real, 0 MB
[runlim] sample:		0.00 time, 798.61 real, 0 MB
[runlim] sample:		0.00 time, 808.61 real, 0 MB
[runlim] sample:		0.00 time, 818.61 real, 0 MB
[runlim] sample:		0.00 time, 828.61 real, 0 MB
[runlim] sample:		0.00 time, 838.61 real, 0 MB
[runlim] sample:		0.00 time, 848.61 real, 0 MB
[runlim] sample:		0.00 time, 858.61 real, 0 MB
[runlim] sample:		0.00 time, 868.61 real, 0 MB
[runlim] sample:		0.00 time, 878.61 real, 0 MB
[runlim] sample:		0.00 time, 888.61 real, 0 MB
[runlim] sample:		0.00 time, 898.61 real, 0 MB
[runlim] end:			Fri Feb 12 13:07:54 2021
[runlim] status:		out of time
[runlim] result:		2
[runlim] children:		1
[runlim] real:			900.05 seconds
[runlim] time:			0.00 seconds
[runlim] space:			3 MB
[runlim] samples:		8914
