[runlim] version:		1.21
[runlim] host:			c3n04
[runlim] time limit:		900 seconds
[runlim] real time limit:	900 seconds
[runlim] space limit:		7000 MB
[runlim] argv[0]:		./binary
[runlim] argv[1]:		/tmp/local-unzipped-18816929-517-p10-5.pddl_planlen=25.cnf
[runlim] start:			Fri Feb 12 12:52:58 2021
[runlim] child:			7874
[runlim] sample:		0.00 time, 10.01 real, 3 MB
[runlim] sample:		0.00 time, 20.01 real, 3 MB
[runlim] sample:		0.00 time, 30.01 real, 3 MB
[runlim] sample:		0.00 time, 40.01 real, 3 MB
[runlim] sample:		0.00 time, 50.01 real, 3 MB
[runlim] sample:		0.00 time, 60.01 real, 3 MB
[runlim] sample:		0.00 time, 70.01 real, 3 MB
[runlim] end:			Fri Feb 12 12:54:16 2021
[runlim] status:		ok
[runlim] result:		0
[runlim] children:		1
[runlim] real:			77.73 seconds
[runlim] time:			0.00 seconds
[runlim] space:			3 MB
[runlim] samples:		777
