[runlim] version:		1.21
[runlim] host:			c3n22
[runlim] time limit:		900 seconds
[runlim] real time limit:	900 seconds
[runlim] space limit:		7000 MB
[runlim] argv[0]:		./binary
[runlim] argv[1]:		/tmp/local-unzipped-18816929-349-pipesnotankage17_6.cnf
[runlim] start:			Fri Feb 12 12:53:10 2021
[runlim] child:			4234
[runlim] sample:		0.00 time, 10.01 real, 3 MB
[runlim] sample:		0.00 time, 20.01 real, 3 MB
[runlim] sample:		0.00 time, 30.01 real, 3 MB
[runlim] sample:		0.00 time, 40.01 real, 3 MB
[runlim] sample:		0.00 time, 50.01 real, 3 MB
[runlim] sample:		0.00 time, 60.01 real, 3 MB
[runlim] sample:		0.00 time, 70.01 real, 3 MB
[runlim] sample:		0.00 time, 80.01 real, 3 MB
[runlim] sample:		0.00 time, 90.01 real, 3 MB
[runlim] sample:		0.00 time, 100.01 real, 3 MB
[runlim] sample:		0.00 time, 110.01 real, 3 MB
[runlim] sample:		0.00 time, 120.01 real, 3 MB
[runlim] sample:		0.00 time, 130.01 real, 3 MB
[runlim] sample:		0.00 time, 140.01 real, 3 MB
[runlim] sample:		0.00 time, 150.01 real, 3 MB
[runlim] sample:		0.00 time, 160.01 real, 3 MB
[runlim] sample:		0.00 time, 170.01 real, 3 MB
[runlim] sample:		0.00 time, 180.01 real, 3 MB
[runlim] sample:		0.00 time, 190.01 real, 3 MB
[runlim] sample:		0.00 time, 200.01 real, 3 MB
[runlim] sample:		0.00 time, 210.01 real, 3 MB
[runlim] sample:		0.00 time, 220.01 real, 3 MB
[runlim] sample:		0.00 time, 230.01 real, 3 MB
[runlim] sample:		0.00 time, 240.01 real, 3 MB
[runlim] sample:		0.00 time, 250.01 real, 3 MB
[runlim] sample:		0.00 time, 260.01 real, 3 MB
[runlim] sample:		0.00 time, 270.01 real, 3 MB
[runlim] sample:		0.00 time, 280.01 real, 3 MB
[runlim] sample:		0.00 time, 290.01 real, 3 MB
[runlim] sample:		0.00 time, 300.01 real, 3 MB
[runlim] sample:		0.00 time, 310.01 real, 3 MB
[runlim] sample:		0.00 time, 320.01 real, 3 MB
[runlim] sample:		0.00 time, 330.01 real, 3 MB
[runlim] sample:		0.00 time, 340.01 real, 3 MB
[runlim] sample:		0.00 time, 350.01 real, 3 MB
[runlim] sample:		0.00 time, 360.01 real, 3 MB
[runlim] sample:		0.00 time, 370.01 real, 3 MB
[runlim] sample:		0.00 time, 381.91 real, 0 MB
[runlim] sample:		0.00 time, 391.91 real, 0 MB
[runlim] sample:		0.00 time, 401.91 real, 0 MB
[runlim] sample:		0.00 time, 411.91 real, 0 MB
[runlim] sample:		0.00 time, 421.91 real, 0 MB
[runlim] sample:		0.00 time, 431.91 real, 0 MB
[runlim] sample:		0.00 time, 441.91 real, 0 MB
[runlim] sample:		0.00 time, 451.91 real, 0 MB
[runlim] sample:		0.00 time, 461.91 real, 0 MB
[runlim] sample:		0.00 time, 471.91 real, 0 MB
[runlim] sample:		0.00 time, 481.91 real, 0 MB
[runlim] sample:		0.00 time, 491.91 real, 0 MB
[runlim] sample:		0.00 time, 501.91 real, 0 MB
[runlim] sample:		0.00 time, 511.91 real, 0 MB
[runlim] sample:		0.00 time, 521.91 real, 0 MB
[runlim] sample:		0.00 time, 531.91 real, 0 MB
[runlim] sample:		0.00 time, 541.91 real, 0 MB
[runlim] sample:		0.00 time, 551.91 real, 0 MB
[runlim] sample:		0.00 time, 561.91 real, 0 MB
[runlim] sample:		0.00 time, 571.91 real, 0 MB
[runlim] sample:		0.00 time, 581.91 real, 0 MB
[runlim] sample:		0.00 time, 591.91 real, 0 MB
[runlim] sample:		0.00 time, 601.91 real, 0 MB
[runlim] sample:		0.00 time, 611.91 real, 0 MB
[runlim] sample:		0.00 time, 621.91 real, 0 MB
[runlim] sample:		0.00 time, 631.91 real, 0 MB
[runlim] sample:		0.00 time, 641.91 real, 0 MB
[runlim] sample:		0.00 time, 651.91 real, 0 MB
[runlim] sample:		0.00 time, 661.91 real, 0 MB
[runlim] sample:		0.00 time, 671.91 real, 0 MB
[runlim] sample:		0.00 time, 681.91 real, 0 MB
[runlim] sample:		0.00 time, 691.91 real, 0 MB
[runlim] sample:		0.00 time, 701.91 real, 0 MB
[runlim] sample:		0.00 time, 711.91 real, 0 MB
[runlim] sample:		0.00 time, 721.91 real, 0 MB
[runlim] sample:		0.00 time, 731.91 real, 0 MB
[runlim] sample:		0.00 time, 741.91 real, 0 MB
[runlim] sample:		0.00 time, 751.91 real, 0 MB
[runlim] sample:		0.00 time, 761.91 real, 0 MB
[runlim] sample:		0.00 time, 771.91 real, 0 MB
[runlim] sample:		0.00 time, 781.91 real, 0 MB
[runlim] sample:		0.00 time, 791.91 real, 0 MB
[runlim] sample:		0.00 time, 801.91 real, 0 MB
[runlim] sample:		0.00 time, 811.91 real, 0 MB
[runlim] sample:		0.00 time, 821.91 real, 0 MB
[runlim] sample:		0.00 time, 831.91 real, 0 MB
[runlim] sample:		0.00 time, 841.91 real, 0 MB
[runlim] sample:		0.00 time, 851.91 real, 0 MB
[runlim] sample:		0.00 time, 861.91 real, 0 MB
[runlim] sample:		0.00 time, 871.91 real, 0 MB
[runlim] sample:		0.00 time, 881.91 real, 0 MB
[runlim] sample:		0.00 time, 891.91 real, 0 MB
[runlim] end:			Fri Feb 12 13:08:10 2021
[runlim] status:		out of time
[runlim] result:		2
[runlim] children:		1
[runlim] real:			900.05 seconds
[runlim] time:			0.00 seconds
[runlim] space:			3 MB
[runlim] samples:		8981
