[runlim] version:		1.21
[runlim] host:			c3n24
[runlim] time limit:		900 seconds
[runlim] real time limit:	900 seconds
[runlim] space limit:		7000 MB
[runlim] argv[0]:		./binary
[runlim] argv[1]:		/tmp/local-unzipped-18816929-370-query71_query36_1344n.cnf
[runlim] start:			Fri Feb 12 12:52:57 2021
[runlim] child:			4079
[runlim] sample:		0.00 time, 10.01 real, 3 MB
[runlim] sample:		0.00 time, 20.01 real, 3 MB
[runlim] sample:		0.00 time, 30.01 real, 3 MB
[runlim] sample:		0.00 time, 40.01 real, 3 MB
[runlim] sample:		0.00 time, 50.01 real, 3 MB
[runlim] sample:		0.00 time, 60.01 real, 3 MB
[runlim] sample:		0.00 time, 70.01 real, 3 MB
[runlim] sample:		0.00 time, 80.01 real, 3 MB
[runlim] sample:		0.00 time, 90.01 real, 3 MB
[runlim] sample:		0.00 time, 100.01 real, 3 MB
[runlim] sample:		0.00 time, 110.01 real, 3 MB
[runlim] sample:		0.00 time, 120.01 real, 3 MB
[runlim] sample:		0.00 time, 130.01 real, 3 MB
[runlim] sample:		0.00 time, 140.01 real, 3 MB
[runlim] sample:		0.00 time, 150.01 real, 3 MB
[runlim] sample:		0.00 time, 160.01 real, 3 MB
[runlim] sample:		0.00 time, 170.01 real, 3 MB
[runlim] sample:		0.00 time, 180.01 real, 3 MB
[runlim] sample:		0.00 time, 190.01 real, 3 MB
[runlim] sample:		0.00 time, 200.01 real, 3 MB
[runlim] sample:		0.00 time, 210.01 real, 3 MB
[runlim] sample:		0.00 time, 220.01 real, 3 MB
[runlim] sample:		0.00 time, 230.01 real, 3 MB
[runlim] sample:		0.00 time, 240.01 real, 3 MB
[runlim] sample:		0.00 time, 250.01 real, 3 MB
[runlim] sample:		0.00 time, 260.01 real, 3 MB
[runlim] sample:		0.00 time, 270.01 real, 3 MB
[runlim] sample:		0.00 time, 280.01 real, 3 MB
[runlim] sample:		0.00 time, 290.01 real, 3 MB
[runlim] sample:		0.00 time, 300.01 real, 3 MB
[runlim] sample:		0.00 time, 310.01 real, 3 MB
[runlim] sample:		0.00 time, 320.01 real, 3 MB
[runlim] sample:		0.00 time, 330.01 real, 3 MB
[runlim] sample:		0.00 time, 340.01 real, 3 MB
[runlim] sample:		0.00 time, 350.01 real, 3 MB
[runlim] sample:		0.00 time, 360.01 real, 3 MB
[runlim] sample:		0.00 time, 370.01 real, 3 MB
[runlim] sample:		0.00 time, 380.01 real, 3 MB
[runlim] sample:		0.00 time, 390.01 real, 3 MB
[runlim] sample:		0.00 time, 400.01 real, 3 MB
[runlim] sample:		0.00 time, 410.01 real, 3 MB
[runlim] sample:		0.00 time, 420.01 real, 3 MB
[runlim] sample:		0.00 time, 430.01 real, 3 MB
[runlim] sample:		0.00 time, 440.01 real, 3 MB
[runlim] sample:		0.00 time, 450.01 real, 3 MB
[runlim] sample:		0.00 time, 460.01 real, 3 MB
[runlim] sample:		0.00 time, 470.01 real, 3 MB
[runlim] sample:		0.00 time, 480.01 real, 3 MB
[runlim] sample:		0.00 time, 490.01 real, 3 MB
[runlim] sample:		0.00 time, 500.01 real, 3 MB
[runlim] sample:		0.00 time, 510.01 real, 3 MB
[runlim] sample:		0.00 time, 520.01 real, 3 MB
[runlim] sample:		0.00 time, 530.01 real, 3 MB
[runlim] sample:		0.00 time, 540.01 real, 3 MB
[runlim] sample:		0.00 time, 550.01 real, 3 MB
[runlim] sample:		0.00 time, 560.01 real, 3 MB
[runlim] sample:		0.00 time, 570.01 real, 3 MB
[runlim] sample:		0.00 time, 580.01 real, 3 MB
[runlim] sample:		0.00 time, 590.01 real, 0 MB
[runlim] sample:		0.00 time, 604.81 real, 0 MB
[runlim] sample:		0.00 time, 614.81 real, 0 MB
[runlim] sample:		0.00 time, 624.81 real, 0 MB
[runlim] sample:		0.00 time, 634.81 real, 0 MB
[runlim] sample:		0.00 time, 644.81 real, 0 MB
[runlim] sample:		0.00 time, 654.81 real, 0 MB
[runlim] sample:		0.00 time, 664.81 real, 0 MB
[runlim] sample:		0.00 time, 674.81 real, 0 MB
[runlim] sample:		0.00 time, 684.81 real, 0 MB
[runlim] sample:		0.00 time, 694.81 real, 0 MB
[runlim] sample:		0.00 time, 705.01 real, 0 MB
[runlim] sample:		0.00 time, 715.01 real, 0 MB
[runlim] sample:		0.00 time, 725.01 real, 0 MB
[runlim] sample:		0.00 time, 735.01 real, 0 MB
[runlim] sample:		0.00 time, 745.01 real, 0 MB
[runlim] sample:		0.00 time, 755.01 real, 0 MB
[runlim] sample:		0.00 time, 765.01 real, 0 MB
[runlim] sample:		0.00 time, 775.01 real, 0 MB
[runlim] sample:		0.00 time, 785.01 real, 0 MB
[runlim] sample:		0.00 time, 795.01 real, 0 MB
[runlim] sample:		0.00 time, 805.01 real, 0 MB
[runlim] sample:		0.00 time, 815.01 real, 0 MB
[runlim] sample:		0.00 time, 825.01 real, 0 MB
[runlim] sample:		0.00 time, 835.01 real, 0 MB
[runlim] sample:		0.00 time, 845.01 real, 0 MB
[runlim] sample:		0.00 time, 855.01 real, 0 MB
[runlim] sample:		0.00 time, 865.01 real, 0 MB
[runlim] sample:		0.00 time, 875.01 real, 0 MB
[runlim] sample:		0.00 time, 885.01 real, 0 MB
[runlim] sample:		0.00 time, 895.01 real, 0 MB
[runlim] end:			Fri Feb 12 13:07:57 2021
[runlim] status:		out of time
[runlim] result:		2
[runlim] children:		1
[runlim] real:			900.05 seconds
[runlim] time:			0.00 seconds
[runlim] space:			3 MB
[runlim] samples:		8950
