[runlim] version:		1.21
[runlim] host:			c3n13
[runlim] time limit:		900 seconds
[runlim] real time limit:	900 seconds
[runlim] space limit:		7000 MB
[runlim] argv[0]:		./binary
[runlim] argv[1]:		/tmp/local-unzipped-18816929-194-query64_query11_1344n.cnf
[runlim] start:			Fri Feb 12 12:52:46 2021
[runlim] child:			4313
[runlim] sample:		0.00 time, 10.01 real, 3 MB
[runlim] sample:		0.00 time, 20.01 real, 3 MB
[runlim] sample:		0.00 time, 30.01 real, 3 MB
[runlim] sample:		0.00 time, 40.01 real, 3 MB
[runlim] sample:		0.00 time, 50.01 real, 3 MB
[runlim] sample:		0.00 time, 60.01 real, 3 MB
[runlim] sample:		0.00 time, 70.01 real, 3 MB
[runlim] sample:		0.00 time, 80.01 real, 3 MB
[runlim] sample:		0.00 time, 90.01 real, 3 MB
[runlim] sample:		0.00 time, 100.01 real, 3 MB
[runlim] sample:		0.00 time, 110.01 real, 3 MB
[runlim] sample:		0.00 time, 120.01 real, 3 MB
[runlim] sample:		0.00 time, 130.01 real, 3 MB
[runlim] sample:		0.00 time, 140.01 real, 3 MB
[runlim] sample:		0.00 time, 150.01 real, 3 MB
[runlim] sample:		0.00 time, 160.01 real, 3 MB
[runlim] sample:		0.00 time, 170.01 real, 3 MB
[runlim] sample:		0.00 time, 180.01 real, 3 MB
[runlim] sample:		0.00 time, 190.01 real, 3 MB
[runlim] sample:		0.00 time, 200.01 real, 3 MB
[runlim] sample:		0.00 time, 210.01 real, 3 MB
[runlim] sample:		0.00 time, 220.01 real, 3 MB
[runlim] sample:		0.00 time, 230.01 real, 3 MB
[runlim] sample:		0.00 time, 240.01 real, 3 MB
[runlim] sample:		0.00 time, 250.01 real, 3 MB
[runlim] sample:		0.00 time, 260.01 real, 3 MB
[runlim] sample:		0.00 time, 270.01 real, 3 MB
[runlim] sample:		0.00 time, 280.01 real, 3 MB
[runlim] sample:		0.00 time, 290.01 real, 3 MB
[runlim] sample:		0.00 time, 300.01 real, 3 MB
[runlim] sample:		0.00 time, 310.01 real, 3 MB
[runlim] sample:		0.00 time, 320.01 real, 3 MB
[runlim] sample:		0.00 time, 330.01 real, 3 MB
[runlim] sample:		0.00 time, 340.01 real, 3 MB
[runlim] sample:		0.00 time, 350.01 real, 3 MB
[runlim] sample:		0.00 time, 360.01 real, 3 MB
[runlim] sample:		0.00 time, 370.01 real, 3 MB
[runlim] sample:		0.00 time, 380.01 real, 3 MB
[runlim] sample:		0.00 time, 390.01 real, 3 MB
[runlim] sample:		0.00 time, 400.01 real, 3 MB
[runlim] sample:		0.00 time, 410.01 real, 3 MB
[runlim] sample:		0.00 time, 420.01 real, 3 MB
[runlim] sample:		0.00 time, 430.01 real, 3 MB
[runlim] sample:		0.00 time, 440.01 real, 3 MB
[runlim] sample:		0.00 time, 450.01 real, 3 MB
[runlim] sample:		0.00 time, 460.01 real, 3 MB
[runlim] sample:		0.00 time, 470.01 real, 3 MB
[runlim] sample:		0.00 time, 480.01 real, 3 MB
[runlim] sample:		0.00 time, 490.01 real, 3 MB
[runlim] sample:		0.00 time, 500.01 real, 3 MB
[runlim] sample:		0.00 time, 510.01 real, 3 MB
[runlim] sample:		0.00 time, 520.51 real, 0 MB
[runlim] sample:		0.00 time, 530.91 real, 0 MB
[runlim] sample:		0.00 time, 540.91 real, 0 MB
[runlim] sample:		0.00 time, 550.91 real, 0 MB
[runlim] sample:		0.00 time, 560.91 real, 0 MB
[runlim] sample:		0.00 time, 570.91 real, 0 MB
[runlim] sample:		0.00 time, 580.91 real, 0 MB
[runlim] sample:		0.00 time, 590.91 real, 0 MB
[runlim] sample:		0.00 time, 600.91 real, 0 MB
[runlim] sample:		0.00 time, 610.91 real, 0 MB
[runlim] sample:		0.00 time, 620.91 real, 0 MB
[runlim] sample:		0.00 time, 630.91 real, 0 MB
[runlim] sample:		0.00 time, 640.91 real, 0 MB
[runlim] sample:		0.00 time, 650.91 real, 0 MB
[runlim] sample:		0.00 time, 660.91 real, 0 MB
[runlim] sample:		0.00 time, 670.91 real, 0 MB
[runlim] sample:		0.00 time, 680.91 real, 0 MB
[runlim] sample:		0.00 time, 690.91 real, 0 MB
[runlim] sample:		0.00 time, 700.91 real, 0 MB
[runlim] sample:		0.00 time, 710.91 real, 0 MB
[runlim] sample:		0.00 time, 720.91 real, 0 MB
[runlim] sample:		0.00 time, 730.91 real, 0 MB
[runlim] sample:		0.00 time, 740.91 real, 0 MB
[runlim] sample:		0.00 time, 750.91 real, 0 MB
[runlim] sample:		0.00 time, 760.91 real, 0 MB
[runlim] sample:		0.00 time, 770.91 real, 0 MB
[runlim] sample:		0.00 time, 780.91 real, 0 MB
[runlim] sample:		0.00 time, 790.91 real, 0 MB
[runlim] sample:		0.00 time, 800.91 real, 0 MB
[runlim] sample:		0.00 time, 810.91 real, 0 MB
[runlim] sample:		0.00 time, 820.91 real, 0 MB
[runlim] sample:		0.00 time, 830.91 real, 0 MB
[runlim] sample:		0.00 time, 859.01 real, 0 MB
[runlim] sample:		0.00 time, 869.01 real, 0 MB
[runlim] sample:		0.00 time, 879.01 real, 0 MB
[runlim] sample:		0.00 time, 889.01 real, 0 MB
[runlim] sample:		0.00 time, 899.01 real, 0 MB
[runlim] end:			Fri Feb 12 13:07:46 2021
[runlim] status:		out of time
[runlim] result:		2
[runlim] children:		1
[runlim] real:			900.05 seconds
[runlim] time:			0.00 seconds
[runlim] space:			3 MB
[runlim] samples:		8810
