[runlim] version:		1.21
[runlim] host:			c3n06
[runlim] time limit:		900 seconds
[runlim] real time limit:	900 seconds
[runlim] space limit:		7000 MB
[runlim] argv[0]:		./binary
[runlim] argv[1]:		/tmp/local-unzipped-18816929-93-s3330_d14_u.cnf
[runlim] start:			Fri Feb 12 12:52:56 2021
[runlim] child:			6814
[runlim] sample:		0.00 time, 10.01 real, 3 MB
[runlim] sample:		0.00 time, 20.01 real, 3 MB
[runlim] sample:		0.00 time, 30.01 real, 3 MB
[runlim] sample:		0.00 time, 40.01 real, 3 MB
[runlim] sample:		0.00 time, 50.01 real, 3 MB
[runlim] sample:		0.00 time, 60.01 real, 3 MB
[runlim] sample:		0.00 time, 70.01 real, 3 MB
[runlim] sample:		0.00 time, 80.01 real, 3 MB
[runlim] sample:		0.00 time, 90.01 real, 3 MB
[runlim] sample:		0.00 time, 100.01 real, 3 MB
[runlim] sample:		0.00 time, 110.01 real, 3 MB
[runlim] sample:		0.00 time, 120.01 real, 3 MB
[runlim] sample:		0.00 time, 130.01 real, 3 MB
[runlim] sample:		0.00 time, 140.01 real, 3 MB
[runlim] sample:		0.00 time, 150.01 real, 3 MB
[runlim] sample:		0.00 time, 160.01 real, 3 MB
[runlim] sample:		0.00 time, 170.01 real, 3 MB
[runlim] sample:		0.00 time, 180.01 real, 3 MB
[runlim] sample:		0.00 time, 190.01 real, 3 MB
[runlim] sample:		0.00 time, 200.01 real, 3 MB
[runlim] sample:		0.00 time, 210.01 real, 3 MB
[runlim] sample:		0.00 time, 220.01 real, 3 MB
[runlim] sample:		0.00 time, 230.01 real, 3 MB
[runlim] sample:		0.00 time, 240.01 real, 3 MB
[runlim] sample:		0.00 time, 250.01 real, 3 MB
[runlim] sample:		0.00 time, 260.01 real, 3 MB
[runlim] sample:		0.00 time, 270.01 real, 3 MB
[runlim] sample:		0.00 time, 280.01 real, 3 MB
[runlim] sample:		0.00 time, 290.01 real, 3 MB
[runlim] sample:		0.00 time, 300.01 real, 3 MB
[runlim] sample:		0.00 time, 310.01 real, 3 MB
[runlim] sample:		0.00 time, 320.01 real, 3 MB
[runlim] sample:		0.00 time, 330.01 real, 3 MB
[runlim] sample:		0.00 time, 340.01 real, 3 MB
[runlim] sample:		0.00 time, 350.01 real, 3 MB
[runlim] sample:		0.00 time, 360.01 real, 3 MB
[runlim] sample:		0.00 time, 370.01 real, 3 MB
[runlim] sample:		0.00 time, 380.01 real, 3 MB
[runlim] sample:		0.00 time, 390.01 real, 3 MB
[runlim] sample:		0.00 time, 400.01 real, 3 MB
[runlim] sample:		0.00 time, 410.01 real, 3 MB
[runlim] sample:		0.00 time, 420.01 real, 3 MB
[runlim] sample:		0.00 time, 430.01 real, 3 MB
[runlim] sample:		0.00 time, 440.01 real, 3 MB
[runlim] sample:		0.00 time, 450.01 real, 3 MB
[runlim] sample:		0.00 time, 460.01 real, 3 MB
[runlim] sample:		0.00 time, 470.01 real, 3 MB
[runlim] sample:		0.00 time, 480.01 real, 3 MB
[runlim] sample:		0.00 time, 490.01 real, 3 MB
[runlim] sample:		0.00 time, 500.01 real, 3 MB
[runlim] sample:		0.00 time, 510.01 real, 3 MB
[runlim] sample:		0.00 time, 520.01 real, 3 MB
[runlim] sample:		0.00 time, 530.01 real, 3 MB
[runlim] sample:		0.00 time, 540.01 real, 3 MB
[runlim] sample:		0.00 time, 550.01 real, 3 MB
[runlim] sample:		0.00 time, 560.01 real, 3 MB
[runlim] sample:		0.00 time, 570.01 real, 3 MB
[runlim] sample:		0.00 time, 580.01 real, 0 MB
[runlim] sample:		0.00 time, 590.01 real, 0 MB
[runlim] sample:		0.00 time, 600.01 real, 0 MB
[runlim] sample:		0.00 time, 616.11 real, 0 MB
[runlim] sample:		0.00 time, 626.11 real, 0 MB
[runlim] sample:		0.00 time, 636.11 real, 0 MB
[runlim] sample:		0.00 time, 646.11 real, 0 MB
[runlim] sample:		0.00 time, 656.11 real, 0 MB
[runlim] sample:		0.00 time, 666.11 real, 0 MB
[runlim] sample:		0.00 time, 676.11 real, 0 MB
[runlim] sample:		0.00 time, 686.11 real, 0 MB
[runlim] sample:		0.00 time, 696.11 real, 0 MB
[runlim] sample:		0.00 time, 706.11 real, 0 MB
[runlim] sample:		0.00 time, 716.11 real, 0 MB
[runlim] sample:		0.00 time, 726.11 real, 0 MB
[runlim] sample:		0.00 time, 736.11 real, 0 MB
[runlim] sample:		0.00 time, 746.11 real, 0 MB
[runlim] sample:		0.00 time, 756.11 real, 0 MB
[runlim] sample:		0.00 time, 766.11 real, 0 MB
[runlim] sample:		0.00 time, 776.11 real, 0 MB
[runlim] sample:		0.00 time, 786.11 real, 0 MB
[runlim] sample:		0.00 time, 796.11 real, 0 MB
[runlim] sample:		0.00 time, 806.11 real, 0 MB
[runlim] sample:		0.00 time, 816.11 real, 0 MB
[runlim] sample:		0.00 time, 826.11 real, 0 MB
[runlim] sample:		0.00 time, 836.11 real, 0 MB
[runlim] sample:		0.00 time, 846.11 real, 0 MB
[runlim] sample:		0.00 time, 856.11 real, 0 MB
[runlim] sample:		0.00 time, 866.11 real, 0 MB
[runlim] sample:		0.00 time, 876.11 real, 0 MB
[runlim] sample:		0.00 time, 886.11 real, 0 MB
[runlim] sample:		0.00 time, 896.11 real, 0 MB
[runlim] end:			Fri Feb 12 13:07:56 2021
[runlim] status:		out of time
[runlim] result:		2
[runlim] children:		1
[runlim] real:			900.05 seconds
[runlim] time:			0.00 seconds
[runlim] space:			3 MB
[runlim] samples:		8939
