[runlim] version:		1.21
[runlim] host:			c3n28
[runlim] time limit:		900 seconds
[runlim] real time limit:	900 seconds
[runlim] space limit:		7000 MB
[runlim] argv[0]:		./binary
[runlim] argv[1]:		/tmp/local-unzipped-18816929-446-s38584_PR_9_50.cnf
[runlim] start:			Fri Feb 12 12:53:12 2021
[runlim] child:			6708
[runlim] sample:		0.00 time, 10.01 real, 3 MB
[runlim] sample:		0.00 time, 20.01 real, 3 MB
[runlim] sample:		0.00 time, 30.01 real, 3 MB
[runlim] sample:		0.00 time, 40.01 real, 3 MB
[runlim] sample:		0.00 time, 50.01 real, 3 MB
[runlim] sample:		0.00 time, 60.01 real, 3 MB
[runlim] sample:		0.00 time, 70.01 real, 3 MB
[runlim] sample:		0.00 time, 80.01 real, 3 MB
[runlim] sample:		0.00 time, 90.01 real, 3 MB
[runlim] sample:		0.00 time, 100.01 real, 3 MB
[runlim] sample:		0.00 time, 110.01 real, 3 MB
[runlim] sample:		0.00 time, 120.01 real, 3 MB
[runlim] sample:		0.00 time, 130.01 real, 3 MB
[runlim] sample:		0.00 time, 140.01 real, 3 MB
[runlim] sample:		0.00 time, 150.01 real, 3 MB
[runlim] sample:		0.00 time, 160.01 real, 3 MB
[runlim] sample:		0.00 time, 170.01 real, 3 MB
[runlim] sample:		0.00 time, 180.01 real, 3 MB
[runlim] sample:		0.00 time, 190.01 real, 3 MB
[runlim] sample:		0.00 time, 200.01 real, 3 MB
[runlim] sample:		0.00 time, 210.01 real, 3 MB
[runlim] sample:		0.00 time, 220.01 real, 3 MB
[runlim] sample:		0.00 time, 230.01 real, 3 MB
[runlim] sample:		0.00 time, 240.01 real, 3 MB
[runlim] sample:		0.00 time, 250.01 real, 3 MB
[runlim] sample:		0.00 time, 260.01 real, 3 MB
[runlim] sample:		0.00 time, 270.01 real, 3 MB
[runlim] sample:		0.00 time, 280.01 real, 3 MB
[runlim] sample:		0.00 time, 290.01 real, 3 MB
[runlim] sample:		0.00 time, 300.01 real, 3 MB
[runlim] sample:		0.00 time, 310.01 real, 3 MB
[runlim] sample:		0.00 time, 320.01 real, 3 MB
[runlim] sample:		0.00 time, 330.01 real, 3 MB
[runlim] sample:		0.00 time, 340.01 real, 3 MB
[runlim] sample:		0.00 time, 350.01 real, 3 MB
[runlim] sample:		0.00 time, 360.01 real, 3 MB
[runlim] sample:		0.00 time, 370.01 real, 3 MB
[runlim] sample:		0.00 time, 380.01 real, 3 MB
[runlim] sample:		0.00 time, 390.01 real, 3 MB
[runlim] sample:		0.00 time, 400.01 real, 3 MB
[runlim] sample:		0.00 time, 410.01 real, 3 MB
[runlim] sample:		0.00 time, 420.01 real, 3 MB
[runlim] sample:		0.00 time, 430.01 real, 3 MB
[runlim] sample:		0.00 time, 440.01 real, 3 MB
[runlim] sample:		0.00 time, 450.01 real, 3 MB
[runlim] sample:		0.00 time, 460.01 real, 3 MB
[runlim] sample:		0.00 time, 470.01 real, 3 MB
[runlim] sample:		0.00 time, 480.01 real, 3 MB
[runlim] sample:		0.00 time, 490.01 real, 3 MB
[runlim] sample:		0.00 time, 500.01 real, 3 MB
[runlim] sample:		0.00 time, 510.01 real, 3 MB
[runlim] sample:		0.00 time, 520.01 real, 3 MB
[runlim] sample:		0.00 time, 530.01 real, 3 MB
[runlim] sample:		0.00 time, 540.01 real, 3 MB
[runlim] sample:		0.00 time, 550.01 real, 3 MB
[runlim] sample:		0.00 time, 560.01 real, 3 MB
[runlim] sample:		0.00 time, 570.01 real, 3 MB
[runlim] sample:		0.00 time, 580.01 real, 3 MB
[runlim] sample:		0.00 time, 590.01 real, 3 MB
[runlim] sample:		0.00 time, 600.01 real, 3 MB
[runlim] sample:		0.00 time, 610.01 real, 3 MB
[runlim] sample:		0.00 time, 620.01 real, 3 MB
[runlim] sample:		0.00 time, 630.01 real, 3 MB
[runlim] sample:		0.00 time, 644.61 real, 0 MB
[runlim] sample:		0.00 time, 654.61 real, 0 MB
[runlim] sample:		0.00 time, 664.61 real, 0 MB
[runlim] sample:		0.00 time, 674.61 real, 0 MB
[runlim] sample:		0.00 time, 684.61 real, 0 MB
[runlim] sample:		0.00 time, 694.61 real, 0 MB
[runlim] sample:		0.00 time, 704.61 real, 0 MB
[runlim] sample:		0.00 time, 714.61 real, 0 MB
[runlim] sample:		0.00 time, 724.61 real, 0 MB
[runlim] sample:		0.00 time, 734.61 real, 0 MB
[runlim] sample:		0.00 time, 744.61 real, 0 MB
[runlim] sample:		0.00 time, 754.61 real, 0 MB
[runlim] sample:		0.00 time, 764.61 real, 0 MB
[runlim] sample:		0.00 time, 774.61 real, 0 MB
[runlim] sample:		0.00 time, 784.61 real, 0 MB
[runlim] sample:		0.00 time, 794.61 real, 0 MB
[runlim] sample:		0.00 time, 804.61 real, 0 MB
[runlim] sample:		0.00 time, 814.61 real, 0 MB
[runlim] sample:		0.00 time, 824.61 real, 0 MB
[runlim] sample:		0.00 time, 834.61 real, 0 MB
[runlim] sample:		0.00 time, 844.61 real, 0 MB
[runlim] sample:		0.00 time, 854.61 real, 0 MB
[runlim] sample:		0.00 time, 864.61 real, 0 MB
[runlim] sample:		0.00 time, 874.61 real, 0 MB
[runlim] sample:		0.00 time, 884.61 real, 0 MB
[runlim] sample:		0.00 time, 894.61 real, 0 MB
[runlim] end:			Fri Feb 12 13:08:13 2021
[runlim] status:		out of time
[runlim] result:		2
[runlim] children:		1
[runlim] real:			900.05 seconds
[runlim] time:			0.00 seconds
[runlim] space:			3 MB
[runlim] samples:		8954
