[runlim] version:		1.21
[runlim] host:			c3n04
[runlim] time limit:		900 seconds
[runlim] real time limit:	900 seconds
[runlim] space limit:		7000 MB
[runlim] argv[0]:		./binary
[runlim] argv[1]:		/tmp/local-unzipped-18816929-50-stmt44_554_604.cnf
[runlim] start:			Fri Feb 12 12:52:45 2021
[runlim] child:			7283
[runlim] sample:		0.00 time, 10.01 real, 3 MB
[runlim] sample:		0.00 time, 20.01 real, 3 MB
[runlim] sample:		0.00 time, 30.01 real, 3 MB
[runlim] sample:		0.00 time, 40.01 real, 3 MB
[runlim] sample:		0.00 time, 50.01 real, 3 MB
[runlim] sample:		0.00 time, 60.01 real, 3 MB
[runlim] sample:		0.00 time, 70.01 real, 3 MB
[runlim] sample:		0.00 time, 80.01 real, 3 MB
[runlim] sample:		0.00 time, 90.01 real, 3 MB
[runlim] sample:		0.00 time, 100.01 real, 3 MB
[runlim] sample:		0.00 time, 110.01 real, 3 MB
[runlim] sample:		0.00 time, 120.01 real, 3 MB
[runlim] sample:		0.00 time, 130.01 real, 3 MB
[runlim] sample:		0.00 time, 140.01 real, 3 MB
[runlim] sample:		0.00 time, 150.01 real, 3 MB
[runlim] sample:		0.00 time, 160.01 real, 3 MB
[runlim] sample:		0.00 time, 170.01 real, 3 MB
[runlim] sample:		0.00 time, 180.01 real, 2 MB
[runlim] sample:		0.00 time, 190.81 real, 2 MB
[runlim] sample:		0.00 time, 200.81 real, 2 MB
[runlim] sample:		0.00 time, 210.81 real, 2 MB
[runlim] sample:		0.00 time, 220.81 real, 2 MB
[runlim] sample:		0.00 time, 230.81 real, 2 MB
[runlim] sample:		0.00 time, 240.81 real, 2 MB
[runlim] sample:		0.00 time, 250.81 real, 2 MB
[runlim] sample:		0.00 time, 260.81 real, 2 MB
[runlim] sample:		0.00 time, 270.81 real, 2 MB
[runlim] sample:		0.00 time, 280.81 real, 2 MB
[runlim] sample:		0.00 time, 290.81 real, 2 MB
[runlim] sample:		0.00 time, 300.81 real, 2 MB
[runlim] sample:		0.00 time, 310.81 real, 2 MB
[runlim] sample:		0.00 time, 320.81 real, 2 MB
[runlim] sample:		0.00 time, 330.81 real, 2 MB
[runlim] sample:		0.00 time, 340.81 real, 2 MB
[runlim] sample:		0.00 time, 350.81 real, 2 MB
[runlim] sample:		0.00 time, 360.81 real, 2 MB
[runlim] sample:		0.00 time, 370.81 real, 2 MB
[runlim] sample:		0.00 time, 380.81 real, 2 MB
[runlim] sample:		0.00 time, 390.81 real, 2 MB
[runlim] sample:		0.00 time, 400.81 real, 2 MB
[runlim] sample:		0.00 time, 410.81 real, 2 MB
[runlim] sample:		0.00 time, 420.81 real, 2 MB
[runlim] sample:		0.00 time, 430.81 real, 2 MB
[runlim] sample:		0.00 time, 440.81 real, 2 MB
[runlim] sample:		0.00 time, 450.81 real, 2 MB
[runlim] sample:		0.00 time, 460.81 real, 2 MB
[runlim] sample:		0.00 time, 470.81 real, 2 MB
[runlim] sample:		0.00 time, 480.81 real, 2 MB
[runlim] sample:		0.00 time, 490.81 real, 2 MB
[runlim] sample:		0.00 time, 500.81 real, 2 MB
[runlim] sample:		0.00 time, 510.81 real, 2 MB
[runlim] sample:		0.00 time, 520.81 real, 2 MB
[runlim] sample:		0.00 time, 530.81 real, 2 MB
[runlim] sample:		0.00 time, 540.81 real, 2 MB
[runlim] sample:		0.00 time, 550.81 real, 2 MB
[runlim] sample:		0.00 time, 560.81 real, 2 MB
[runlim] sample:		0.00 time, 570.81 real, 2 MB
[runlim] sample:		0.00 time, 580.81 real, 1 MB
[runlim] sample:		0.00 time, 590.81 real, 1 MB
[runlim] sample:		0.00 time, 600.81 real, 1 MB
[runlim] sample:		0.00 time, 610.81 real, 1 MB
[runlim] sample:		0.00 time, 620.81 real, 1 MB
[runlim] sample:		0.00 time, 630.81 real, 1 MB
[runlim] sample:		0.00 time, 640.81 real, 1 MB
[runlim] sample:		0.00 time, 650.81 real, 1 MB
[runlim] sample:		0.00 time, 660.81 real, 1 MB
[runlim] sample:		0.00 time, 670.81 real, 1 MB
[runlim] sample:		0.00 time, 680.81 real, 1 MB
[runlim] sample:		0.00 time, 690.81 real, 1 MB
[runlim] sample:		0.00 time, 700.81 real, 1 MB
[runlim] sample:		0.00 time, 710.81 real, 1 MB
[runlim] sample:		0.00 time, 720.81 real, 1 MB
[runlim] sample:		0.00 time, 730.81 real, 1 MB
[runlim] sample:		0.00 time, 740.81 real, 1 MB
[runlim] sample:		0.00 time, 750.81 real, 1 MB
[runlim] sample:		0.00 time, 760.81 real, 1 MB
[runlim] sample:		0.00 time, 770.81 real, 1 MB
[runlim] sample:		0.00 time, 780.81 real, 1 MB
[runlim] sample:		0.00 time, 790.81 real, 1 MB
[runlim] sample:		0.00 time, 800.81 real, 1 MB
[runlim] sample:		0.00 time, 810.81 real, 1 MB
[runlim] sample:		0.00 time, 820.81 real, 1 MB
[runlim] sample:		0.00 time, 830.81 real, 1 MB
[runlim] sample:		0.00 time, 840.81 real, 1 MB
[runlim] sample:		0.00 time, 850.81 real, 1 MB
[runlim] sample:		0.00 time, 860.81 real, 1 MB
[runlim] sample:		0.00 time, 870.81 real, 1 MB
[runlim] sample:		0.00 time, 880.81 real, 1 MB
[runlim] sample:		0.00 time, 890.81 real, 1 MB
[runlim] end:			Fri Feb 12 13:07:45 2021
[runlim] status:		out of time
[runlim] result:		2
[runlim] children:		1
[runlim] real:			900.05 seconds
[runlim] time:			0.00 seconds
[runlim] space:			3 MB
[runlim] samples:		8992
