[runlim] version:		1.21
[runlim] host:			c3n21
[runlim] time limit:		900 seconds
[runlim] real time limit:	900 seconds
[runlim] space limit:		7000 MB
[runlim] argv[0]:		./binary
[runlim] argv[1]:		/tmp/local-unzipped-18816929-323-tlc05-uniform-depth-65.cnf
[runlim] start:			Fri Feb 12 12:52:58 2021
[runlim] child:			5562
[runlim] sample:		0.00 time, 10.01 real, 3 MB
[runlim] sample:		0.00 time, 20.01 real, 3 MB
[runlim] sample:		0.00 time, 30.01 real, 3 MB
[runlim] end:			Fri Feb 12 12:53:35 2021
[runlim] status:		ok
[runlim] result:		0
[runlim] children:		1
[runlim] real:			36.53 seconds
[runlim] time:			0.00 seconds
[runlim] space:			3 MB
[runlim] samples:		365
