[runlim] version:		1.21
[runlim] host:			c3n27
[runlim] time limit:		900 seconds
[runlim] real time limit:	900 seconds
[runlim] space limit:		7000 MB
[runlim] argv[0]:		./binary
[runlim] argv[1]:		/tmp/local-unzipped-18816929-420-tlc05-uniform-depth-85.cnf
[runlim] start:			Fri Feb 12 12:53:03 2021
[runlim] child:			2270
[runlim] sample:		0.00 time, 10.01 real, 3 MB
[runlim] sample:		0.00 time, 20.01 real, 3 MB
[runlim] sample:		0.00 time, 30.01 real, 3 MB
[runlim] sample:		0.00 time, 40.01 real, 3 MB
[runlim] sample:		0.00 time, 50.01 real, 3 MB
[runlim] sample:		0.00 time, 60.01 real, 3 MB
[runlim] end:			Fri Feb 12 12:54:11 2021
[runlim] status:		ok
[runlim] result:		0
[runlim] children:		1
[runlim] real:			67.23 seconds
[runlim] time:			0.00 seconds
[runlim] space:			3 MB
[runlim] samples:		672
