[runlim] version:		1.21
[runlim] host:			c3n08
[runlim] time limit:		900 seconds
[runlim] real time limit:	900 seconds
[runlim] space limit:		7000 MB
[runlim] argv[0]:		./binary
[runlim] argv[1]:		/tmp/local-unzipped-18816929-124-W4-Umbrella_tbm_25.tex.moduleQ3.7S.000003.cnf
[runlim] start:			Fri Feb 12 12:52:45 2021
[runlim] child:			9665
[runlim] sample:		0.00 time, 10.01 real, 3 MB
[runlim] sample:		0.00 time, 20.01 real, 3 MB
[runlim] sample:		0.00 time, 30.01 real, 3 MB
[runlim] sample:		0.00 time, 40.01 real, 3 MB
[runlim] sample:		0.00 time, 50.01 real, 3 MB
[runlim] sample:		0.00 time, 60.01 real, 3 MB
[runlim] sample:		0.00 time, 70.01 real, 3 MB
[runlim] sample:		0.00 time, 80.01 real, 3 MB
[runlim] sample:		0.00 time, 90.01 real, 3 MB
[runlim] end:			Fri Feb 12 12:54:18 2021
[runlim] status:		ok
[runlim] result:		0
[runlim] children:		1
[runlim] real:			92.97 seconds
[runlim] time:			0.00 seconds
[runlim] space:			3 MB
[runlim] samples:		929
