[runlim] version:		1.21
[runlim] host:			c3n21
[runlim] time limit:		900 seconds
[runlim] real time limit:	900 seconds
[runlim] space limit:		7000 MB
[runlim] argv[0]:		./binary
[runlim] argv[1]:		/tmp/local-unzipped-18816929-328-W5-Umbrella_tbm_26.tex.moduleQ3.7S.000003.cnf
[runlim] start:			Fri Feb 12 12:53:08 2021
[runlim] child:			5790
[runlim] sample:		0.00 time, 10.01 real, 3 MB
[runlim] sample:		0.00 time, 20.01 real, 3 MB
[runlim] sample:		0.00 time, 30.01 real, 3 MB
[runlim] sample:		0.00 time, 40.01 real, 3 MB
[runlim] sample:		0.00 time, 50.01 real, 3 MB
[runlim] sample:		0.00 time, 60.01 real, 3 MB
[runlim] sample:		0.00 time, 70.01 real, 3 MB
[runlim] sample:		0.00 time, 80.01 real, 3 MB
[runlim] sample:		0.00 time, 90.01 real, 3 MB
[runlim] sample:		0.00 time, 100.01 real, 3 MB
[runlim] sample:		0.00 time, 110.01 real, 3 MB
[runlim] sample:		0.00 time, 120.01 real, 3 MB
[runlim] sample:		0.00 time, 130.01 real, 3 MB
[runlim] sample:		0.00 time, 140.01 real, 3 MB
[runlim] sample:		0.00 time, 150.01 real, 3 MB
[runlim] sample:		0.00 time, 160.01 real, 3 MB
[runlim] sample:		0.00 time, 170.01 real, 3 MB
[runlim] sample:		0.00 time, 180.01 real, 3 MB
[runlim] sample:		0.00 time, 190.01 real, 3 MB
[runlim] sample:		0.00 time, 200.01 real, 3 MB
[runlim] sample:		0.00 time, 210.01 real, 3 MB
[runlim] sample:		0.00 time, 220.01 real, 3 MB
[runlim] sample:		0.00 time, 230.01 real, 3 MB
[runlim] sample:		0.00 time, 240.01 real, 3 MB
[runlim] sample:		0.00 time, 250.01 real, 3 MB
[runlim] sample:		0.00 time, 260.01 real, 3 MB
[runlim] sample:		0.00 time, 270.01 real, 3 MB
[runlim] sample:		0.00 time, 280.01 real, 3 MB
[runlim] sample:		0.00 time, 290.01 real, 3 MB
[runlim] sample:		0.00 time, 300.01 real, 3 MB
[runlim] sample:		0.00 time, 310.01 real, 3 MB
[runlim] sample:		0.00 time, 320.01 real, 3 MB
[runlim] sample:		0.00 time, 330.01 real, 3 MB
[runlim] sample:		0.00 time, 340.01 real, 3 MB
[runlim] sample:		0.00 time, 350.01 real, 3 MB
[runlim] sample:		0.00 time, 360.01 real, 3 MB
[runlim] sample:		0.00 time, 370.01 real, 3 MB
[runlim] sample:		0.00 time, 380.01 real, 3 MB
[runlim] sample:		0.00 time, 390.01 real, 3 MB
[runlim] sample:		0.00 time, 400.01 real, 3 MB
[runlim] sample:		0.00 time, 410.01 real, 3 MB
[runlim] sample:		0.00 time, 420.01 real, 3 MB
[runlim] sample:		0.00 time, 430.01 real, 3 MB
[runlim] sample:		0.00 time, 440.01 real, 3 MB
[runlim] sample:		0.00 time, 450.01 real, 3 MB
[runlim] sample:		0.00 time, 460.01 real, 3 MB
[runlim] sample:		0.00 time, 470.01 real, 3 MB
[runlim] sample:		0.00 time, 480.01 real, 3 MB
[runlim] sample:		0.00 time, 490.01 real, 3 MB
[runlim] sample:		0.00 time, 500.01 real, 3 MB
[runlim] sample:		0.00 time, 510.01 real, 3 MB
[runlim] sample:		0.00 time, 520.01 real, 3 MB
[runlim] sample:		0.00 time, 530.01 real, 3 MB
[runlim] sample:		0.00 time, 540.01 real, 3 MB
[runlim] sample:		0.00 time, 550.01 real, 3 MB
[runlim] sample:		0.00 time, 560.01 real, 3 MB
[runlim] sample:		0.00 time, 570.01 real, 3 MB
[runlim] sample:		0.00 time, 580.01 real, 3 MB
[runlim] sample:		0.00 time, 590.01 real, 3 MB
[runlim] sample:		0.00 time, 600.01 real, 3 MB
[runlim] sample:		0.00 time, 610.01 real, 3 MB
[runlim] sample:		0.00 time, 620.01 real, 3 MB
[runlim] sample:		0.00 time, 630.01 real, 3 MB
[runlim] sample:		0.00 time, 643.51 real, 1 MB
[runlim] sample:		0.00 time, 653.51 real, 1 MB
[runlim] sample:		0.00 time, 663.51 real, 1 MB
[runlim] sample:		0.00 time, 673.51 real, 0 MB
[runlim] sample:		0.00 time, 683.51 real, 0 MB
[runlim] sample:		0.00 time, 693.51 real, 0 MB
[runlim] sample:		0.00 time, 703.51 real, 0 MB
[runlim] sample:		0.00 time, 713.51 real, 0 MB
[runlim] sample:		0.00 time, 723.51 real, 0 MB
[runlim] sample:		0.00 time, 733.51 real, 0 MB
[runlim] sample:		0.00 time, 743.51 real, 0 MB
[runlim] sample:		0.00 time, 753.51 real, 0 MB
[runlim] sample:		0.00 time, 763.51 real, 0 MB
[runlim] sample:		0.00 time, 773.51 real, 0 MB
[runlim] sample:		0.00 time, 783.51 real, 0 MB
[runlim] sample:		0.00 time, 793.51 real, 0 MB
[runlim] sample:		0.00 time, 803.51 real, 0 MB
[runlim] sample:		0.00 time, 813.51 real, 0 MB
[runlim] sample:		0.00 time, 823.51 real, 0 MB
[runlim] sample:		0.00 time, 833.51 real, 0 MB
[runlim] sample:		0.00 time, 843.51 real, 0 MB
[runlim] sample:		0.00 time, 853.51 real, 0 MB
[runlim] sample:		0.00 time, 863.51 real, 0 MB
[runlim] sample:		0.00 time, 873.51 real, 0 MB
[runlim] sample:		0.00 time, 883.51 real, 0 MB
[runlim] sample:		0.00 time, 893.51 real, 0 MB
[runlim] end:			Fri Feb 12 13:08:08 2021
[runlim] status:		out of time
[runlim] result:		2
[runlim] children:		1
[runlim] real:			900.05 seconds
[runlim] time:			0.00 seconds
[runlim] space:			3 MB
[runlim] samples:		8965
