[runlim] version:		1.21
[runlim] host:			c3n32
[runlim] time limit:		900 seconds
[runlim] real time limit:	900 seconds
[runlim] space limit:		60000 MB
[runlim] argv[0]:		./binary
[runlim] argv[1]:		/tmp/local-unzipped-18838335-2-parity70.cnf
[runlim] start:			Thu Feb 18 10:08:08 2021
[runlim] child:			7888
[runlim] sample:		9.97 time, 10.01 real, 8 MB
[runlim] sample:		19.98 time, 20.01 real, 9 MB
[runlim] sample:		27.91 time, 30.01 real, 10 MB
[runlim] sample:		37.43 time, 40.01 real, 11 MB
[runlim] sample:		47.43 time, 50.01 real, 11 MB
[runlim] sample:		57.43 time, 60.01 real, 12 MB
[runlim] sample:		66.90 time, 70.01 real, 13 MB
[runlim] sample:		75.68 time, 80.01 real, 13 MB
[runlim] sample:		85.51 time, 90.01 real, 13 MB
[runlim] sample:		95.25 time, 100.01 real, 14 MB
[runlim] sample:		105.25 time, 110.01 real, 14 MB
[runlim] sample:		115.25 time, 120.01 real, 15 MB
[runlim] sample:		124.33 time, 130.01 real, 15 MB
[runlim] sample:		133.96 time, 140.01 real, 15 MB
[runlim] sample:		143.95 time, 150.01 real, 16 MB
[runlim] sample:		153.90 time, 160.01 real, 16 MB
[runlim] sample:		162.46 time, 170.01 real, 16 MB
[runlim] sample:		171.00 time, 180.01 real, 16 MB
[runlim] sample:		181.00 time, 190.01 real, 17 MB
[runlim] sample:		189.89 time, 200.01 real, 17 MB
[runlim] sample:		199.60 time, 210.01 real, 17 MB
[runlim] sample:		207.76 time, 220.01 real, 17 MB
[runlim] sample:		217.77 time, 230.01 real, 18 MB
[runlim] sample:		227.73 time, 240.01 real, 18 MB
[runlim] sample:		237.14 time, 250.01 real, 19 MB
[runlim] sample:		246.98 time, 260.01 real, 19 MB
[runlim] sample:		256.99 time, 270.01 real, 19 MB
[runlim] sample:		266.72 time, 280.01 real, 19 MB
[runlim] sample:		276.01 time, 290.01 real, 19 MB
[runlim] sample:		286.01 time, 300.01 real, 20 MB
[runlim] sample:		295.37 time, 310.01 real, 20 MB
[runlim] sample:		305.02 time, 320.01 real, 20 MB
[runlim] sample:		313.92 time, 330.01 real, 20 MB
[runlim] sample:		323.92 time, 340.01 real, 21 MB
[runlim] sample:		332.96 time, 350.01 real, 21 MB
[runlim] sample:		342.49 time, 360.01 real, 21 MB
[runlim] sample:		351.13 time, 370.01 real, 21 MB
[runlim] sample:		360.03 time, 380.01 real, 21 MB
[runlim] sample:		370.03 time, 390.01 real, 21 MB
[runlim] sample:		379.83 time, 400.01 real, 22 MB
[runlim] sample:		388.21 time, 410.01 real, 22 MB
[runlim] sample:		396.98 time, 420.01 real, 22 MB
[runlim] sample:		406.98 time, 430.01 real, 22 MB
[runlim] sample:		416.98 time, 440.01 real, 23 MB
[runlim] sample:		424.76 time, 450.01 real, 23 MB
[runlim] sample:		433.59 time, 460.01 real, 23 MB
[runlim] sample:		443.59 time, 470.01 real, 23 MB
[runlim] sample:		453.24 time, 480.01 real, 23 MB
[runlim] sample:		462.67 time, 490.01 real, 24 MB
[runlim] sample:		471.74 time, 500.01 real, 24 MB
[runlim] sample:		481.75 time, 510.01 real, 24 MB
[runlim] sample:		491.45 time, 520.01 real, 24 MB
[runlim] sample:		500.41 time, 530.01 real, 24 MB
[runlim] sample:		510.41 time, 540.01 real, 24 MB
[runlim] sample:		520.41 time, 550.01 real, 24 MB
[runlim] sample:		530.42 time, 560.01 real, 25 MB
[runlim] sample:		538.11 time, 570.01 real, 25 MB
[runlim] sample:		547.99 time, 580.01 real, 25 MB
[runlim] sample:		557.99 time, 590.01 real, 25 MB
[runlim] sample:		567.99 time, 600.01 real, 25 MB
[runlim] sample:		576.49 time, 610.01 real, 25 MB
[runlim] sample:		586.28 time, 620.01 real, 26 MB
[runlim] sample:		595.62 time, 630.01 real, 26 MB
[runlim] sample:		605.63 time, 640.01 real, 26 MB
[runlim] sample:		615.22 time, 650.01 real, 26 MB
[runlim] sample:		624.59 time, 660.01 real, 26 MB
[runlim] sample:		634.59 time, 670.01 real, 26 MB
[runlim] sample:		644.59 time, 680.01 real, 26 MB
[runlim] sample:		654.59 time, 690.01 real, 27 MB
[runlim] sample:		663.07 time, 700.01 real, 27 MB
[runlim] sample:		672.65 time, 710.01 real, 27 MB
[runlim] sample:		682.66 time, 720.01 real, 27 MB
[runlim] sample:		692.65 time, 730.01 real, 27 MB
[runlim] sample:		701.64 time, 740.01 real, 27 MB
[runlim] sample:		711.29 time, 750.01 real, 27 MB
[runlim] sample:		721.29 time, 760.01 real, 27 MB
[runlim] sample:		731.29 time, 770.01 real, 28 MB
[runlim] sample:		739.87 time, 780.01 real, 28 MB
[runlim] sample:		749.32 time, 790.01 real, 28 MB
[runlim] sample:		759.31 time, 800.01 real, 28 MB
[runlim] sample:		769.31 time, 810.01 real, 28 MB
[runlim] sample:		777.66 time, 820.01 real, 28 MB
[runlim] sample:		786.69 time, 830.01 real, 28 MB
[runlim] sample:		796.44 time, 840.01 real, 28 MB
[runlim] sample:		806.43 time, 850.01 real, 28 MB
[runlim] sample:		816.14 time, 860.01 real, 29 MB
[runlim] sample:		825.49 time, 870.01 real, 29 MB
[runlim] sample:		835.45 time, 880.01 real, 29 MB
[runlim] sample:		845.46 time, 890.01 real, 29 MB
[runlim] sample:		855.46 time, 900.01 real, 29 MB


 SIG RECEIVED

Terminated
[runlim] end:			Thu Feb 18 10:23:08 2021
[runlim] status:		out of time
[runlim] result:		2
[runlim] children:		3
[runlim] real:			900.10 seconds
[runlim] time:			855.46 seconds
[runlim] space:			29 MB
[runlim] samples:		9000
