[runlim] version:		1.21
[runlim] host:			c3n19
[runlim] time limit:		900 seconds
[runlim] real time limit:	900 seconds
[runlim] space limit:		60000 MB
[runlim] argv[0]:		./binary
[runlim] argv[1]:		/tmp/local-unzipped-18838335-6-parity60.cnf
[runlim] start:			Thu Feb 18 10:08:08 2021
[runlim] child:			14467
[runlim] sample:		9.98 time, 10.01 real, 9 MB
[runlim] sample:		19.99 time, 20.01 real, 9 MB
[runlim] sample:		29.81 time, 30.01 real, 10 MB
[runlim] sample:		38.03 time, 40.01 real, 11 MB
[runlim] sample:		47.18 time, 50.01 real, 12 MB
[runlim] sample:		56.09 time, 60.01 real, 12 MB
[runlim] sample:		66.09 time, 70.01 real, 13 MB
[runlim] sample:		76.09 time, 80.01 real, 13 MB
[runlim] sample:		85.54 time, 90.01 real, 14 MB
[runlim] sample:		95.15 time, 100.01 real, 14 MB
[runlim] sample:		104.99 time, 110.01 real, 14 MB
[runlim] sample:		114.99 time, 120.01 real, 15 MB
[runlim] sample:		124.99 time, 130.01 real, 15 MB
[runlim] sample:		133.88 time, 140.01 real, 15 MB
[runlim] sample:		143.68 time, 150.01 real, 16 MB
[runlim] sample:		152.57 time, 160.01 real, 16 MB
[runlim] sample:		162.58 time, 170.01 real, 16 MB
[runlim] sample:		172.58 time, 180.01 real, 17 MB
[runlim] sample:		181.72 time, 190.01 real, 17 MB
[runlim] sample:		190.66 time, 200.01 real, 18 MB
[runlim] sample:		200.30 time, 210.01 real, 18 MB
[runlim] sample:		210.31 time, 220.01 real, 18 MB
[runlim] sample:		220.30 time, 230.01 real, 18 MB
[runlim] sample:		229.30 time, 240.01 real, 18 MB
[runlim] sample:		238.87 time, 250.01 real, 19 MB
[runlim] sample:		248.88 time, 260.01 real, 19 MB
[runlim] sample:		258.87 time, 270.01 real, 19 MB
[runlim] sample:		268.62 time, 280.01 real, 19 MB
[runlim] sample:		276.88 time, 290.01 real, 20 MB
[runlim] sample:		285.34 time, 300.01 real, 20 MB
[runlim] sample:		295.34 time, 310.01 real, 20 MB
[runlim] sample:		305.34 time, 320.01 real, 21 MB
[runlim] sample:		314.98 time, 330.01 real, 21 MB
[runlim] sample:		323.51 time, 340.01 real, 21 MB
[runlim] sample:		333.26 time, 350.01 real, 21 MB
[runlim] sample:		343.26 time, 360.01 real, 21 MB
[runlim] sample:		353.26 time, 370.01 real, 22 MB
[runlim] sample:		361.93 time, 380.01 real, 22 MB
[runlim] sample:		370.33 time, 390.01 real, 22 MB
[runlim] sample:		380.33 time, 400.01 real, 22 MB
[runlim] sample:		389.15 time, 410.01 real, 22 MB
[runlim] sample:		398.86 time, 420.01 real, 22 MB
[runlim] sample:		408.31 time, 430.01 real, 22 MB
[runlim] sample:		418.31 time, 440.01 real, 22 MB
[runlim] sample:		427.31 time, 450.01 real, 23 MB
[runlim] sample:		436.96 time, 460.01 real, 23 MB
[runlim] sample:		446.40 time, 470.01 real, 23 MB
[runlim] sample:		456.14 time, 480.01 real, 23 MB
[runlim] sample:		466.14 time, 490.01 real, 24 MB
[runlim] sample:		475.69 time, 500.01 real, 24 MB
[runlim] sample:		485.22 time, 510.01 real, 24 MB
[runlim] sample:		495.23 time, 520.01 real, 24 MB
[runlim] sample:		505.22 time, 530.01 real, 24 MB
[runlim] sample:		513.70 time, 540.01 real, 24 MB
[runlim] sample:		523.27 time, 550.01 real, 25 MB
[runlim] sample:		533.28 time, 560.01 real, 25 MB
[runlim] sample:		543.27 time, 570.01 real, 25 MB
[runlim] sample:		551.66 time, 580.01 real, 25 MB
[runlim] sample:		561.25 time, 590.01 real, 25 MB
[runlim] sample:		571.25 time, 600.01 real, 25 MB
[runlim] sample:		581.25 time, 610.01 real, 25 MB
[runlim] sample:		589.67 time, 620.01 real, 25 MB
[runlim] sample:		599.42 time, 630.01 real, 25 MB
[runlim] sample:		609.42 time, 640.01 real, 26 MB
[runlim] sample:		619.42 time, 650.01 real, 26 MB
[runlim] sample:		627.78 time, 660.01 real, 26 MB
[runlim] sample:		637.35 time, 670.01 real, 26 MB
[runlim] sample:		647.35 time, 680.01 real, 26 MB
[runlim] sample:		657.35 time, 690.01 real, 26 MB
[runlim] sample:		665.79 time, 700.01 real, 27 MB
[runlim] sample:		675.57 time, 710.01 real, 27 MB
[runlim] sample:		685.56 time, 720.01 real, 27 MB
[runlim] sample:		695.57 time, 730.01 real, 27 MB
[runlim] sample:		703.86 time, 740.01 real, 27 MB
[runlim] sample:		713.62 time, 750.01 real, 28 MB
[runlim] sample:		723.62 time, 760.01 real, 28 MB
[runlim] sample:		733.62 time, 770.01 real, 29 MB
[runlim] sample:		741.97 time, 780.01 real, 29 MB
[runlim] sample:		751.71 time, 790.01 real, 29 MB
[runlim] sample:		761.71 time, 800.01 real, 29 MB
[runlim] sample:		771.71 time, 810.01 real, 29 MB
[runlim] sample:		781.01 time, 820.01 real, 29 MB
[runlim] sample:		790.66 time, 830.01 real, 29 MB
[runlim] sample:		800.67 time, 840.01 real, 29 MB
[runlim] sample:		810.66 time, 850.01 real, 30 MB
[runlim] sample:		819.59 time, 860.01 real, 30 MB
[runlim] sample:		829.45 time, 870.01 real, 30 MB
[runlim] sample:		839.45 time, 880.01 real, 30 MB
[runlim] sample:		849.45 time, 890.01 real, 30 MB
[runlim] sample:		858.44 time, 900.01 real, 30 MB


 SIG RECEIVED

Terminated
[runlim] end:			Thu Feb 18 10:23:09 2021
[runlim] status:		out of time
[runlim] result:		2
[runlim] children:		3
[runlim] real:			900.09 seconds
[runlim] time:			858.44 seconds
[runlim] space:			30 MB
[runlim] samples:		9000
