[runlim] version:		1.21
[runlim] host:			c3n22
[runlim] time limit:		900 seconds
[runlim] real time limit:	900 seconds
[runlim] space limit:		60000 MB
[runlim] argv[0]:		./binary
[runlim] argv[1]:		/tmp/local-unzipped-18838335-3-parity10.cnf
[runlim] start:			Thu Feb 18 10:08:08 2021
[runlim] child:			10218
solving-time: 0.01
OK
qrpcheck-time: 0.02
qrpcert-time: 0.01
certcheck-time: 0.00
final-check-time: 0.03
[runlim] end:			Thu Feb 18 10:08:08 2021
[runlim] status:		ok
[runlim] result:		0
[runlim] children:		3
[runlim] real:			0.14 seconds
[runlim] time:			0.00 seconds
[runlim] space:			8 MB
[runlim] samples:		1
