[runlim] version:		1.21
[runlim] host:			c3n01
[runlim] time limit:		900 seconds
[runlim] real time limit:	900 seconds
[runlim] space limit:		60000 MB
[runlim] argv[0]:		./binary
[runlim] argv[1]:		/tmp/local-unzipped-18838260-1-Adder2-16-c.cnf
[runlim] start:			Thu Feb 18 09:53:05 2021
[runlim] child:			17082
[runlim] sample:		9.98 time, 10.01 real, 31 MB
[runlim] sample:		19.98 time, 20.01 real, 33 MB
[runlim] sample:		29.98 time, 30.01 real, 34 MB
[runlim] sample:		39.67 time, 40.01 real, 35 MB
[runlim] sample:		48.67 time, 50.01 real, 35 MB
[runlim] sample:		58.68 time, 60.01 real, 36 MB
[runlim] sample:		68.67 time, 70.01 real, 36 MB
[runlim] sample:		77.84 time, 80.01 real, 36 MB
[runlim] sample:		87.49 time, 90.01 real, 38 MB
[runlim] sample:		97.49 time, 100.01 real, 39 MB
[runlim] sample:		107.12 time, 110.01 real, 41 MB
[runlim] sample:		117.12 time, 120.01 real, 43 MB
[runlim] sample:		126.10 time, 130.01 real, 43 MB
[runlim] sample:		135.75 time, 140.01 real, 44 MB
[runlim] sample:		145.30 time, 150.01 real, 44 MB
[runlim] sample:		155.22 time, 160.01 real, 44 MB
[runlim] sample:		165.09 time, 170.01 real, 44 MB
[runlim] sample:		174.10 time, 180.01 real, 46 MB
[runlim] sample:		184.10 time, 190.01 real, 47 MB
[runlim] sample:		193.60 time, 200.01 real, 49 MB
[runlim] sample:		203.14 time, 210.01 real, 51 MB
[runlim] sample:		213.14 time, 220.01 real, 52 MB
[runlim] sample:		223.14 time, 230.01 real, 53 MB
[runlim] sample:		232.74 time, 240.01 real, 55 MB
[runlim] sample:		241.67 time, 250.01 real, 56 MB
[runlim] sample:		251.66 time, 260.01 real, 58 MB
[runlim] sample:		261.66 time, 270.01 real, 59 MB
[runlim] sample:		270.79 time, 280.01 real, 59 MB
[runlim] sample:		280.79 time, 290.01 real, 59 MB
[runlim] sample:		290.79 time, 300.01 real, 59 MB
[runlim] sample:		299.81 time, 310.01 real, 59 MB
[runlim] sample:		309.46 time, 320.01 real, 60 MB
[runlim] sample:		319.46 time, 330.01 real, 60 MB
[runlim] sample:		329.46 time, 340.01 real, 60 MB
[runlim] sample:		338.95 time, 350.01 real, 60 MB
[runlim] sample:		348.95 time, 360.01 real, 60 MB
[runlim] sample:		358.95 time, 370.01 real, 60 MB
[runlim] sample:		368.95 time, 380.01 real, 60 MB
[runlim] sample:		377.59 time, 390.01 real, 60 MB
[runlim] sample:		386.94 time, 400.01 real, 60 MB
[runlim] sample:		396.94 time, 410.01 real, 60 MB
[runlim] sample:		406.61 time, 420.01 real, 60 MB
[runlim] sample:		415.55 time, 430.01 real, 60 MB
[runlim] sample:		425.55 time, 440.01 real, 60 MB
[runlim] sample:		434.18 time, 450.01 real, 60 MB
[runlim] sample:		444.18 time, 460.01 real, 60 MB
[runlim] sample:		454.05 time, 470.01 real, 60 MB
[runlim] sample:		464.05 time, 480.01 real, 60 MB
[runlim] sample:		473.76 time, 490.01 real, 60 MB
[runlim] sample:		483.76 time, 500.01 real, 60 MB
[runlim] sample:		492.74 time, 510.01 real, 60 MB
[runlim] sample:		502.47 time, 520.01 real, 60 MB
[runlim] sample:		512.47 time, 530.01 real, 60 MB
[runlim] sample:		521.38 time, 540.01 real, 60 MB
[runlim] sample:		531.28 time, 550.01 real, 60 MB
[runlim] sample:		540.91 time, 560.01 real, 60 MB
[runlim] sample:		550.91 time, 570.01 real, 60 MB
[runlim] sample:		560.71 time, 580.01 real, 60 MB
[runlim] sample:		569.22 time, 590.01 real, 60 MB
[runlim] sample:		579.22 time, 600.01 real, 60 MB
[runlim] sample:		589.22 time, 610.01 real, 60 MB
[runlim] sample:		598.84 time, 620.01 real, 60 MB
[runlim] sample:		608.82 time, 630.01 real, 60 MB
[runlim] sample:		618.83 time, 640.01 real, 60 MB
[runlim] sample:		627.92 time, 650.01 real, 60 MB
[runlim] sample:		637.61 time, 660.01 real, 60 MB
[runlim] sample:		647.62 time, 670.01 real, 60 MB
[runlim] sample:		657.61 time, 680.01 real, 61 MB
[runlim] sample:		666.13 time, 690.01 real, 62 MB
[runlim] sample:		676.13 time, 700.01 real, 62 MB
[runlim] sample:		686.13 time, 710.01 real, 62 MB
[runlim] sample:		695.78 time, 720.01 real, 63 MB
[runlim] sample:		704.91 time, 730.01 real, 65 MB
[runlim] sample:		714.92 time, 740.01 real, 65 MB
[runlim] sample:		724.92 time, 750.01 real, 65 MB
[runlim] sample:		733.38 time, 760.01 real, 65 MB
[runlim] sample:		742.91 time, 770.01 real, 65 MB
[runlim] sample:		752.91 time, 780.01 real, 65 MB
[runlim] sample:		762.92 time, 790.01 real, 65 MB
[runlim] sample:		772.54 time, 800.01 real, 65 MB
[runlim] sample:		781.61 time, 810.01 real, 65 MB
[runlim] sample:		791.61 time, 820.01 real, 65 MB
[runlim] sample:		801.61 time, 830.01 real, 65 MB
[runlim] sample:		811.13 time, 840.01 real, 65 MB
[runlim] sample:		820.49 time, 850.01 real, 66 MB
[runlim] sample:		830.48 time, 860.01 real, 66 MB
[runlim] sample:		840.13 time, 870.01 real, 66 MB
[runlim] sample:		848.91 time, 880.01 real, 66 MB
[runlim] sample:		858.90 time, 890.01 real, 66 MB
[runlim] sample:		868.91 time, 900.01 real, 66 MB


 SIG RECEIVED

Terminated
[runlim] end:			Thu Feb 18 10:08:05 2021
[runlim] status:		out of time
[runlim] result:		2
[runlim] children:		3
[runlim] real:			900.10 seconds
[runlim] time:			868.91 seconds
[runlim] space:			66 MB
[runlim] samples:		9000
