[runlim] version:		1.21
[runlim] host:			c3n02
[runlim] time limit:		900 seconds
[runlim] real time limit:	900 seconds
[runlim] space limit:		60000 MB
[runlim] argv[0]:		./binary
[runlim] argv[1]:		/tmp/local-unzipped-18838260-3-arbiter-05-comp-error01-qbf-hardness-depth-8.cnf
[runlim] start:			Thu Feb 18 09:53:05 2021
[runlim] child:			16034
[runlim] sample:		9.98 time, 10.01 real, 18 MB
[runlim] sample:		19.98 time, 20.01 real, 26 MB
[runlim] sample:		29.98 time, 30.01 real, 30 MB
[runlim] sample:		39.75 time, 40.01 real, 44 MB
[runlim] sample:		48.48 time, 50.01 real, 47 MB
[runlim] sample:		58.38 time, 60.01 real, 50 MB
[runlim] sample:		68.38 time, 70.01 real, 53 MB
[runlim] sample:		78.37 time, 80.01 real, 55 MB
[runlim] sample:		86.96 time, 90.01 real, 57 MB
[runlim] sample:		96.78 time, 100.01 real, 60 MB
[runlim] sample:		106.79 time, 110.01 real, 62 MB
[runlim] sample:		116.79 time, 120.01 real, 64 MB
[runlim] sample:		125.26 time, 130.01 real, 66 MB
[runlim] sample:		135.24 time, 140.01 real, 67 MB
[runlim] sample:		145.23 time, 150.01 real, 70 MB
[runlim] sample:		154.98 time, 160.01 real, 72 MB
[runlim] sample:		163.52 time, 170.01 real, 75 MB
[runlim] sample:		173.51 time, 180.01 real, 76 MB
[runlim] sample:		183.06 time, 190.01 real, 78 MB
[runlim] sample:		192.25 time, 200.01 real, 79 MB
[runlim] sample:		202.25 time, 210.01 real, 81 MB
[runlim] sample:		211.35 time, 220.01 real, 83 MB
[runlim] sample:		221.36 time, 230.01 real, 84 MB
[runlim] sample:		230.07 time, 240.01 real, 86 MB
[runlim] sample:		240.06 time, 250.01 real, 87 MB
[runlim] sample:		249.96 time, 260.01 real, 88 MB
[runlim] sample:		259.96 time, 270.01 real, 90 MB
[runlim] sample:		269.07 time, 280.01 real, 91 MB
[runlim] sample:		279.00 time, 290.01 real, 91 MB
[runlim] sample:		289.00 time, 300.01 real, 90 MB
[runlim] sample:		299.00 time, 310.01 real, 97 MB
[runlim] sample:		307.27 time, 320.01 real, 99 MB
[runlim] sample:		317.27 time, 330.01 real, 101 MB
[runlim] sample:		327.27 time, 340.01 real, 101 MB
[runlim] sample:		337.15 time, 350.01 real, 102 MB
[runlim] sample:		345.60 time, 360.01 real, 104 MB
[runlim] sample:		355.60 time, 370.01 real, 105 MB
[runlim] sample:		365.60 time, 380.01 real, 106 MB
[runlim] sample:		374.17 time, 390.01 real, 107 MB
[runlim] sample:		384.16 time, 400.01 real, 109 MB
[runlim] sample:		393.01 time, 410.01 real, 109 MB
[runlim] sample:		403.01 time, 420.01 real, 110 MB
[runlim] sample:		411.23 time, 430.01 real, 111 MB
[runlim] sample:		420.28 time, 440.01 real, 112 MB
[runlim] sample:		430.28 time, 450.01 real, 114 MB
[runlim] sample:		440.28 time, 460.01 real, 115 MB
[runlim] sample:		449.49 time, 470.01 real, 115 MB
[runlim] sample:		459.49 time, 480.01 real, 117 MB
[runlim] sample:		469.49 time, 490.01 real, 118 MB
[runlim] sample:		479.49 time, 500.01 real, 120 MB
[runlim] sample:		488.01 time, 510.01 real, 120 MB
[runlim] sample:		497.95 time, 520.01 real, 121 MB
[runlim] sample:		507.95 time, 530.01 real, 122 MB
[runlim] sample:		517.95 time, 540.01 real, 123 MB
[runlim] sample:		526.02 time, 550.01 real, 123 MB
[runlim] sample:		535.78 time, 560.01 real, 124 MB
[runlim] sample:		545.78 time, 570.01 real, 126 MB
[runlim] sample:		555.78 time, 580.01 real, 128 MB
[runlim] sample:		564.96 time, 590.01 real, 128 MB
[runlim] sample:		574.64 time, 600.01 real, 129 MB
[runlim] sample:		584.65 time, 610.01 real, 132 MB
[runlim] sample:		593.81 time, 620.01 real, 132 MB
[runlim] sample:		602.13 time, 630.02 real, 133 MB
[runlim] sample:		612.12 time, 640.01 real, 134 MB
[runlim] sample:		622.13 time, 650.01 real, 134 MB
[runlim] sample:		631.23 time, 660.01 real, 135 MB
[runlim] sample:		639.69 time, 670.01 real, 136 MB
[runlim] sample:		649.70 time, 680.01 real, 136 MB
[runlim] sample:		659.14 time, 690.01 real, 138 MB
[runlim] sample:		669.14 time, 700.01 real, 139 MB
[runlim] sample:		678.38 time, 710.01 real, 139 MB
[runlim] sample:		688.39 time, 720.01 real, 141 MB
[runlim] sample:		698.38 time, 730.01 real, 142 MB
[runlim] sample:		708.38 time, 740.01 real, 142 MB
[runlim] sample:		717.46 time, 750.01 real, 144 MB
[runlim] sample:		726.50 time, 760.01 real, 144 MB
[runlim] sample:		736.50 time, 770.01 real, 145 MB
[runlim] sample:		746.50 time, 780.01 real, 146 MB
[runlim] sample:		755.12 time, 790.01 real, 146 MB
[runlim] sample:		764.09 time, 800.01 real, 147 MB
[runlim] sample:		774.09 time, 810.01 real, 147 MB
[runlim] sample:		783.83 time, 820.02 real, 147 MB
[runlim] sample:		793.07 time, 830.01 real, 145 MB
[runlim] sample:		802.99 time, 840.01 real, 145 MB
[runlim] sample:		812.99 time, 850.01 real, 144 MB
[runlim] sample:		822.46 time, 860.01 real, 153 MB
[runlim] sample:		832.23 time, 870.01 real, 153 MB
[runlim] sample:		841.85 time, 880.01 real, 155 MB
[runlim] sample:		851.85 time, 890.01 real, 155 MB
[runlim] sample:		861.61 time, 900.02 real, 156 MB


 SIG RECEIVED

Terminated
[runlim] end:			Thu Feb 18 10:08:05 2021
[runlim] status:		out of time
[runlim] result:		2
[runlim] children:		3
[runlim] real:			900.10 seconds
[runlim] time:			861.61 seconds
[runlim] space:			156 MB
[runlim] samples:		9000
