[runlim] version:		1.21
[runlim] host:			c3n04
[runlim] time limit:		900 seconds
[runlim] real time limit:	900 seconds
[runlim] space limit:		60000 MB
[runlim] argv[0]:		./binary
[runlim] argv[1]:		/tmp/local-unzipped-18838260-7-axquery_query64_1344n.cnf
[runlim] start:			Thu Feb 18 09:53:05 2021
[runlim] child:			15462
[runlim] sample:		9.98 time, 10.01 real, 9 MB
[runlim] sample:		19.98 time, 20.01 real, 11 MB
[runlim] sample:		29.98 time, 30.01 real, 12 MB
[runlim] sample:		39.60 time, 40.01 real, 12 MB
[runlim] sample:		49.42 time, 50.01 real, 13 MB
[runlim] sample:		58.43 time, 60.01 real, 14 MB
[runlim] sample:		68.27 time, 70.01 real, 15 MB
[runlim] sample:		78.27 time, 80.01 real, 15 MB
[runlim] sample:		87.24 time, 90.01 real, 16 MB
[runlim] sample:		96.65 time, 100.01 real, 16 MB
[runlim] sample:		106.24 time, 110.01 real, 17 MB
[runlim] sample:		115.98 time, 120.01 real, 17 MB
[runlim] sample:		125.97 time, 130.01 real, 17 MB
[runlim] sample:		135.98 time, 140.01 real, 18 MB
[runlim] sample:		144.84 time, 150.01 real, 18 MB
[runlim] sample:		154.66 time, 160.01 real, 18 MB
[runlim] sample:		164.66 time, 170.01 real, 19 MB
solving-time: 177.74
[runlim] sample:		174.57 time, 180.01 real, 312 MB
[runlim] sample:		184.58 time, 190.01 real, 1655 MB
OK
qrpcheck-time: 16.54
qrpcert-time: 0.13
certcheck-time: 0.00
final-check-time: 0.00
[runlim] end:			Thu Feb 18 09:56:20 2021
[runlim] status:		ok
[runlim] result:		0
[runlim] children:		8
[runlim] real:			194.81 seconds
[runlim] time:			189.13 seconds
[runlim] space:			2235 MB
[runlim] samples:		1947
