[runlim] version:		1.21
[runlim] host:			c3n11
[runlim] time limit:		900 seconds
[runlim] real time limit:	900 seconds
[runlim] space limit:		60000 MB
[runlim] argv[0]:		./binary
[runlim] argv[1]:		/tmp/local-unzipped-18838260-22-biu.mv.xl_ao.bb-b003-p020-MIF04-c05.blif-biu.inv.prop.bb-bmc.with-IOC.unfold-008.cnf
[runlim] start:			Thu Feb 18 09:53:05 2021
[runlim] child:			13979
[runlim] sample:		9.98 time, 10.01 real, 40 MB
[runlim] sample:		19.98 time, 20.01 real, 40 MB
[runlim] sample:		29.98 time, 30.01 real, 40 MB
[runlim] sample:		39.34 time, 40.01 real, 40 MB
[runlim] sample:		48.68 time, 50.01 real, 40 MB
[runlim] sample:		57.26 time, 60.01 real, 40 MB
[runlim] sample:		66.27 time, 70.01 real, 40 MB
[runlim] sample:		75.47 time, 80.01 real, 40 MB
[runlim] sample:		85.00 time, 90.01 real, 40 MB
[runlim] sample:		94.74 time, 100.01 real, 40 MB
[runlim] sample:		104.10 time, 110.01 real, 40 MB
[runlim] sample:		113.38 time, 120.01 real, 41 MB
[runlim] sample:		123.37 time, 130.01 real, 41 MB
[runlim] sample:		133.37 time, 140.01 real, 41 MB
[runlim] sample:		142.36 time, 150.01 real, 41 MB
[runlim] sample:		151.26 time, 160.01 real, 41 MB
[runlim] sample:		160.96 time, 170.01 real, 41 MB
[runlim] sample:		170.16 time, 180.01 real, 41 MB
[runlim] sample:		178.51 time, 190.01 real, 41 MB
[runlim] sample:		187.59 time, 200.01 real, 41 MB
[runlim] sample:		197.42 time, 210.01 real, 41 MB
[runlim] sample:		207.42 time, 220.01 real, 41 MB
[runlim] sample:		216.17 time, 230.01 real, 41 MB
[runlim] sample:		225.30 time, 240.01 real, 41 MB
[runlim] sample:		233.97 time, 250.01 real, 41 MB
[runlim] sample:		243.51 time, 260.01 real, 41 MB
[runlim] sample:		253.52 time, 270.01 real, 41 MB
[runlim] sample:		262.93 time, 280.01 real, 41 MB
[runlim] sample:		271.94 time, 290.01 real, 41 MB
[runlim] sample:		281.15 time, 300.01 real, 41 MB
[runlim] sample:		290.90 time, 310.01 real, 41 MB
[runlim] sample:		299.83 time, 320.01 real, 41 MB
[runlim] sample:		309.83 time, 330.01 real, 41 MB
[runlim] sample:		317.60 time, 340.01 real, 41 MB
[runlim] sample:		327.15 time, 350.01 real, 42 MB
[runlim] sample:		336.85 time, 360.01 real, 42 MB
[runlim] sample:		346.55 time, 370.01 real, 42 MB
[runlim] sample:		355.69 time, 380.01 real, 42 MB
[runlim] sample:		365.04 time, 390.01 real, 42 MB
[runlim] sample:		373.96 time, 400.01 real, 42 MB
[runlim] sample:		383.77 time, 410.01 real, 42 MB
[runlim] sample:		393.17 time, 420.01 real, 42 MB
[runlim] sample:		402.31 time, 430.01 real, 42 MB
[runlim] sample:		411.22 time, 440.01 real, 42 MB
[runlim] sample:		421.01 time, 450.01 real, 42 MB
[runlim] sample:		430.75 time, 460.01 real, 42 MB
[runlim] sample:		439.40 time, 470.01 real, 42 MB
[runlim] sample:		449.41 time, 480.01 real, 42 MB
[runlim] sample:		458.58 time, 490.01 real, 42 MB
[runlim] sample:		468.58 time, 500.01 real, 42 MB
[runlim] sample:		476.60 time, 510.01 real, 42 MB
[runlim] sample:		486.04 time, 520.01 real, 42 MB
[runlim] sample:		495.93 time, 530.01 real, 42 MB
[runlim] sample:		505.87 time, 540.01 real, 42 MB
[runlim] sample:		514.98 time, 550.01 real, 43 MB
[runlim] sample:		523.99 time, 560.01 real, 43 MB
[runlim] sample:		533.45 time, 570.01 real, 43 MB
[runlim] sample:		542.63 time, 580.01 real, 43 MB
[runlim] sample:		552.05 time, 590.01 real, 43 MB
[runlim] sample:		559.92 time, 600.01 real, 43 MB
[runlim] sample:		569.90 time, 610.01 real, 43 MB
[runlim] sample:		579.54 time, 620.01 real, 43 MB
[runlim] sample:		589.42 time, 630.01 real, 43 MB
[runlim] sample:		598.03 time, 640.01 real, 43 MB
[runlim] sample:		607.39 time, 650.01 real, 43 MB
[runlim] sample:		616.22 time, 660.01 real, 43 MB
[runlim] sample:		625.99 time, 670.01 real, 43 MB
[runlim] sample:		634.29 time, 680.01 real, 43 MB
[runlim] sample:		643.52 time, 690.01 real, 43 MB
[runlim] sample:		652.48 time, 700.01 real, 43 MB
[runlim] sample:		662.43 time, 710.01 real, 44 MB
[runlim] sample:		671.09 time, 720.01 real, 44 MB
[runlim] sample:		679.96 time, 730.01 real, 44 MB
[runlim] sample:		689.95 time, 740.01 real, 44 MB
[runlim] sample:		699.55 time, 750.01 real, 44 MB
[runlim] sample:		709.21 time, 760.01 real, 44 MB
[runlim] sample:		717.70 time, 770.01 real, 44 MB
[runlim] sample:		727.69 time, 780.01 real, 44 MB
[runlim] sample:		736.45 time, 790.01 real, 44 MB
[runlim] sample:		746.46 time, 800.01 real, 44 MB
[runlim] sample:		754.04 time, 810.01 real, 44 MB
[runlim] sample:		763.73 time, 820.01 real, 44 MB
[runlim] sample:		772.31 time, 830.01 real, 44 MB
[runlim] sample:		782.15 time, 840.01 real, 44 MB
[runlim] sample:		789.86 time, 850.01 real, 44 MB
[runlim] sample:		799.42 time, 860.01 real, 44 MB
[runlim] sample:		809.25 time, 870.01 real, 44 MB
[runlim] sample:		818.93 time, 880.01 real, 44 MB
[runlim] sample:		827.92 time, 890.01 real, 44 MB
[runlim] sample:		837.17 time, 900.01 real, 44 MB


 SIG RECEIVED

Terminated
[runlim] end:			Thu Feb 18 10:08:05 2021
[runlim] status:		out of time
[runlim] result:		2
[runlim] children:		3
[runlim] real:			900.09 seconds
[runlim] time:			837.17 seconds
[runlim] space:			44 MB
[runlim] samples:		9000
