[runlim] version:		1.21
[runlim] host:			c3n11
[runlim] time limit:		900 seconds
[runlim] real time limit:	900 seconds
[runlim] space limit:		60000 MB
[runlim] argv[0]:		./binary
[runlim] argv[1]:		/tmp/local-unzipped-18838260-21-biu.mv.xl_ao.bb-b003-p020-MIF04-c05.blif-biu.inv.prop.bb-bmc.conf06.01X-QBF.BB1-01X.BB2-Zi.BB3-Zi.with-IOC.unfold-009.cnf
[runlim] start:			Thu Feb 18 09:53:05 2021
[runlim] child:			13978
[runlim] sample:		9.98 time, 10.01 real, 63 MB
[runlim] sample:		19.97 time, 20.01 real, 63 MB
[runlim] sample:		29.97 time, 30.01 real, 63 MB
[runlim] sample:		38.98 time, 40.01 real, 63 MB
[runlim] sample:		48.33 time, 50.01 real, 63 MB
[runlim] sample:		57.05 time, 60.01 real, 63 MB
[runlim] sample:		66.19 time, 70.01 real, 63 MB
[runlim] sample:		75.56 time, 80.01 real, 63 MB
[runlim] sample:		84.88 time, 90.01 real, 63 MB
[runlim] sample:		94.10 time, 100.01 real, 63 MB
[runlim] sample:		103.81 time, 110.01 real, 63 MB
[runlim] sample:		113.41 time, 120.01 real, 63 MB
[runlim] sample:		123.41 time, 130.01 real, 64 MB
[runlim] sample:		133.41 time, 140.01 real, 64 MB
[runlim] sample:		141.81 time, 150.01 real, 64 MB
[runlim] sample:		150.94 time, 160.01 real, 64 MB
[runlim] sample:		160.15 time, 170.01 real, 64 MB
[runlim] sample:		169.51 time, 180.01 real, 64 MB
[runlim] sample:		178.19 time, 190.01 real, 64 MB
[runlim] sample:		188.02 time, 200.01 real, 64 MB
[runlim] sample:		198.02 time, 210.01 real, 64 MB
[runlim] sample:		208.01 time, 220.01 real, 64 MB
[runlim] sample:		215.70 time, 230.01 real, 64 MB
[runlim] sample:		225.03 time, 240.01 real, 64 MB
[runlim] sample:		234.66 time, 250.01 real, 64 MB
[runlim] sample:		244.53 time, 260.01 real, 64 MB
[runlim] sample:		254.17 time, 270.01 real, 64 MB
[runlim] sample:		262.68 time, 280.01 real, 64 MB
[runlim] sample:		272.35 time, 290.01 real, 64 MB
[runlim] sample:		282.04 time, 300.01 real, 65 MB
[runlim] sample:		291.94 time, 310.01 real, 65 MB
[runlim] sample:		299.91 time, 320.01 real, 65 MB
[runlim] sample:		309.56 time, 330.01 real, 65 MB
[runlim] sample:		318.26 time, 340.01 real, 65 MB
[runlim] sample:		328.15 time, 350.01 real, 65 MB
[runlim] sample:		336.95 time, 360.01 real, 65 MB
[runlim] sample:		346.26 time, 370.01 real, 65 MB
[runlim] sample:		356.14 time, 380.01 real, 65 MB
[runlim] sample:		366.09 time, 390.01 real, 65 MB
[runlim] sample:		374.43 time, 400.01 real, 65 MB
[runlim] sample:		383.49 time, 410.01 real, 65 MB
[runlim] sample:		393.25 time, 420.01 real, 65 MB
[runlim] sample:		403.19 time, 430.01 real, 65 MB
[runlim] sample:		411.74 time, 440.01 real, 65 MB
[runlim] sample:		420.46 time, 450.01 real, 65 MB
[runlim] sample:		430.47 time, 460.01 real, 65 MB
[runlim] sample:		440.06 time, 470.01 real, 65 MB
[runlim] sample:		450.07 time, 480.01 real, 66 MB
[runlim] sample:		458.13 time, 490.01 real, 66 MB
[runlim] sample:		467.74 time, 500.01 real, 66 MB
[runlim] sample:		476.66 time, 510.01 real, 66 MB
[runlim] sample:		486.61 time, 520.01 real, 66 MB
[runlim] sample:		495.76 time, 530.01 real, 66 MB
[runlim] sample:		505.02 time, 540.01 real, 66 MB
[runlim] sample:		514.81 time, 550.01 real, 66 MB
[runlim] sample:		524.52 time, 560.01 real, 66 MB
[runlim] sample:		533.64 time, 570.01 real, 66 MB
[runlim] sample:		542.02 time, 580.01 real, 66 MB
[runlim] sample:		551.72 time, 590.01 real, 66 MB
[runlim] sample:		560.61 time, 600.01 real, 66 MB
[runlim] sample:		570.61 time, 610.01 real, 66 MB
[runlim] sample:		579.04 time, 620.01 real, 66 MB
[runlim] sample:		588.86 time, 630.01 real, 66 MB
[runlim] sample:		598.61 time, 640.01 real, 66 MB
[runlim] sample:		608.42 time, 650.01 real, 66 MB
[runlim] sample:		616.38 time, 660.01 real, 66 MB
[runlim] sample:		625.68 time, 670.01 real, 66 MB
[runlim] sample:		634.67 time, 680.01 real, 66 MB
[runlim] sample:		644.41 time, 690.01 real, 66 MB
[runlim] sample:		652.65 time, 700.01 real, 66 MB
[runlim] sample:		661.92 time, 710.01 real, 66 MB
[runlim] sample:		671.04 time, 720.01 real, 67 MB
[runlim] sample:		680.52 time, 730.01 real, 67 MB
[runlim] sample:		689.97 time, 740.01 real, 67 MB
[runlim] sample:		698.83 time, 750.01 real, 67 MB
[runlim] sample:		708.83 time, 760.01 real, 67 MB
[runlim] sample:		718.33 time, 770.01 real, 67 MB
[runlim] sample:		728.07 time, 780.01 real, 67 MB
[runlim] sample:		735.70 time, 790.01 real, 67 MB
[runlim] sample:		745.70 time, 800.01 real, 67 MB
[runlim] sample:		754.47 time, 810.01 real, 67 MB
[runlim] sample:		764.46 time, 820.01 real, 67 MB
[runlim] sample:		772.12 time, 830.01 real, 67 MB
[runlim] sample:		781.80 time, 840.01 real, 67 MB
[runlim] sample:		790.66 time, 850.01 real, 67 MB
[runlim] sample:		800.49 time, 860.01 real, 67 MB
[runlim] sample:		809.34 time, 870.01 real, 67 MB
[runlim] sample:		818.69 time, 880.01 real, 67 MB
[runlim] sample:		828.59 time, 890.01 real, 67 MB
[runlim] sample:		838.47 time, 900.01 real, 67 MB


 SIG RECEIVED

Terminated
[runlim] end:			Thu Feb 18 10:08:05 2021
[runlim] status:		out of time
[runlim] result:		2
[runlim] children:		3
[runlim] real:			900.11 seconds
[runlim] time:			838.47 seconds
[runlim] space:			67 MB
[runlim] samples:		9000
