[runlim] version:		1.21
[runlim] host:			c3n09
[runlim] time limit:		900 seconds
[runlim] real time limit:	900 seconds
[runlim] space limit:		60000 MB
[runlim] argv[0]:		./binary
[runlim] argv[1]:		/tmp/local-unzipped-18838260-18-biu.mv.xl_ao.bb-b003-p020-MIF04-c05.blif-biu.inv.prop.bb-bmc.conf03.01X-QBF.BB1-Zi.BB2-Zi.BB3-01X.with-IOC.unfold-010.cnf
[runlim] start:			Thu Feb 18 09:53:05 2021
[runlim] child:			15159
[runlim] sample:		9.98 time, 10.01 real, 82 MB
[runlim] sample:		19.64 time, 20.01 real, 82 MB
[runlim] sample:		29.01 time, 30.01 real, 82 MB
[runlim] sample:		38.47 time, 40.01 real, 82 MB
[runlim] sample:		47.41 time, 50.01 real, 82 MB
[runlim] sample:		56.12 time, 60.01 real, 82 MB
[runlim] sample:		65.19 time, 70.01 real, 83 MB
[runlim] sample:		74.18 time, 80.01 real, 83 MB
[runlim] sample:		83.93 time, 90.01 real, 83 MB
[runlim] sample:		93.94 time, 100.01 real, 83 MB
[runlim] sample:		103.93 time, 110.01 real, 83 MB
[runlim] sample:		112.43 time, 120.01 real, 84 MB
[runlim] sample:		121.61 time, 130.01 real, 84 MB
[runlim] sample:		130.79 time, 140.01 real, 84 MB
[runlim] sample:		140.40 time, 150.01 real, 84 MB
[runlim] sample:		149.72 time, 160.01 real, 84 MB
[runlim] sample:		158.59 time, 170.01 real, 85 MB
[runlim] sample:		168.60 time, 180.01 real, 85 MB
[runlim] sample:		178.43 time, 190.01 real, 85 MB
[runlim] sample:		187.67 time, 200.01 real, 85 MB
[runlim] sample:		196.48 time, 210.01 real, 85 MB
[runlim] sample:		206.47 time, 220.01 real, 85 MB
[runlim] sample:		215.53 time, 230.01 real, 86 MB
[runlim] sample:		225.16 time, 240.01 real, 86 MB
[runlim] sample:		233.05 time, 250.01 real, 86 MB
[runlim] sample:		242.94 time, 260.01 real, 86 MB
[runlim] sample:		252.94 time, 270.01 real, 86 MB
[runlim] sample:		261.79 time, 280.01 real, 86 MB
[runlim] sample:		271.27 time, 290.01 real, 87 MB
[runlim] sample:		280.01 time, 300.01 real, 87 MB
[runlim] sample:		290.00 time, 310.01 real, 87 MB
[runlim] sample:		300.00 time, 320.01 real, 87 MB
[runlim] sample:		308.72 time, 330.01 real, 87 MB
[runlim] sample:		317.95 time, 340.01 real, 87 MB
[runlim] sample:		326.66 time, 350.01 real, 88 MB
[runlim] sample:		336.50 time, 360.01 real, 88 MB
[runlim] sample:		345.42 time, 370.01 real, 88 MB
[runlim] sample:		355.16 time, 380.01 real, 88 MB
[runlim] sample:		362.85 time, 390.01 real, 88 MB
[runlim] sample:		372.70 time, 400.01 real, 89 MB
[runlim] sample:		382.70 time, 410.01 real, 89 MB
[runlim] sample:		392.54 time, 420.01 real, 89 MB
[runlim] sample:		401.77 time, 430.01 real, 89 MB
[runlim] sample:		409.94 time, 440.01 real, 89 MB
[runlim] sample:		419.94 time, 450.01 real, 90 MB
[runlim] sample:		429.56 time, 460.01 real, 90 MB
[runlim] sample:		439.55 time, 470.01 real, 90 MB
[runlim] sample:		447.22 time, 480.01 real, 90 MB
[runlim] sample:		457.00 time, 490.01 real, 91 MB
[runlim] sample:		466.00 time, 500.01 real, 91 MB
[runlim] sample:		475.68 time, 510.01 real, 91 MB
[runlim] sample:		483.71 time, 520.01 real, 91 MB
[runlim] sample:		493.68 time, 530.01 real, 91 MB
[runlim] sample:		503.03 time, 540.01 real, 92 MB
[runlim] sample:		513.00 time, 550.01 real, 92 MB
[runlim] sample:		520.94 time, 560.01 real, 92 MB
[runlim] sample:		530.77 time, 570.01 real, 92 MB
[runlim] sample:		540.30 time, 580.01 real, 92 MB
[runlim] sample:		549.60 time, 590.01 real, 92 MB
[runlim] sample:		557.58 time, 600.01 real, 92 MB
[runlim] sample:		567.47 time, 610.01 real, 93 MB
[runlim] sample:		577.25 time, 620.01 real, 93 MB
[runlim] sample:		586.47 time, 630.01 real, 93 MB
[runlim] sample:		594.32 time, 640.01 real, 93 MB
[runlim] sample:		604.04 time, 650.01 real, 93 MB
[runlim] sample:		613.85 time, 660.01 real, 94 MB
[runlim] sample:		622.95 time, 670.01 real, 94 MB
[runlim] sample:		630.93 time, 680.01 real, 94 MB
[runlim] sample:		640.69 time, 690.01 real, 94 MB
[runlim] sample:		650.69 time, 700.01 real, 95 MB
[runlim] sample:		659.83 time, 710.01 real, 95 MB
[runlim] sample:		668.92 time, 720.01 real, 95 MB
[runlim] sample:		677.30 time, 730.01 real, 95 MB
[runlim] sample:		686.89 time, 740.01 real, 95 MB
[runlim] sample:		696.89 time, 750.01 real, 96 MB
[runlim] sample:		706.54 time, 760.01 real, 96 MB
[runlim] sample:		714.66 time, 770.01 real, 96 MB
[runlim] sample:		724.02 time, 780.01 real, 96 MB
[runlim] sample:		734.01 time, 790.01 real, 96 MB
[runlim] sample:		742.84 time, 800.01 real, 96 MB
[runlim] sample:		751.08 time, 810.01 real, 97 MB
[runlim] sample:		760.54 time, 820.01 real, 97 MB
[runlim] sample:		770.54 time, 830.01 real, 97 MB
[runlim] sample:		779.43 time, 840.01 real, 97 MB
[runlim] sample:		788.58 time, 850.01 real, 97 MB
[runlim] sample:		797.02 time, 860.01 real, 98 MB
[runlim] sample:		806.51 time, 870.01 real, 98 MB
[runlim] sample:		816.50 time, 880.01 real, 98 MB
[runlim] sample:		825.23 time, 890.01 real, 98 MB
[runlim] sample:		834.31 time, 900.01 real, 98 MB


 SIG RECEIVED

Terminated
[runlim] end:			Thu Feb 18 10:08:05 2021
[runlim] status:		out of time
[runlim] result:		2
[runlim] children:		3
[runlim] real:			900.09 seconds
[runlim] time:			834.31 seconds
[runlim] space:			98 MB
[runlim] samples:		9000
