[runlim] version:		1.21
[runlim] host:			c3n10
[runlim] time limit:		900 seconds
[runlim] real time limit:	900 seconds
[runlim] space limit:		60000 MB
[runlim] argv[0]:		./binary
[runlim] argv[1]:		/tmp/local-unzipped-18838260-19-biu.mv.xl_ao.bb-b003-p020-MIF04-c05.blif-biu.inv.prop.bb-bmc.conf04.01X-QBF.BB1-01X.BB2-01X.BB3-Zi.with-IOC.unfold-009.cnf
[runlim] start:			Thu Feb 18 09:53:05 2021
[runlim] child:			15515
solving-time: 5.82
OK
qrpcheck-time: 4.06
[runlim] sample:		9.76 time, 10.01 real, 34 MB
qrpcert-time: 1.45
certcheck-time: 0.10
final-check-time: 0.14
[runlim] end:			Thu Feb 18 09:53:17 2021
[runlim] status:		ok
[runlim] result:		0
[runlim] children:		12
[runlim] real:			11.94 seconds
[runlim] time:			11.21 seconds
[runlim] space:			256 MB
[runlim] samples:		119
