[runlim] version:		1.21
[runlim] host:			c3n06
[runlim] time limit:		900 seconds
[runlim] real time limit:	900 seconds
[runlim] space limit:		60000 MB
[runlim] argv[0]:		./binary
[runlim] argv[1]:		/tmp/local-unzipped-18838260-11-biu.mv.xl_ao.bb-b003-p020-IPF02-c05.blif-biu.inv.prop.bb-bmc.conf05.01X-QBF.BB1-Zi.BB2-01X.BB3-Zi.with-IOC.unfold-007.cnf
[runlim] start:			Thu Feb 18 09:53:05 2021
[runlim] child:			13876
[runlim] sample:		9.98 time, 10.01 real, 39 MB
[runlim] sample:		19.98 time, 20.01 real, 39 MB
[runlim] sample:		29.98 time, 30.01 real, 40 MB
[runlim] sample:		39.12 time, 40.01 real, 41 MB
[runlim] sample:		48.58 time, 50.01 real, 42 MB
[runlim] sample:		57.34 time, 60.01 real, 42 MB
[runlim] sample:		66.66 time, 70.01 real, 43 MB
[runlim] sample:		75.16 time, 80.01 real, 43 MB
[runlim] sample:		84.68 time, 90.01 real, 44 MB
[runlim] sample:		94.38 time, 100.01 real, 46 MB
[runlim] sample:		103.96 time, 110.01 real, 47 MB
[runlim] sample:		113.43 time, 120.01 real, 48 MB
[runlim] sample:		123.43 time, 130.01 real, 49 MB
[runlim] sample:		133.42 time, 140.01 real, 50 MB
[runlim] sample:		142.40 time, 150.01 real, 52 MB
[runlim] sample:		151.59 time, 160.01 real, 52 MB
[runlim] sample:		161.01 time, 170.01 real, 53 MB
[runlim] sample:		170.59 time, 180.01 real, 54 MB
[runlim] sample:		179.74 time, 190.01 real, 55 MB
[runlim] sample:		189.75 time, 200.01 real, 56 MB
[runlim] sample:		198.72 time, 210.01 real, 56 MB
[runlim] sample:		207.75 time, 220.01 real, 57 MB
[runlim] sample:		216.81 time, 230.01 real, 59 MB
[runlim] sample:		226.23 time, 240.01 real, 60 MB
[runlim] sample:		236.23 time, 250.01 real, 61 MB
[runlim] sample:		245.35 time, 260.01 real, 62 MB
[runlim] sample:		254.30 time, 270.01 real, 62 MB
[runlim] sample:		263.63 time, 280.01 real, 62 MB
[runlim] sample:		273.62 time, 290.01 real, 62 MB
[runlim] sample:		283.53 time, 300.01 real, 62 MB
[runlim] sample:		292.48 time, 310.01 real, 62 MB
[runlim] sample:		301.87 time, 320.01 real, 62 MB
[runlim] sample:		311.87 time, 330.01 real, 62 MB
[runlim] sample:		321.75 time, 340.01 real, 62 MB
[runlim] sample:		330.95 time, 350.01 real, 62 MB
[runlim] sample:		339.88 time, 360.01 real, 63 MB
[runlim] sample:		349.70 time, 370.01 real, 64 MB
[runlim] sample:		358.71 time, 380.01 real, 65 MB
[runlim] sample:		368.53 time, 390.01 real, 66 MB
[runlim] sample:		376.62 time, 400.01 real, 67 MB
[runlim] sample:		386.36 time, 410.01 real, 67 MB
[runlim] sample:		396.36 time, 420.01 real, 67 MB
[runlim] sample:		405.01 time, 430.01 real, 67 MB
[runlim] sample:		414.43 time, 440.01 real, 67 MB
[runlim] sample:		422.46 time, 450.01 real, 67 MB
[runlim] sample:		432.46 time, 460.01 real, 67 MB
[runlim] sample:		442.38 time, 470.01 real, 67 MB
[runlim] sample:		452.22 time, 480.01 real, 67 MB
[runlim] sample:		460.20 time, 490.01 real, 67 MB
[runlim] sample:		469.36 time, 500.01 real, 67 MB
[runlim] sample:		479.25 time, 510.01 real, 67 MB
[runlim] sample:		489.01 time, 520.01 real, 67 MB
[runlim] sample:		499.02 time, 530.01 real, 67 MB
[runlim] sample:		507.63 time, 540.01 real, 68 MB
[runlim] sample:		517.36 time, 550.01 real, 69 MB
[runlim] sample:		527.21 time, 560.01 real, 69 MB
[runlim] sample:		537.21 time, 570.01 real, 69 MB
[runlim] sample:		546.07 time, 580.01 real, 69 MB
[runlim] sample:		555.88 time, 590.01 real, 69 MB
[runlim] sample:		565.61 time, 600.01 real, 69 MB
[runlim] sample:		575.60 time, 610.01 real, 69 MB
[runlim] sample:		584.24 time, 620.01 real, 69 MB
[runlim] sample:		593.89 time, 630.01 real, 69 MB
[runlim] sample:		603.60 time, 640.01 real, 70 MB
[runlim] sample:		613.59 time, 650.01 real, 70 MB
[runlim] sample:		622.29 time, 660.01 real, 70 MB
[runlim] sample:		632.28 time, 670.01 real, 70 MB
[runlim] sample:		641.00 time, 680.01 real, 70 MB
[runlim] sample:		650.93 time, 690.01 real, 70 MB
[runlim] sample:		659.70 time, 700.01 real, 70 MB
[runlim] sample:		669.30 time, 710.01 real, 70 MB
[runlim] sample:		679.13 time, 720.01 real, 71 MB
[runlim] sample:		689.13 time, 730.01 real, 71 MB
[runlim] sample:		698.57 time, 740.01 real, 71 MB
[runlim] sample:		707.38 time, 750.01 real, 71 MB
[runlim] sample:		716.41 time, 760.01 real, 71 MB
[runlim] sample:		726.27 time, 770.01 real, 71 MB
[runlim] sample:		736.15 time, 780.01 real, 71 MB
[runlim] sample:		744.05 time, 790.01 real, 71 MB
[runlim] sample:		753.11 time, 800.01 real, 71 MB
[runlim] sample:		762.85 time, 810.01 real, 71 MB
[runlim] sample:		772.84 time, 820.01 real, 71 MB
[runlim] sample:		781.13 time, 830.01 real, 71 MB
[runlim] sample:		789.63 time, 840.01 real, 71 MB
[runlim] sample:		798.56 time, 850.01 real, 71 MB
[runlim] sample:		808.48 time, 860.01 real, 71 MB
[runlim] sample:		818.49 time, 870.01 real, 71 MB
[runlim] sample:		827.40 time, 880.01 real, 71 MB
[runlim] sample:		836.64 time, 890.01 real, 71 MB
[runlim] sample:		846.32 time, 900.01 real, 72 MB


 SIG RECEIVED

Terminated
[runlim] end:			Thu Feb 18 10:08:05 2021
[runlim] status:		out of time
[runlim] result:		2
[runlim] children:		3
[runlim] real:			900.09 seconds
[runlim] time:			846.32 seconds
[runlim] space:			72 MB
[runlim] samples:		9000
