[runlim] version:		1.21
[runlim] host:			c3n13
[runlim] time limit:		900 seconds
[runlim] real time limit:	900 seconds
[runlim] space limit:		60000 MB
[runlim] argv[0]:		./binary
[runlim] argv[1]:		/tmp/local-unzipped-18838260-25-c6_BMC_p2_k1024.cnf
[runlim] start:			Thu Feb 18 09:53:05 2021
[runlim] child:			14554
solving-time: 0.87
OK
qrpcheck-time: 0.10
qrpcert-time: 0.04
certcheck-time: 0.57
final-check-time: 0.72
[runlim] end:			Thu Feb 18 09:53:07 2021
[runlim] status:		ok
[runlim] result:		0
[runlim] children:		9
[runlim] real:			2.41 seconds
[runlim] time:			1.94 seconds
[runlim] space:			178 MB
[runlim] samples:		23
