[runlim] version:		1.21
[runlim] host:			c3n13
[runlim] time limit:		900 seconds
[runlim] real time limit:	900 seconds
[runlim] space limit:		60000 MB
[runlim] argv[0]:		./binary
[runlim] argv[1]:		/tmp/local-unzipped-18838260-26-depots03_9.cnf
[runlim] start:			Thu Feb 18 09:53:05 2021
[runlim] child:			14551
[runlim] sample:		9.98 time, 10.01 real, 46 MB
[runlim] sample:		19.98 time, 20.01 real, 53 MB
[runlim] sample:		29.98 time, 30.01 real, 54 MB
[runlim] sample:		39.04 time, 40.01 real, 55 MB
[runlim] sample:		48.62 time, 50.01 real, 57 MB
[runlim] sample:		58.43 time, 60.01 real, 58 MB
[runlim] sample:		68.43 time, 70.01 real, 58 MB
[runlim] sample:		77.90 time, 80.01 real, 59 MB
[runlim] sample:		87.12 time, 90.01 real, 59 MB
[runlim] sample:		95.80 time, 100.01 real, 59 MB
[runlim] sample:		105.80 time, 110.01 real, 60 MB
[runlim] sample:		114.18 time, 120.01 real, 62 MB
[runlim] sample:		124.19 time, 130.01 real, 63 MB
[runlim] sample:		134.19 time, 140.01 real, 63 MB
[runlim] sample:		142.83 time, 150.01 real, 63 MB
[runlim] sample:		151.88 time, 160.01 real, 63 MB
[runlim] sample:		161.75 time, 170.01 real, 63 MB
[runlim] sample:		171.75 time, 180.01 real, 65 MB
[runlim] sample:		181.70 time, 190.01 real, 66 MB
[runlim] sample:		191.24 time, 200.01 real, 66 MB
[runlim] sample:		199.45 time, 210.01 real, 68 MB
[runlim] sample:		209.45 time, 220.01 real, 68 MB
[runlim] sample:		219.45 time, 230.01 real, 68 MB
[runlim] sample:		228.88 time, 240.01 real, 70 MB
[runlim] sample:		237.07 time, 250.01 real, 70 MB
[runlim] sample:		246.64 time, 260.01 real, 70 MB
[runlim] sample:		256.64 time, 270.01 real, 72 MB
[runlim] sample:		266.37 time, 280.01 real, 73 MB
[runlim] sample:		275.85 time, 290.01 real, 73 MB
[runlim] sample:		284.25 time, 300.01 real, 73 MB
[runlim] sample:		294.25 time, 310.01 real, 74 MB
[runlim] sample:		304.25 time, 320.01 real, 74 MB
[runlim] sample:		313.65 time, 330.01 real, 74 MB
[runlim] sample:		322.61 time, 340.01 real, 75 MB
[runlim] sample:		331.88 time, 350.01 real, 75 MB
[runlim] sample:		341.60 time, 360.01 real, 75 MB
[runlim] sample:		351.60 time, 370.01 real, 75 MB
[runlim] sample:		360.37 time, 380.01 real, 75 MB
[runlim] sample:		370.00 time, 390.01 real, 75 MB
[runlim] sample:		378.24 time, 400.01 real, 75 MB
[runlim] sample:		388.24 time, 410.01 real, 75 MB
[runlim] sample:		398.24 time, 420.01 real, 75 MB
[runlim] sample:		407.92 time, 430.01 real, 76 MB
[runlim] sample:		417.07 time, 440.01 real, 76 MB
[runlim] sample:		426.57 time, 450.01 real, 76 MB
[runlim] sample:		435.28 time, 460.01 real, 76 MB
[runlim] sample:		445.27 time, 470.01 real, 77 MB
[runlim] sample:		454.95 time, 480.01 real, 80 MB
[runlim] sample:		464.28 time, 490.01 real, 80 MB
[runlim] sample:		473.25 time, 500.01 real, 80 MB
[runlim] sample:		483.14 time, 510.01 real, 80 MB
[runlim] sample:		493.14 time, 520.01 real, 80 MB
[runlim] sample:		501.97 time, 530.01 real, 80 MB
[runlim] sample:		511.64 time, 540.01 real, 80 MB
[runlim] sample:		519.77 time, 550.01 real, 80 MB
[runlim] sample:		529.77 time, 560.01 real, 80 MB
[runlim] sample:		538.78 time, 570.01 real, 80 MB
[runlim] sample:		548.31 time, 580.01 real, 80 MB
[runlim] sample:		557.20 time, 590.01 real, 80 MB
[runlim] sample:		566.14 time, 600.01 real, 80 MB
[runlim] sample:		576.14 time, 610.01 real, 80 MB
[runlim] sample:		585.11 time, 620.01 real, 80 MB
[runlim] sample:		594.63 time, 630.01 real, 80 MB
[runlim] sample:		602.69 time, 640.01 real, 80 MB
[runlim] sample:		612.70 time, 650.01 real, 80 MB
[runlim] sample:		622.70 time, 660.01 real, 80 MB
[runlim] sample:		632.45 time, 670.01 real, 83 MB
[runlim] sample:		641.90 time, 680.01 real, 83 MB
[runlim] sample:		650.08 time, 690.01 real, 83 MB
[runlim] sample:		659.77 time, 700.01 real, 83 MB
[runlim] sample:		669.77 time, 710.01 real, 83 MB
[runlim] sample:		679.77 time, 720.01 real, 87 MB
[runlim] sample:		689.30 time, 730.01 real, 87 MB
[runlim] sample:		697.85 time, 740.01 real, 87 MB
[runlim] sample:		707.06 time, 750.01 real, 87 MB
[runlim] sample:		717.06 time, 760.01 real, 87 MB
[runlim] sample:		727.06 time, 770.01 real, 87 MB
[runlim] sample:		735.93 time, 780.01 real, 87 MB
[runlim] sample:		745.44 time, 790.01 real, 86 MB
[runlim] sample:		753.88 time, 800.01 real, 86 MB
[runlim] sample:		763.88 time, 810.01 real, 86 MB
[runlim] sample:		772.87 time, 820.01 real, 86 MB
[runlim] sample:		782.02 time, 830.01 real, 86 MB
[runlim] sample:		790.21 time, 840.01 real, 86 MB
[runlim] sample:		800.04 time, 850.01 real, 86 MB
[runlim] sample:		810.04 time, 860.01 real, 85 MB
[runlim] sample:		818.81 time, 870.01 real, 85 MB
[runlim] sample:		828.31 time, 880.01 real, 85 MB
[runlim] sample:		836.47 time, 890.01 real, 85 MB
[runlim] sample:		846.47 time, 900.01 real, 85 MB


 SIG RECEIVED

Terminated
[runlim] end:			Thu Feb 18 10:08:05 2021
[runlim] status:		out of time
[runlim] result:		2
[runlim] children:		3
[runlim] real:			900.09 seconds
[runlim] time:			846.47 seconds
[runlim] space:			87 MB
[runlim] samples:		9000
