[runlim] version:		1.21
[runlim] host:			c3n17
[runlim] time limit:		900 seconds
[runlim] real time limit:	900 seconds
[runlim] space limit:		60000 MB
[runlim] argv[0]:		./binary
[runlim] argv[1]:		/tmp/local-unzipped-18838260-34-depots16_7.cnf
[runlim] start:			Thu Feb 18 09:53:05 2021
[runlim] child:			13737
[runlim] sample:		9.98 time, 10.01 real, 166 MB
[runlim] sample:		19.98 time, 20.01 real, 170 MB
[runlim] sample:		29.98 time, 30.01 real, 175 MB
[runlim] sample:		39.12 time, 40.01 real, 179 MB
[runlim] sample:		49.04 time, 50.01 real, 180 MB
[runlim] sample:		57.58 time, 60.01 real, 180 MB
[runlim] sample:		67.58 time, 70.01 real, 184 MB
[runlim] sample:		77.56 time, 80.01 real, 187 MB
[runlim] sample:		87.24 time, 90.01 real, 187 MB
[runlim] sample:		95.14 time, 100.01 real, 187 MB
[runlim] sample:		105.09 time, 110.01 real, 187 MB
[runlim] sample:		114.01 time, 120.01 real, 188 MB
[runlim] sample:		123.98 time, 130.01 real, 188 MB
[runlim] sample:		132.18 time, 140.01 real, 188 MB
[runlim] sample:		142.06 time, 150.01 real, 190 MB
[runlim] sample:		151.84 time, 160.01 real, 192 MB
[runlim] sample:		161.84 time, 170.01 real, 194 MB
[runlim] sample:		170.09 time, 180.01 real, 194 MB
[runlim] sample:		179.84 time, 190.01 real, 195 MB
[runlim] sample:		189.53 time, 200.01 real, 195 MB
[runlim] sample:		199.53 time, 210.01 real, 196 MB
[runlim] sample:		208.77 time, 220.01 real, 200 MB
[runlim] sample:		218.36 time, 230.01 real, 200 MB
[runlim] sample:		227.59 time, 240.01 real, 202 MB
[runlim] sample:		237.58 time, 250.01 real, 202 MB
[runlim] sample:		247.10 time, 260.01 real, 205 MB
[runlim] sample:		256.47 time, 270.01 real, 205 MB
[runlim] sample:		265.21 time, 280.01 real, 205 MB
[runlim] sample:		275.21 time, 290.01 real, 205 MB
[runlim] sample:		284.84 time, 300.01 real, 205 MB
[runlim] sample:		294.19 time, 310.01 real, 205 MB
[runlim] sample:		303.02 time, 320.01 real, 205 MB
[runlim] sample:		312.99 time, 330.01 real, 207 MB
[runlim] sample:		322.74 time, 340.01 real, 207 MB
[runlim] sample:		330.95 time, 350.01 real, 208 MB
[runlim] sample:		339.73 time, 360.01 real, 208 MB
[runlim] sample:		349.73 time, 370.01 real, 208 MB
[runlim] sample:		359.47 time, 380.01 real, 208 MB
[runlim] sample:		367.84 time, 390.01 real, 208 MB
[runlim] sample:		376.69 time, 400.01 real, 211 MB
[runlim] sample:		386.68 time, 410.01 real, 212 MB
[runlim] sample:		396.34 time, 420.01 real, 215 MB
[runlim] sample:		404.97 time, 430.01 real, 215 MB
[runlim] sample:		413.69 time, 440.01 real, 215 MB
[runlim] sample:		423.69 time, 450.01 real, 215 MB
[runlim] sample:		433.43 time, 460.01 real, 215 MB
[runlim] sample:		442.33 time, 470.01 real, 219 MB
[runlim] sample:		451.06 time, 480.01 real, 219 MB
[runlim] sample:		461.06 time, 490.01 real, 219 MB
[runlim] sample:		470.74 time, 500.01 real, 223 MB
[runlim] sample:		480.00 time, 510.01 real, 223 MB
[runlim] sample:		488.78 time, 520.01 real, 223 MB
[runlim] sample:		498.78 time, 530.01 real, 223 MB
[runlim] sample:		508.52 time, 540.01 real, 223 MB
[runlim] sample:		517.76 time, 550.01 real, 225 MB
[runlim] sample:		526.70 time, 560.01 real, 225 MB
[runlim] sample:		536.70 time, 570.01 real, 225 MB
[runlim] sample:		546.39 time, 580.01 real, 228 MB
[runlim] sample:		555.57 time, 590.01 real, 229 MB
[runlim] sample:		564.46 time, 600.01 real, 229 MB
[runlim] sample:		574.46 time, 610.01 real, 231 MB
[runlim] sample:		584.22 time, 620.01 real, 231 MB
[runlim] sample:		593.42 time, 630.01 real, 231 MB
[runlim] sample:		602.33 time, 640.01 real, 231 MB
[runlim] sample:		612.33 time, 650.01 real, 231 MB
[runlim] sample:		622.12 time, 660.01 real, 231 MB
[runlim] sample:		631.19 time, 670.01 real, 231 MB
[runlim] sample:		639.98 time, 680.01 real, 231 MB
[runlim] sample:		649.98 time, 690.01 real, 231 MB
[runlim] sample:		659.95 time, 700.01 real, 231 MB
[runlim] sample:		668.74 time, 710.01 real, 231 MB
[runlim] sample:		678.53 time, 720.01 real, 231 MB
[runlim] sample:		688.53 time, 730.01 real, 231 MB
[runlim] sample:		698.53 time, 740.01 real, 231 MB
[runlim] sample:		706.53 time, 750.01 real, 231 MB
[runlim] sample:		716.21 time, 760.01 real, 231 MB
[runlim] sample:		726.07 time, 770.01 real, 233 MB
[runlim] sample:		736.07 time, 780.01 real, 236 MB
[runlim] sample:		745.00 time, 790.01 real, 236 MB
[runlim] sample:		754.29 time, 800.01 real, 236 MB
[runlim] sample:		764.03 time, 810.01 real, 237 MB
[runlim] sample:		774.04 time, 820.01 real, 239 MB
[runlim] sample:		783.51 time, 830.01 real, 239 MB
[runlim] sample:		791.91 time, 840.01 real, 239 MB
[runlim] sample:		801.24 time, 850.01 real, 239 MB
[runlim] sample:		811.17 time, 860.01 real, 243 MB
[runlim] sample:		821.17 time, 870.01 real, 243 MB
[runlim] sample:		830.10 time, 880.01 real, 243 MB
[runlim] sample:		840.07 time, 890.01 real, 243 MB
[runlim] sample:		849.68 time, 900.01 real, 249 MB


 SIG RECEIVED

Terminated
[runlim] end:			Thu Feb 18 10:08:05 2021
[runlim] status:		out of time
[runlim] result:		2
[runlim] children:		3
[runlim] real:			900.10 seconds
[runlim] time:			849.68 seconds
[runlim] space:			249 MB
[runlim] samples:		9000
