[runlim] version:		1.21
[runlim] host:			c3n17
[runlim] time limit:		900 seconds
[runlim] real time limit:	900 seconds
[runlim] space limit:		60000 MB
[runlim] argv[0]:		./binary
[runlim] argv[1]:		/tmp/local-unzipped-18838260-33-depots16_5.cnf
[runlim] start:			Thu Feb 18 09:53:05 2021
[runlim] child:			13736
[runlim] sample:		9.98 time, 10.01 real, 165 MB
[runlim] sample:		19.98 time, 20.01 real, 167 MB
[runlim] sample:		29.97 time, 30.01 real, 168 MB
[runlim] sample:		39.26 time, 40.01 real, 169 MB
[runlim] sample:		48.32 time, 50.01 real, 170 MB
[runlim] sample:		57.00 time, 60.01 real, 170 MB
[runlim] sample:		66.81 time, 70.01 real, 171 MB
[runlim] sample:		76.79 time, 80.01 real, 172 MB
[runlim] sample:		86.79 time, 90.01 real, 173 MB
[runlim] sample:		95.16 time, 100.01 real, 173 MB
[runlim] sample:		104.42 time, 110.01 real, 174 MB
[runlim] sample:		112.98 time, 120.01 real, 176 MB
[runlim] sample:		122.96 time, 130.01 real, 177 MB
[runlim] sample:		131.98 time, 140.01 real, 178 MB
[runlim] sample:		141.25 time, 150.01 real, 179 MB
[runlim] sample:		150.65 time, 160.01 real, 180 MB
[runlim] sample:		160.66 time, 170.01 real, 181 MB
[runlim] sample:		169.60 time, 180.01 real, 182 MB
[runlim] sample:		179.03 time, 190.01 real, 183 MB
[runlim] sample:		187.99 time, 200.01 real, 183 MB
[runlim] sample:		197.99 time, 210.01 real, 183 MB
[runlim] sample:		207.82 time, 220.01 real, 184 MB
[runlim] sample:		217.41 time, 230.01 real, 184 MB
[runlim] sample:		226.03 time, 240.01 real, 185 MB
[runlim] sample:		236.03 time, 250.01 real, 185 MB
[runlim] sample:		246.03 time, 260.01 real, 186 MB
[runlim] sample:		255.52 time, 270.01 real, 187 MB
[runlim] sample:		263.54 time, 280.01 real, 187 MB
[runlim] sample:		273.54 time, 290.01 real, 187 MB
[runlim] sample:		283.54 time, 300.01 real, 187 MB
[runlim] sample:		293.17 time, 310.01 real, 187 MB
[runlim] sample:		301.10 time, 320.01 real, 187 MB
[runlim] sample:		311.07 time, 330.01 real, 187 MB
[runlim] sample:		321.07 time, 340.01 real, 187 MB
[runlim] sample:		329.93 time, 350.01 real, 187 MB
[runlim] sample:		337.77 time, 360.01 real, 187 MB
[runlim] sample:		347.76 time, 370.01 real, 187 MB
[runlim] sample:		357.77 time, 380.01 real, 187 MB
[runlim] sample:		366.68 time, 390.01 real, 187 MB
[runlim] sample:		374.67 time, 400.01 real, 187 MB
[runlim] sample:		384.67 time, 410.01 real, 187 MB
[runlim] sample:		394.67 time, 420.01 real, 187 MB
[runlim] sample:		403.63 time, 430.01 real, 187 MB
[runlim] sample:		411.16 time, 440.01 real, 187 MB
[runlim] sample:		421.16 time, 450.01 real, 187 MB
[runlim] sample:		431.15 time, 460.01 real, 187 MB
[runlim] sample:		440.44 time, 470.01 real, 188 MB
[runlim] sample:		448.18 time, 480.01 real, 188 MB
[runlim] sample:		458.19 time, 490.01 real, 189 MB
[runlim] sample:		468.18 time, 500.01 real, 189 MB
[runlim] sample:		478.01 time, 510.01 real, 189 MB
[runlim] sample:		485.82 time, 520.01 real, 190 MB
[runlim] sample:		495.82 time, 530.01 real, 190 MB
[runlim] sample:		505.83 time, 540.01 real, 192 MB
[runlim] sample:		515.76 time, 550.01 real, 194 MB
[runlim] sample:		523.56 time, 560.01 real, 194 MB
[runlim] sample:		533.56 time, 570.01 real, 194 MB
[runlim] sample:		543.56 time, 580.01 real, 194 MB
[runlim] sample:		553.34 time, 590.01 real, 194 MB
[runlim] sample:		561.23 time, 600.01 real, 194 MB
[runlim] sample:		571.23 time, 610.01 real, 194 MB
[runlim] sample:		581.24 time, 620.01 real, 194 MB
[runlim] sample:		591.04 time, 630.01 real, 194 MB
[runlim] sample:		598.92 time, 640.01 real, 194 MB
[runlim] sample:		608.91 time, 650.01 real, 194 MB
[runlim] sample:		618.92 time, 660.01 real, 194 MB
[runlim] sample:		628.73 time, 670.01 real, 195 MB
[runlim] sample:		636.49 time, 680.01 real, 195 MB
[runlim] sample:		646.50 time, 690.01 real, 196 MB
[runlim] sample:		656.49 time, 700.01 real, 196 MB
[runlim] sample:		666.38 time, 710.01 real, 197 MB
[runlim] sample:		674.38 time, 720.01 real, 197 MB
[runlim] sample:		683.96 time, 730.01 real, 197 MB
[runlim] sample:		693.96 time, 740.01 real, 197 MB
[runlim] sample:		702.72 time, 750.01 real, 197 MB
[runlim] sample:		712.01 time, 760.01 real, 197 MB
[runlim] sample:		721.36 time, 770.01 real, 197 MB
[runlim] sample:		731.36 time, 780.01 real, 197 MB
[runlim] sample:		740.74 time, 790.01 real, 197 MB
[runlim] sample:		750.16 time, 800.01 real, 197 MB
[runlim] sample:		759.14 time, 810.01 real, 197 MB
[runlim] sample:		769.14 time, 820.01 real, 197 MB
[runlim] sample:		778.93 time, 830.01 real, 197 MB
[runlim] sample:		788.67 time, 840.01 real, 197 MB
[runlim] sample:		797.02 time, 850.01 real, 197 MB
[runlim] sample:		806.90 time, 860.01 real, 197 MB
[runlim] sample:		816.90 time, 870.01 real, 197 MB
[runlim] sample:		826.68 time, 880.01 real, 197 MB
[runlim] sample:		835.85 time, 890.01 real, 197 MB
[runlim] sample:		844.97 time, 900.01 real, 197 MB


 SIG RECEIVED

Terminated
[runlim] end:			Thu Feb 18 10:08:05 2021
[runlim] status:		out of time
[runlim] result:		2
[runlim] children:		3
[runlim] real:			900.09 seconds
[runlim] time:			844.97 seconds
[runlim] space:			197 MB
[runlim] samples:		9000
