[runlim] version:		1.21
[runlim] host:			c3n15
[runlim] time limit:		900 seconds
[runlim] real time limit:	900 seconds
[runlim] space limit:		60000 MB
[runlim] argv[0]:		./binary
[runlim] argv[1]:		/tmp/local-unzipped-18838260-30-depots09_12.cnf
[runlim] start:			Thu Feb 18 09:53:05 2021
[runlim] child:			13758
[runlim] sample:		9.98 time, 10.01 real, 518 MB
[runlim] sample:		19.57 time, 20.01 real, 523 MB
[runlim] sample:		29.22 time, 30.01 real, 526 MB
[runlim] sample:		39.23 time, 40.01 real, 531 MB
[runlim] sample:		49.23 time, 50.01 real, 532 MB
[runlim] sample:		58.97 time, 60.01 real, 532 MB
[runlim] sample:		68.63 time, 70.01 real, 532 MB
[runlim] sample:		76.91 time, 80.01 real, 534 MB
[runlim] sample:		86.33 time, 90.01 real, 535 MB
[runlim] sample:		96.34 time, 100.01 real, 537 MB
[runlim] sample:		106.34 time, 110.01 real, 538 MB
[runlim] sample:		114.72 time, 120.01 real, 539 MB
[runlim] sample:		123.57 time, 130.01 real, 540 MB
[runlim] sample:		133.25 time, 140.01 real, 541 MB
[runlim] sample:		143.24 time, 150.01 real, 543 MB
[runlim] sample:		152.88 time, 160.01 real, 544 MB
[runlim] sample:		162.33 time, 170.02 real, 545 MB
[runlim] sample:		171.17 time, 180.01 real, 547 MB
[runlim] sample:		181.17 time, 190.01 real, 547 MB
[runlim] sample:		190.73 time, 200.01 real, 549 MB
[runlim] sample:		200.26 time, 210.01 real, 549 MB
[runlim] sample:		209.48 time, 220.01 real, 549 MB
[runlim] sample:		219.47 time, 230.01 real, 549 MB
[runlim] sample:		229.44 time, 240.01 real, 551 MB
[runlim] sample:		238.79 time, 250.01 real, 552 MB
[runlim] sample:		247.57 time, 260.01 real, 553 MB
[runlim] sample:		257.57 time, 270.01 real, 554 MB
[runlim] sample:		267.29 time, 280.01 real, 556 MB
[runlim] sample:		277.23 time, 290.01 real, 558 MB
[runlim] sample:		284.96 time, 300.01 real, 559 MB
[runlim] sample:		294.73 time, 310.01 real, 560 MB
[runlim] sample:		304.65 time, 320.01 real, 562 MB
[runlim] sample:		314.65 time, 330.01 real, 563 MB
[runlim] sample:		323.94 time, 340.01 real, 565 MB
[runlim] sample:		333.33 time, 350.01 real, 566 MB
[runlim] sample:		342.84 time, 360.01 real, 568 MB
[runlim] sample:		352.84 time, 370.01 real, 569 MB
[runlim] sample:		361.07 time, 380.01 real, 570 MB
[runlim] sample:		370.25 time, 390.01 real, 571 MB
[runlim] sample:		379.44 time, 400.01 real, 572 MB
[runlim] sample:		389.07 time, 410.01 real, 574 MB
[runlim] sample:		397.95 time, 420.01 real, 574 MB
[runlim] sample:		407.26 time, 430.01 real, 576 MB
[runlim] sample:		417.26 time, 440.01 real, 578 MB
[runlim] sample:		426.87 time, 450.01 real, 578 MB
[runlim] sample:		435.67 time, 460.01 real, 578 MB
[runlim] sample:		445.26 time, 470.01 real, 578 MB
[runlim] sample:		455.26 time, 480.01 real, 578 MB
[runlim] sample:		465.08 time, 490.01 real, 578 MB
[runlim] sample:		474.26 time, 500.01 real, 578 MB
[runlim] sample:		483.29 time, 510.01 real, 578 MB
[runlim] sample:		493.16 time, 520.01 real, 578 MB
[runlim] sample:		503.14 time, 530.01 real, 578 MB
[runlim] sample:		513.13 time, 540.01 real, 578 MB
[runlim] sample:		522.20 time, 550.01 real, 578 MB
[runlim] sample:		531.50 time, 560.01 real, 578 MB
[runlim] sample:		540.88 time, 570.01 real, 578 MB
[runlim] sample:		550.45 time, 580.01 real, 579 MB
[runlim] sample:		560.45 time, 590.01 real, 581 MB
[runlim] sample:		568.73 time, 600.01 real, 584 MB
[runlim] sample:		578.38 time, 610.01 real, 587 MB
[runlim] sample:		587.54 time, 620.01 real, 587 MB
[runlim] sample:		597.54 time, 630.01 real, 588 MB
[runlim] sample:		606.76 time, 640.01 real, 589 MB
[runlim] sample:		615.74 time, 650.01 real, 591 MB
[runlim] sample:		625.72 time, 660.01 real, 593 MB
[runlim] sample:		635.47 time, 670.01 real, 595 MB
[runlim] sample:		644.97 time, 680.01 real, 596 MB
[runlim] sample:		652.91 time, 690.01 real, 596 MB
[runlim] sample:		662.91 time, 700.01 real, 598 MB
[runlim] sample:		672.03 time, 710.01 real, 598 MB
[runlim] sample:		681.64 time, 720.01 real, 598 MB
[runlim] sample:		689.54 time, 730.01 real, 598 MB
[runlim] sample:		699.54 time, 740.01 real, 598 MB
[runlim] sample:		709.40 time, 750.01 real, 598 MB
[runlim] sample:		718.79 time, 760.01 real, 598 MB
[runlim] sample:		727.63 time, 770.01 real, 598 MB
[runlim] sample:		737.63 time, 780.01 real, 598 MB
[runlim] sample:		747.22 time, 790.01 real, 598 MB
[runlim] sample:		757.10 time, 800.01 real, 598 MB
[runlim] sample:		766.22 time, 810.01 real, 598 MB
[runlim] sample:		775.76 time, 820.01 real, 598 MB
[runlim] sample:		784.55 time, 830.01 real, 598 MB
[runlim] sample:		794.47 time, 840.01 real, 598 MB
[runlim] sample:		802.79 time, 850.01 real, 598 MB
[runlim] sample:		812.03 time, 860.01 real, 598 MB
[runlim] sample:		822.03 time, 870.01 real, 598 MB
[runlim] sample:		831.78 time, 880.01 real, 598 MB
[runlim] sample:		840.41 time, 890.01 real, 598 MB
[runlim] sample:		849.96 time, 900.01 real, 598 MB


 SIG RECEIVED

Terminated
[runlim] end:			Thu Feb 18 10:08:05 2021
[runlim] status:		out of time
[runlim] result:		2
[runlim] children:		3
[runlim] real:			900.09 seconds
[runlim] time:			849.96 seconds
[runlim] space:			598 MB
[runlim] samples:		9000
