[runlim] version:		1.21
[runlim] host:			c3n14
[runlim] time limit:		900 seconds
[runlim] real time limit:	900 seconds
[runlim] space limit:		60000 MB
[runlim] argv[0]:		./binary
[runlim] argv[1]:		/tmp/local-unzipped-18838260-28-depots08_6.cnf
[runlim] start:			Thu Feb 18 09:53:05 2021
[runlim] child:			13815
[runlim] sample:		9.98 time, 10.01 real, 104 MB
[runlim] sample:		19.98 time, 20.01 real, 110 MB
[runlim] sample:		29.98 time, 30.01 real, 113 MB
[runlim] sample:		39.32 time, 40.01 real, 114 MB
[runlim] sample:		49.06 time, 50.01 real, 115 MB
[runlim] sample:		57.75 time, 60.01 real, 120 MB
[runlim] sample:		67.55 time, 70.01 real, 122 MB
[runlim] sample:		77.55 time, 80.01 real, 126 MB
[runlim] sample:		86.85 time, 90.01 real, 130 MB
[runlim] sample:		95.75 time, 100.01 real, 130 MB
[runlim] sample:		104.46 time, 110.01 real, 130 MB
[runlim] sample:		114.46 time, 120.01 real, 130 MB
[runlim] sample:		124.46 time, 130.01 real, 130 MB
[runlim] sample:		133.96 time, 140.01 real, 130 MB
[runlim] sample:		141.93 time, 150.01 real, 130 MB
[runlim] sample:		151.93 time, 160.01 real, 130 MB
[runlim] sample:		161.93 time, 170.01 real, 132 MB
[runlim] sample:		171.48 time, 180.01 real, 132 MB
[runlim] sample:		180.02 time, 190.01 real, 132 MB
[runlim] sample:		190.01 time, 200.01 real, 132 MB
[runlim] sample:		200.02 time, 210.01 real, 132 MB
[runlim] sample:		209.35 time, 220.01 real, 134 MB
[runlim] sample:		218.04 time, 230.01 real, 136 MB
[runlim] sample:		228.04 time, 240.01 real, 138 MB
[runlim] sample:		238.03 time, 250.01 real, 138 MB
[runlim] sample:		247.60 time, 260.01 real, 138 MB
[runlim] sample:		255.95 time, 270.01 real, 138 MB
[runlim] sample:		265.95 time, 280.01 real, 138 MB
[runlim] sample:		275.95 time, 290.01 real, 142 MB
[runlim] sample:		285.33 time, 300.01 real, 142 MB
[runlim] sample:		293.96 time, 310.01 real, 142 MB
[runlim] sample:		303.96 time, 320.01 real, 142 MB
[runlim] sample:		313.95 time, 330.01 real, 142 MB
[runlim] sample:		323.57 time, 340.01 real, 142 MB
[runlim] sample:		332.50 time, 350.01 real, 142 MB
[runlim] sample:		342.50 time, 360.01 real, 142 MB
[runlim] sample:		351.37 time, 370.01 real, 142 MB
[runlim] sample:		360.81 time, 380.01 real, 142 MB
[runlim] sample:		370.13 time, 390.01 real, 144 MB
[runlim] sample:		380.14 time, 400.01 real, 144 MB
[runlim] sample:		389.07 time, 410.01 real, 144 MB
[runlim] sample:		398.56 time, 420.01 real, 144 MB
[runlim] sample:		407.96 time, 430.01 real, 144 MB
[runlim] sample:		417.94 time, 440.01 real, 144 MB
[runlim] sample:		426.72 time, 450.01 real, 144 MB
[runlim] sample:		435.07 time, 460.01 real, 144 MB
[runlim] sample:		444.29 time, 470.01 real, 144 MB
[runlim] sample:		454.29 time, 480.01 real, 144 MB
[runlim] sample:		463.29 time, 490.01 real, 144 MB
[runlim] sample:		471.64 time, 500.01 real, 144 MB
[runlim] sample:		481.07 time, 510.01 real, 144 MB
[runlim] sample:		491.07 time, 520.01 real, 144 MB
[runlim] sample:		500.56 time, 530.01 real, 144 MB
[runlim] sample:		508.86 time, 540.01 real, 144 MB
[runlim] sample:		518.42 time, 550.01 real, 144 MB
[runlim] sample:		528.41 time, 560.01 real, 144 MB
[runlim] sample:		538.19 time, 570.01 real, 144 MB
[runlim] sample:		547.20 time, 580.01 real, 144 MB
[runlim] sample:		556.64 time, 590.01 real, 144 MB
[runlim] sample:		566.64 time, 600.01 real, 144 MB
[runlim] sample:		576.26 time, 610.01 real, 147 MB
[runlim] sample:		585.15 time, 620.01 real, 147 MB
[runlim] sample:		594.41 time, 630.01 real, 147 MB
[runlim] sample:		604.41 time, 640.01 real, 147 MB
[runlim] sample:		614.07 time, 650.01 real, 147 MB
[runlim] sample:		623.06 time, 660.01 real, 147 MB
[runlim] sample:		632.44 time, 670.01 real, 147 MB
[runlim] sample:		642.45 time, 680.01 real, 148 MB
[runlim] sample:		652.27 time, 690.01 real, 150 MB
[runlim] sample:		661.02 time, 700.01 real, 151 MB
[runlim] sample:		670.50 time, 710.01 real, 151 MB
[runlim] sample:		680.50 time, 720.01 real, 151 MB
[runlim] sample:		690.26 time, 730.01 real, 151 MB
[runlim] sample:		699.34 time, 740.01 real, 151 MB
[runlim] sample:		709.06 time, 750.01 real, 151 MB
[runlim] sample:		719.06 time, 760.01 real, 151 MB
[runlim] sample:		727.57 time, 770.01 real, 151 MB
[runlim] sample:		736.72 time, 780.01 real, 151 MB
[runlim] sample:		746.44 time, 790.01 real, 151 MB
[runlim] sample:		756.44 time, 800.01 real, 151 MB
[runlim] sample:		765.23 time, 810.01 real, 151 MB
[runlim] sample:		774.26 time, 820.01 real, 151 MB
[runlim] sample:		784.03 time, 830.01 real, 151 MB
[runlim] sample:		794.03 time, 840.01 real, 151 MB
[runlim] sample:		803.01 time, 850.01 real, 151 MB
[runlim] sample:		811.17 time, 860.01 real, 153 MB
[runlim] sample:		820.78 time, 870.01 real, 154 MB
[runlim] sample:		830.79 time, 880.01 real, 154 MB
[runlim] sample:		840.45 time, 890.01 real, 154 MB
[runlim] sample:		848.48 time, 900.01 real, 154 MB


 SIG RECEIVED

Terminated
[runlim] end:			Thu Feb 18 10:08:05 2021
[runlim] status:		out of time
[runlim] result:		2
[runlim] children:		3
[runlim] real:			900.09 seconds
[runlim] time:			848.48 seconds
[runlim] space:			154 MB
[runlim] samples:		9000
