[runlim] version:		1.21
[runlim] host:			c3n15
[runlim] time limit:		900 seconds
[runlim] real time limit:	900 seconds
[runlim] space limit:		60000 MB
[runlim] argv[0]:		./binary
[runlim] argv[1]:		/tmp/local-unzipped-18838260-29-depots09_11.cnf
[runlim] start:			Thu Feb 18 09:53:05 2021
[runlim] child:			13756
[runlim] sample:		9.88 time, 10.01 real, 518 MB
[runlim] sample:		19.56 time, 20.02 real, 523 MB
[runlim] sample:		29.12 time, 30.02 real, 526 MB
[runlim] sample:		39.12 time, 40.02 real, 531 MB
[runlim] sample:		49.12 time, 50.01 real, 532 MB
[runlim] sample:		58.11 time, 60.01 real, 532 MB
[runlim] sample:		67.01 time, 70.01 real, 532 MB
[runlim] sample:		75.75 time, 80.01 real, 534 MB
[runlim] sample:		85.53 time, 90.01 real, 535 MB
[runlim] sample:		95.53 time, 100.01 real, 537 MB
[runlim] sample:		105.08 time, 110.01 real, 538 MB
[runlim] sample:		112.97 time, 120.01 real, 539 MB
[runlim] sample:		122.88 time, 130.01 real, 540 MB
[runlim] sample:		132.89 time, 140.01 real, 541 MB
[runlim] sample:		142.36 time, 150.01 real, 543 MB
[runlim] sample:		151.54 time, 160.01 real, 544 MB
[runlim] sample:		161.54 time, 170.02 real, 545 MB
[runlim] sample:		171.09 time, 180.01 real, 547 MB
[runlim] sample:		180.80 time, 190.01 real, 547 MB
[runlim] sample:		189.58 time, 200.01 real, 549 MB
[runlim] sample:		199.58 time, 210.01 real, 549 MB
[runlim] sample:		209.28 time, 220.01 real, 549 MB
[runlim] sample:		219.27 time, 230.01 real, 549 MB
[runlim] sample:		228.18 time, 240.02 real, 551 MB
[runlim] sample:		237.92 time, 250.01 real, 552 MB
[runlim] sample:		247.35 time, 260.01 real, 553 MB
[runlim] sample:		257.35 time, 270.01 real, 554 MB
[runlim] sample:		266.14 time, 280.01 real, 556 MB
[runlim] sample:		275.96 time, 290.01 real, 558 MB
[runlim] sample:		284.72 time, 300.01 real, 559 MB
[runlim] sample:		294.61 time, 310.01 real, 560 MB
[runlim] sample:		302.46 time, 320.01 real, 562 MB
[runlim] sample:		312.45 time, 330.01 real, 563 MB
[runlim] sample:		322.22 time, 340.01 real, 565 MB
[runlim] sample:		332.19 time, 350.01 real, 566 MB
[runlim] sample:		340.75 time, 360.01 real, 568 MB
[runlim] sample:		350.58 time, 370.01 real, 569 MB
[runlim] sample:		359.32 time, 380.01 real, 570 MB
[runlim] sample:		369.01 time, 390.01 real, 571 MB
[runlim] sample:		377.60 time, 400.01 real, 572 MB
[runlim] sample:		386.85 time, 410.01 real, 574 MB
[runlim] sample:		396.40 time, 420.01 real, 575 MB
[runlim] sample:		406.21 time, 430.01 real, 576 MB
[runlim] sample:		415.92 time, 440.01 real, 578 MB
[runlim] sample:		424.60 time, 450.01 real, 578 MB
[runlim] sample:		434.30 time, 460.01 real, 578 MB
[runlim] sample:		444.26 time, 470.01 real, 578 MB
[runlim] sample:		454.26 time, 480.02 real, 578 MB
[runlim] sample:		463.33 time, 490.01 real, 578 MB
[runlim] sample:		472.52 time, 500.01 real, 578 MB
[runlim] sample:		482.27 time, 510.01 real, 578 MB
[runlim] sample:		492.28 time, 520.01 real, 578 MB
[runlim] sample:		501.11 time, 530.01 real, 578 MB
[runlim] sample:		510.63 time, 540.01 real, 578 MB
[runlim] sample:		520.53 time, 550.01 real, 578 MB
[runlim] sample:		530.35 time, 560.01 real, 578 MB
[runlim] sample:		539.13 time, 570.01 real, 578 MB
[runlim] sample:		548.23 time, 580.01 real, 579 MB
[runlim] sample:		558.23 time, 590.01 real, 581 MB
[runlim] sample:		567.49 time, 600.01 real, 584 MB
[runlim] sample:		576.81 time, 610.01 real, 587 MB
[runlim] sample:		585.56 time, 620.01 real, 587 MB
[runlim] sample:		595.55 time, 630.01 real, 588 MB
[runlim] sample:		605.55 time, 640.01 real, 589 MB
[runlim] sample:		614.63 time, 650.01 real, 591 MB
[runlim] sample:		623.92 time, 660.01 real, 593 MB
[runlim] sample:		633.56 time, 670.01 real, 595 MB
[runlim] sample:		643.56 time, 680.01 real, 596 MB
[runlim] sample:		652.11 time, 690.01 real, 596 MB
[runlim] sample:		661.67 time, 700.01 real, 598 MB
[runlim] sample:		670.08 time, 710.01 real, 598 MB
[runlim] sample:		680.06 time, 720.01 real, 598 MB
[runlim] sample:		688.79 time, 730.01 real, 598 MB
[runlim] sample:		698.79 time, 740.01 real, 598 MB
[runlim] sample:		707.68 time, 750.01 real, 598 MB
[runlim] sample:		717.09 time, 760.01 real, 598 MB
[runlim] sample:		726.66 time, 770.01 real, 598 MB
[runlim] sample:		736.66 time, 780.01 real, 598 MB
[runlim] sample:		745.46 time, 790.01 real, 598 MB
[runlim] sample:		755.10 time, 800.01 real, 598 MB
[runlim] sample:		765.09 time, 810.01 real, 598 MB
[runlim] sample:		775.03 time, 820.01 real, 598 MB
[runlim] sample:		782.93 time, 830.01 real, 598 MB
[runlim] sample:		792.30 time, 840.01 real, 598 MB
[runlim] sample:		801.30 time, 850.01 real, 598 MB
[runlim] sample:		810.95 time, 860.01 real, 598 MB
[runlim] sample:		820.66 time, 870.01 real, 598 MB
[runlim] sample:		829.51 time, 880.01 real, 598 MB
[runlim] sample:		838.83 time, 890.01 real, 598 MB
[runlim] sample:		848.83 time, 900.01 real, 598 MB


 SIG RECEIVED

Terminated
[runlim] end:			Thu Feb 18 10:08:05 2021
[runlim] status:		out of time
[runlim] result:		2
[runlim] children:		3
[runlim] real:			900.09 seconds
[runlim] time:			848.83 seconds
[runlim] space:			598 MB
[runlim] samples:		9000
