[runlim] version:		1.21
[runlim] host:			c3n20
[runlim] time limit:		900 seconds
[runlim] real time limit:	900 seconds
[runlim] space limit:		60000 MB
[runlim] argv[0]:		./binary
[runlim] argv[1]:		/tmp/local-unzipped-18838260-40-driverlog13_8.cnf
[runlim] start:			Thu Feb 18 09:53:05 2021
[runlim] child:			14036
[runlim] sample:		8.96 time, 10.01 real, 46 MB
[runlim] sample:		18.95 time, 20.01 real, 51 MB
[runlim] sample:		28.95 time, 30.01 real, 54 MB
[runlim] sample:		38.95 time, 40.01 real, 57 MB
[runlim] sample:		47.40 time, 50.01 real, 59 MB
[runlim] sample:		57.40 time, 60.01 real, 62 MB
[runlim] sample:		67.40 time, 70.01 real, 63 MB
[runlim] sample:		76.13 time, 80.01 real, 63 MB
[runlim] sample:		85.20 time, 90.01 real, 65 MB
[runlim] sample:		94.73 time, 100.01 real, 66 MB
[runlim] sample:		104.73 time, 110.01 real, 67 MB
[runlim] sample:		113.99 time, 120.01 real, 67 MB
[runlim] sample:		123.36 time, 130.01 real, 68 MB
[runlim] sample:		132.22 time, 140.01 real, 70 MB
[runlim] sample:		141.97 time, 150.01 real, 71 MB
[runlim] sample:		151.97 time, 160.01 real, 76 MB
[runlim] sample:		161.97 time, 170.01 real, 80 MB
[runlim] sample:		170.45 time, 180.01 real, 81 MB
[runlim] sample:		179.66 time, 190.01 real, 82 MB
[runlim] sample:		188.52 time, 200.01 real, 82 MB
[runlim] sample:		198.52 time, 210.01 real, 82 MB
[runlim] sample:		208.08 time, 220.01 real, 83 MB
[runlim] sample:		216.82 time, 230.01 real, 84 MB
[runlim] sample:		226.60 time, 240.01 real, 86 MB
[runlim] sample:		236.55 time, 250.01 real, 87 MB
[runlim] sample:		246.00 time, 260.01 real, 89 MB
[runlim] sample:		256.00 time, 270.01 real, 93 MB
[runlim] sample:		265.01 time, 280.01 real, 94 MB
[runlim] sample:		274.85 time, 290.01 real, 96 MB
[runlim] sample:		283.48 time, 300.01 real, 98 MB
[runlim] sample:		293.49 time, 310.01 real, 103 MB
[runlim] sample:		303.49 time, 320.01 real, 104 MB
[runlim] sample:		313.00 time, 330.01 real, 105 MB
[runlim] sample:		322.54 time, 340.01 real, 106 MB
[runlim] sample:		332.54 time, 350.01 real, 106 MB
[runlim] sample:		342.54 time, 360.01 real, 106 MB
[runlim] sample:		351.96 time, 370.01 real, 110 MB
[runlim] sample:		361.09 time, 380.01 real, 110 MB
[runlim] sample:		370.80 time, 390.01 real, 110 MB
[runlim] sample:		380.81 time, 400.01 real, 114 MB
[runlim] sample:		390.80 time, 410.01 real, 114 MB
[runlim] sample:		399.32 time, 420.01 real, 114 MB
[runlim] sample:		409.02 time, 430.01 real, 114 MB
[runlim] sample:		419.02 time, 440.01 real, 114 MB
[runlim] sample:		429.02 time, 450.01 real, 114 MB
[runlim] sample:		438.12 time, 460.01 real, 114 MB
[runlim] sample:		448.03 time, 470.01 real, 114 MB
[runlim] sample:		457.72 time, 480.01 real, 114 MB
[runlim] sample:		467.54 time, 490.01 real, 117 MB
[runlim] sample:		476.44 time, 500.01 real, 125 MB
[runlim] sample:		486.44 time, 510.01 real, 130 MB
[runlim] sample:		496.30 time, 520.01 real, 131 MB
[runlim] sample:		505.03 time, 530.01 real, 131 MB
[runlim] sample:		515.04 time, 540.01 real, 132 MB
[runlim] sample:		525.04 time, 550.01 real, 133 MB
[runlim] sample:		534.62 time, 560.01 real, 133 MB
[runlim] sample:		543.59 time, 570.01 real, 133 MB
[runlim] sample:		553.60 time, 580.01 real, 133 MB
[runlim] sample:		563.59 time, 590.01 real, 133 MB
[runlim] sample:		572.91 time, 600.01 real, 134 MB
[runlim] sample:		581.58 time, 610.01 real, 134 MB
[runlim] sample:		591.58 time, 620.01 real, 135 MB
[runlim] sample:		601.58 time, 630.01 real, 135 MB
[runlim] sample:		610.72 time, 640.01 real, 135 MB
[runlim] sample:		620.59 time, 650.01 real, 136 MB
[runlim] sample:		630.58 time, 660.01 real, 137 MB
[runlim] sample:		640.38 time, 670.01 real, 138 MB
[runlim] sample:		650.32 time, 680.01 real, 139 MB
[runlim] sample:		659.02 time, 690.01 real, 141 MB
[runlim] sample:		669.02 time, 700.01 real, 143 MB
[runlim] sample:		678.70 time, 710.01 real, 143 MB
[runlim] sample:		688.70 time, 720.01 real, 143 MB
[runlim] sample:		697.74 time, 730.01 real, 144 MB
[runlim] sample:		707.48 time, 740.01 real, 144 MB
[runlim] sample:		717.47 time, 750.01 real, 144 MB
[runlim] sample:		727.47 time, 760.01 real, 145 MB
[runlim] sample:		736.41 time, 770.01 real, 145 MB
[runlim] sample:		746.16 time, 780.02 real, 145 MB
[runlim] sample:		756.15 time, 790.01 real, 145 MB
[runlim] sample:		766.15 time, 800.01 real, 145 MB
[runlim] sample:		774.86 time, 810.01 real, 145 MB
[runlim] sample:		784.62 time, 820.01 real, 146 MB
[runlim] sample:		794.62 time, 830.01 real, 148 MB
[runlim] sample:		804.62 time, 840.01 real, 149 MB
[runlim] sample:		813.06 time, 850.01 real, 149 MB
[runlim] sample:		822.97 time, 860.01 real, 150 MB
[runlim] sample:		832.96 time, 870.01 real, 152 MB
[runlim] sample:		842.96 time, 880.01 real, 152 MB
[runlim] sample:		852.72 time, 890.01 real, 153 MB
[runlim] sample:		862.73 time, 900.01 real, 157 MB


 SIG RECEIVED

Terminated
[runlim] end:			Thu Feb 18 10:08:05 2021
[runlim] status:		out of time
[runlim] result:		2
[runlim] children:		3
[runlim] real:			900.10 seconds
[runlim] time:			862.73 seconds
[runlim] space:			157 MB
[runlim] samples:		9000
