[runlim] version:		1.21
[runlim] host:			c3n18
[runlim] time limit:		900 seconds
[runlim] real time limit:	900 seconds
[runlim] space limit:		60000 MB
[runlim] argv[0]:		./binary
[runlim] argv[1]:		/tmp/local-unzipped-18838260-36-driverlog11_8.cnf
[runlim] start:			Thu Feb 18 09:53:05 2021
[runlim] child:			13861
[runlim] sample:		9.95 time, 10.01 real, 27 MB
[runlim] sample:		19.73 time, 20.01 real, 29 MB
[runlim] sample:		29.73 time, 30.01 real, 30 MB
[runlim] sample:		39.73 time, 40.01 real, 31 MB
[runlim] sample:		48.80 time, 50.01 real, 32 MB
[runlim] sample:		58.57 time, 60.01 real, 33 MB
[runlim] sample:		68.56 time, 70.01 real, 35 MB
[runlim] sample:		78.56 time, 80.01 real, 38 MB
[runlim] sample:		88.14 time, 90.01 real, 39 MB
[runlim] sample:		97.09 time, 100.01 real, 53 MB
[runlim] sample:		107.09 time, 110.01 real, 54 MB
[runlim] sample:		116.29 time, 120.01 real, 54 MB
[runlim] sample:		126.29 time, 130.01 real, 54 MB
[runlim] sample:		135.22 time, 140.01 real, 54 MB
[runlim] sample:		145.06 time, 150.01 real, 54 MB
[runlim] sample:		154.04 time, 160.01 real, 54 MB
[runlim] sample:		164.03 time, 170.01 real, 54 MB
[runlim] sample:		173.84 time, 180.01 real, 54 MB
[runlim] sample:		183.50 time, 190.01 real, 54 MB
[runlim] sample:		193.49 time, 200.01 real, 54 MB
[runlim] sample:		202.54 time, 210.01 real, 54 MB
[runlim] sample:		211.23 time, 220.01 real, 54 MB
[runlim] sample:		221.22 time, 230.01 real, 54 MB
[runlim] sample:		231.22 time, 240.01 real, 54 MB
[runlim] sample:		240.40 time, 250.01 real, 54 MB
[runlim] sample:		250.26 time, 260.01 real, 56 MB
[runlim] sample:		260.27 time, 270.01 real, 56 MB
[runlim] sample:		270.26 time, 280.01 real, 56 MB
[runlim] sample:		279.97 time, 290.01 real, 59 MB
[runlim] sample:		289.97 time, 300.01 real, 60 MB
[runlim] sample:		299.96 time, 310.01 real, 60 MB
[runlim] sample:		309.66 time, 320.01 real, 60 MB
[runlim] sample:		318.66 time, 330.01 real, 60 MB
[runlim] sample:		328.43 time, 340.01 real, 60 MB
[runlim] sample:		338.16 time, 350.01 real, 61 MB
[runlim] sample:		347.85 time, 360.01 real, 61 MB
[runlim] sample:		357.85 time, 370.01 real, 61 MB
[runlim] sample:		367.73 time, 380.01 real, 64 MB
[runlim] sample:		376.58 time, 390.01 real, 66 MB
[runlim] sample:		386.59 time, 400.01 real, 66 MB
[runlim] sample:		396.59 time, 410.01 real, 66 MB
[runlim] sample:		406.41 time, 420.01 real, 67 MB
[runlim] sample:		416.41 time, 430.01 real, 67 MB
[runlim] sample:		426.41 time, 440.01 real, 67 MB
[runlim] sample:		436.34 time, 450.01 real, 67 MB
[runlim] sample:		445.82 time, 460.01 real, 67 MB
[runlim] sample:		455.81 time, 470.01 real, 67 MB
[runlim] sample:		465.81 time, 480.01 real, 68 MB
[runlim] sample:		475.45 time, 490.01 real, 68 MB
[runlim] sample:		485.44 time, 500.01 real, 69 MB
[runlim] sample:		495.44 time, 510.01 real, 69 MB
[runlim] sample:		504.12 time, 520.01 real, 70 MB
[runlim] sample:		514.12 time, 530.01 real, 71 MB
[runlim] sample:		524.12 time, 540.01 real, 71 MB
[runlim] sample:		533.68 time, 550.01 real, 71 MB
[runlim] sample:		543.60 time, 560.01 real, 71 MB
[runlim] sample:		553.61 time, 570.01 real, 71 MB
[runlim] sample:		563.61 time, 580.01 real, 73 MB
[runlim] sample:		573.02 time, 590.01 real, 81 MB
[runlim] sample:		583.02 time, 600.01 real, 89 MB
[runlim] sample:		593.02 time, 610.01 real, 90 MB
[runlim] sample:		601.99 time, 620.01 real, 90 MB
[runlim] sample:		611.98 time, 630.01 real, 93 MB
[runlim] sample:		621.98 time, 640.01 real, 98 MB
[runlim] sample:		631.63 time, 650.01 real, 98 MB
[runlim] sample:		641.63 time, 660.01 real, 101 MB
[runlim] sample:		651.63 time, 670.01 real, 103 MB
[runlim] sample:		661.38 time, 680.01 real, 103 MB
[runlim] sample:		670.23 time, 690.01 real, 106 MB
[runlim] sample:		680.23 time, 700.01 real, 109 MB
[runlim] sample:		690.23 time, 710.01 real, 109 MB
[runlim] sample:		699.73 time, 720.01 real, 111 MB
[runlim] sample:		709.74 time, 730.01 real, 117 MB
[runlim] sample:		719.73 time, 740.01 real, 117 MB
[runlim] sample:		729.06 time, 750.01 real, 117 MB
[runlim] sample:		739.06 time, 760.01 real, 117 MB
[runlim] sample:		749.06 time, 770.01 real, 119 MB
[runlim] sample:		758.78 time, 780.01 real, 123 MB
[runlim] sample:		767.50 time, 790.01 real, 124 MB
[runlim] sample:		777.50 time, 800.01 real, 125 MB
[runlim] sample:		787.50 time, 810.01 real, 127 MB
[runlim] sample:		796.88 time, 820.01 real, 127 MB
[runlim] sample:		806.88 time, 830.01 real, 133 MB
[runlim] sample:		816.88 time, 840.01 real, 133 MB
[runlim] sample:		826.32 time, 850.01 real, 133 MB
[runlim] sample:		836.32 time, 860.01 real, 134 MB
[runlim] sample:		846.32 time, 870.01 real, 134 MB
[runlim] sample:		856.13 time, 880.01 real, 139 MB
[runlim] sample:		865.42 time, 890.01 real, 139 MB
[runlim] sample:		875.41 time, 900.01 real, 139 MB


 SIG RECEIVED

Terminated
[runlim] end:			Thu Feb 18 10:08:05 2021
[runlim] status:		out of time
[runlim] result:		2
[runlim] children:		3
[runlim] real:			900.09 seconds
[runlim] time:			875.41 seconds
[runlim] space:			139 MB
[runlim] samples:		9000
