[runlim] version:		1.21
[runlim] host:			c3n20
[runlim] time limit:		900 seconds
[runlim] real time limit:	900 seconds
[runlim] space limit:		60000 MB
[runlim] argv[0]:		./binary
[runlim] argv[1]:		/tmp/local-unzipped-18838260-39-driverlog13_7.cnf
[runlim] start:			Thu Feb 18 09:53:05 2021
[runlim] child:			14035
[runlim] sample:		8.98 time, 10.01 real, 35 MB
[runlim] sample:		18.98 time, 20.01 real, 40 MB
[runlim] sample:		28.97 time, 30.01 real, 40 MB
[runlim] sample:		38.53 time, 40.01 real, 40 MB
[runlim] sample:		47.47 time, 50.01 real, 43 MB
[runlim] sample:		57.47 time, 60.01 real, 44 MB
[runlim] sample:		67.47 time, 70.01 real, 46 MB
[runlim] sample:		75.77 time, 80.01 real, 48 MB
[runlim] sample:		85.59 time, 90.01 real, 48 MB
[runlim] sample:		95.12 time, 100.01 real, 48 MB
[runlim] sample:		105.12 time, 110.01 real, 48 MB
[runlim] sample:		113.88 time, 120.01 real, 50 MB
[runlim] sample:		123.09 time, 130.01 real, 50 MB
[runlim] sample:		132.42 time, 140.01 real, 51 MB
[runlim] sample:		142.34 time, 150.01 real, 52 MB
[runlim] sample:		152.33 time, 160.01 real, 54 MB
[runlim] sample:		162.34 time, 170.02 real, 56 MB
[runlim] sample:		170.99 time, 180.01 real, 58 MB
[runlim] sample:		180.34 time, 190.01 real, 59 MB
[runlim] sample:		188.50 time, 200.01 real, 59 MB
[runlim] sample:		198.50 time, 210.02 real, 59 MB
[runlim] sample:		208.49 time, 220.01 real, 59 MB
[runlim] sample:		217.37 time, 230.01 real, 59 MB
[runlim] sample:		226.09 time, 240.01 real, 59 MB
[runlim] sample:		235.88 time, 250.01 real, 60 MB
[runlim] sample:		245.88 time, 260.01 real, 62 MB
[runlim] sample:		255.88 time, 270.01 real, 62 MB
[runlim] sample:		264.24 time, 280.01 real, 62 MB
[runlim] sample:		273.51 time, 290.01 real, 62 MB
[runlim] sample:		282.45 time, 300.01 real, 62 MB
[runlim] sample:		292.46 time, 310.01 real, 62 MB
[runlim] sample:		302.15 time, 320.02 real, 62 MB
[runlim] sample:		311.48 time, 330.01 real, 62 MB
[runlim] sample:		321.34 time, 340.01 real, 62 MB
[runlim] sample:		331.32 time, 350.01 real, 62 MB
[runlim] sample:		340.71 time, 360.01 real, 62 MB
[runlim] sample:		349.63 time, 370.01 real, 62 MB
[runlim] sample:		359.27 time, 380.01 real, 63 MB
[runlim] sample:		369.10 time, 390.01 real, 65 MB
[runlim] sample:		379.09 time, 400.01 real, 65 MB
[runlim] sample:		389.10 time, 410.01 real, 65 MB
[runlim] sample:		397.72 time, 420.01 real, 65 MB
[runlim] sample:		407.01 time, 430.01 real, 65 MB
[runlim] sample:		416.68 time, 440.01 real, 66 MB
[runlim] sample:		426.69 time, 450.01 real, 69 MB
[runlim] sample:		436.07 time, 460.02 real, 71 MB
[runlim] sample:		445.32 time, 470.01 real, 71 MB
[runlim] sample:		454.62 time, 480.01 real, 71 MB
[runlim] sample:		464.63 time, 490.01 real, 75 MB
[runlim] sample:		473.66 time, 500.01 real, 75 MB
[runlim] sample:		483.27 time, 510.01 real, 75 MB
[runlim] sample:		492.54 time, 520.01 real, 77 MB
[runlim] sample:		501.51 time, 530.01 real, 78 MB
[runlim] sample:		511.51 time, 540.01 real, 79 MB
[runlim] sample:		521.20 time, 550.02 real, 86 MB
[runlim] sample:		530.09 time, 560.01 real, 88 MB
[runlim] sample:		539.31 time, 570.01 real, 88 MB
[runlim] sample:		549.31 time, 580.01 real, 96 MB
[runlim] sample:		558.95 time, 590.01 real, 96 MB
[runlim] sample:		568.38 time, 600.01 real, 96 MB
[runlim] sample:		577.18 time, 610.01 real, 96 MB
[runlim] sample:		587.18 time, 620.01 real, 96 MB
[runlim] sample:		597.18 time, 630.01 real, 96 MB
[runlim] sample:		606.11 time, 640.01 real, 96 MB
[runlim] sample:		615.35 time, 650.01 real, 96 MB
[runlim] sample:		625.34 time, 660.01 real, 96 MB
[runlim] sample:		635.35 time, 670.01 real, 96 MB
[runlim] sample:		645.34 time, 680.01 real, 96 MB
[runlim] sample:		653.12 time, 690.01 real, 96 MB
[runlim] sample:		663.12 time, 700.01 real, 96 MB
[runlim] sample:		673.12 time, 710.01 real, 96 MB
[runlim] sample:		682.86 time, 720.01 real, 96 MB
[runlim] sample:		691.19 time, 730.01 real, 96 MB
[runlim] sample:		701.20 time, 740.02 real, 96 MB
[runlim] sample:		711.19 time, 750.01 real, 96 MB
[runlim] sample:		721.09 time, 760.01 real, 96 MB
[runlim] sample:		729.07 time, 770.01 real, 96 MB
[runlim] sample:		739.07 time, 780.02 real, 96 MB
[runlim] sample:		749.07 time, 790.01 real, 96 MB
[runlim] sample:		759.07 time, 800.01 real, 96 MB
[runlim] sample:		767.10 time, 810.01 real, 96 MB
[runlim] sample:		777.04 time, 820.01 real, 96 MB
[runlim] sample:		787.04 time, 830.01 real, 96 MB
[runlim] sample:		797.04 time, 840.01 real, 96 MB
solving-time: 847.55
[runlim] sample:		806.70 time, 850.01 real, 440 MB
[runlim] sample:		816.70 time, 860.02 real, 2190 MB
[runlim] sample:		826.69 time, 870.01 real, 3844 MB
[runlim] sample:		836.69 time, 880.01 real, 5545 MB
[runlim] sample:		846.69 time, 890.01 real, 7251 MB
[runlim] sample:		856.69 time, 900.01 real, 8973 MB
Terminated
[runlim] end:			Thu Feb 18 10:08:05 2021
[runlim] status:		out of time
[runlim] result:		2
[runlim] children:		5
[runlim] real:			900.10 seconds
[runlim] time:			856.69 seconds
[runlim] space:			8973 MB
[runlim] samples:		9000
