[runlim] version:		1.21
[runlim] host:			c3n19
[runlim] time limit:		900 seconds
[runlim] real time limit:	900 seconds
[runlim] space limit:		60000 MB
[runlim] argv[0]:		./binary
[runlim] argv[1]:		/tmp/local-unzipped-18838260-37-driverlog12_8.cnf
[runlim] start:			Thu Feb 18 09:53:05 2021
[runlim] child:			14083
[runlim] sample:		8.95 time, 10.01 real, 43 MB
[runlim] sample:		18.74 time, 20.01 real, 46 MB
[runlim] sample:		28.74 time, 30.01 real, 48 MB
[runlim] sample:		38.74 time, 40.01 real, 52 MB
[runlim] sample:		47.42 time, 50.01 real, 54 MB
[runlim] sample:		57.42 time, 60.01 real, 54 MB
[runlim] sample:		67.41 time, 70.01 real, 54 MB
[runlim] sample:		77.41 time, 80.01 real, 54 MB
[runlim] sample:		85.85 time, 90.01 real, 54 MB
[runlim] sample:		95.85 time, 100.01 real, 54 MB
[runlim] sample:		105.86 time, 110.01 real, 55 MB
[runlim] sample:		115.58 time, 120.01 real, 55 MB
[runlim] sample:		125.31 time, 130.01 real, 56 MB
[runlim] sample:		135.31 time, 140.01 real, 57 MB
[runlim] sample:		145.31 time, 150.01 real, 57 MB
[runlim] sample:		154.15 time, 160.01 real, 58 MB
[runlim] sample:		163.00 time, 170.01 real, 58 MB
[runlim] sample:		173.01 time, 180.01 real, 59 MB
[runlim] sample:		183.00 time, 190.01 real, 59 MB
[runlim] sample:		192.75 time, 200.01 real, 59 MB
[runlim] sample:		201.46 time, 210.01 real, 59 MB
[runlim] sample:		211.46 time, 220.01 real, 60 MB
[runlim] sample:		221.46 time, 230.01 real, 62 MB
[runlim] sample:		229.88 time, 240.01 real, 62 MB
[runlim] sample:		239.79 time, 250.01 real, 62 MB
[runlim] sample:		249.80 time, 260.01 real, 62 MB
[runlim] sample:		258.86 time, 270.01 real, 62 MB
[runlim] sample:		267.47 time, 280.01 real, 62 MB
[runlim] sample:		277.47 time, 290.01 real, 64 MB
[runlim] sample:		287.47 time, 300.01 real, 65 MB
[runlim] sample:		297.28 time, 310.01 real, 65 MB
[runlim] sample:		305.73 time, 320.01 real, 65 MB
[runlim] sample:		315.73 time, 330.01 real, 65 MB
[runlim] sample:		325.72 time, 340.01 real, 66 MB
[runlim] sample:		334.12 time, 350.01 real, 66 MB
[runlim] sample:		343.89 time, 360.01 real, 66 MB
[runlim] sample:		353.90 time, 370.01 real, 66 MB
[runlim] sample:		363.72 time, 380.01 real, 66 MB
[runlim] sample:		372.25 time, 390.01 real, 66 MB
[runlim] sample:		382.24 time, 400.01 real, 66 MB
[runlim] sample:		392.24 time, 410.01 real, 66 MB
[runlim] sample:		402.05 time, 420.01 real, 66 MB
[runlim] sample:		410.58 time, 430.01 real, 66 MB
[runlim] sample:		420.58 time, 440.01 real, 66 MB
[runlim] sample:		430.58 time, 450.01 real, 66 MB
[runlim] sample:		438.59 time, 460.01 real, 66 MB
[runlim] sample:		448.59 time, 470.01 real, 66 MB
[runlim] sample:		458.59 time, 480.01 real, 66 MB
[runlim] sample:		467.50 time, 490.01 real, 68 MB
[runlim] sample:		476.97 time, 500.01 real, 75 MB
[runlim] sample:		486.97 time, 510.01 real, 78 MB
[runlim] sample:		496.98 time, 520.01 real, 88 MB
[runlim] sample:		505.56 time, 530.01 real, 88 MB
[runlim] sample:		514.85 time, 540.01 real, 88 MB
[runlim] sample:		524.85 time, 550.01 real, 89 MB
[runlim] sample:		534.86 time, 560.01 real, 96 MB
[runlim] sample:		543.35 time, 570.01 real, 96 MB
[runlim] sample:		553.23 time, 580.01 real, 96 MB
[runlim] sample:		563.23 time, 590.01 real, 96 MB
[runlim] sample:		573.22 time, 600.01 real, 99 MB
[runlim] sample:		582.17 time, 610.01 real, 103 MB
[runlim] sample:		592.16 time, 620.01 real, 108 MB
[runlim] sample:		601.13 time, 630.01 real, 120 MB
[runlim] sample:		611.13 time, 640.01 real, 121 MB
[runlim] sample:		619.93 time, 650.01 real, 121 MB
[runlim] sample:		629.93 time, 660.01 real, 129 MB
[runlim] sample:		638.86 time, 670.01 real, 137 MB
[runlim] sample:		648.86 time, 680.01 real, 137 MB
[runlim] sample:		657.89 time, 690.01 real, 137 MB
[runlim] sample:		666.91 time, 700.01 real, 137 MB
[runlim] sample:		676.91 time, 710.01 real, 137 MB
[runlim] sample:		686.91 time, 720.01 real, 137 MB
[runlim] sample:		696.11 time, 730.01 real, 137 MB
[runlim] sample:		705.79 time, 740.01 real, 140 MB
[runlim] sample:		715.62 time, 750.01 real, 140 MB
[runlim] sample:		725.62 time, 760.02 real, 140 MB
[runlim] sample:		735.62 time, 770.02 real, 140 MB
[runlim] sample:		744.43 time, 780.01 real, 142 MB
[runlim] sample:		753.83 time, 790.01 real, 144 MB
[runlim] sample:		763.83 time, 800.01 real, 144 MB
[runlim] sample:		773.83 time, 810.01 real, 144 MB
[runlim] sample:		783.83 time, 820.01 real, 144 MB
[runlim] sample:		792.01 time, 830.01 real, 144 MB
[runlim] sample:		802.00 time, 840.02 real, 144 MB
[runlim] sample:		811.48 time, 850.01 real, 144 MB
[runlim] sample:		821.49 time, 860.01 real, 144 MB
[runlim] sample:		829.85 time, 870.01 real, 144 MB
[runlim] sample:		838.88 time, 880.01 real, 144 MB
[runlim] sample:		848.88 time, 890.01 real, 144 MB
[runlim] sample:		858.64 time, 900.01 real, 144 MB


 SIG RECEIVED

Terminated
[runlim] end:			Thu Feb 18 10:08:05 2021
[runlim] status:		out of time
[runlim] result:		2
[runlim] children:		3
[runlim] real:			900.09 seconds
[runlim] time:			858.64 seconds
[runlim] space:			144 MB
[runlim] samples:		9000
