[runlim] version:		1.21
[runlim] host:			c3n22
[runlim] time limit:		900 seconds
[runlim] real time limit:	900 seconds
[runlim] space limit:		60000 MB
[runlim] argv[0]:		./binary
[runlim] argv[1]:		/tmp/local-unzipped-18838260-44-eequery_query64_1344.cnf
[runlim] start:			Thu Feb 18 09:53:05 2021
[runlim] child:			9926
[runlim] sample:		9.98 time, 10.01 real, 10 MB
[runlim] sample:		19.98 time, 20.01 real, 12 MB
[runlim] sample:		29.98 time, 30.01 real, 14 MB
[runlim] sample:		39.03 time, 40.01 real, 15 MB
[runlim] sample:		48.81 time, 50.01 real, 16 MB
[runlim] sample:		58.81 time, 60.01 real, 17 MB
[runlim] sample:		68.81 time, 70.01 real, 17 MB
[runlim] sample:		78.80 time, 80.01 real, 18 MB
[runlim] sample:		87.59 time, 90.01 real, 19 MB
[runlim] sample:		97.59 time, 100.01 real, 19 MB
[runlim] sample:		107.58 time, 110.01 real, 20 MB
[runlim] sample:		117.48 time, 120.01 real, 20 MB
[runlim] sample:		127.37 time, 130.01 real, 22 MB
[runlim] sample:		137.22 time, 140.01 real, 22 MB
[runlim] sample:		147.21 time, 150.01 real, 23 MB
[runlim] sample:		157.21 time, 160.01 real, 25 MB
[runlim] sample:		166.95 time, 170.01 real, 25 MB
[runlim] sample:		175.34 time, 180.01 real, 26 MB
[runlim] sample:		184.32 time, 190.01 real, 27 MB
[runlim] sample:		194.31 time, 200.01 real, 28 MB
[runlim] sample:		204.32 time, 210.01 real, 28 MB
[runlim] sample:		214.04 time, 220.01 real, 29 MB
[runlim] sample:		223.52 time, 230.01 real, 29 MB
[runlim] sample:		233.52 time, 240.01 real, 29 MB
[runlim] sample:		243.51 time, 250.01 real, 29 MB
[runlim] sample:		253.10 time, 260.01 real, 30 MB
[runlim] sample:		262.12 time, 270.01 real, 30 MB
[runlim] sample:		271.87 time, 280.01 real, 30 MB
[runlim] sample:		281.87 time, 290.01 real, 30 MB
[runlim] sample:		291.36 time, 300.01 real, 31 MB
[runlim] sample:		300.26 time, 310.01 real, 31 MB
[runlim] sample:		310.26 time, 320.01 real, 32 MB
[runlim] sample:		318.59 time, 330.01 real, 33 MB
[runlim] sample:		328.55 time, 340.01 real, 34 MB
[runlim] sample:		338.31 time, 350.01 real, 35 MB
[runlim] sample:		347.96 time, 360.01 real, 36 MB
[runlim] sample:		357.81 time, 370.01 real, 37 MB
[runlim] sample:		367.80 time, 380.01 real, 37 MB
[runlim] sample:		377.75 time, 390.01 real, 37 MB
[runlim] sample:		387.25 time, 400.01 real, 37 MB
[runlim] sample:		397.25 time, 410.01 real, 37 MB
[runlim] sample:		407.25 time, 420.01 real, 37 MB
[runlim] sample:		415.66 time, 430.01 real, 37 MB
[runlim] sample:		425.39 time, 440.01 real, 38 MB
[runlim] sample:		435.39 time, 450.01 real, 38 MB
[runlim] sample:		445.39 time, 460.01 real, 38 MB
[runlim] sample:		453.62 time, 470.01 real, 38 MB
[runlim] sample:		463.35 time, 480.01 real, 38 MB
[runlim] sample:		473.35 time, 490.01 real, 38 MB
[runlim] sample:		483.35 time, 500.01 real, 39 MB
[runlim] sample:		491.99 time, 510.01 real, 39 MB
[runlim] sample:		501.45 time, 520.01 real, 39 MB
[runlim] sample:		511.46 time, 530.01 real, 39 MB
[runlim] sample:		521.46 time, 540.01 real, 39 MB
[runlim] sample:		530.96 time, 550.01 real, 39 MB
[runlim] sample:		540.96 time, 560.01 real, 40 MB
[runlim] sample:		550.97 time, 570.01 real, 40 MB
[runlim] sample:		559.57 time, 580.01 real, 40 MB
[runlim] sample:		569.57 time, 590.01 real, 41 MB
[runlim] sample:		579.56 time, 600.01 real, 41 MB
[runlim] sample:		589.36 time, 610.01 real, 42 MB
[runlim] sample:		598.53 time, 620.01 real, 42 MB
[runlim] sample:		608.53 time, 630.01 real, 43 MB
[runlim] sample:		618.53 time, 640.01 real, 43 MB
[runlim] sample:		628.09 time, 650.01 real, 43 MB
[runlim] sample:		638.09 time, 660.01 real, 44 MB
[runlim] sample:		646.99 time, 670.01 real, 44 MB
[runlim] sample:		656.13 time, 680.01 real, 44 MB
[runlim] sample:		666.12 time, 690.01 real, 45 MB
[runlim] sample:		676.13 time, 700.01 real, 45 MB
[runlim] sample:		685.01 time, 710.01 real, 45 MB
[runlim] sample:		694.41 time, 720.01 real, 45 MB
[runlim] sample:		704.05 time, 730.01 real, 45 MB
[runlim] sample:		714.05 time, 740.01 real, 46 MB
[runlim] sample:		724.05 time, 750.01 real, 46 MB
[runlim] sample:		732.09 time, 760.01 real, 46 MB
[runlim] sample:		741.54 time, 770.01 real, 46 MB
[runlim] sample:		751.46 time, 780.01 real, 46 MB
[runlim] sample:		761.46 time, 790.01 real, 47 MB
[runlim] sample:		770.17 time, 800.01 real, 48 MB
[runlim] sample:		780.16 time, 810.01 real, 49 MB
[runlim] sample:		789.92 time, 820.01 real, 49 MB
[runlim] sample:		799.92 time, 830.01 real, 49 MB
[runlim] sample:		808.35 time, 840.01 real, 49 MB
[runlim] sample:		818.35 time, 850.01 real, 49 MB
[runlim] sample:		828.34 time, 860.01 real, 49 MB
[runlim] sample:		836.85 time, 870.01 real, 49 MB
[runlim] sample:		846.83 time, 880.01 real, 50 MB
[runlim] sample:		856.83 time, 890.01 real, 51 MB
[runlim] sample:		866.60 time, 900.01 real, 51 MB


 SIG RECEIVED

Terminated
[runlim] end:			Thu Feb 18 10:08:05 2021
[runlim] status:		out of time
[runlim] result:		2
[runlim] children:		3
[runlim] real:			900.10 seconds
[runlim] time:			866.60 seconds
[runlim] space:			51 MB
[runlim] samples:		9000
