[runlim] version:		1.21
[runlim] host:			c3n23
[runlim] time limit:		900 seconds
[runlim] real time limit:	900 seconds
[runlim] space limit:		60000 MB
[runlim] argv[0]:		./binary
[runlim] argv[1]:		/tmp/local-unzipped-18838260-45-exquery_query42_1344n.cnf
[runlim] start:			Thu Feb 18 09:53:05 2021
[runlim] child:			10554
solving-time: 3.01
OK
qrpcheck-time: 0.31
qrpcert-time: 0.00
certcheck-time: 0.00
final-check-time: 0.00
[runlim] end:			Thu Feb 18 09:53:08 2021
[runlim] status:		ok
[runlim] result:		0
[runlim] children:		5
[runlim] real:			3.41 seconds
[runlim] time:			3.23 seconds
[runlim] space:			42 MB
[runlim] samples:		33
