[runlim] version:		1.21
[runlim] host:			c3n25
[runlim] time limit:		900 seconds
[runlim] real time limit:	900 seconds
[runlim] space limit:		60000 MB
[runlim] argv[0]:		./binary
[runlim] argv[1]:		/tmp/local-unzipped-18838260-50-falsequ_query71_1344n.cnf
[runlim] start:			Thu Feb 18 09:53:05 2021
[runlim] child:			10002
solving-time: 0.00
OK
qrpcheck-time: 0.00
qrpcert-time: 0.00
certcheck-time: 0.00
final-check-time: 0.00
[runlim] end:			Thu Feb 18 09:53:05 2021
[runlim] status:		ok
[runlim] result:		0
[runlim] children:		0
[runlim] real:			0.07 seconds
[runlim] time:			0.00 seconds
[runlim] space:			0 MB
[runlim] samples:		0
