[runlim] version:		1.21
[runlim] host:			c3n28
[runlim] time limit:		900 seconds
[runlim] real time limit:	900 seconds
[runlim] space limit:		60000 MB
[runlim] argv[0]:		./binary
[runlim] argv[1]:		/tmp/local-unzipped-18838260-55-fpu-10Xh-correct04-uniform-depth-18.cnf
[runlim] start:			Thu Feb 18 09:53:05 2021
[runlim] child:			7429
solving-time: 3.45
OK
qrpcheck-time: 0.43
qrpcert-time: 0.32
certcheck-time: 2.16
final-check-time: 3.22
[runlim] end:			Thu Feb 18 09:53:15 2021
[runlim] status:		ok
[runlim] result:		0
[runlim] children:		11
[runlim] real:			9.77 seconds
[runlim] time:			9.32 seconds
[runlim] space:			640 MB
[runlim] samples:		97
