[runlim] version:		1.21
[runlim] host:			c3n28
[runlim] time limit:		900 seconds
[runlim] real time limit:	900 seconds
[runlim] space limit:		60000 MB
[runlim] argv[0]:		./binary
[runlim] argv[1]:		/tmp/local-unzipped-18838260-56-fpu-10Xh-error01-uniform-depth-20.cnf
[runlim] start:			Thu Feb 18 09:53:05 2021
[runlim] child:			7431
solving-time: 4.47
OK
qrpcheck-time: 0.50
qrpcert-time: 0.37
certcheck-time: 2.36
[runlim] sample:		9.59 time, 10.02 real, 367 MB
final-check-time: 3.59
[runlim] end:			Thu Feb 18 09:53:16 2021
[runlim] status:		ok
[runlim] result:		0
[runlim] children:		12
[runlim] real:			11.49 seconds
[runlim] time:			11.00 seconds
[runlim] space:			711 MB
[runlim] samples:		114
