[runlim] version:		1.21
[runlim] host:			c3n29
[runlim] time limit:		900 seconds
[runlim] real time limit:	900 seconds
[runlim] space limit:		60000 MB
[runlim] argv[0]:		./binary
[runlim] argv[1]:		/tmp/local-unzipped-18838260-57-fpu-10Xh-error01-uniform-depth-25.cnf
[runlim] start:			Thu Feb 18 09:53:05 2021
[runlim] child:			6933
solving-time: 5.15
OK
qrpcheck-time: 0.65
qrpcert-time: 0.55
certcheck-time: 2.94
[runlim] sample:		9.68 time, 10.01 real, 111 MB
final-check-time: 4.36
[runlim] end:			Thu Feb 18 09:53:19 2021
[runlim] status:		ok
[runlim] result:		0
[runlim] children:		13
[runlim] real:			13.86 seconds
[runlim] time:			13.40 seconds
[runlim] space:			878 MB
[runlim] samples:		138
