[runlim] version:		1.21
[runlim] host:			c3n30
[runlim] time limit:		900 seconds
[runlim] real time limit:	900 seconds
[runlim] space limit:		60000 MB
[runlim] argv[0]:		./binary
[runlim] argv[1]:		/tmp/local-unzipped-18838260-60-freecell02_6.cnf
[runlim] start:			Thu Feb 18 09:53:05 2021
[runlim] child:			6135
[runlim] sample:		9.84 time, 10.01 real, 247 MB
[runlim] sample:		19.53 time, 20.01 real, 248 MB
[runlim] sample:		29.53 time, 30.01 real, 251 MB
[runlim] sample:		39.49 time, 40.01 real, 251 MB
[runlim] sample:		47.52 time, 50.01 real, 252 MB
[runlim] sample:		56.77 time, 60.01 real, 252 MB
[runlim] sample:		66.76 time, 70.01 real, 257 MB
[runlim] sample:		75.76 time, 80.01 real, 264 MB
[runlim] sample:		85.62 time, 90.01 real, 270 MB
[runlim] sample:		94.16 time, 100.01 real, 276 MB
[runlim] sample:		104.15 time, 110.01 real, 278 MB
[runlim] sample:		114.15 time, 120.01 real, 278 MB
[runlim] sample:		123.17 time, 130.01 real, 278 MB
[runlim] sample:		132.26 time, 140.01 real, 279 MB
[runlim] sample:		142.26 time, 150.01 real, 280 MB
[runlim] sample:		152.26 time, 160.01 real, 280 MB
[runlim] sample:		161.20 time, 170.01 real, 280 MB
[runlim] sample:		169.86 time, 180.01 real, 280 MB
[runlim] sample:		179.86 time, 190.01 real, 280 MB
[runlim] sample:		189.86 time, 200.01 real, 280 MB
[runlim] sample:		198.67 time, 210.01 real, 280 MB
[runlim] sample:		207.97 time, 220.01 real, 280 MB
[runlim] sample:		217.30 time, 230.01 real, 280 MB
[runlim] sample:		227.30 time, 240.01 real, 280 MB
[runlim] sample:		236.34 time, 250.01 real, 280 MB
[runlim] sample:		245.93 time, 260.01 real, 280 MB
[runlim] sample:		253.73 time, 270.01 real, 282 MB
[runlim] sample:		263.73 time, 280.01 real, 284 MB
[runlim] sample:		273.73 time, 290.01 real, 287 MB
[runlim] sample:		283.22 time, 300.01 real, 289 MB
[runlim] sample:		291.95 time, 310.01 real, 289 MB
[runlim] sample:		301.95 time, 320.01 real, 289 MB
[runlim] sample:		311.95 time, 330.01 real, 289 MB
[runlim] sample:		320.80 time, 340.01 real, 289 MB
[runlim] sample:		329.01 time, 350.01 real, 291 MB
[runlim] sample:		338.69 time, 360.01 real, 292 MB
[runlim] sample:		348.69 time, 370.01 real, 292 MB
[runlim] sample:		358.31 time, 380.01 real, 292 MB
[runlim] sample:		367.70 time, 390.01 real, 292 MB
[runlim] sample:		377.06 time, 400.01 real, 292 MB
[runlim] sample:		387.07 time, 410.01 real, 292 MB
[runlim] sample:		396.68 time, 420.01 real, 292 MB
[runlim] sample:		406.35 time, 430.01 real, 292 MB
[runlim] sample:		414.94 time, 440.01 real, 292 MB
[runlim] sample:		424.93 time, 450.01 real, 292 MB
[runlim] sample:		434.13 time, 460.01 real, 294 MB
[runlim] sample:		444.13 time, 470.01 real, 296 MB
[runlim] sample:		453.09 time, 480.01 real, 296 MB
[runlim] sample:		463.09 time, 490.01 real, 296 MB
[runlim] sample:		472.90 time, 500.01 real, 296 MB
[runlim] sample:		482.90 time, 510.01 real, 296 MB
[runlim] sample:		491.70 time, 520.01 real, 296 MB
[runlim] sample:		501.71 time, 530.01 real, 296 MB
[runlim] sample:		511.25 time, 540.01 real, 296 MB
[runlim] sample:		521.25 time, 550.01 real, 296 MB
[runlim] sample:		529.17 time, 560.01 real, 296 MB
[runlim] sample:		539.17 time, 570.01 real, 296 MB
[runlim] sample:		548.88 time, 580.01 real, 296 MB
[runlim] sample:		558.88 time, 590.01 real, 296 MB
[runlim] sample:		566.68 time, 600.01 real, 296 MB
[runlim] sample:		576.68 time, 610.01 real, 296 MB
[runlim] sample:		586.67 time, 620.01 real, 296 MB
[runlim] sample:		596.57 time, 630.01 real, 296 MB
[runlim] sample:		605.77 time, 640.01 real, 296 MB
[runlim] sample:		615.17 time, 650.01 real, 296 MB
[runlim] sample:		625.09 time, 660.01 real, 296 MB
[runlim] sample:		635.10 time, 670.01 real, 296 MB
[runlim] sample:		644.14 time, 680.01 real, 296 MB
[runlim] sample:		652.42 time, 690.01 real, 296 MB
[runlim] sample:		662.24 time, 700.01 real, 296 MB
[runlim] sample:		672.23 time, 710.01 real, 296 MB
[runlim] sample:		682.24 time, 720.01 real, 297 MB
[runlim] sample:		690.04 time, 730.01 real, 297 MB
[runlim] sample:		699.41 time, 740.01 real, 297 MB
[runlim] sample:		708.41 time, 750.01 real, 297 MB
[runlim] sample:		718.41 time, 760.01 real, 297 MB
[runlim] sample:		727.89 time, 770.01 real, 297 MB
[runlim] sample:		736.25 time, 780.01 real, 297 MB
[runlim] sample:		745.85 time, 790.01 real, 297 MB
[runlim] sample:		755.12 time, 800.01 real, 297 MB
[runlim] sample:		765.11 time, 810.01 real, 297 MB
[runlim] sample:		773.45 time, 820.01 real, 297 MB
[runlim] sample:		783.37 time, 830.01 real, 299 MB
[runlim] sample:		792.04 time, 840.01 real, 299 MB
[runlim] sample:		802.04 time, 850.01 real, 299 MB
[runlim] sample:		810.62 time, 860.01 real, 299 MB
[runlim] sample:		820.41 time, 870.01 real, 299 MB
[runlim] sample:		829.36 time, 880.01 real, 299 MB
[runlim] sample:		839.19 time, 890.01 real, 299 MB
[runlim] sample:		847.47 time, 900.01 real, 300 MB


 SIG RECEIVED

Terminated
[runlim] end:			Thu Feb 18 10:08:05 2021
[runlim] status:		out of time
[runlim] result:		2
[runlim] children:		3
[runlim] real:			900.09 seconds
[runlim] time:			847.47 seconds
[runlim] space:			300 MB
[runlim] samples:		9000
