[runlim] version:		1.21
[runlim] host:			c3n31
[runlim] time limit:		900 seconds
[runlim] real time limit:	900 seconds
[runlim] space limit:		60000 MB
[runlim] argv[0]:		./binary
[runlim] argv[1]:		/tmp/local-unzipped-18838260-61-freecell03_5.cnf
[runlim] start:			Thu Feb 18 09:53:05 2021
[runlim] child:			6252
[runlim] sample:		9.98 time, 10.01 real, 409 MB
[runlim] sample:		19.70 time, 20.01 real, 409 MB
[runlim] sample:		29.28 time, 30.01 real, 409 MB
[runlim] sample:		38.18 time, 40.01 real, 409 MB
[runlim] sample:		48.18 time, 50.01 real, 410 MB
[runlim] sample:		58.18 time, 60.01 real, 411 MB
[runlim] sample:		66.65 time, 70.01 real, 413 MB
[runlim] sample:		75.88 time, 80.01 real, 414 MB
[runlim] sample:		84.28 time, 90.01 real, 415 MB
[runlim] sample:		94.03 time, 100.01 real, 417 MB
[runlim] sample:		102.40 time, 110.01 real, 418 MB
[runlim] sample:		111.14 time, 120.01 real, 419 MB
[runlim] sample:		121.14 time, 130.01 real, 420 MB
[runlim] sample:		131.13 time, 140.01 real, 421 MB
[runlim] sample:		139.51 time, 150.01 real, 422 MB
[runlim] sample:		148.91 time, 160.01 real, 423 MB
[runlim] sample:		157.27 time, 170.01 real, 424 MB
[runlim] sample:		167.05 time, 180.01 real, 424 MB
[runlim] sample:		177.05 time, 190.01 real, 426 MB
[runlim] sample:		186.80 time, 200.01 real, 428 MB
[runlim] sample:		194.55 time, 210.01 real, 428 MB
[runlim] sample:		204.40 time, 220.01 real, 429 MB
[runlim] sample:		214.05 time, 230.01 real, 431 MB
[runlim] sample:		223.68 time, 240.01 real, 431 MB
[runlim] sample:		232.63 time, 250.01 real, 432 MB
[runlim] sample:		241.53 time, 260.01 real, 434 MB
[runlim] sample:		251.43 time, 270.01 real, 434 MB
[runlim] sample:		259.80 time, 280.01 real, 436 MB
[runlim] sample:		269.09 time, 290.01 real, 436 MB
[runlim] sample:		279.10 time, 300.01 real, 436 MB
[runlim] sample:		287.73 time, 310.01 real, 436 MB
[runlim] sample:		297.60 time, 320.01 real, 436 MB
[runlim] sample:		306.22 time, 330.01 real, 436 MB
[runlim] sample:		316.21 time, 340.01 real, 436 MB
[runlim] sample:		325.68 time, 350.01 real, 436 MB
[runlim] sample:		335.68 time, 360.01 real, 436 MB
[runlim] sample:		344.65 time, 370.01 real, 436 MB
[runlim] sample:		354.02 time, 380.01 real, 437 MB
[runlim] sample:		363.94 time, 390.01 real, 437 MB
[runlim] sample:		373.94 time, 400.01 real, 437 MB
[runlim] sample:		382.55 time, 410.01 real, 437 MB
[runlim] sample:		391.47 time, 420.01 real, 437 MB
[runlim] sample:		400.49 time, 430.01 real, 437 MB
[runlim] sample:		410.49 time, 440.01 real, 437 MB
[runlim] sample:		418.83 time, 450.02 real, 437 MB
[runlim] sample:		428.15 time, 460.01 real, 437 MB
[runlim] sample:		437.20 time, 470.01 real, 437 MB
[runlim] sample:		446.84 time, 480.01 real, 437 MB
[runlim] sample:		456.84 time, 490.01 real, 437 MB
[runlim] sample:		465.22 time, 500.01 real, 437 MB
[runlim] sample:		475.22 time, 510.02 real, 438 MB
[runlim] sample:		484.95 time, 520.01 real, 439 MB
[runlim] sample:		494.95 time, 530.01 real, 439 MB
[runlim] sample:		503.41 time, 540.01 real, 440 MB
[runlim] sample:		513.40 time, 550.01 real, 440 MB
[runlim] sample:		522.17 time, 560.01 real, 441 MB
[runlim] sample:		531.75 time, 570.02 real, 442 MB
[runlim] sample:		539.75 time, 580.01 real, 442 MB
[runlim] sample:		549.75 time, 590.01 real, 443 MB
[runlim] sample:		559.75 time, 600.01 real, 443 MB
[runlim] sample:		568.47 time, 610.01 real, 443 MB
[runlim] sample:		577.34 time, 620.01 real, 443 MB
[runlim] sample:		586.91 time, 630.01 real, 443 MB
[runlim] sample:		596.91 time, 640.01 real, 443 MB
[runlim] sample:		606.49 time, 650.01 real, 443 MB
[runlim] sample:		614.84 time, 660.01 real, 443 MB
[runlim] sample:		624.12 time, 670.01 real, 443 MB
[runlim] sample:		632.95 time, 680.01 real, 443 MB
[runlim] sample:		642.62 time, 690.01 real, 443 MB
[runlim] sample:		652.20 time, 700.01 real, 443 MB
[runlim] sample:		660.19 time, 710.01 real, 443 MB
[runlim] sample:		670.18 time, 720.01 real, 443 MB
[runlim] sample:		679.98 time, 730.01 real, 443 MB
[runlim] sample:		689.97 time, 740.01 real, 443 MB
[runlim] sample:		698.86 time, 750.01 real, 443 MB
[runlim] sample:		708.50 time, 760.01 real, 443 MB
[runlim] sample:		717.94 time, 770.01 real, 443 MB
[runlim] sample:		727.94 time, 780.01 real, 443 MB
[runlim] sample:		737.56 time, 790.01 real, 443 MB
[runlim] sample:		746.24 time, 800.01 real, 443 MB
[runlim] sample:		756.13 time, 810.01 real, 443 MB
[runlim] sample:		766.04 time, 820.01 real, 443 MB
[runlim] sample:		775.71 time, 830.01 real, 443 MB
[runlim] sample:		784.44 time, 840.01 real, 443 MB
[runlim] sample:		794.44 time, 850.01 real, 444 MB
[runlim] sample:		804.15 time, 860.01 real, 444 MB
[runlim] sample:		813.76 time, 870.01 real, 445 MB
[runlim] sample:		823.04 time, 880.01 real, 445 MB
[runlim] sample:		833.04 time, 890.01 real, 445 MB
[runlim] sample:		841.77 time, 900.01 real, 446 MB


 SIG RECEIVED

Terminated
Terminated
[runlim] end:			Thu Feb 18 10:08:05 2021
[runlim] status:		out of time
[runlim] result:		2
[runlim] children:		3
[runlim] real:			900.10 seconds
[runlim] time:			841.77 seconds
[runlim] space:			446 MB
[runlim] samples:		9000
