[runlim] version:		1.21
[runlim] host:			c3n32
[runlim] time limit:		900 seconds
[runlim] real time limit:	900 seconds
[runlim] space limit:		60000 MB
[runlim] argv[0]:		./binary
[runlim] argv[1]:		/tmp/local-unzipped-18838260-64-freecell04_8.cnf
[runlim] start:			Thu Feb 18 09:53:05 2021
[runlim] child:			7710
[runlim] sample:		9.14 time, 10.01 real, 1000 MB
[runlim] sample:		18.95 time, 20.01 real, 1004 MB
[runlim] sample:		28.92 time, 30.01 real, 1005 MB
[runlim] sample:		38.92 time, 40.02 real, 1005 MB
[runlim] sample:		48.87 time, 50.01 real, 1006 MB
[runlim] sample:		58.87 time, 60.01 real, 1006 MB
[runlim] sample:		68.87 time, 70.01 real, 1007 MB
[runlim] sample:		78.38 time, 80.02 real, 1010 MB
[runlim] sample:		88.37 time, 90.01 real, 1010 MB
[runlim] sample:		98.37 time, 100.02 real, 1011 MB
[runlim] sample:		108.14 time, 110.02 real, 1011 MB
[runlim] sample:		118.14 time, 120.01 real, 1012 MB
[runlim] sample:		128.14 time, 130.02 real, 1012 MB
[runlim] sample:		137.23 time, 140.01 real, 1013 MB
[runlim] sample:		146.98 time, 150.01 real, 1013 MB
[runlim] sample:		156.98 time, 160.01 real, 1016 MB
[runlim] sample:		166.98 time, 170.01 real, 1022 MB
[runlim] sample:		175.25 time, 180.01 real, 1025 MB
[runlim] sample:		184.88 time, 190.02 real, 1028 MB
[runlim] sample:		194.48 time, 200.01 real, 1029 MB
[runlim] sample:		204.48 time, 210.02 real, 1032 MB
[runlim] sample:		214.48 time, 220.01 real, 1032 MB
[runlim] sample:		224.22 time, 230.01 real, 1033 MB
[runlim] sample:		233.45 time, 240.01 real, 1033 MB
[runlim] sample:		243.45 time, 250.01 real, 1036 MB
[runlim] sample:		253.45 time, 260.02 real, 1042 MB
[runlim] sample:		261.75 time, 270.02 real, 1043 MB
[runlim] sample:		271.76 time, 280.02 real, 1044 MB
[runlim] sample:		281.75 time, 290.02 real, 1045 MB
[runlim] sample:		290.56 time, 300.02 real, 1045 MB
[runlim] sample:		299.70 time, 310.01 real, 1047 MB
[runlim] sample:		309.71 time, 320.01 real, 1047 MB
[runlim] sample:		319.06 time, 330.02 real, 1047 MB
[runlim] sample:		329.00 time, 340.01 real, 1047 MB
[runlim] sample:		338.78 time, 350.02 real, 1048 MB
[runlim] sample:		348.77 time, 360.01 real, 1048 MB
[runlim] sample:		358.55 time, 370.02 real, 1048 MB
[runlim] sample:		368.29 time, 380.01 real, 1048 MB
[runlim] sample:		378.28 time, 390.01 real, 1048 MB
[runlim] sample:		388.29 time, 400.02 real, 1049 MB
[runlim] sample:		397.86 time, 410.02 real, 1050 MB
[runlim] sample:		407.59 time, 420.02 real, 1050 MB
[runlim] sample:		417.59 time, 430.01 real, 1050 MB
[runlim] sample:		426.49 time, 440.01 real, 1050 MB
[runlim] sample:		436.11 time, 450.02 real, 1050 MB
[runlim] sample:		445.93 time, 460.02 real, 1050 MB
[runlim] sample:		455.92 time, 470.01 real, 1050 MB
[runlim] sample:		464.82 time, 480.02 real, 1050 MB
[runlim] sample:		473.12 time, 490.01 real, 1050 MB
[runlim] sample:		483.06 time, 500.02 real, 1050 MB
[runlim] sample:		491.86 time, 510.01 real, 1050 MB
[runlim] sample:		501.87 time, 520.02 real, 1050 MB
[runlim] sample:		511.72 time, 530.01 real, 1050 MB
[runlim] sample:		521.73 time, 540.02 real, 1050 MB
[runlim] sample:		530.56 time, 550.02 real, 1050 MB
[runlim] sample:		540.56 time, 560.01 real, 1050 MB
[runlim] sample:		548.94 time, 570.01 real, 1050 MB
[runlim] sample:		558.94 time, 580.01 real, 1050 MB
[runlim] sample:		568.77 time, 590.01 real, 1050 MB
[runlim] sample:		578.46 time, 600.01 real, 1050 MB
[runlim] sample:		588.17 time, 610.02 real, 1050 MB
[runlim] sample:		597.40 time, 620.01 real, 1051 MB
[runlim] sample:		607.13 time, 630.02 real, 1051 MB
[runlim] sample:		616.17 time, 640.01 real, 1052 MB
[runlim] sample:		625.68 time, 650.02 real, 1052 MB
[runlim] sample:		634.71 time, 660.01 real, 1053 MB
[runlim] sample:		644.71 time, 670.02 real, 1054 MB
[runlim] sample:		653.70 time, 680.01 real, 1054 MB
[runlim] sample:		663.25 time, 690.01 real, 1055 MB
[runlim] sample:		672.72 time, 700.02 real, 1055 MB
[runlim] sample:		682.72 time, 710.01 real, 1056 MB
[runlim] sample:		692.00 time, 720.01 real, 1056 MB
[runlim] sample:		701.74 time, 730.02 real, 1057 MB
[runlim] sample:		711.74 time, 740.02 real, 1058 MB
[runlim] sample:		721.74 time, 750.02 real, 1058 MB
[runlim] sample:		730.88 time, 760.02 real, 1059 MB
[runlim] sample:		740.58 time, 770.02 real, 1059 MB
[runlim] sample:		750.58 time, 780.02 real, 1060 MB
[runlim] sample:		760.58 time, 790.01 real, 1061 MB
[runlim] sample:		768.80 time, 800.02 real, 1061 MB
[runlim] sample:		778.49 time, 810.02 real, 1062 MB
[runlim] sample:		788.49 time, 820.02 real, 1062 MB
[runlim] sample:		798.50 time, 830.02 real, 1063 MB
[runlim] sample:		806.75 time, 840.02 real, 1064 MB
[runlim] sample:		816.69 time, 850.02 real, 1064 MB
[runlim] sample:		826.69 time, 860.02 real, 1065 MB
[runlim] sample:		836.70 time, 870.02 real, 1066 MB
[runlim] sample:		844.94 time, 880.02 real, 1066 MB
[runlim] sample:		854.93 time, 890.02 real, 1066 MB
[runlim] sample:		864.92 time, 900.02 real, 1066 MB


 SIG RECEIVED

Terminated
[runlim] end:			Thu Feb 18 10:08:05 2021
[runlim] status:		out of time
[runlim] result:		2
[runlim] children:		3
[runlim] real:			900.10 seconds
[runlim] time:			864.92 seconds
[runlim] space:			1066 MB
[runlim] samples:		9000
