[runlim] version:		1.21
[runlim] host:			c3n29
[runlim] time limit:		900 seconds
[runlim] real time limit:	900 seconds
[runlim] space limit:		60000 MB
[runlim] argv[0]:		./binary
[runlim] argv[1]:		/tmp/local-unzipped-18838260-58-freecell02_4.cnf
[runlim] start:			Thu Feb 18 09:53:05 2021
[runlim] child:			6926
[runlim] sample:		9.98 time, 10.01 real, 184 MB
[runlim] sample:		19.98 time, 20.01 real, 188 MB
[runlim] sample:		29.98 time, 30.01 real, 198 MB
[runlim] sample:		39.94 time, 40.01 real, 208 MB
[runlim] sample:		49.19 time, 50.01 real, 208 MB
[runlim] sample:		58.89 time, 60.01 real, 208 MB
[runlim] sample:		68.75 time, 70.01 real, 208 MB
[runlim] sample:		78.75 time, 80.01 real, 212 MB
[runlim] sample:		88.75 time, 90.01 real, 212 MB
[runlim] sample:		98.19 time, 100.01 real, 212 MB
[runlim] sample:		107.55 time, 110.01 real, 212 MB
[runlim] sample:		116.55 time, 120.01 real, 214 MB
[runlim] sample:		125.23 time, 130.01 real, 215 MB
[runlim] sample:		135.23 time, 140.01 real, 215 MB
[runlim] sample:		144.75 time, 150.01 real, 215 MB
[runlim] sample:		153.94 time, 160.01 real, 215 MB
[runlim] sample:		163.30 time, 170.01 real, 215 MB
[runlim] sample:		173.30 time, 180.01 real, 217 MB
[runlim] sample:		183.25 time, 190.01 real, 217 MB
[runlim] sample:		192.98 time, 200.01 real, 217 MB
[runlim] sample:		200.45 time, 210.01 real, 217 MB
[runlim] sample:		210.44 time, 220.01 real, 217 MB
[runlim] sample:		220.45 time, 230.01 real, 217 MB
[runlim] sample:		229.20 time, 240.01 real, 217 MB
[runlim] sample:		238.16 time, 250.01 real, 218 MB
[runlim] sample:		246.73 time, 260.01 real, 220 MB
[runlim] sample:		256.73 time, 270.01 real, 220 MB
[runlim] sample:		265.55 time, 280.01 real, 220 MB
[runlim] sample:		275.03 time, 290.01 real, 220 MB
[runlim] sample:		284.22 time, 300.01 real, 220 MB
[runlim] sample:		294.22 time, 310.01 real, 220 MB
[runlim] sample:		304.22 time, 320.01 real, 220 MB
[runlim] sample:		313.97 time, 330.01 real, 220 MB
[runlim] sample:		322.64 time, 340.01 real, 220 MB
[runlim] sample:		332.41 time, 350.01 real, 220 MB
[runlim] sample:		341.21 time, 360.01 real, 221 MB
[runlim] sample:		350.86 time, 370.01 real, 223 MB
[runlim] sample:		359.37 time, 380.01 real, 224 MB
[runlim] sample:		368.83 time, 390.01 real, 224 MB
[runlim] sample:		378.83 time, 400.01 real, 224 MB
[runlim] sample:		388.61 time, 410.01 real, 221 MB
[runlim] sample:		397.13 time, 420.01 real, 221 MB
[runlim] sample:		406.47 time, 430.01 real, 221 MB
[runlim] sample:		416.47 time, 440.01 real, 221 MB
[runlim] sample:		425.19 time, 450.01 real, 221 MB
[runlim] sample:		435.11 time, 460.01 real, 221 MB
[runlim] sample:		442.96 time, 470.01 real, 221 MB
[runlim] sample:		452.96 time, 480.01 real, 224 MB
[runlim] sample:		461.65 time, 490.01 real, 226 MB
[runlim] sample:		471.65 time, 500.01 real, 226 MB
[runlim] sample:		480.08 time, 510.01 real, 226 MB
[runlim] sample:		490.09 time, 520.01 real, 226 MB
[runlim] sample:		498.79 time, 530.01 real, 228 MB
[runlim] sample:		508.79 time, 540.01 real, 233 MB
[runlim] sample:		517.09 time, 550.01 real, 233 MB
[runlim] sample:		527.09 time, 560.01 real, 233 MB
[runlim] sample:		535.67 time, 570.01 real, 233 MB
[runlim] sample:		545.67 time, 580.02 real, 233 MB
[runlim] sample:		554.13 time, 590.01 real, 233 MB
[runlim] sample:		564.14 time, 600.01 real, 233 MB
[runlim] sample:		572.64 time, 610.01 real, 235 MB
[runlim] sample:		582.63 time, 620.02 real, 235 MB
[runlim] sample:		591.24 time, 630.02 real, 235 MB
[runlim] sample:		601.14 time, 640.01 real, 235 MB
[runlim] sample:		611.10 time, 650.01 real, 235 MB
[runlim] sample:		620.94 time, 660.01 real, 235 MB
[runlim] sample:		628.84 time, 670.01 real, 235 MB
[runlim] sample:		638.59 time, 680.01 real, 235 MB
[runlim] sample:		648.58 time, 690.01 real, 236 MB
[runlim] sample:		657.45 time, 700.01 real, 237 MB
[runlim] sample:		665.62 time, 710.01 real, 238 MB
[runlim] sample:		675.05 time, 720.01 real, 239 MB
[runlim] sample:		685.05 time, 730.01 real, 239 MB
[runlim] sample:		694.76 time, 740.01 real, 239 MB
[runlim] sample:		704.13 time, 750.01 real, 239 MB
[runlim] sample:		713.43 time, 760.01 real, 239 MB
[runlim] sample:		722.20 time, 770.02 real, 239 MB
[runlim] sample:		732.21 time, 780.01 real, 239 MB
[runlim] sample:		742.20 time, 790.01 real, 239 MB
[runlim] sample:		751.23 time, 800.01 real, 239 MB
[runlim] sample:		760.27 time, 810.01 real, 239 MB
[runlim] sample:		770.27 time, 820.01 real, 242 MB
[runlim] sample:		780.27 time, 830.01 real, 242 MB
[runlim] sample:		790.27 time, 840.01 real, 242 MB
[runlim] sample:		798.29 time, 850.01 real, 242 MB
[runlim] sample:		808.02 time, 860.01 real, 242 MB
[runlim] sample:		818.01 time, 870.01 real, 242 MB
[runlim] sample:		828.01 time, 880.01 real, 242 MB
[runlim] sample:		836.21 time, 890.01 real, 242 MB
[runlim] sample:		845.84 time, 900.01 real, 242 MB


 SIG RECEIVED

Terminated
[runlim] end:			Thu Feb 18 10:08:05 2021
[runlim] status:		out of time
[runlim] result:		2
[runlim] children:		3
[runlim] real:			900.10 seconds
[runlim] time:			845.84 seconds
[runlim] space:			242 MB
[runlim] samples:		9000
