[runlim] version:		1.21
[runlim] host:			c3n25
[runlim] time limit:		900 seconds
[runlim] real time limit:	900 seconds
[runlim] space limit:		60000 MB
[runlim] argv[0]:		./binary
[runlim] argv[1]:		/tmp/local-unzipped-18838260-68-gttt_2_2_000111_4x4_w.cnf
[runlim] start:			Thu Feb 18 09:53:05 2021
[runlim] child:			10194
solving-time: 6.46
OK
qrpcheck-time: 1.36
qrpcert-time: 0.29
certcheck-time: 0.07
final-check-time: 0.12
[runlim] end:			Thu Feb 18 09:53:14 2021
[runlim] status:		ok
[runlim] result:		0
[runlim] children:		11
[runlim] real:			8.40 seconds
[runlim] time:			8.01 seconds
[runlim] space:			124 MB
[runlim] samples:		83
