[runlim] version:		1.21
[runlim] host:			c3n13
[runlim] time limit:		900 seconds
[runlim] real time limit:	900 seconds
[runlim] space limit:		60000 MB
[runlim] argv[0]:		./binary
[runlim] argv[1]:		/tmp/local-unzipped-18838260-73-incrementer-enc07-uniform-depth-25.cnf
[runlim] start:			Thu Feb 18 09:53:07 2021
[runlim] child:			14663
[runlim] sample:		9.98 time, 10.01 real, 33 MB
[runlim] sample:		19.99 time, 20.01 real, 35 MB
[runlim] sample:		29.99 time, 30.01 real, 38 MB
[runlim] sample:		39.00 time, 40.01 real, 41 MB
[runlim] sample:		48.39 time, 50.01 real, 43 MB
[runlim] sample:		57.85 time, 60.01 real, 46 MB
[runlim] sample:		67.85 time, 70.01 real, 48 MB
[runlim] sample:		77.49 time, 80.01 real, 48 MB
[runlim] sample:		85.95 time, 90.01 real, 48 MB
[runlim] sample:		95.14 time, 100.01 real, 49 MB
[runlim] sample:		104.88 time, 110.01 real, 51 MB
[runlim] sample:		113.81 time, 120.01 real, 51 MB
[runlim] sample:		123.81 time, 130.01 real, 51 MB
[runlim] sample:		132.17 time, 140.01 real, 51 MB
[runlim] sample:		141.14 time, 150.01 real, 51 MB
[runlim] sample:		151.04 time, 160.01 real, 51 MB
[runlim] sample:		161.04 time, 170.01 real, 52 MB
[runlim] sample:		170.75 time, 180.01 real, 54 MB
[runlim] sample:		179.50 time, 190.01 real, 54 MB
[runlim] sample:		188.43 time, 200.01 real, 54 MB
[runlim] sample:		198.34 time, 210.01 real, 54 MB
[runlim] sample:		208.33 time, 220.01 real, 55 MB
[runlim] sample:		217.22 time, 230.01 real, 56 MB
[runlim] sample:		226.82 time, 240.01 real, 58 MB
[runlim] sample:		235.53 time, 250.01 real, 59 MB
[runlim] sample:		245.52 time, 260.01 real, 59 MB
[runlim] sample:		255.53 time, 270.01 real, 59 MB
[runlim] sample:		263.95 time, 280.01 real, 59 MB
[runlim] sample:		273.48 time, 290.01 real, 59 MB
[runlim] sample:		282.80 time, 300.01 real, 59 MB
[runlim] sample:		292.81 time, 310.01 real, 60 MB
[runlim] sample:		301.00 time, 320.01 real, 60 MB
[runlim] sample:		310.11 time, 330.01 real, 60 MB
[runlim] sample:		318.74 time, 340.01 real, 60 MB
[runlim] sample:		328.60 time, 350.01 real, 60 MB
[runlim] sample:		338.60 time, 360.01 real, 60 MB
[runlim] sample:		348.37 time, 370.01 real, 60 MB
[runlim] sample:		355.96 time, 380.01 real, 61 MB
[runlim] sample:		365.66 time, 390.01 real, 61 MB
[runlim] sample:		374.59 time, 400.01 real, 61 MB
[runlim] sample:		384.58 time, 410.01 real, 61 MB
[runlim] sample:		393.94 time, 420.01 real, 61 MB
[runlim] sample:		402.98 time, 430.01 real, 61 MB
[runlim] sample:		412.51 time, 440.01 real, 61 MB
[runlim] sample:		422.22 time, 450.01 real, 62 MB
[runlim] sample:		431.27 time, 460.01 real, 63 MB
[runlim] sample:		441.27 time, 470.01 real, 63 MB
[runlim] sample:		450.00 time, 480.01 real, 63 MB
[runlim] sample:		459.31 time, 490.01 real, 63 MB
[runlim] sample:		469.09 time, 500.01 real, 63 MB
[runlim] sample:		479.10 time, 510.01 real, 63 MB
[runlim] sample:		488.77 time, 520.01 real, 63 MB
[runlim] sample:		496.70 time, 530.01 real, 64 MB
[runlim] sample:		506.57 time, 540.01 real, 65 MB
[runlim] sample:		515.49 time, 550.01 real, 66 MB
[runlim] sample:		525.49 time, 560.01 real, 66 MB
[runlim] sample:		533.87 time, 570.01 real, 66 MB
[runlim] sample:		542.64 time, 580.01 real, 66 MB
[runlim] sample:		551.53 time, 590.01 real, 66 MB
[runlim] sample:		561.45 time, 600.01 real, 66 MB
[runlim] sample:		571.45 time, 610.01 real, 66 MB
[runlim] sample:		579.22 time, 620.01 real, 66 MB
[runlim] sample:		588.79 time, 630.01 real, 67 MB
[runlim] sample:		597.66 time, 640.01 real, 68 MB
[runlim] sample:		607.67 time, 650.01 real, 68 MB
[runlim] sample:		617.37 time, 660.01 real, 68 MB
[runlim] sample:		626.06 time, 670.01 real, 68 MB
[runlim] sample:		634.95 time, 680.01 real, 68 MB
[runlim] sample:		644.43 time, 690.01 real, 68 MB
[runlim] sample:		654.43 time, 700.01 real, 68 MB
[runlim] sample:		664.43 time, 710.01 real, 68 MB
[runlim] sample:		673.40 time, 720.01 real, 69 MB
[runlim] sample:		682.36 time, 730.01 real, 69 MB
[runlim] sample:		690.84 time, 740.01 real, 70 MB
[runlim] sample:		700.84 time, 750.01 real, 71 MB
[runlim] sample:		710.84 time, 760.01 real, 71 MB
[runlim] sample:		719.44 time, 770.01 real, 71 MB
[runlim] sample:		728.00 time, 780.01 real, 71 MB
[runlim] sample:		736.92 time, 790.01 real, 71 MB
[runlim] sample:		746.92 time, 800.01 real, 71 MB
[runlim] sample:		756.92 time, 810.01 real, 73 MB
[runlim] sample:		764.72 time, 820.01 real, 74 MB
[runlim] sample:		774.30 time, 830.01 real, 74 MB
[runlim] sample:		783.04 time, 840.01 real, 74 MB
[runlim] sample:		793.04 time, 850.01 real, 74 MB
[runlim] sample:		801.84 time, 860.01 real, 74 MB
[runlim] sample:		810.44 time, 870.01 real, 74 MB
[runlim] sample:		819.68 time, 880.01 real, 74 MB
[runlim] sample:		829.44 time, 890.01 real, 74 MB
[runlim] sample:		839.44 time, 900.01 real, 74 MB


 SIG RECEIVED

Terminated
[runlim] end:			Thu Feb 18 10:08:07 2021
[runlim] status:		out of time
[runlim] result:		2
[runlim] children:		3
[runlim] real:			900.11 seconds
[runlim] time:			839.44 seconds
[runlim] space:			74 MB
[runlim] samples:		9000
