[runlim] version:		1.21
[runlim] host:			c3n04
[runlim] time limit:		900 seconds
[runlim] real time limit:	900 seconds
[runlim] space limit:		60000 MB
[runlim] argv[0]:		./binary
[runlim] argv[1]:		/tmp/local-unzipped-18838260-69-incrementer-enc02-uniform-depth-58.cnf
[runlim] start:			Thu Feb 18 09:53:05 2021
[runlim] child:			15571
[runlim] sample:		9.99 time, 10.01 real, 53 MB
[runlim] sample:		19.99 time, 20.01 real, 55 MB
[runlim] sample:		29.99 time, 30.01 real, 57 MB
[runlim] sample:		38.73 time, 40.01 real, 58 MB
[runlim] sample:		47.65 time, 50.01 real, 59 MB
[runlim] sample:		56.77 time, 60.01 real, 60 MB
[runlim] sample:		66.76 time, 70.01 real, 61 MB
[runlim] sample:		76.76 time, 80.01 real, 62 MB
[runlim] sample:		84.74 time, 90.01 real, 63 MB
[runlim] sample:		93.73 time, 100.01 real, 64 MB
[runlim] sample:		103.41 time, 110.01 real, 65 MB
[runlim] sample:		113.32 time, 120.01 real, 66 MB
[runlim] sample:		123.32 time, 130.01 real, 67 MB
[runlim] sample:		133.32 time, 140.01 real, 69 MB
[runlim] sample:		141.53 time, 150.01 real, 70 MB
[runlim] sample:		150.53 time, 160.01 real, 70 MB
[runlim] sample:		159.98 time, 170.01 real, 71 MB
[runlim] sample:		169.98 time, 180.01 real, 72 MB
[runlim] sample:		178.98 time, 190.01 real, 72 MB
[runlim] sample:		188.73 time, 200.01 real, 73 MB
[runlim] sample:		197.29 time, 210.01 real, 73 MB
[runlim] sample:		206.91 time, 220.01 real, 73 MB
[runlim] sample:		216.88 time, 230.01 real, 73 MB
[runlim] sample:		226.58 time, 240.01 real, 73 MB
[runlim] sample:		236.11 time, 250.01 real, 73 MB
[runlim] sample:		244.86 time, 260.01 real, 74 MB
[runlim] sample:		254.86 time, 270.01 real, 75 MB
[runlim] sample:		263.73 time, 280.01 real, 76 MB
[runlim] sample:		273.56 time, 290.01 real, 76 MB
[runlim] sample:		282.17 time, 300.01 real, 77 MB
[runlim] sample:		291.62 time, 310.01 real, 78 MB
[runlim] sample:		301.62 time, 320.01 real, 78 MB
[runlim] sample:		311.48 time, 330.01 real, 78 MB
[runlim] sample:		320.78 time, 340.01 real, 78 MB
[runlim] sample:		329.40 time, 350.01 real, 78 MB
[runlim] sample:		339.39 time, 360.01 real, 78 MB
[runlim] sample:		348.17 time, 370.01 real, 78 MB
[runlim] sample:		358.05 time, 380.01 real, 78 MB
[runlim] sample:		366.75 time, 390.01 real, 78 MB
[runlim] sample:		375.94 time, 400.01 real, 78 MB
[runlim] sample:		385.02 time, 410.01 real, 78 MB
[runlim] sample:		394.82 time, 420.01 real, 78 MB
[runlim] sample:		404.52 time, 430.01 real, 78 MB
[runlim] sample:		412.93 time, 440.01 real, 78 MB
[runlim] sample:		422.85 time, 450.01 real, 78 MB
[runlim] sample:		431.56 time, 460.01 real, 78 MB
[runlim] sample:		441.33 time, 470.01 real, 79 MB
[runlim] sample:		450.34 time, 480.01 real, 80 MB
[runlim] sample:		459.43 time, 490.01 real, 80 MB
[runlim] sample:		468.29 time, 500.01 real, 80 MB
[runlim] sample:		477.86 time, 510.01 real, 80 MB
[runlim] sample:		487.50 time, 520.01 real, 80 MB
[runlim] sample:		495.91 time, 530.01 real, 80 MB
[runlim] sample:		505.89 time, 540.01 real, 80 MB
[runlim] sample:		514.67 time, 550.01 real, 80 MB
[runlim] sample:		524.67 time, 560.01 real, 80 MB
[runlim] sample:		532.63 time, 570.01 real, 80 MB
[runlim] sample:		541.86 time, 580.01 real, 80 MB
[runlim] sample:		551.73 time, 590.01 real, 81 MB
[runlim] sample:		561.68 time, 600.01 real, 81 MB
[runlim] sample:		570.76 time, 610.01 real, 82 MB
[runlim] sample:		578.77 time, 620.01 real, 83 MB
[runlim] sample:		588.77 time, 630.01 real, 84 MB
[runlim] sample:		598.68 time, 640.01 real, 84 MB
[runlim] sample:		608.68 time, 650.01 real, 85 MB
[runlim] sample:		617.63 time, 660.01 real, 85 MB
[runlim] sample:		626.45 time, 670.01 real, 85 MB
[runlim] sample:		636.45 time, 680.01 real, 85 MB
[runlim] sample:		646.25 time, 690.01 real, 85 MB
[runlim] sample:		655.99 time, 700.01 real, 85 MB
[runlim] sample:		663.69 time, 710.01 real, 85 MB
[runlim] sample:		673.32 time, 720.01 real, 85 MB
[runlim] sample:		683.01 time, 730.01 real, 85 MB
[runlim] sample:		692.78 time, 740.01 real, 85 MB
[runlim] sample:		700.94 time, 750.01 real, 85 MB
[runlim] sample:		710.11 time, 760.01 real, 85 MB
[runlim] sample:		719.19 time, 770.01 real, 85 MB
[runlim] sample:		728.86 time, 780.01 real, 85 MB
[runlim] sample:		738.39 time, 790.01 real, 85 MB
[runlim] sample:		747.01 time, 800.01 real, 85 MB
[runlim] sample:		757.02 time, 810.01 real, 85 MB
[runlim] sample:		765.77 time, 820.01 real, 85 MB
[runlim] sample:		775.70 time, 830.01 real, 85 MB
[runlim] sample:		784.38 time, 840.01 real, 85 MB
[runlim] sample:		793.77 time, 850.01 real, 85 MB
[runlim] sample:		802.77 time, 860.01 real, 85 MB
[runlim] sample:		812.28 time, 870.01 real, 85 MB
[runlim] sample:		821.94 time, 880.01 real, 85 MB
[runlim] sample:		830.27 time, 890.01 real, 85 MB
[runlim] sample:		840.22 time, 900.01 real, 86 MB


 SIG RECEIVED

Terminated
[runlim] end:			Thu Feb 18 10:08:05 2021
[runlim] status:		out of time
[runlim] result:		2
[runlim] children:		3
[runlim] real:			900.09 seconds
[runlim] time:			840.22 seconds
[runlim] space:			86 MB
[runlim] samples:		9000
