[runlim] version:		1.21
[runlim] host:			c3n24
[runlim] time limit:		900 seconds
[runlim] real time limit:	900 seconds
[runlim] space limit:		60000 MB
[runlim] argv[0]:		./binary
[runlim] argv[1]:		/tmp/local-unzipped-18838260-72-incrementer-enc07-nonuniform-depth-25.cnf
[runlim] start:			Thu Feb 18 09:53:07 2021
[runlim] child:			11368
solving-time: 1.48
OK
qrpcheck-time: 1.27
qrpcert-time: 0.55
certcheck-time: 0.07
final-check-time: 0.68
[runlim] end:			Thu Feb 18 09:53:11 2021
[runlim] status:		ok
[runlim] result:		0
[runlim] children:		11
[runlim] real:			4.15 seconds
[runlim] time:			3.80 seconds
[runlim] space:			66 MB
[runlim] samples:		41
