[runlim] version:		1.21
[runlim] host:			c3n23
[runlim] time limit:		900 seconds
[runlim] real time limit:	900 seconds
[runlim] space limit:		60000 MB
[runlim] argv[0]:		./binary
[runlim] argv[1]:		/tmp/local-unzipped-18838260-74-incrementer-enc08-nonuniform-depth-32.cnf
[runlim] start:			Thu Feb 18 09:53:08 2021
[runlim] child:			10763
solving-time: 2.76
OK
qrpcheck-time: 2.67
qrpcert-time: 1.21
certcheck-time: 0.08
final-check-time: 1.04
[runlim] end:			Thu Feb 18 09:53:16 2021
[runlim] status:		ok
[runlim] result:		0
[runlim] children:		11
[runlim] real:			7.88 seconds
[runlim] time:			7.48 seconds
[runlim] space:			126 MB
[runlim] samples:		78
