[runlim] version:		1.21
[runlim] host:			c3n24
[runlim] time limit:		900 seconds
[runlim] real time limit:	900 seconds
[runlim] space limit:		60000 MB
[runlim] argv[0]:		./binary
[runlim] argv[1]:		/tmp/local-unzipped-18838260-75-incrementer-enc09-nonuniform-depth-15.cnf
[runlim] start:			Thu Feb 18 09:53:11 2021
[runlim] child:			11467
solving-time: 0.57
OK
qrpcheck-time: 0.51
qrpcert-time: 0.24
certcheck-time: 0.06
final-check-time: 0.15
[runlim] end:			Thu Feb 18 09:53:13 2021
[runlim] status:		ok
[runlim] result:		0
[runlim] children:		12
[runlim] real:			1.61 seconds
[runlim] time:			1.18 seconds
[runlim] space:			26 MB
[runlim] samples:		16
