[runlim] version:		1.21
[runlim] host:			c3n24
[runlim] time limit:		900 seconds
[runlim] real time limit:	900 seconds
[runlim] space limit:		60000 MB
[runlim] argv[0]:		./binary
[runlim] argv[1]:		/tmp/local-unzipped-18838260-77-load_full_4_comp3_REAL.unsat.cnf
[runlim] start:			Thu Feb 18 09:53:13 2021
[runlim] child:			11566
[runlim] sample:		9.99 time, 10.01 real, 641 MB
[runlim] sample:		19.99 time, 20.01 real, 641 MB
[runlim] sample:		29.87 time, 30.01 real, 642 MB
[runlim] sample:		38.77 time, 40.01 real, 642 MB
[runlim] sample:		48.14 time, 50.01 real, 642 MB
[runlim] sample:		58.14 time, 60.01 real, 642 MB
[runlim] sample:		67.87 time, 70.01 real, 642 MB
[runlim] sample:		77.86 time, 80.01 real, 642 MB
[runlim] sample:		85.28 time, 90.02 real, 642 MB
[runlim] sample:		94.78 time, 100.02 real, 642 MB
[runlim] sample:		104.78 time, 110.01 real, 642 MB
[runlim] sample:		114.78 time, 120.01 real, 642 MB
[runlim] sample:		124.40 time, 130.01 real, 642 MB
[runlim] sample:		132.30 time, 140.01 real, 642 MB
[runlim] sample:		142.02 time, 150.01 real, 642 MB
[runlim] sample:		152.01 time, 160.01 real, 642 MB
[runlim] sample:		162.00 time, 170.01 real, 642 MB
[runlim] sample:		170.46 time, 180.01 real, 642 MB
[runlim] sample:		179.77 time, 190.01 real, 642 MB
[runlim] sample:		189.70 time, 200.01 real, 642 MB
[runlim] sample:		199.69 time, 210.01 real, 642 MB
[runlim] sample:		209.69 time, 220.01 real, 642 MB
[runlim] sample:		217.43 time, 230.01 real, 642 MB
[runlim] sample:		226.03 time, 240.02 real, 642 MB
[runlim] sample:		236.03 time, 250.01 real, 642 MB
[runlim] sample:		246.03 time, 260.01 real, 642 MB
[runlim] sample:		256.01 time, 270.01 real, 642 MB
[runlim] sample:		264.21 time, 280.02 real, 642 MB
[runlim] sample:		273.90 time, 290.01 real, 642 MB
[runlim] sample:		283.91 time, 300.01 real, 642 MB
[runlim] sample:		293.90 time, 310.01 real, 642 MB
[runlim] sample:		302.47 time, 320.01 real, 642 MB
[runlim] sample:		311.47 time, 330.01 real, 642 MB
[runlim] sample:		320.82 time, 340.01 real, 642 MB
[runlim] sample:		330.82 time, 350.01 real, 642 MB
[runlim] sample:		340.82 time, 360.01 real, 642 MB
[runlim] sample:		349.36 time, 370.01 real, 642 MB
[runlim] sample:		357.72 time, 380.01 real, 642 MB
[runlim] sample:		367.72 time, 390.01 real, 642 MB
[runlim] sample:		377.72 time, 400.01 real, 642 MB
[runlim] sample:		387.72 time, 410.01 real, 642 MB
[runlim] sample:		396.01 time, 420.01 real, 642 MB
[runlim] sample:		405.72 time, 430.01 real, 642 MB
[runlim] sample:		415.71 time, 440.01 real, 642 MB
[runlim] sample:		425.72 time, 450.01 real, 642 MB
[runlim] sample:		434.17 time, 460.01 real, 642 MB
[runlim] sample:		443.21 time, 470.01 real, 642 MB
[runlim] sample:		452.88 time, 480.01 real, 642 MB
[runlim] sample:		462.88 time, 490.01 real, 642 MB
[runlim] sample:		472.87 time, 500.01 real, 642 MB
[runlim] sample:		480.70 time, 510.02 real, 642 MB
[runlim] sample:		489.83 time, 520.01 real, 642 MB
[runlim] sample:		499.45 time, 530.01 real, 642 MB
[runlim] sample:		509.45 time, 540.01 real, 643 MB
[runlim] sample:		519.45 time, 550.01 real, 643 MB
[runlim] sample:		527.30 time, 560.02 real, 643 MB
[runlim] sample:		536.30 time, 570.01 real, 643 MB
[runlim] sample:		545.77 time, 580.01 real, 643 MB
[runlim] sample:		555.46 time, 590.01 real, 643 MB
[runlim] sample:		564.43 time, 600.01 real, 643 MB
[runlim] sample:		574.43 time, 610.01 real, 643 MB
[runlim] sample:		584.43 time, 620.01 real, 643 MB
[runlim] sample:		593.95 time, 630.01 real, 643 MB
[runlim] sample:		602.35 time, 640.02 real, 643 MB
[runlim] sample:		611.57 time, 650.02 real, 643 MB
[runlim] sample:		620.29 time, 660.01 real, 643 MB
[runlim] sample:		629.10 time, 670.01 real, 643 MB
[runlim] sample:		638.68 time, 680.01 real, 643 MB
[runlim] sample:		648.67 time, 690.01 real, 643 MB
[runlim] sample:		658.67 time, 700.01 real, 643 MB
[runlim] sample:		667.29 time, 710.01 real, 643 MB
[runlim] sample:		676.67 time, 720.01 real, 643 MB
[runlim] sample:		685.91 time, 730.01 real, 643 MB
[runlim] sample:		695.69 time, 740.01 real, 643 MB
[runlim] sample:		705.68 time, 750.01 real, 643 MB
[runlim] sample:		715.68 time, 760.01 real, 643 MB
[runlim] sample:		724.48 time, 770.01 real, 643 MB
[runlim] sample:		733.96 time, 780.02 real, 643 MB
[runlim] sample:		743.95 time, 790.01 real, 643 MB
[runlim] sample:		752.92 time, 800.01 real, 643 MB
[runlim] sample:		762.93 time, 810.01 real, 643 MB
[runlim] sample:		771.64 time, 820.01 real, 643 MB
[runlim] sample:		781.17 time, 830.01 real, 643 MB
[runlim] sample:		789.98 time, 840.01 real, 643 MB
[runlim] sample:		799.98 time, 850.01 real, 644 MB
[runlim] sample:		809.98 time, 860.01 real, 644 MB
[runlim] sample:		818.73 time, 870.01 real, 644 MB
[runlim] sample:		827.83 time, 880.01 real, 644 MB
[runlim] sample:		837.83 time, 890.01 real, 644 MB
[runlim] sample:		847.82 time, 900.01 real, 644 MB


 SIG RECEIVED

Terminated
[runlim] end:			Thu Feb 18 10:08:13 2021
[runlim] status:		out of time
[runlim] result:		2
[runlim] children:		3
[runlim] real:			900.09 seconds
[runlim] time:			847.82 seconds
[runlim] space:			644 MB
[runlim] samples:		9000
