[runlim] version:		1.21
[runlim] host:			c3n25
[runlim] time limit:		900 seconds
[runlim] real time limit:	900 seconds
[runlim] space limit:		60000 MB
[runlim] argv[0]:		./binary
[runlim] argv[1]:		/tmp/local-unzipped-18838260-78-neclaftp4001.cnf
[runlim] start:			Thu Feb 18 09:53:14 2021
[runlim] child:			10308
[runlim] sample:		9.99 time, 10.01 real, 31 MB
[runlim] sample:		19.99 time, 20.01 real, 39 MB
[runlim] sample:		29.69 time, 30.01 real, 41 MB
[runlim] sample:		38.25 time, 40.01 real, 42 MB
[runlim] sample:		48.14 time, 50.01 real, 45 MB
[runlim] sample:		58.14 time, 60.01 real, 46 MB
[runlim] sample:		67.84 time, 70.01 real, 48 MB
[runlim] sample:		77.57 time, 80.01 real, 49 MB
[runlim] sample:		87.33 time, 90.01 real, 49 MB
[runlim] sample:		97.33 time, 100.01 real, 50 MB
[runlim] sample:		107.33 time, 110.01 real, 52 MB
[runlim] sample:		116.03 time, 120.01 real, 54 MB
[runlim] sample:		125.79 time, 130.01 real, 55 MB
[runlim] sample:		134.66 time, 140.01 real, 56 MB
[runlim] sample:		144.67 time, 150.01 real, 56 MB
[runlim] sample:		154.22 time, 160.01 real, 57 MB
[runlim] sample:		164.19 time, 170.01 real, 59 MB
[runlim] sample:		174.09 time, 180.01 real, 60 MB
[runlim] sample:		184.09 time, 190.01 real, 60 MB
[runlim] sample:		192.57 time, 200.01 real, 61 MB
[runlim] sample:		202.57 time, 210.01 real, 63 MB
[runlim] sample:		212.03 time, 220.01 real, 63 MB
[runlim] sample:		221.48 time, 230.01 real, 64 MB
[runlim] sample:		231.48 time, 240.01 real, 66 MB
[runlim] sample:		241.49 time, 250.01 real, 66 MB
[runlim] sample:		251.36 time, 260.01 real, 67 MB
[runlim] sample:		260.76 time, 270.01 real, 68 MB
[runlim] sample:		270.76 time, 280.01 real, 68 MB
[runlim] sample:		280.75 time, 290.01 real, 69 MB
[runlim] sample:		290.47 time, 300.01 real, 71 MB
[runlim] sample:		299.74 time, 310.01 real, 71 MB
[runlim] sample:		309.62 time, 320.01 real, 72 MB
[runlim] sample:		319.62 time, 330.01 real, 72 MB
[runlim] sample:		329.62 time, 340.01 real, 73 MB
[runlim] sample:		339.18 time, 350.01 real, 74 MB
[runlim] sample:		348.30 time, 360.01 real, 74 MB
[runlim] sample:		358.29 time, 370.01 real, 76 MB
[runlim] sample:		368.06 time, 380.01 real, 76 MB
[runlim] sample:		377.11 time, 390.01 real, 77 MB
[runlim] sample:		387.04 time, 400.01 real, 77 MB
[runlim] sample:		397.04 time, 410.01 real, 78 MB
[runlim] sample:		405.54 time, 420.01 real, 78 MB
[runlim] sample:		415.54 time, 430.01 real, 80 MB
[runlim] sample:		425.54 time, 440.01 real, 80 MB
[runlim] sample:		435.30 time, 450.01 real, 81 MB
[runlim] sample:		445.05 time, 460.01 real, 81 MB
[runlim] sample:		455.05 time, 470.01 real, 83 MB
[runlim] sample:		465.06 time, 480.01 real, 83 MB
[runlim] sample:		474.17 time, 490.01 real, 84 MB
[runlim] sample:		482.90 time, 500.01 real, 84 MB
[runlim] sample:		492.70 time, 510.01 real, 85 MB
[runlim] sample:		502.70 time, 520.01 real, 85 MB
[runlim] sample:		512.70 time, 530.01 real, 86 MB
[runlim] sample:		521.29 time, 540.01 real, 87 MB
[runlim] sample:		531.01 time, 550.01 real, 88 MB
[runlim] sample:		540.84 time, 560.01 real, 88 MB
[runlim] sample:		549.48 time, 570.01 real, 88 MB
[runlim] sample:		559.37 time, 580.01 real, 89 MB
[runlim] sample:		569.37 time, 590.01 real, 89 MB
[runlim] sample:		578.43 time, 600.01 real, 90 MB
[runlim] sample:		587.95 time, 610.01 real, 90 MB
[runlim] sample:		597.21 time, 620.01 real, 91 MB
[runlim] sample:		607.21 time, 630.01 real, 91 MB
[runlim] sample:		617.21 time, 640.01 real, 93 MB
[runlim] sample:		625.78 time, 650.01 real, 93 MB
[runlim] sample:		635.70 time, 660.01 real, 93 MB
[runlim] sample:		645.61 time, 670.01 real, 94 MB
[runlim] sample:		654.08 time, 680.01 real, 94 MB
[runlim] sample:		664.04 time, 690.01 real, 96 MB
[runlim] sample:		674.04 time, 700.01 real, 96 MB
[runlim] sample:		683.01 time, 710.01 real, 96 MB
[runlim] sample:		692.25 time, 720.01 real, 97 MB
[runlim] sample:		702.11 time, 730.01 real, 97 MB
[runlim] sample:		712.11 time, 740.01 real, 98 MB
[runlim] sample:		722.11 time, 750.01 real, 98 MB
[runlim] sample:		730.51 time, 760.01 real, 99 MB
[runlim] sample:		740.23 time, 770.01 real, 99 MB
[runlim] sample:		750.15 time, 780.01 real, 99 MB
[runlim] sample:		758.28 time, 790.01 real, 101 MB
[runlim] sample:		767.95 time, 800.01 real, 101 MB
[runlim] sample:		777.96 time, 810.01 real, 101 MB
[runlim] sample:		787.77 time, 820.01 real, 103 MB
[runlim] sample:		797.15 time, 830.01 real, 103 MB
[runlim] sample:		806.70 time, 840.01 real, 104 MB
[runlim] sample:		816.70 time, 850.01 real, 104 MB
[runlim] sample:		826.70 time, 860.01 real, 104 MB
[runlim] sample:		835.86 time, 870.01 real, 105 MB
[runlim] sample:		845.25 time, 880.01 real, 105 MB
[runlim] sample:		854.00 time, 890.01 real, 105 MB
[runlim] sample:		863.67 time, 900.01 real, 107 MB
Terminated
[runlim] end:			Thu Feb 18 10:08:14 2021
[runlim] status:		out of time
[runlim] result:		2
[runlim] children:		3
[runlim] real:			900.10 seconds
[runlim] time:			863.67 seconds
[runlim] space:			107 MB
[runlim] samples:		9000


 SIG RECEIVED

