[runlim] version:		1.21
[runlim] host:			c3n28
[runlim] time limit:		900 seconds
[runlim] real time limit:	900 seconds
[runlim] space limit:		60000 MB
[runlim] argv[0]:		./binary
[runlim] argv[1]:		/tmp/local-unzipped-18838260-80-ntrivil_query42_1344n.cnf
[runlim] start:			Thu Feb 18 09:53:15 2021
[runlim] child:			7562
solving-time: 0.03
OK
qrpcheck-time: 0.00
qrpcert-time: 0.00
certcheck-time: 0.01
final-check-time: 0.01
[runlim] end:			Thu Feb 18 09:53:15 2021
[runlim] status:		ok
[runlim] result:		0
[runlim] children:		1
[runlim] real:			0.14 seconds
[runlim] time:			0.00 seconds
[runlim] space:			3 MB
[runlim] samples:		1
