[runlim] version:		1.21
[runlim] host:			c3n28
[runlim] time limit:		900 seconds
[runlim] real time limit:	900 seconds
[runlim] space limit:		60000 MB
[runlim] argv[0]:		./binary
[runlim] argv[1]:		/tmp/local-unzipped-18838260-84-nxquery_query64_1344n.cnf
[runlim] start:			Thu Feb 18 09:53:16 2021
[runlim] child:			7859
[runlim] sample:		9.99 time, 10.01 real, 10 MB
[runlim] sample:		19.99 time, 20.01 real, 11 MB
[runlim] sample:		29.50 time, 30.01 real, 12 MB
[runlim] sample:		39.50 time, 40.01 real, 13 MB
[runlim] sample:		49.50 time, 50.01 real, 14 MB
[runlim] sample:		59.50 time, 60.01 real, 14 MB
[runlim] sample:		68.58 time, 70.01 real, 15 MB
[runlim] sample:		78.58 time, 80.01 real, 15 MB
[runlim] sample:		88.58 time, 90.01 real, 16 MB
[runlim] sample:		97.82 time, 100.01 real, 16 MB
[runlim] sample:		107.21 time, 110.01 real, 17 MB
[runlim] sample:		117.06 time, 120.01 real, 17 MB
[runlim] sample:		127.06 time, 130.01 real, 18 MB
[runlim] sample:		136.85 time, 140.01 real, 18 MB
[runlim] sample:		146.85 time, 150.01 real, 18 MB
solving-time: 159.77
[runlim] sample:		155.59 time, 160.01 real, 32 MB
[runlim] sample:		165.59 time, 170.01 real, 1425 MB
OK
qrpcheck-time: 14.75
qrpcert-time: 0.13
certcheck-time: 0.00
final-check-time: 0.00
[runlim] end:			Thu Feb 18 09:56:11 2021
[runlim] status:		ok
[runlim] result:		0
[runlim] children:		8
[runlim] real:			175.02 seconds
[runlim] time:			170.39 seconds
[runlim] space:			2055 MB
[runlim] samples:		1750
