[runlim] version:		1.21
[runlim] host:			c3n12
[runlim] time limit:		900 seconds
[runlim] real time limit:	900 seconds
[runlim] space limit:		60000 MB
[runlim] argv[0]:		./binary
[runlim] argv[1]:		/tmp/local-unzipped-18838260-93-pipesnotankage18_8.cnf
[runlim] start:			Thu Feb 18 09:53:44 2021
[runlim] child:			14308
[runlim] sample:		9.98 time, 10.01 real, 503 MB
[runlim] sample:		18.90 time, 20.01 real, 505 MB
[runlim] sample:		28.82 time, 30.01 real, 506 MB
[runlim] sample:		38.06 time, 40.01 real, 510 MB
[runlim] sample:		48.06 time, 50.01 real, 511 MB
[runlim] sample:		56.41 time, 60.01 real, 512 MB
[runlim] sample:		65.73 time, 70.01 real, 516 MB
[runlim] sample:		74.71 time, 80.01 real, 517 MB
[runlim] sample:		84.71 time, 90.01 real, 517 MB
[runlim] sample:		94.44 time, 100.01 real, 518 MB
[runlim] sample:		103.73 time, 110.01 real, 518 MB
[runlim] sample:		113.55 time, 120.01 real, 518 MB
[runlim] sample:		123.55 time, 130.01 real, 518 MB
[runlim] sample:		131.87 time, 140.01 real, 518 MB
[runlim] sample:		141.75 time, 150.01 real, 519 MB
[runlim] sample:		151.65 time, 160.01 real, 519 MB
[runlim] sample:		161.65 time, 170.01 real, 519 MB
[runlim] sample:		170.73 time, 180.01 real, 519 MB
[runlim] sample:		180.29 time, 190.01 real, 519 MB
[runlim] sample:		190.30 time, 200.01 real, 519 MB
[runlim] sample:		200.29 time, 210.01 real, 520 MB
[runlim] sample:		208.42 time, 220.01 real, 520 MB
[runlim] sample:		218.16 time, 230.01 real, 521 MB
[runlim] sample:		228.16 time, 240.01 real, 522 MB
[runlim] sample:		238.16 time, 250.01 real, 522 MB
[runlim] sample:		248.16 time, 260.01 real, 523 MB
[runlim] sample:		258.16 time, 270.01 real, 523 MB
[runlim] sample:		268.16 time, 280.01 real, 523 MB
[runlim] sample:		276.88 time, 290.01 real, 524 MB
[runlim] sample:		286.88 time, 300.01 real, 525 MB
[runlim] sample:		296.88 time, 310.01 real, 525 MB
[runlim] sample:		305.66 time, 320.01 real, 526 MB
[runlim] sample:		315.50 time, 330.01 real, 527 MB
[runlim] sample:		325.50 time, 340.01 real, 527 MB
[runlim] sample:		335.50 time, 350.01 real, 528 MB
[runlim] sample:		344.32 time, 360.01 real, 528 MB
[runlim] sample:		353.46 time, 370.01 real, 529 MB
[runlim] sample:		363.46 time, 380.01 real, 529 MB
[runlim] sample:		373.46 time, 390.01 real, 530 MB
[runlim] sample:		381.79 time, 400.01 real, 539 MB
[runlim] sample:		390.60 time, 410.01 real, 543 MB
[runlim] sample:		400.60 time, 420.01 real, 543 MB
[runlim] sample:		410.61 time, 430.01 real, 543 MB
[runlim] sample:		419.04 time, 440.01 real, 545 MB
[runlim] sample:		428.84 time, 450.01 real, 548 MB
[runlim] sample:		438.85 time, 460.01 real, 551 MB
[runlim] sample:		448.85 time, 470.01 real, 553 MB
[runlim] sample:		456.95 time, 480.01 real, 553 MB
[runlim] sample:		466.49 time, 490.01 real, 553 MB
[runlim] sample:		475.40 time, 500.01 real, 553 MB
[runlim] sample:		485.39 time, 510.01 real, 553 MB
[runlim] sample:		493.69 time, 520.01 real, 553 MB
[runlim] sample:		503.42 time, 530.01 real, 553 MB
[runlim] sample:		513.16 time, 540.01 real, 553 MB
[runlim] sample:		523.16 time, 550.01 real, 553 MB
[runlim] sample:		531.28 time, 560.01 real, 553 MB
[runlim] sample:		540.82 time, 570.01 real, 553 MB
[runlim] sample:		550.73 time, 580.01 real, 553 MB
[runlim] sample:		560.73 time, 590.01 real, 553 MB
[runlim] sample:		569.02 time, 600.01 real, 553 MB
[runlim] sample:		578.44 time, 610.01 real, 553 MB
[runlim] sample:		587.22 time, 620.01 real, 553 MB
[runlim] sample:		597.22 time, 630.01 real, 553 MB
[runlim] sample:		606.84 time, 640.01 real, 553 MB
[runlim] sample:		615.71 time, 650.01 real, 553 MB
[runlim] sample:		625.38 time, 660.01 real, 553 MB
[runlim] sample:		635.38 time, 670.01 real, 553 MB
[runlim] sample:		645.37 time, 680.01 real, 553 MB
[runlim] sample:		652.88 time, 690.01 real, 553 MB
[runlim] sample:		662.07 time, 700.01 real, 553 MB
[runlim] sample:		671.91 time, 710.01 real, 553 MB
[runlim] sample:		681.90 time, 720.01 real, 553 MB
[runlim] sample:		690.67 time, 730.01 real, 553 MB
[runlim] sample:		700.31 time, 740.01 real, 553 MB
[runlim] sample:		710.09 time, 750.01 real, 553 MB
[runlim] sample:		720.09 time, 760.01 real, 553 MB
[runlim] sample:		729.20 time, 770.01 real, 553 MB
[runlim] sample:		738.09 time, 780.01 real, 553 MB
[runlim] sample:		747.88 time, 790.01 real, 553 MB
[runlim] sample:		757.88 time, 800.01 real, 553 MB
[runlim] sample:		766.71 time, 810.01 real, 553 MB
[runlim] sample:		776.57 time, 820.01 real, 553 MB
[runlim] sample:		786.48 time, 830.01 real, 553 MB
[runlim] sample:		796.48 time, 840.01 real, 553 MB
[runlim] sample:		804.97 time, 850.01 real, 553 MB
[runlim] sample:		814.03 time, 860.01 real, 553 MB
[runlim] sample:		822.74 time, 870.01 real, 553 MB
[runlim] sample:		832.74 time, 880.01 real, 553 MB
[runlim] sample:		842.73 time, 890.01 real, 553 MB
[runlim] sample:		852.25 time, 900.01 real, 553 MB


 SIG RECEIVED

Terminated
[runlim] end:			Thu Feb 18 10:08:44 2021
[runlim] status:		out of time
[runlim] result:		2
[runlim] children:		3
[runlim] real:			900.10 seconds
[runlim] time:			852.25 seconds
[runlim] space:			553 MB
[runlim] samples:		9000
