[runlim] version:		1.21
[runlim] host:			c3n08
[runlim] time limit:		900 seconds
[runlim] real time limit:	900 seconds
[runlim] space limit:		60000 MB
[runlim] argv[0]:		./binary
[runlim] argv[1]:		/tmp/local-unzipped-18838260-95-pipesnotankage19_9.cnf
[runlim] start:			Thu Feb 18 09:55:18 2021
[runlim] child:			14183
[runlim] sample:		9.76 time, 10.01 real, 651 MB
[runlim] sample:		19.76 time, 20.01 real, 655 MB
[runlim] sample:		29.77 time, 30.01 real, 656 MB
[runlim] sample:		39.58 time, 40.01 real, 658 MB
[runlim] sample:		49.48 time, 50.01 real, 658 MB
[runlim] sample:		59.21 time, 60.01 real, 658 MB
[runlim] sample:		69.21 time, 70.01 real, 659 MB
[runlim] sample:		79.09 time, 80.01 real, 662 MB
[runlim] sample:		89.09 time, 90.01 real, 665 MB
[runlim] sample:		97.89 time, 100.01 real, 666 MB
[runlim] sample:		107.69 time, 110.01 real, 666 MB
[runlim] sample:		116.41 time, 120.01 real, 667 MB
[runlim] sample:		125.36 time, 130.01 real, 667 MB
[runlim] sample:		135.35 time, 140.01 real, 668 MB
[runlim] sample:		145.35 time, 150.01 real, 668 MB
[runlim] sample:		155.35 time, 160.01 real, 668 MB
[runlim] sample:		165.35 time, 170.01 real, 668 MB
[runlim] sample:		175.35 time, 180.01 real, 668 MB
[runlim] sample:		185.35 time, 190.01 real, 668 MB
[runlim] sample:		195.35 time, 200.01 real, 668 MB
[runlim] sample:		205.35 time, 210.01 real, 668 MB
[runlim] sample:		215.16 time, 220.01 real, 669 MB
[runlim] sample:		224.85 time, 230.01 real, 669 MB
[runlim] sample:		234.85 time, 240.01 real, 669 MB
[runlim] sample:		244.82 time, 250.01 real, 669 MB
[runlim] sample:		254.04 time, 260.01 real, 669 MB
[runlim] sample:		263.23 time, 270.01 real, 670 MB
[runlim] sample:		272.98 time, 280.01 real, 670 MB
[runlim] sample:		282.98 time, 290.01 real, 670 MB
[runlim] sample:		291.65 time, 300.01 real, 671 MB
[runlim] sample:		301.65 time, 310.01 real, 671 MB
[runlim] sample:		310.60 time, 320.01 real, 672 MB
[runlim] sample:		320.19 time, 330.01 real, 672 MB
[runlim] sample:		330.17 time, 340.01 real, 672 MB
[runlim] sample:		340.18 time, 350.01 real, 672 MB
[runlim] sample:		350.17 time, 360.01 real, 672 MB
[runlim] sample:		359.08 time, 370.01 real, 672 MB
[runlim] sample:		369.07 time, 380.01 real, 673 MB
[runlim] sample:		379.07 time, 390.01 real, 673 MB
[runlim] sample:		388.82 time, 400.01 real, 674 MB
[runlim] sample:		397.67 time, 410.01 real, 674 MB
[runlim] sample:		406.61 time, 420.01 real, 674 MB
[runlim] sample:		416.32 time, 430.01 real, 674 MB
[runlim] sample:		425.50 time, 440.01 real, 674 MB
[runlim] sample:		435.49 time, 450.01 real, 675 MB
[runlim] sample:		445.50 time, 460.01 real, 675 MB
[runlim] sample:		455.16 time, 470.01 real, 675 MB
[runlim] sample:		465.11 time, 480.01 real, 675 MB
[runlim] sample:		474.27 time, 490.01 real, 675 MB
[runlim] sample:		484.27 time, 500.01 real, 676 MB
[runlim] sample:		493.69 time, 510.01 real, 676 MB
[runlim] sample:		503.68 time, 520.01 real, 676 MB
[runlim] sample:		513.25 time, 530.01 real, 677 MB
[runlim] sample:		523.25 time, 540.01 real, 677 MB
[runlim] sample:		532.96 time, 550.01 real, 677 MB
[runlim] sample:		542.96 time, 560.01 real, 678 MB
[runlim] sample:		552.96 time, 570.01 real, 678 MB
[runlim] sample:		562.53 time, 580.01 real, 678 MB
[runlim] sample:		572.14 time, 590.01 real, 679 MB
[runlim] sample:		581.94 time, 600.01 real, 679 MB
[runlim] sample:		591.00 time, 610.01 real, 680 MB
[runlim] sample:		601.01 time, 620.01 real, 680 MB
[runlim] sample:		609.90 time, 630.01 real, 681 MB
[runlim] sample:		619.77 time, 640.01 real, 681 MB
[runlim] sample:		629.75 time, 650.01 real, 682 MB
[runlim] sample:		639.76 time, 660.01 real, 682 MB
[runlim] sample:		648.03 time, 670.01 real, 683 MB
[runlim] sample:		658.03 time, 680.01 real, 683 MB
[runlim] sample:		666.99 time, 690.01 real, 684 MB
[runlim] sample:		676.50 time, 700.01 real, 684 MB
[runlim] sample:		685.87 time, 710.01 real, 685 MB
[runlim] sample:		695.86 time, 720.01 real, 685 MB
[runlim] sample:		705.65 time, 730.01 real, 685 MB
[runlim] sample:		715.49 time, 740.01 real, 685 MB
[runlim] sample:		723.94 time, 750.01 real, 685 MB
[runlim] sample:		733.77 time, 760.01 real, 685 MB
[runlim] sample:		743.76 time, 770.02 real, 685 MB
[runlim] sample:		753.76 time, 780.01 real, 685 MB
[runlim] sample:		762.99 time, 790.01 real, 685 MB
[runlim] sample:		772.99 time, 800.01 real, 685 MB
[runlim] sample:		783.00 time, 810.01 real, 685 MB
[runlim] sample:		792.66 time, 820.01 real, 685 MB
[runlim] sample:		802.15 time, 830.01 real, 685 MB
[runlim] sample:		812.15 time, 840.01 real, 685 MB
[runlim] sample:		822.15 time, 850.01 real, 685 MB
[runlim] sample:		831.31 time, 860.01 real, 685 MB
[runlim] sample:		841.32 time, 870.01 real, 685 MB
[runlim] sample:		851.32 time, 880.01 real, 685 MB
[runlim] sample:		861.04 time, 890.01 real, 685 MB
[runlim] sample:		870.13 time, 900.01 real, 685 MB


 SIG RECEIVED

Terminated
[runlim] end:			Thu Feb 18 10:10:18 2021
[runlim] status:		out of time
[runlim] result:		2
[runlim] children:		3
[runlim] real:			900.09 seconds
[runlim] time:			870.13 seconds
[runlim] space:			685 MB
[runlim] samples:		9000
