[runlim] version:		1.21
[runlim] host:			c3n29
[runlim] time limit:		900 seconds
[runlim] real time limit:	900 seconds
[runlim] space limit:		60000 MB
[runlim] argv[0]:		./binary
[runlim] argv[1]:		/tmp/local-unzipped-18838260-91-pipesnotankage17_7.cnf
[runlim] start:			Thu Feb 18 09:53:19 2021
[runlim] child:			7036
[runlim] sample:		9.98 time, 10.01 real, 286 MB
[runlim] sample:		19.74 time, 20.01 real, 291 MB
[runlim] sample:		28.35 time, 30.01 real, 292 MB
[runlim] sample:		37.59 time, 40.01 real, 292 MB
[runlim] sample:		47.49 time, 50.01 real, 293 MB
[runlim] sample:		57.50 time, 60.01 real, 297 MB
[runlim] sample:		67.50 time, 70.01 real, 301 MB
[runlim] sample:		76.19 time, 80.01 real, 306 MB
[runlim] sample:		85.49 time, 90.01 real, 307 MB
[runlim] sample:		95.29 time, 100.01 real, 307 MB
[runlim] sample:		104.14 time, 110.01 real, 309 MB
[runlim] sample:		114.14 time, 120.01 real, 309 MB
[runlim] sample:		123.79 time, 130.01 real, 309 MB
[runlim] sample:		132.81 time, 140.01 real, 309 MB
[runlim] sample:		142.55 time, 150.01 real, 309 MB
[runlim] sample:		152.54 time, 160.01 real, 309 MB
[runlim] sample:		162.54 time, 170.01 real, 309 MB
[runlim] sample:		171.32 time, 180.01 real, 309 MB
[runlim] sample:		179.93 time, 190.01 real, 309 MB
[runlim] sample:		189.62 time, 200.01 real, 309 MB
[runlim] sample:		199.62 time, 210.01 real, 313 MB
[runlim] sample:		207.89 time, 220.01 real, 319 MB
[runlim] sample:		216.87 time, 230.01 real, 319 MB
[runlim] sample:		225.77 time, 240.02 real, 321 MB
[runlim] sample:		235.77 time, 250.01 real, 324 MB
[runlim] sample:		245.76 time, 260.01 real, 324 MB
[runlim] sample:		253.43 time, 270.01 real, 324 MB
[runlim] sample:		263.40 time, 280.01 real, 324 MB
[runlim] sample:		273.30 time, 290.01 real, 324 MB
[runlim] sample:		283.30 time, 300.01 real, 324 MB
[runlim] sample:		292.00 time, 310.01 real, 324 MB
[runlim] sample:		301.73 time, 320.01 real, 324 MB
[runlim] sample:		311.36 time, 330.01 real, 324 MB
[runlim] sample:		321.35 time, 340.01 real, 324 MB
[runlim] sample:		328.97 time, 350.01 real, 324 MB
[runlim] sample:		338.97 time, 360.01 real, 324 MB
[runlim] sample:		347.93 time, 370.01 real, 324 MB
[runlim] sample:		357.93 time, 380.01 real, 324 MB
[runlim] sample:		367.03 time, 390.01 real, 324 MB
[runlim] sample:		376.76 time, 400.01 real, 324 MB
[runlim] sample:		385.62 time, 410.01 real, 324 MB
[runlim] sample:		395.62 time, 420.01 real, 324 MB
[runlim] sample:		404.46 time, 430.01 real, 324 MB
[runlim] sample:		413.21 time, 440.01 real, 324 MB
[runlim] sample:		422.41 time, 450.02 real, 324 MB
[runlim] sample:		431.97 time, 460.01 real, 324 MB
[runlim] sample:		441.06 time, 470.01 real, 324 MB
[runlim] sample:		449.74 time, 480.01 real, 324 MB
[runlim] sample:		459.35 time, 490.01 real, 324 MB
[runlim] sample:		469.19 time, 500.01 real, 324 MB
[runlim] sample:		478.44 time, 510.01 real, 324 MB
[runlim] sample:		486.92 time, 520.01 real, 324 MB
[runlim] sample:		496.64 time, 530.01 real, 324 MB
[runlim] sample:		506.10 time, 540.01 real, 324 MB
[runlim] sample:		515.74 time, 550.01 real, 324 MB
[runlim] sample:		523.76 time, 560.01 real, 324 MB
[runlim] sample:		533.76 time, 570.01 real, 324 MB
[runlim] sample:		543.17 time, 580.01 real, 324 MB
[runlim] sample:		553.17 time, 590.01 real, 324 MB
[runlim] sample:		560.87 time, 600.01 real, 324 MB
[runlim] sample:		570.87 time, 610.01 real, 324 MB
[runlim] sample:		580.51 time, 620.01 real, 324 MB
[runlim] sample:		590.51 time, 630.01 real, 324 MB
[runlim] sample:		599.46 time, 640.01 real, 324 MB
[runlim] sample:		609.46 time, 650.01 real, 324 MB
[runlim] sample:		618.18 time, 660.01 real, 324 MB
[runlim] sample:		628.18 time, 670.01 real, 324 MB
[runlim] sample:		636.37 time, 680.01 real, 324 MB
[runlim] sample:		646.17 time, 690.01 real, 325 MB
[runlim] sample:		656.07 time, 700.01 real, 325 MB
[runlim] sample:		666.07 time, 710.01 real, 325 MB
[runlim] sample:		676.07 time, 720.01 real, 325 MB
[runlim] sample:		686.07 time, 730.01 real, 325 MB
[runlim] sample:		696.07 time, 740.01 real, 325 MB
[runlim] sample:		704.89 time, 750.01 real, 325 MB
[runlim] sample:		714.90 time, 760.01 real, 325 MB
[runlim] sample:		724.90 time, 770.01 real, 325 MB
[runlim] sample:		734.77 time, 780.02 real, 325 MB
[runlim] sample:		744.77 time, 790.01 real, 325 MB
[runlim] sample:		754.77 time, 800.02 real, 325 MB
[runlim] sample:		764.77 time, 810.02 real, 325 MB
[runlim] sample:		774.77 time, 820.01 real, 325 MB
[runlim] sample:		784.35 time, 830.01 real, 325 MB
[runlim] sample:		794.34 time, 840.01 real, 325 MB
[runlim] sample:		804.35 time, 850.01 real, 325 MB
[runlim] sample:		814.34 time, 860.01 real, 325 MB
[runlim] sample:		824.34 time, 870.01 real, 326 MB
[runlim] sample:		833.08 time, 880.01 real, 328 MB
[runlim] sample:		841.63 time, 890.01 real, 329 MB
[runlim] sample:		851.52 time, 900.01 real, 329 MB


 SIG RECEIVED

Terminated
[runlim] end:			Thu Feb 18 10:08:19 2021
[runlim] status:		out of time
[runlim] result:		2
[runlim] children:		3
[runlim] real:			900.09 seconds
[runlim] time:			851.52 seconds
[runlim] space:			329 MB
[runlim] samples:		9000
