[runlim] version:		1.21
[runlim] host:			c3n28
[runlim] time limit:		900 seconds
[runlim] real time limit:	900 seconds
[runlim] space limit:		60000 MB
[runlim] argv[0]:		./binary
[runlim] argv[1]:		/tmp/local-unzipped-18838260-98-sortnetsort9.v.stepl.005.cnf
[runlim] start:			Thu Feb 18 09:56:12 2021
[runlim] child:			8239
[runlim] sample:		9.99 time, 10.01 real, 14 MB
[runlim] sample:		19.32 time, 20.01 real, 18 MB
[runlim] sample:		29.32 time, 30.01 real, 22 MB
[runlim] sample:		37.93 time, 40.01 real, 24 MB
[runlim] sample:		47.93 time, 50.01 real, 26 MB
[runlim] sample:		56.77 time, 60.01 real, 28 MB
[runlim] sample:		66.13 time, 70.01 real, 29 MB
[runlim] sample:		75.04 time, 80.01 real, 31 MB
[runlim] sample:		84.82 time, 90.01 real, 32 MB
[runlim] sample:		94.11 time, 100.01 real, 34 MB
[runlim] sample:		103.27 time, 110.01 real, 35 MB
[runlim] sample:		113.27 time, 120.01 real, 36 MB
[runlim] sample:		123.16 time, 130.01 real, 37 MB
[runlim] sample:		133.07 time, 140.01 real, 39 MB
[runlim] sample:		141.16 time, 150.01 real, 40 MB
[runlim] sample:		151.16 time, 160.01 real, 41 MB
[runlim] sample:		160.09 time, 170.01 real, 42 MB
[runlim] sample:		169.79 time, 180.01 real, 42 MB
[runlim] sample:		178.40 time, 190.01 real, 44 MB
[runlim] sample:		188.41 time, 200.01 real, 46 MB
[runlim] sample:		197.37 time, 210.01 real, 47 MB
[runlim] sample:		205.61 time, 220.01 real, 48 MB
[runlim] sample:		215.61 time, 230.01 real, 48 MB
[runlim] sample:		225.61 time, 240.01 real, 49 MB
[runlim] sample:		234.48 time, 250.01 real, 49 MB
[runlim] sample:		243.71 time, 260.01 real, 49 MB
[runlim] sample:		252.81 time, 270.01 real, 49 MB
[runlim] sample:		262.82 time, 280.01 real, 50 MB
[runlim] sample:		272.82 time, 290.01 real, 52 MB
[runlim] sample:		282.03 time, 300.01 real, 53 MB
[runlim] sample:		291.66 time, 310.01 real, 54 MB
[runlim] sample:		301.66 time, 320.01 real, 55 MB
[runlim] sample:		311.67 time, 330.01 real, 55 MB
[runlim] sample:		320.95 time, 340.01 real, 55 MB
[runlim] sample:		329.68 time, 350.01 real, 55 MB
[runlim] sample:		339.68 time, 360.01 real, 56 MB
[runlim] sample:		349.68 time, 370.01 real, 56 MB
[runlim] sample:		359.38 time, 380.01 real, 57 MB
[runlim] sample:		367.38 time, 390.01 real, 58 MB
[runlim] sample:		377.15 time, 400.01 real, 58 MB
[runlim] sample:		387.16 time, 410.01 real, 59 MB
[runlim] sample:		396.79 time, 420.01 real, 60 MB
[runlim] sample:		405.43 time, 430.01 real, 60 MB
[runlim] sample:		415.05 time, 440.01 real, 60 MB
[runlim] sample:		425.05 time, 450.01 real, 60 MB
[runlim] sample:		434.53 time, 460.01 real, 61 MB
[runlim] sample:		444.27 time, 470.01 real, 62 MB
[runlim] sample:		454.24 time, 480.01 real, 63 MB
[runlim] sample:		464.24 time, 490.01 real, 64 MB
[runlim] sample:		473.33 time, 500.01 real, 64 MB
[runlim] sample:		483.33 time, 510.01 real, 64 MB
[runlim] sample:		491.93 time, 520.01 real, 64 MB
[runlim] sample:		501.93 time, 530.01 real, 65 MB
[runlim] sample:		511.38 time, 540.01 real, 65 MB
[runlim] sample:		521.38 time, 550.01 real, 65 MB
[runlim] sample:		530.14 time, 560.01 real, 66 MB
[runlim] sample:		539.83 time, 570.01 real, 66 MB
[runlim] sample:		549.50 time, 580.01 real, 67 MB
[runlim] sample:		559.49 time, 590.01 real, 68 MB
[runlim] sample:		569.38 time, 600.01 real, 68 MB
[runlim] sample:		577.70 time, 610.01 real, 69 MB
[runlim] sample:		587.54 time, 620.01 real, 69 MB
[runlim] sample:		597.54 time, 630.01 real, 69 MB
[runlim] sample:		606.15 time, 640.01 real, 69 MB
[runlim] sample:		614.81 time, 650.01 real, 69 MB
[runlim] sample:		624.80 time, 660.01 real, 69 MB
[runlim] sample:		634.81 time, 670.01 real, 69 MB
[runlim] sample:		644.49 time, 680.01 real, 70 MB
[runlim] sample:		653.68 time, 690.01 real, 70 MB
[runlim] sample:		663.44 time, 700.01 real, 70 MB
[runlim] sample:		673.44 time, 710.01 real, 70 MB
[runlim] sample:		683.44 time, 720.01 real, 71 MB
[runlim] sample:		693.44 time, 730.01 real, 71 MB
[runlim] sample:		702.76 time, 740.01 real, 72 MB
[runlim] sample:		712.76 time, 750.01 real, 72 MB
[runlim] sample:		722.76 time, 760.01 real, 72 MB
[runlim] sample:		731.54 time, 770.01 real, 72 MB
[runlim] sample:		741.54 time, 780.01 real, 73 MB
[runlim] sample:		751.53 time, 790.01 real, 73 MB
[runlim] sample:		761.18 time, 800.01 real, 73 MB
[runlim] sample:		770.81 time, 810.01 real, 74 MB
[runlim] sample:		780.80 time, 820.01 real, 76 MB
[runlim] sample:		790.81 time, 830.01 real, 76 MB
[runlim] sample:		800.19 time, 840.01 real, 76 MB
[runlim] sample:		810.18 time, 850.01 real, 76 MB
[runlim] sample:		820.19 time, 860.01 real, 76 MB
[runlim] sample:		829.83 time, 870.01 real, 76 MB
[runlim] sample:		839.37 time, 880.01 real, 76 MB
[runlim] sample:		849.37 time, 890.01 real, 77 MB
[runlim] sample:		859.36 time, 900.01 real, 77 MB


 SIG RECEIVED

Terminated
[runlim] end:			Thu Feb 18 10:11:12 2021
[runlim] status:		out of time
[runlim] result:		2
[runlim] children:		3
[runlim] real:			900.09 seconds
[runlim] time:			859.36 seconds
[runlim] space:			77 MB
[runlim] samples:		9000
