[runlim] version:		1.21
[runlim] host:			c3n05
[runlim] time limit:		900 seconds
[runlim] real time limit:	900 seconds
[runlim] space limit:		60000 MB
[runlim] argv[0]:		./binary
[runlim] argv[1]:		/tmp/local-unzipped-18838260-100-tlc05-uniform-depth-45.cnf
[runlim] start:			Thu Feb 18 10:00:08 2021
[runlim] child:			15049
[runlim] sample:		9.95 time, 10.01 real, 27 MB
[runlim] sample:		19.95 time, 20.01 real, 27 MB
[runlim] sample:		29.95 time, 30.01 real, 28 MB
[runlim] sample:		38.00 time, 40.01 real, 28 MB
[runlim] sample:		47.44 time, 50.01 real, 29 MB
[runlim] sample:		57.02 time, 60.01 real, 29 MB
[runlim] sample:		66.45 time, 70.01 real, 30 MB
[runlim] sample:		75.61 time, 80.01 real, 30 MB
[runlim] sample:		84.85 time, 90.01 real, 30 MB
[runlim] sample:		94.27 time, 100.01 real, 31 MB
[runlim] sample:		103.59 time, 110.01 real, 31 MB
[runlim] sample:		113.23 time, 120.01 real, 31 MB
[runlim] sample:		123.24 time, 130.01 real, 32 MB
[runlim] sample:		133.23 time, 140.01 real, 32 MB
[runlim] sample:		141.60 time, 150.01 real, 32 MB
[runlim] sample:		151.23 time, 160.01 real, 32 MB
[runlim] sample:		160.60 time, 170.01 real, 33 MB
[runlim] sample:		169.47 time, 180.01 real, 33 MB
[runlim] sample:		178.31 time, 190.01 real, 33 MB
[runlim] sample:		187.99 time, 200.01 real, 33 MB
[runlim] sample:		197.58 time, 210.01 real, 34 MB
[runlim] sample:		206.46 time, 220.01 real, 34 MB
[runlim] sample:		215.60 time, 230.01 real, 34 MB
[runlim] sample:		225.59 time, 240.01 real, 35 MB
[runlim] sample:		234.99 time, 250.01 real, 35 MB
[runlim] sample:		243.96 time, 260.01 real, 35 MB
[runlim] sample:		253.60 time, 270.01 real, 36 MB
[runlim] sample:		261.96 time, 280.01 real, 36 MB
[runlim] sample:		270.66 time, 290.01 real, 36 MB
[runlim] sample:		280.11 time, 300.01 real, 37 MB
[runlim] sample:		289.81 time, 310.01 real, 37 MB
[runlim] sample:		299.82 time, 320.01 real, 37 MB
[runlim] sample:		308.70 time, 330.01 real, 38 MB
[runlim] sample:		318.00 time, 340.01 real, 38 MB
[runlim] sample:		327.92 time, 350.01 real, 38 MB
[runlim] sample:		337.92 time, 360.01 real, 39 MB
[runlim] sample:		347.12 time, 370.01 real, 39 MB
[runlim] sample:		356.07 time, 380.01 real, 39 MB
[runlim] sample:		365.62 time, 390.01 real, 40 MB
[runlim] sample:		375.55 time, 400.01 real, 40 MB
[runlim] sample:		385.14 time, 410.01 real, 40 MB
[runlim] sample:		393.91 time, 420.01 real, 41 MB
[runlim] sample:		403.77 time, 430.01 real, 41 MB
[runlim] sample:		413.61 time, 440.01 real, 42 MB
[runlim] sample:		423.29 time, 450.01 real, 42 MB
[runlim] sample:		431.99 time, 460.01 real, 42 MB
[runlim] sample:		441.87 time, 470.01 real, 43 MB
[runlim] sample:		451.73 time, 480.01 real, 43 MB
[runlim] sample:		461.73 time, 490.01 real, 43 MB
[runlim] sample:		471.31 time, 500.01 real, 44 MB
[runlim] sample:		480.83 time, 510.01 real, 44 MB
[runlim] sample:		490.63 time, 520.01 real, 44 MB
[runlim] sample:		500.46 time, 530.01 real, 44 MB
[runlim] sample:		510.21 time, 540.01 real, 44 MB
[runlim] sample:		518.89 time, 550.01 real, 44 MB
[runlim] sample:		528.78 time, 560.01 real, 44 MB
[runlim] sample:		538.78 time, 570.01 real, 44 MB
[runlim] sample:		548.78 time, 580.01 real, 44 MB
[runlim] sample:		556.74 time, 590.01 real, 44 MB
[runlim] sample:		566.21 time, 600.01 real, 44 MB
[runlim] sample:		575.84 time, 610.01 real, 44 MB
[runlim] sample:		585.39 time, 620.01 real, 44 MB
[runlim] sample:		595.39 time, 630.01 real, 44 MB
[runlim] sample:		605.12 time, 640.01 real, 44 MB
[runlim] sample:		613.80 time, 650.01 real, 44 MB
[runlim] sample:		623.19 time, 660.01 real, 44 MB
[runlim] sample:		632.80 time, 670.01 real, 44 MB
[runlim] sample:		641.17 time, 680.01 real, 44 MB
[runlim] sample:		649.98 time, 690.01 real, 44 MB
[runlim] sample:		659.98 time, 700.01 real, 44 MB
[runlim] sample:		669.72 time, 710.01 real, 44 MB
[runlim] sample:		678.98 time, 720.01 real, 44 MB
[runlim] sample:		688.04 time, 730.01 real, 44 MB
[runlim] sample:		697.58 time, 740.01 real, 44 MB
[runlim] sample:		706.54 time, 750.01 real, 44 MB
[runlim] sample:		716.49 time, 760.01 real, 45 MB
[runlim] sample:		725.73 time, 770.01 real, 45 MB
[runlim] sample:		734.60 time, 780.01 real, 45 MB
[runlim] sample:		744.37 time, 790.01 real, 45 MB
[runlim] sample:		754.37 time, 800.01 real, 45 MB
[runlim] sample:		763.91 time, 810.01 real, 45 MB
[runlim] sample:		772.91 time, 820.01 real, 45 MB
[runlim] sample:		782.60 time, 830.01 real, 45 MB
[runlim] sample:		792.25 time, 840.01 real, 45 MB
[runlim] sample:		801.83 time, 850.01 real, 45 MB
[runlim] sample:		810.62 time, 860.01 real, 45 MB
[runlim] sample:		820.62 time, 870.01 real, 45 MB
[runlim] sample:		830.62 time, 880.01 real, 45 MB
[runlim] sample:		840.61 time, 890.01 real, 45 MB
[runlim] sample:		848.83 time, 900.01 real, 45 MB


 SIG RECEIVED

Terminated
[runlim] end:			Thu Feb 18 10:15:08 2021
[runlim] status:		out of time
[runlim] result:		2
[runlim] children:		3
[runlim] real:			900.10 seconds
[runlim] time:			848.83 seconds
[runlim] space:			45 MB
[runlim] samples:		9000
