[runlim] version:		1.21
[runlim] host:			c3n18
[runlim] time limit:		900 seconds
[runlim] real time limit:	900 seconds
[runlim] space limit:		60000 MB
[runlim] argv[0]:		./binary
[runlim] argv[1]:		/tmp/local-unzipped-18838260-108-tlc05-uniform-depth-85.cnf
[runlim] start:			Thu Feb 18 10:08:08 2021
[runlim] child:			14067
[runlim] sample:		9.99 time, 10.01 real, 45 MB
[runlim] sample:		19.47 time, 20.01 real, 45 MB
[runlim] sample:		28.95 time, 30.01 real, 45 MB
[runlim] sample:		38.50 time, 40.01 real, 45 MB
[runlim] sample:		47.58 time, 50.01 real, 46 MB
[runlim] sample:		57.04 time, 60.01 real, 46 MB
[runlim] sample:		66.23 time, 70.01 real, 46 MB
[runlim] sample:		75.60 time, 80.01 real, 46 MB
[runlim] sample:		85.08 time, 90.01 real, 47 MB
[runlim] sample:		93.79 time, 100.01 real, 47 MB
[runlim] sample:		103.04 time, 110.01 real, 47 MB
[runlim] sample:		112.12 time, 120.01 real, 48 MB
[runlim] sample:		120.29 time, 130.01 real, 48 MB
[runlim] sample:		128.55 time, 140.01 real, 48 MB
[runlim] sample:		137.89 time, 150.01 real, 49 MB
[runlim] sample:		147.77 time, 160.01 real, 49 MB
[runlim] sample:		157.33 time, 170.01 real, 50 MB
[runlim] sample:		166.92 time, 180.01 real, 50 MB
[runlim] sample:		175.31 time, 190.01 real, 50 MB
[runlim] sample:		184.69 time, 200.01 real, 50 MB
[runlim] sample:		193.86 time, 210.01 real, 50 MB
[runlim] sample:		203.87 time, 220.01 real, 50 MB
[runlim] sample:		213.86 time, 230.01 real, 50 MB
[runlim] sample:		223.18 time, 240.01 real, 50 MB
[runlim] sample:		232.53 time, 250.01 real, 51 MB
[runlim] sample:		241.75 time, 260.01 real, 51 MB
[runlim] sample:		251.27 time, 270.01 real, 51 MB
[runlim] sample:		261.00 time, 280.01 real, 51 MB
[runlim] sample:		269.71 time, 290.01 real, 51 MB
[runlim] sample:		279.00 time, 300.01 real, 51 MB
[runlim] sample:		288.91 time, 310.01 real, 52 MB
[runlim] sample:		297.87 time, 320.01 real, 52 MB
[runlim] sample:		306.76 time, 330.01 real, 52 MB
[runlim] sample:		315.23 time, 340.01 real, 52 MB
[runlim] sample:		324.64 time, 350.01 real, 52 MB
[runlim] sample:		334.18 time, 360.01 real, 53 MB
[runlim] sample:		344.18 time, 370.01 real, 53 MB
[runlim] sample:		354.10 time, 380.01 real, 53 MB
[runlim] sample:		363.24 time, 390.01 real, 53 MB
[runlim] sample:		372.10 time, 400.01 real, 53 MB
[runlim] sample:		381.16 time, 410.01 real, 54 MB
[runlim] sample:		389.56 time, 420.01 real, 54 MB
[runlim] sample:		398.64 time, 430.01 real, 54 MB
[runlim] sample:		408.64 time, 440.01 real, 55 MB
[runlim] sample:		417.38 time, 450.01 real, 55 MB
[runlim] sample:		426.85 time, 460.01 real, 55 MB
[runlim] sample:		434.76 time, 470.01 real, 55 MB
[runlim] sample:		444.09 time, 480.01 real, 55 MB
[runlim] sample:		453.00 time, 490.01 real, 55 MB
[runlim] sample:		462.94 time, 500.01 real, 55 MB
[runlim] sample:		471.80 time, 510.01 real, 55 MB
[runlim] sample:		480.93 time, 520.01 real, 56 MB
[runlim] sample:		489.70 time, 530.01 real, 56 MB
[runlim] sample:		499.70 time, 540.01 real, 56 MB
[runlim] sample:		509.23 time, 550.01 real, 56 MB
[runlim] sample:		518.95 time, 560.01 real, 56 MB
[runlim] sample:		527.53 time, 570.01 real, 57 MB
[runlim] sample:		537.12 time, 580.01 real, 57 MB
[runlim] sample:		546.06 time, 590.01 real, 58 MB
[runlim] sample:		555.75 time, 600.01 real, 58 MB
[runlim] sample:		564.40 time, 610.01 real, 58 MB
[runlim] sample:		572.88 time, 620.01 real, 58 MB
[runlim] sample:		582.59 time, 630.01 real, 59 MB
[runlim] sample:		592.59 time, 640.01 real, 59 MB
[runlim] sample:		602.37 time, 650.01 real, 59 MB
[runlim] sample:		612.37 time, 660.01 real, 59 MB
[runlim] sample:		620.75 time, 670.01 real, 59 MB
[runlim] sample:		629.96 time, 680.01 real, 59 MB
[runlim] sample:		639.74 time, 690.01 real, 59 MB
[runlim] sample:		649.06 time, 700.01 real, 59 MB
[runlim] sample:		658.78 time, 710.01 real, 59 MB
[runlim] sample:		667.30 time, 720.01 real, 60 MB
[runlim] sample:		676.47 time, 730.01 real, 60 MB
[runlim] sample:		685.53 time, 740.01 real, 60 MB
[runlim] sample:		695.39 time, 750.01 real, 60 MB
[runlim] sample:		705.36 time, 760.01 real, 60 MB
[runlim] sample:		715.10 time, 770.01 real, 60 MB
[runlim] sample:		723.52 time, 780.01 real, 61 MB
[runlim] sample:		732.85 time, 790.01 real, 61 MB
[runlim] sample:		741.85 time, 800.01 real, 61 MB
[runlim] sample:		751.72 time, 810.01 real, 61 MB
[runlim] sample:		761.17 time, 820.01 real, 61 MB
[runlim] sample:		769.91 time, 830.01 real, 62 MB
[runlim] sample:		778.49 time, 840.01 real, 62 MB
[runlim] sample:		788.21 time, 850.01 real, 63 MB
[runlim] sample:		798.11 time, 860.01 real, 63 MB
[runlim] sample:		806.45 time, 870.01 real, 63 MB
[runlim] sample:		815.26 time, 880.01 real, 63 MB
[runlim] sample:		823.78 time, 890.01 real, 63 MB
[runlim] sample:		833.56 time, 900.01 real, 63 MB


 SIG RECEIVED

Terminated
[runlim] end:			Thu Feb 18 10:23:08 2021
[runlim] status:		out of time
[runlim] result:		2
[runlim] children:		3
[runlim] real:			900.09 seconds
[runlim] time:			833.56 seconds
[runlim] space:			63 MB
[runlim] samples:		9000
