[runlim] version:		1.21
[runlim] host:			c3n03
[runlim] time limit:		900 seconds
[runlim] real time limit:	900 seconds
[runlim] space limit:		60000 MB
[runlim] argv[0]:		./binary
[runlim] argv[1]:		/tmp/local-unzipped-18838260-107-tlc05-uniform-depth-80.cnf
[runlim] start:			Thu Feb 18 10:08:08 2021
[runlim] child:			15462
[runlim] sample:		9.98 time, 10.01 real, 42 MB
[runlim] sample:		19.98 time, 20.01 real, 43 MB
[runlim] sample:		28.65 time, 30.01 real, 43 MB
[runlim] sample:		37.83 time, 40.01 real, 43 MB
[runlim] sample:		46.74 time, 50.01 real, 43 MB
[runlim] sample:		56.74 time, 60.01 real, 44 MB
[runlim] sample:		66.58 time, 70.01 real, 44 MB
[runlim] sample:		75.72 time, 80.01 real, 44 MB
[runlim] sample:		84.54 time, 90.01 real, 45 MB
[runlim] sample:		93.99 time, 100.01 real, 45 MB
[runlim] sample:		103.03 time, 110.01 real, 45 MB
[runlim] sample:		112.94 time, 120.01 real, 46 MB
[runlim] sample:		122.48 time, 130.01 real, 46 MB
[runlim] sample:		131.21 time, 140.01 real, 47 MB
[runlim] sample:		139.88 time, 150.01 real, 47 MB
[runlim] sample:		149.76 time, 160.01 real, 47 MB
[runlim] sample:		159.75 time, 170.01 real, 47 MB
[runlim] sample:		169.51 time, 180.01 real, 47 MB
[runlim] sample:		177.12 time, 190.01 real, 47 MB
[runlim] sample:		186.69 time, 200.01 real, 47 MB
[runlim] sample:		196.39 time, 210.01 real, 47 MB
[runlim] sample:		205.08 time, 220.01 real, 47 MB
[runlim] sample:		213.43 time, 230.01 real, 48 MB
[runlim] sample:		223.43 time, 240.01 real, 48 MB
[runlim] sample:		233.43 time, 250.01 real, 48 MB
[runlim] sample:		242.03 time, 260.01 real, 48 MB
[runlim] sample:		251.13 time, 270.01 real, 48 MB
[runlim] sample:		259.55 time, 280.01 real, 49 MB
[runlim] sample:		268.69 time, 290.01 real, 49 MB
[runlim] sample:		278.68 time, 300.01 real, 49 MB
[runlim] sample:		287.83 time, 310.01 real, 50 MB
[runlim] sample:		296.49 time, 320.01 real, 50 MB
[runlim] sample:		305.45 time, 330.01 real, 51 MB
[runlim] sample:		314.43 time, 340.01 real, 51 MB
[runlim] sample:		324.41 time, 350.01 real, 51 MB
[runlim] sample:		334.40 time, 360.01 real, 51 MB
[runlim] sample:		343.47 time, 370.01 real, 51 MB
[runlim] sample:		352.91 time, 380.01 real, 52 MB
[runlim] sample:		361.45 time, 390.01 real, 52 MB
[runlim] sample:		370.59 time, 400.01 real, 52 MB
[runlim] sample:		380.00 time, 410.01 real, 52 MB
[runlim] sample:		389.69 time, 420.01 real, 53 MB
[runlim] sample:		399.68 time, 430.01 real, 53 MB
[runlim] sample:		409.69 time, 440.01 real, 54 MB
[runlim] sample:		418.00 time, 450.01 real, 54 MB
[runlim] sample:		427.28 time, 460.01 real, 54 MB
[runlim] sample:		436.32 time, 470.01 real, 54 MB
[runlim] sample:		446.32 time, 480.01 real, 54 MB
[runlim] sample:		455.45 time, 490.01 real, 54 MB
[runlim] sample:		464.15 time, 500.01 real, 54 MB
[runlim] sample:		472.71 time, 510.01 real, 55 MB
[runlim] sample:		482.47 time, 520.01 real, 55 MB
[runlim] sample:		492.31 time, 530.01 real, 55 MB
[runlim] sample:		502.31 time, 540.01 real, 56 MB
[runlim] sample:		511.24 time, 550.01 real, 56 MB
[runlim] sample:		519.94 time, 560.01 real, 56 MB
[runlim] sample:		529.36 time, 570.01 real, 57 MB
[runlim] sample:		539.25 time, 580.01 real, 57 MB
[runlim] sample:		547.86 time, 590.01 real, 57 MB
[runlim] sample:		556.77 time, 600.01 real, 58 MB
[runlim] sample:		566.78 time, 610.01 real, 58 MB
[runlim] sample:		576.78 time, 620.01 real, 58 MB
[runlim] sample:		585.53 time, 630.01 real, 58 MB
[runlim] sample:		594.55 time, 640.01 real, 58 MB
[runlim] sample:		604.14 time, 650.01 real, 58 MB
[runlim] sample:		614.14 time, 660.01 real, 58 MB
[runlim] sample:		623.14 time, 670.01 real, 59 MB
[runlim] sample:		631.38 time, 680.01 real, 59 MB
[runlim] sample:		640.55 time, 690.01 real, 59 MB
[runlim] sample:		650.32 time, 700.01 real, 59 MB
[runlim] sample:		660.09 time, 710.01 real, 59 MB
[runlim] sample:		670.10 time, 720.01 real, 59 MB
[runlim] sample:		678.74 time, 730.01 real, 60 MB
[runlim] sample:		688.14 time, 740.01 real, 60 MB
[runlim] sample:		696.36 time, 750.01 real, 60 MB
[runlim] sample:		704.95 time, 760.01 real, 60 MB
[runlim] sample:		714.94 time, 770.01 real, 60 MB
[runlim] sample:		724.95 time, 780.01 real, 61 MB
[runlim] sample:		734.71 time, 790.01 real, 61 MB
[runlim] sample:		742.70 time, 800.01 real, 61 MB
[runlim] sample:		752.56 time, 810.01 real, 61 MB
[runlim] sample:		760.82 time, 820.01 real, 61 MB
[runlim] sample:		770.37 time, 830.01 real, 61 MB
[runlim] sample:		780.37 time, 840.01 real, 62 MB
[runlim] sample:		789.52 time, 850.01 real, 62 MB
[runlim] sample:		798.91 time, 860.01 real, 62 MB
[runlim] sample:		807.89 time, 870.01 real, 62 MB
[runlim] sample:		817.50 time, 880.01 real, 62 MB
[runlim] sample:		827.38 time, 890.01 real, 63 MB
[runlim] sample:		837.38 time, 900.01 real, 63 MB


 SIG RECEIVED

Terminated
[runlim] end:			Thu Feb 18 10:23:08 2021
[runlim] status:		out of time
[runlim] result:		2
[runlim] children:		3
[runlim] real:			900.09 seconds
[runlim] time:			837.38 seconds
[runlim] space:			63 MB
[runlim] samples:		9000
