[runlim] version:		1.21
[runlim] host:			c3n01
[runlim] time limit:		900 seconds
[runlim] real time limit:	900 seconds
[runlim] space limit:		60000 MB
[runlim] argv[0]:		./binary
[runlim] argv[1]:		/tmp/local-unzipped-18838260-104-tlc05-uniform-depth-65.cnf
[runlim] start:			Thu Feb 18 10:08:08 2021
[runlim] child:			17264
[runlim] sample:		9.98 time, 10.01 real, 36 MB
[runlim] sample:		19.97 time, 20.01 real, 36 MB
[runlim] sample:		28.34 time, 30.01 real, 36 MB
[runlim] sample:		37.22 time, 40.01 real, 37 MB
[runlim] sample:		45.80 time, 50.01 real, 37 MB
[runlim] sample:		55.18 time, 60.01 real, 38 MB
[runlim] sample:		63.67 time, 70.01 real, 38 MB
[runlim] sample:		71.67 time, 80.01 real, 39 MB
[runlim] sample:		81.41 time, 90.01 real, 39 MB
[runlim] sample:		90.96 time, 100.01 real, 39 MB
[runlim] sample:		100.00 time, 110.01 real, 39 MB
[runlim] sample:		109.99 time, 120.01 real, 39 MB
[runlim] sample:		118.72 time, 130.01 real, 40 MB
[runlim] sample:		128.35 time, 140.01 real, 40 MB
[runlim] sample:		137.72 time, 150.01 real, 41 MB
[runlim] sample:		147.02 time, 160.01 real, 42 MB
[runlim] sample:		156.39 time, 170.01 real, 42 MB
[runlim] sample:		165.96 time, 180.01 real, 42 MB
[runlim] sample:		175.73 time, 190.01 real, 42 MB
[runlim] sample:		185.21 time, 200.01 real, 42 MB
[runlim] sample:		194.19 time, 210.01 real, 42 MB
[runlim] sample:		203.62 time, 220.01 real, 43 MB
[runlim] sample:		211.98 time, 230.01 real, 43 MB
[runlim] sample:		221.45 time, 240.01 real, 43 MB
[runlim] sample:		230.98 time, 250.01 real, 44 MB
[runlim] sample:		240.40 time, 260.01 real, 44 MB
[runlim] sample:		249.37 time, 270.01 real, 44 MB
[runlim] sample:		257.99 time, 280.01 real, 44 MB
[runlim] sample:		266.83 time, 290.01 real, 44 MB
[runlim] sample:		275.39 time, 300.01 real, 45 MB
[runlim] sample:		284.04 time, 310.01 real, 45 MB
[runlim] sample:		293.56 time, 320.01 real, 45 MB
[runlim] sample:		303.55 time, 330.01 real, 45 MB
[runlim] sample:		313.55 time, 340.01 real, 46 MB
[runlim] sample:		322.53 time, 350.01 real, 46 MB
[runlim] sample:		332.11 time, 360.02 real, 46 MB
[runlim] sample:		341.32 time, 370.01 real, 47 MB
[runlim] sample:		350.41 time, 380.01 real, 47 MB
[runlim] sample:		360.14 time, 390.01 real, 47 MB
[runlim] sample:		369.26 time, 400.01 real, 47 MB
[runlim] sample:		379.15 time, 410.01 real, 48 MB
[runlim] sample:		389.03 time, 420.01 real, 48 MB
[runlim] sample:		398.03 time, 430.01 real, 48 MB
[runlim] sample:		405.88 time, 440.02 real, 49 MB
[runlim] sample:		415.47 time, 450.01 real, 49 MB
[runlim] sample:		425.18 time, 460.01 real, 49 MB
[runlim] sample:		434.57 time, 470.01 real, 49 MB
[runlim] sample:		442.99 time, 480.01 real, 49 MB
[runlim] sample:		451.29 time, 490.01 real, 50 MB
[runlim] sample:		460.34 time, 500.01 real, 50 MB
[runlim] sample:		470.28 time, 510.01 real, 50 MB
[runlim] sample:		479.82 time, 520.01 real, 51 MB
[runlim] sample:		489.04 time, 530.01 real, 51 MB
[runlim] sample:		498.17 time, 540.01 real, 51 MB
[runlim] sample:		506.73 time, 550.01 real, 51 MB
[runlim] sample:		514.90 time, 560.01 real, 52 MB
[runlim] sample:		523.52 time, 570.01 real, 52 MB
[runlim] sample:		532.42 time, 580.01 real, 52 MB
[runlim] sample:		542.42 time, 590.01 real, 52 MB
[runlim] sample:		552.42 time, 600.01 real, 53 MB
[runlim] sample:		561.03 time, 610.01 real, 53 MB
[runlim] sample:		570.31 time, 620.01 real, 53 MB
[runlim] sample:		579.86 time, 630.01 real, 53 MB
[runlim] sample:		588.76 time, 640.01 real, 53 MB
[runlim] sample:		598.57 time, 650.01 real, 54 MB
[runlim] sample:		607.70 time, 660.01 real, 54 MB
[runlim] sample:		617.30 time, 670.01 real, 54 MB
[runlim] sample:		626.74 time, 680.01 real, 54 MB
[runlim] sample:		635.70 time, 690.01 real, 54 MB
[runlim] sample:		644.48 time, 700.01 real, 55 MB
[runlim] sample:		653.82 time, 710.01 real, 55 MB
[runlim] sample:		663.47 time, 720.01 real, 55 MB
[runlim] sample:		673.47 time, 730.01 real, 55 MB
[runlim] sample:		683.11 time, 740.01 real, 55 MB
[runlim] sample:		691.59 time, 750.01 real, 55 MB
[runlim] sample:		701.17 time, 760.01 real, 55 MB
[runlim] sample:		709.49 time, 770.01 real, 55 MB
[runlim] sample:		719.19 time, 780.01 real, 55 MB
[runlim] sample:		728.92 time, 790.01 real, 55 MB
[runlim] sample:		738.91 time, 800.01 real, 55 MB
[runlim] sample:		746.81 time, 810.01 real, 55 MB
[runlim] sample:		756.05 time, 820.01 real, 55 MB
[runlim] sample:		765.58 time, 830.01 real, 55 MB
[runlim] sample:		775.56 time, 840.01 real, 55 MB
[runlim] sample:		784.77 time, 850.01 real, 55 MB
[runlim] sample:		792.83 time, 860.01 real, 55 MB
[runlim] sample:		802.56 time, 870.01 real, 55 MB
[runlim] sample:		811.26 time, 880.01 real, 55 MB
[runlim] sample:		821.03 time, 890.01 real, 55 MB
[runlim] sample:		830.39 time, 900.01 real, 55 MB


 SIG RECEIVED

Terminated
[runlim] end:			Thu Feb 18 10:23:08 2021
[runlim] status:		out of time
[runlim] result:		2
[runlim] children:		3
[runlim] real:			900.10 seconds
[runlim] time:			830.39 seconds
[runlim] space:			55 MB
[runlim] samples:		9000
