[runlim] version:		1.21
[runlim] host:			c3n18
[runlim] time limit:		900 seconds
[runlim] real time limit:	900 seconds
[runlim] space limit:		60000 MB
[runlim] argv[0]:		./binary
[runlim] argv[1]:		/tmp/local-unzipped-18838260-102-tlc05-uniform-depth-55.cnf
[runlim] start:			Thu Feb 18 10:08:06 2021
[runlim] child:			13997
[runlim] sample:		9.98 time, 10.01 real, 31 MB
[runlim] sample:		19.98 time, 20.01 real, 32 MB
[runlim] sample:		29.57 time, 30.01 real, 32 MB
[runlim] sample:		38.84 time, 40.01 real, 33 MB
[runlim] sample:		48.24 time, 50.01 real, 34 MB
[runlim] sample:		57.42 time, 60.01 real, 34 MB
[runlim] sample:		66.95 time, 70.01 real, 34 MB
[runlim] sample:		76.40 time, 80.01 real, 34 MB
[runlim] sample:		85.61 time, 90.01 real, 34 MB
[runlim] sample:		95.13 time, 100.01 real, 35 MB
[runlim] sample:		103.84 time, 110.01 real, 35 MB
[runlim] sample:		113.42 time, 120.01 real, 36 MB
[runlim] sample:		122.39 time, 130.01 real, 36 MB
[runlim] sample:		131.26 time, 140.01 real, 36 MB
[runlim] sample:		140.68 time, 150.01 real, 37 MB
[runlim] sample:		149.81 time, 160.01 real, 37 MB
[runlim] sample:		158.98 time, 170.01 real, 37 MB
[runlim] sample:		168.08 time, 180.01 real, 38 MB
[runlim] sample:		176.89 time, 190.01 real, 38 MB
[runlim] sample:		185.68 time, 200.01 real, 38 MB
[runlim] sample:		195.57 time, 210.01 real, 38 MB
[runlim] sample:		205.56 time, 220.01 real, 38 MB
[runlim] sample:		215.56 time, 230.01 real, 39 MB
[runlim] sample:		224.33 time, 240.01 real, 39 MB
[runlim] sample:		233.13 time, 250.01 real, 40 MB
[runlim] sample:		243.04 time, 260.01 real, 40 MB
[runlim] sample:		252.34 time, 270.01 real, 40 MB
[runlim] sample:		261.35 time, 280.01 real, 40 MB
[runlim] sample:		270.48 time, 290.01 real, 41 MB
[runlim] sample:		280.12 time, 300.01 real, 41 MB
[runlim] sample:		289.23 time, 310.01 real, 42 MB
[runlim] sample:		298.16 time, 320.01 real, 42 MB
[runlim] sample:		307.81 time, 330.01 real, 42 MB
[runlim] sample:		316.58 time, 340.01 real, 42 MB
[runlim] sample:		326.16 time, 350.01 real, 43 MB
[runlim] sample:		335.87 time, 360.01 real, 43 MB
[runlim] sample:		345.87 time, 370.01 real, 44 MB
[runlim] sample:		355.01 time, 380.01 real, 44 MB
[runlim] sample:		364.05 time, 390.01 real, 45 MB
[runlim] sample:		372.45 time, 400.01 real, 45 MB
[runlim] sample:		381.48 time, 410.01 real, 45 MB
[runlim] sample:		390.66 time, 420.01 real, 45 MB
[runlim] sample:		400.13 time, 430.01 real, 46 MB
[runlim] sample:		410.13 time, 440.01 real, 46 MB
[runlim] sample:		417.85 time, 450.01 real, 46 MB
[runlim] sample:		426.85 time, 460.01 real, 46 MB
[runlim] sample:		435.85 time, 470.01 real, 46 MB
[runlim] sample:		445.81 time, 480.01 real, 47 MB
[runlim] sample:		454.98 time, 490.01 real, 47 MB
[runlim] sample:		463.28 time, 500.01 real, 47 MB
[runlim] sample:		471.88 time, 510.01 real, 48 MB
[runlim] sample:		481.87 time, 520.01 real, 48 MB
[runlim] sample:		491.65 time, 530.01 real, 48 MB
[runlim] sample:		501.57 time, 540.01 real, 48 MB
[runlim] sample:		510.31 time, 550.01 real, 49 MB
[runlim] sample:		519.56 time, 560.01 real, 49 MB
[runlim] sample:		529.19 time, 570.01 real, 49 MB
[runlim] sample:		539.09 time, 580.01 real, 49 MB
[runlim] sample:		548.98 time, 590.01 real, 49 MB
[runlim] sample:		556.72 time, 600.01 real, 49 MB
[runlim] sample:		566.09 time, 610.01 real, 49 MB
[runlim] sample:		574.76 time, 620.01 real, 49 MB
[runlim] sample:		584.55 time, 630.01 real, 49 MB
[runlim] sample:		594.19 time, 640.01 real, 49 MB
[runlim] sample:		602.23 time, 650.01 real, 49 MB
[runlim] sample:		611.92 time, 660.01 real, 49 MB
[runlim] sample:		621.75 time, 670.01 real, 49 MB
[runlim] sample:		631.59 time, 680.01 real, 49 MB
[runlim] sample:		640.50 time, 690.01 real, 49 MB
[runlim] sample:		649.98 time, 700.01 real, 49 MB
[runlim] sample:		658.95 time, 710.01 real, 49 MB
[runlim] sample:		668.90 time, 720.01 real, 49 MB
[runlim] sample:		678.77 time, 730.01 real, 49 MB
[runlim] sample:		687.30 time, 740.01 real, 49 MB
[runlim] sample:		696.29 time, 750.01 real, 49 MB
[runlim] sample:		705.41 time, 760.01 real, 49 MB
[runlim] sample:		715.41 time, 770.01 real, 49 MB
[runlim] sample:		725.19 time, 780.01 real, 49 MB
[runlim] sample:		734.83 time, 790.01 real, 49 MB
[runlim] sample:		743.14 time, 800.01 real, 49 MB
[runlim] sample:		752.26 time, 810.01 real, 49 MB
[runlim] sample:		761.99 time, 820.01 real, 49 MB
[runlim] sample:		771.49 time, 830.01 real, 49 MB
[runlim] sample:		781.48 time, 840.01 real, 50 MB
[runlim] sample:		790.47 time, 850.01 real, 50 MB
[runlim] sample:		799.85 time, 860.01 real, 50 MB
[runlim] sample:		808.32 time, 870.01 real, 51 MB
[runlim] sample:		818.06 time, 880.01 real, 51 MB
[runlim] sample:		826.96 time, 890.01 real, 51 MB
[runlim] sample:		835.86 time, 900.01 real, 51 MB


 SIG RECEIVED

Terminated
[runlim] end:			Thu Feb 18 10:23:06 2021
[runlim] status:		out of time
[runlim] result:		2
[runlim] children:		3
[runlim] real:			900.09 seconds
[runlim] time:			835.86 seconds
[runlim] space:			51 MB
[runlim] samples:		9000
