[runlim] version:		1.21
[runlim] host:			c3n01
[runlim] time limit:		900 seconds
[runlim] real time limit:	900 seconds
[runlim] space limit:		60000 MB
[runlim] argv[0]:		./binary
[runlim] argv[1]:		/tmp/local-unzipped-18838260-103-tlc05-uniform-depth-60.cnf
[runlim] start:			Thu Feb 18 10:08:08 2021
[runlim] child:			17267
[runlim] sample:		9.97 time, 10.01 real, 34 MB
[runlim] sample:		19.72 time, 20.01 real, 34 MB
[runlim] sample:		28.32 time, 30.01 real, 34 MB
[runlim] sample:		37.39 time, 40.01 real, 34 MB
[runlim] sample:		45.79 time, 50.01 real, 35 MB
[runlim] sample:		55.33 time, 60.01 real, 35 MB
[runlim] sample:		63.67 time, 70.01 real, 36 MB
[runlim] sample:		72.46 time, 80.01 real, 36 MB
[runlim] sample:		81.65 time, 90.01 real, 36 MB
[runlim] sample:		91.12 time, 100.01 real, 36 MB
[runlim] sample:		100.79 time, 110.01 real, 37 MB
[runlim] sample:		110.11 time, 120.01 real, 37 MB
[runlim] sample:		117.82 time, 130.01 real, 37 MB
[runlim] sample:		126.95 time, 140.01 real, 38 MB
[runlim] sample:		136.65 time, 150.01 real, 38 MB
[runlim] sample:		145.68 time, 160.01 real, 38 MB
[runlim] sample:		155.64 time, 170.01 real, 38 MB
[runlim] sample:		165.08 time, 180.01 real, 39 MB
[runlim] sample:		174.37 time, 190.01 real, 39 MB
[runlim] sample:		183.69 time, 200.01 real, 39 MB
[runlim] sample:		192.76 time, 210.01 real, 39 MB
[runlim] sample:		201.49 time, 220.01 real, 39 MB
[runlim] sample:		210.16 time, 230.01 real, 40 MB
[runlim] sample:		219.58 time, 240.01 real, 40 MB
[runlim] sample:		229.21 time, 250.01 real, 40 MB
[runlim] sample:		238.37 time, 260.01 real, 40 MB
[runlim] sample:		247.25 time, 270.01 real, 41 MB
[runlim] sample:		256.05 time, 280.01 real, 41 MB
[runlim] sample:		264.37 time, 290.01 real, 41 MB
[runlim] sample:		273.39 time, 300.01 real, 41 MB
[runlim] sample:		282.14 time, 310.01 real, 41 MB
[runlim] sample:		291.28 time, 320.01 real, 42 MB
[runlim] sample:		301.28 time, 330.01 real, 42 MB
[runlim] sample:		311.28 time, 340.01 real, 42 MB
[runlim] sample:		321.10 time, 350.01 real, 42 MB
[runlim] sample:		329.84 time, 360.01 real, 42 MB
[runlim] sample:		339.83 time, 370.01 real, 43 MB
[runlim] sample:		348.66 time, 380.01 real, 43 MB
[runlim] sample:		357.92 time, 390.01 real, 43 MB
[runlim] sample:		367.00 time, 400.01 real, 43 MB
[runlim] sample:		376.15 time, 410.01 real, 43 MB
[runlim] sample:		385.49 time, 420.01 real, 44 MB
[runlim] sample:		395.20 time, 430.01 real, 44 MB
[runlim] sample:		403.66 time, 440.01 real, 45 MB
[runlim] sample:		413.27 time, 450.01 real, 45 MB
[runlim] sample:		422.30 time, 460.01 real, 45 MB
[runlim] sample:		431.46 time, 470.01 real, 45 MB
[runlim] sample:		440.33 time, 480.01 real, 45 MB
[runlim] sample:		449.28 time, 490.01 real, 45 MB
[runlim] sample:		459.11 time, 500.01 real, 45 MB
[runlim] sample:		468.61 time, 510.01 real, 46 MB
[runlim] sample:		477.66 time, 520.01 real, 46 MB
[runlim] sample:		487.08 time, 530.01 real, 46 MB
[runlim] sample:		496.12 time, 540.01 real, 46 MB
[runlim] sample:		504.78 time, 550.01 real, 47 MB
[runlim] sample:		513.68 time, 560.01 real, 47 MB
[runlim] sample:		522.24 time, 570.01 real, 48 MB
[runlim] sample:		530.95 time, 580.01 real, 48 MB
[runlim] sample:		540.95 time, 590.01 real, 48 MB
[runlim] sample:		550.96 time, 600.01 real, 48 MB
[runlim] sample:		560.42 time, 610.01 real, 48 MB
[runlim] sample:		569.06 time, 620.01 real, 49 MB
[runlim] sample:		578.44 time, 630.01 real, 49 MB
[runlim] sample:		587.51 time, 640.01 real, 49 MB
[runlim] sample:		596.62 time, 650.01 real, 49 MB
[runlim] sample:		606.26 time, 660.01 real, 49 MB
[runlim] sample:		615.31 time, 670.01 real, 50 MB
[runlim] sample:		624.80 time, 680.01 real, 50 MB
[runlim] sample:		634.53 time, 690.01 real, 50 MB
[runlim] sample:		642.93 time, 700.01 real, 50 MB
[runlim] sample:		651.93 time, 710.01 real, 50 MB
[runlim] sample:		660.93 time, 720.01 real, 50 MB
[runlim] sample:		670.93 time, 730.01 real, 51 MB
[runlim] sample:		680.94 time, 740.01 real, 51 MB
[runlim] sample:		690.49 time, 750.01 real, 51 MB
[runlim] sample:		699.92 time, 760.01 real, 52 MB
[runlim] sample:		707.80 time, 770.01 real, 52 MB
[runlim] sample:		716.76 time, 780.01 real, 52 MB
[runlim] sample:		725.73 time, 790.01 real, 52 MB
[runlim] sample:		735.72 time, 800.01 real, 52 MB
[runlim] sample:		745.33 time, 810.01 real, 52 MB
[runlim] sample:		754.86 time, 820.01 real, 52 MB
[runlim] sample:		763.27 time, 830.01 real, 52 MB
[runlim] sample:		772.64 time, 840.01 real, 52 MB
[runlim] sample:		782.10 time, 850.01 real, 52 MB
[runlim] sample:		791.24 time, 860.01 real, 52 MB
[runlim] sample:		801.24 time, 870.01 real, 52 MB
[runlim] sample:		809.09 time, 880.01 real, 52 MB
[runlim] sample:		818.21 time, 890.01 real, 52 MB
[runlim] sample:		828.22 time, 900.01 real, 52 MB


 SIG RECEIVED

Terminated
[runlim] end:			Thu Feb 18 10:23:08 2021
[runlim] status:		out of time
[runlim] result:		2
[runlim] children:		3
[runlim] real:			900.09 seconds
[runlim] time:			828.22 seconds
[runlim] space:			52 MB
[runlim] samples:		9000
