[runlim] version:		1.21
[runlim] host:			c3n04
[runlim] time limit:		900 seconds
[runlim] real time limit:	900 seconds
[runlim] space limit:		60000 MB
[runlim] argv[0]:		./binary
[runlim] argv[1]:		/tmp/local-unzipped-18838260-99-tlc05-uniform-depth-40.cnf
[runlim] start:			Thu Feb 18 09:56:20 2021
[runlim] child:			15674
[runlim] sample:		9.41 time, 10.01 real, 25 MB
[runlim] sample:		19.19 time, 20.01 real, 25 MB
[runlim] sample:		29.19 time, 30.01 real, 26 MB
[runlim] sample:		37.00 time, 40.01 real, 26 MB
[runlim] sample:		46.68 time, 50.01 real, 27 MB
[runlim] sample:		56.39 time, 60.01 real, 27 MB
[runlim] sample:		66.34 time, 70.01 real, 28 MB
[runlim] sample:		74.64 time, 80.01 real, 28 MB
[runlim] sample:		83.78 time, 90.01 real, 28 MB
[runlim] sample:		93.77 time, 100.01 real, 29 MB
[runlim] sample:		103.25 time, 110.01 real, 29 MB
[runlim] sample:		113.01 time, 120.01 real, 29 MB
[runlim] sample:		120.93 time, 130.01 real, 30 MB
[runlim] sample:		130.61 time, 140.01 real, 30 MB
[runlim] sample:		140.29 time, 150.01 real, 30 MB
[runlim] sample:		150.16 time, 160.01 real, 31 MB
[runlim] sample:		158.54 time, 170.01 real, 31 MB
[runlim] sample:		167.25 time, 180.01 real, 31 MB
[runlim] sample:		177.25 time, 190.01 real, 32 MB
[runlim] sample:		186.89 time, 200.01 real, 32 MB
[runlim] sample:		196.88 time, 210.01 real, 32 MB
[runlim] sample:		204.80 time, 220.01 real, 33 MB
[runlim] sample:		214.33 time, 230.02 real, 33 MB
[runlim] sample:		224.02 time, 240.01 real, 33 MB
[runlim] sample:		233.76 time, 250.01 real, 34 MB
[runlim] sample:		242.30 time, 260.01 real, 34 MB
[runlim] sample:		250.78 time, 270.01 real, 34 MB
[runlim] sample:		260.78 time, 280.01 real, 34 MB
[runlim] sample:		270.31 time, 290.01 real, 35 MB
[runlim] sample:		280.31 time, 300.01 real, 35 MB
[runlim] sample:		288.17 time, 310.01 real, 36 MB
[runlim] sample:		297.52 time, 320.01 real, 36 MB
[runlim] sample:		307.17 time, 330.01 real, 36 MB
[runlim] sample:		316.87 time, 340.01 real, 37 MB
[runlim] sample:		325.75 time, 350.01 real, 37 MB
[runlim] sample:		334.11 time, 360.01 real, 37 MB
[runlim] sample:		344.03 time, 370.01 real, 38 MB
[runlim] sample:		353.86 time, 380.01 real, 38 MB
[runlim] sample:		363.86 time, 390.01 real, 38 MB
[runlim] sample:		372.29 time, 400.01 real, 39 MB
[runlim] sample:		381.83 time, 410.01 real, 39 MB
[runlim] sample:		390.74 time, 420.01 real, 39 MB
[runlim] sample:		400.52 time, 430.01 real, 40 MB
[runlim] sample:		410.02 time, 440.01 real, 40 MB
[runlim] sample:		418.65 time, 450.01 real, 40 MB
[runlim] sample:		428.64 time, 460.01 real, 40 MB
[runlim] sample:		438.17 time, 470.01 real, 40 MB
[runlim] sample:		448.01 time, 480.01 real, 40 MB
[runlim] sample:		456.66 time, 490.01 real, 40 MB
[runlim] sample:		465.98 time, 500.01 real, 40 MB
[runlim] sample:		474.82 time, 510.01 real, 40 MB
[runlim] sample:		484.28 time, 520.01 real, 40 MB
[runlim] sample:		493.80 time, 530.01 real, 40 MB
[runlim] sample:		502.43 time, 540.01 real, 40 MB
[runlim] sample:		512.42 time, 550.01 real, 40 MB
[runlim] sample:		521.31 time, 560.01 real, 40 MB
[runlim] sample:		531.27 time, 570.01 real, 40 MB
[runlim] sample:		539.02 time, 580.01 real, 40 MB
[runlim] sample:		548.56 time, 590.01 real, 40 MB
[runlim] sample:		558.47 time, 600.01 real, 40 MB
[runlim] sample:		568.26 time, 610.01 real, 40 MB
[runlim] sample:		576.60 time, 620.01 real, 40 MB
[runlim] sample:		585.47 time, 630.01 real, 40 MB
[runlim] sample:		595.47 time, 640.01 real, 40 MB
[runlim] sample:		605.06 time, 650.01 real, 41 MB
[runlim] sample:		615.06 time, 660.01 real, 41 MB
[runlim] sample:		622.77 time, 670.01 real, 41 MB
[runlim] sample:		632.12 time, 680.01 real, 42 MB
[runlim] sample:		641.80 time, 690.01 real, 42 MB
[runlim] sample:		651.47 time, 700.01 real, 42 MB
[runlim] sample:		660.78 time, 710.02 real, 42 MB
[runlim] sample:		669.38 time, 720.01 real, 42 MB
[runlim] sample:		679.38 time, 730.01 real, 42 MB
[runlim] sample:		689.39 time, 740.01 real, 42 MB
[runlim] sample:		699.38 time, 750.01 real, 42 MB
[runlim] sample:		707.54 time, 760.01 real, 42 MB
[runlim] sample:		715.76 time, 770.01 real, 42 MB
[runlim] sample:		725.77 time, 780.01 real, 42 MB
[runlim] sample:		735.76 time, 790.01 real, 42 MB
[runlim] sample:		745.76 time, 800.01 real, 42 MB
[runlim] sample:		753.85 time, 810.01 real, 42 MB
[runlim] sample:		762.84 time, 820.01 real, 42 MB
[runlim] sample:		772.85 time, 830.01 real, 42 MB
[runlim] sample:		782.84 time, 840.01 real, 42 MB
[runlim] sample:		792.62 time, 850.01 real, 42 MB
[runlim] sample:		801.33 time, 860.01 real, 42 MB
[runlim] sample:		810.75 time, 870.01 real, 42 MB
[runlim] sample:		820.75 time, 880.01 real, 42 MB
[runlim] sample:		830.74 time, 890.01 real, 42 MB
[runlim] sample:		839.45 time, 900.01 real, 43 MB
Terminated
[runlim] end:			Thu Feb 18 10:11:20 2021
[runlim] status:		out of time
[runlim] result:		2
[runlim] children:		3
[runlim] real:			900.10 seconds
[runlim] time:			839.45 seconds
[runlim] space:			43 MB
[runlim] samples:		9000


 SIG RECEIVED

