[runlim] version:		1.21
[runlim] host:			c3n19
[runlim] time limit:		900 seconds
[runlim] real time limit:	900 seconds
[runlim] space limit:		60000 MB
[runlim] argv[0]:		./binary
[runlim] argv[1]:		/tmp/local-unzipped-18838260-110-trivial_query64_1344n.cnf
[runlim] start:			Thu Feb 18 10:08:08 2021
[runlim] child:			14260
solving-time: 0.02
OK
qrpcheck-time: 0.02
qrpcert-time: 0.00
certcheck-time: 0.01
final-check-time: 0.01
[runlim] end:			Thu Feb 18 10:08:08 2021
[runlim] status:		ok
[runlim] result:		0
[runlim] children:		1
[runlim] real:			0.15 seconds
[runlim] time:			0.00 seconds
[runlim] space:			3 MB
[runlim] samples:		1
