[runlim] version:		1.21
[runlim] host:			c3n22
[runlim] time limit:		900 seconds
[runlim] real time limit:	900 seconds
[runlim] space limit:		60000 MB
[runlim] argv[0]:		./binary
[runlim] argv[1]:		/tmp/local-unzipped-18838260-115-unit6_3_b.cnf
[runlim] start:			Thu Feb 18 10:08:08 2021
[runlim] child:			10111
[runlim] sample:		9.99 time, 10.02 real, 21 MB
[runlim] sample:		19.99 time, 20.02 real, 22 MB
[runlim] sample:		29.91 time, 30.02 real, 23 MB
[runlim] sample:		39.13 time, 40.02 real, 24 MB
[runlim] sample:		47.95 time, 50.02 real, 25 MB
[runlim] sample:		57.95 time, 60.01 real, 26 MB
[runlim] sample:		67.60 time, 70.01 real, 27 MB
[runlim] sample:		75.91 time, 80.01 real, 27 MB
[runlim] sample:		85.16 time, 90.01 real, 28 MB
[runlim] sample:		94.89 time, 100.01 real, 29 MB
[runlim] sample:		104.88 time, 110.01 real, 30 MB
[runlim] sample:		114.88 time, 120.01 real, 31 MB
[runlim] sample:		123.14 time, 130.01 real, 32 MB
[runlim] sample:		132.57 time, 140.01 real, 32 MB
[runlim] sample:		141.52 time, 150.01 real, 33 MB
[runlim] sample:		151.24 time, 160.01 real, 33 MB
[runlim] sample:		160.78 time, 170.01 real, 33 MB
[runlim] sample:		169.97 time, 180.01 real, 33 MB
[runlim] sample:		179.03 time, 190.01 real, 33 MB
[runlim] sample:		189.03 time, 200.01 real, 33 MB
[runlim] sample:		199.03 time, 210.01 real, 33 MB
[runlim] sample:		208.45 time, 220.01 real, 33 MB
[runlim] sample:		217.58 time, 230.01 real, 34 MB
[runlim] sample:		227.12 time, 240.01 real, 35 MB
[runlim] sample:		237.11 time, 250.01 real, 35 MB
[runlim] sample:		247.12 time, 260.01 real, 35 MB
[runlim] sample:		255.32 time, 270.01 real, 35 MB
[runlim] sample:		264.42 time, 280.01 real, 35 MB
[runlim] sample:		274.40 time, 290.01 real, 35 MB
[runlim] sample:		284.40 time, 300.01 real, 35 MB
[runlim] sample:		294.40 time, 310.01 real, 37 MB
[runlim] sample:		301.98 time, 320.01 real, 37 MB
[runlim] sample:		310.39 time, 330.01 real, 37 MB
[runlim] sample:		320.39 time, 340.01 real, 37 MB
[runlim] sample:		330.39 time, 350.01 real, 37 MB
[runlim] sample:		340.04 time, 360.01 real, 37 MB
[runlim] sample:		348.64 time, 370.01 real, 37 MB
[runlim] sample:		358.31 time, 380.01 real, 37 MB
[runlim] sample:		368.30 time, 390.01 real, 37 MB
[runlim] sample:		378.31 time, 400.01 real, 38 MB
[runlim] sample:		386.53 time, 410.01 real, 39 MB
[runlim] sample:		395.50 time, 420.01 real, 39 MB
[runlim] sample:		405.47 time, 430.01 real, 39 MB
[runlim] sample:		415.47 time, 440.01 real, 39 MB
[runlim] sample:		425.47 time, 450.01 real, 39 MB
[runlim] sample:		433.21 time, 460.01 real, 39 MB
[runlim] sample:		441.77 time, 470.01 real, 39 MB
[runlim] sample:		451.76 time, 480.01 real, 39 MB
[runlim] sample:		461.77 time, 490.01 real, 39 MB
[runlim] sample:		471.41 time, 500.01 real, 39 MB
[runlim] sample:		479.75 time, 510.01 real, 40 MB
[runlim] sample:		489.37 time, 520.01 real, 40 MB
[runlim] sample:		499.37 time, 530.01 real, 40 MB
[runlim] sample:		509.37 time, 540.01 real, 40 MB
[runlim] sample:		517.69 time, 550.01 real, 40 MB
[runlim] sample:		526.81 time, 560.01 real, 40 MB
[runlim] sample:		536.72 time, 570.01 real, 40 MB
[runlim] sample:		546.72 time, 580.01 real, 40 MB
[runlim] sample:		556.72 time, 590.01 real, 40 MB
[runlim] sample:		564.46 time, 600.01 real, 40 MB
[runlim] sample:		573.54 time, 610.01 real, 40 MB
[runlim] sample:		583.54 time, 620.01 real, 40 MB
[runlim] sample:		593.54 time, 630.01 real, 40 MB
[runlim] sample:		603.26 time, 640.01 real, 40 MB
[runlim] sample:		612.31 time, 650.01 real, 40 MB
[runlim] sample:		620.65 time, 660.01 real, 40 MB
[runlim] sample:		630.66 time, 670.01 real, 40 MB
[runlim] sample:		640.66 time, 680.01 real, 40 MB
[runlim] sample:		649.29 time, 690.01 real, 40 MB
[runlim] sample:		658.46 time, 700.01 real, 40 MB
[runlim] sample:		668.41 time, 710.01 real, 41 MB
[runlim] sample:		678.41 time, 720.01 real, 41 MB
[runlim] sample:		688.41 time, 730.01 real, 41 MB
[runlim] sample:		696.19 time, 740.01 real, 41 MB
[runlim] sample:		705.54 time, 750.01 real, 41 MB
[runlim] sample:		715.53 time, 760.01 real, 41 MB
[runlim] sample:		725.54 time, 770.01 real, 41 MB
[runlim] sample:		735.01 time, 780.01 real, 41 MB
[runlim] sample:		743.96 time, 790.01 real, 41 MB
[runlim] sample:		752.54 time, 800.01 real, 41 MB
[runlim] sample:		762.54 time, 810.01 real, 41 MB
[runlim] sample:		772.54 time, 820.01 real, 42 MB
[runlim] sample:		781.47 time, 830.01 real, 42 MB
[runlim] sample:		790.61 time, 840.01 real, 42 MB
[runlim] sample:		800.53 time, 850.01 real, 42 MB
[runlim] sample:		810.54 time, 860.01 real, 42 MB
[runlim] sample:		820.54 time, 870.01 real, 42 MB
[runlim] sample:		828.35 time, 880.01 real, 42 MB
[runlim] sample:		837.95 time, 890.01 real, 42 MB
[runlim] sample:		847.96 time, 900.01 real, 42 MB


 SIG RECEIVED

Terminated
[runlim] end:			Thu Feb 18 10:23:08 2021
[runlim] status:		out of time
[runlim] result:		2
[runlim] children:		3
[runlim] real:			900.10 seconds
[runlim] time:			847.96 seconds
[runlim] space:			42 MB
[runlim] samples:		9000
