[runlim] version:		1.21
[runlim] host:			c3n03
[runlim] time limit:		900 seconds
[runlim] real time limit:	900 seconds
[runlim] space limit:		60000 MB
[runlim] argv[0]:		./binary
[runlim] argv[1]:		/tmp/local-unzipped-18838260-116-W4-Umbrella_tbm_05.tex.moduleQ3.8S.000001.cnf
[runlim] start:			Thu Feb 18 10:08:08 2021
[runlim] child:			15532
solving-time: 0.96
OK
qrpcheck-time: 0.41
qrpcert-time: 0.13
certcheck-time: 0.01
final-check-time: 0.05
[runlim] end:			Thu Feb 18 10:08:10 2021
[runlim] status:		ok
[runlim] result:		0
[runlim] children:		9
[runlim] real:			1.66 seconds
[runlim] time:			1.31 seconds
[runlim] space:			42 MB
[runlim] samples:		16
