c array.sh: path:     /data/qbf/qbf20/PCNF/b22_PR_9_90.qdimacs
c array.sh: name:     b22_PR_9_90
c array.sh: task:     9
c array.sh: host:     c3n05
c array.sh: uname:    Linux c3n05 4.15.0-135-generic #139-Ubuntu SMP Mon Jan 18 17:38:24 UTC 2021 x86_64 x86_64 x86_64 GNU/Linux
c array.sh: start:    Tue Feb 16 22:43:50 CET 2021
c array.sh: noturbo:  1
c array.sh: governor: 32 performance
c array.sh: tmp:      1%
c array.sh: unzipped: /tmp/local-unzipped-18834727-9-b22_PR_9_90.cnf
using tmp directory:
  /tmp
running QBF solver...

/home/seidl/cert_tests/bin/ferp-models/ijtihad/ijtihad --dependencies=0 --wit_per_call=-1 --cex_per_call=-1 --log_phi=/tmp/ferpcert3343expanded.cnf /tmp/local-unzipped-18834727-9-b22_PR_9_90.cnf
c Options after parsing: 
c cex_per_call = 18446744073709551615
c wit_per_call = 18446744073709551615
c warmup = 1
c warmup_randoms = 0
c trimming_phi = 0
c trimming_ksi = 2
c trimming_interval = 200
c memory_limit = 3000000
c MySolverv970-glucose
-1 -2 -3 -4 -5 -6 -7 -8 -9 -10 -11 -12 -13 -14 -15 -16 -17 -18 -19 -20 -21 -22 -23 -24 -25 -26 -27 -28 -29 -30 -31 -32 -33 -34 -35 -36 -37 -38 -39 -40 -41 -42 -43 -44 -45 -46 -47 -48 -49 -50 -51 -52 -53 -54 -55 -56 -57 -58 -59 -60 -61 -62 -63 -64 -65 -66 -67 -68 -69 -70 -71 -72 -73 -74 -75 -76 -77 -78 -79 -80 -81 -82 -83 -84 -85 -86 -87 -88 -89 -90 -91 -92 -93 -94 -95 -96 -97 -98 -99 -100 -101 -102 -103 -104 -105 -106 -107 -108 -109 -110 -111 -112 -113 -114 -115 -116 -117 -118 -119 -120 -121 -122 -123 -124 -125 -126 -127 -128 -129 -130 -131 -132 -133 -134 -135 -136 -137 -138 -139 -140 -141 -142 -143 -144 -145 -146 -147 -148 -149 -150 -151 -152 -153 -154 -155 -156 -157 -158 -159 -160 -161 -162 -163 -164 -165 -166 -167 -168 -169 -170 -171 -172 -173 -174 -175 -176 -177 -178 -179 -180 -181 -182 -183 -184 -185 -186 -187 -188 -189 -190 -191 -192 -193 -194 -195 -196 -197 -198 -199 -200 -201 -202 -203 -204 -205 -206 -207 -208 -209 -210 -211 -212 -213 -214 -215 -216 -217 -218 -219 -220 -221 -222 -223 -224 -225 -226 -227 -228 -229 -230 -231 -232 -233 -234 -235 -236 -237 -238 -239 -240 -241 -242 -243 -244 -245 -246 -247 -248 -249 -250 -251 -252 -253 -254 -255 -256 -257 -258 -259 -260 -261 -262 -263 -264 -265 -266 -267 -268 -269 -270 -271 -272 -273 -274 -275 -276 -277 -278 -279 -280 -281 -282 -283 -284 -285 -286 -287 -288 -289 -290 -291 -292 -293 -294 -295 -296 -297 -298 -299 -300 -301 -302 -303 -304 -305 -306 -307 -308 -309 -310 -311 -312 -313 -314 -315 -316 -317 -318 -319 -320 -321 -322 -323 -324 -325 -326 -327 -328 -329 -330 -331 -332 -333 -334 -335 -336 -337 -338 -339 -340 -341 
1 2 3 4 5 6 7 8 9 10 11 12 13 14 15 16 17 18 19 20 21 22 23 24 25 26 27 28 29 30 31 32 33 34 35 36 37 38 39 40 41 42 43 44 45 46 47 48 49 50 51 52 53 54 55 56 57 58 59 60 61 62 63 64 65 66 67 68 69 70 71 72 73 74 75 76 77 78 79 80 81 82 83 84 85 86 87 88 89 90 91 92 93 94 95 96 97 98 99 100 101 102 103 104 105 106 107 108 109 110 111 112 113 114 115 116 117 118 119 120 121 122 123 124 125 126 127 128 129 130 131 132 133 134 135 136 137 138 139 140 141 142 143 144 145 146 147 148 149 150 151 152 153 154 155 156 157 158 159 160 161 162 163 164 165 166 167 168 169 170 171 172 173 174 175 176 177 178 179 180 181 182 183 184 185 186 187 188 189 190 191 192 193 194 195 196 197 198 199 200 201 202 203 204 205 206 207 208 209 210 211 212 213 214 215 216 217 218 219 220 221 222 223 224 225 226 227 228 229 230 231 232 233 234 235 236 237 238 239 240 241 242 243 244 245 246 247 248 249 250 251 252 253 254 255 256 257 258 259 260 261 262 263 264 265 266 267 268 269 270 271 272 273 274 275 276 277 278 279 280 281 282 283 284 285 286 287 288 289 290 291 292 293 294 295 296 297 298 299 300 301 302 303 304 305 306 307 308 309 310 311 312 313 314 315 316 317 318 319 320 321 322 323 324 325 326 327 328 329 330 331 332 333 334 335 336 337 338 339 340 341 
c Number of calls is: 0
c Layers in PHI: 0
c Layers in KSI: 0
c Running Ijtihad loop
c last restart ## conflicts  :  129 348 
c [glucose 4]
c [glucose 4]        calls            0         0.0 per second
c [glucose 4]     restarts            0         0.0 per second
c [glucose 4]    conflicts            0         0.0 per second
c [glucose 4]    decisions            0         0.0 per second
c [glucose 4] propagations            0         0.0 per second
c [glucose 4]
c last restart ## conflicts  :  0 340 
c Number of calls is: 0
c Layers in PHI: 2
c Layers in KSI: 2
c last restart ## conflicts  :  0 375 
c [glucose 4]
c [glucose 4]        calls            1         3.5 per second
c [glucose 4]     restarts            1         3.5 per second
c [glucose 4]    conflicts            0         0.0 per second
c [glucose 4]    decisions          341      1187.6 per second
c [glucose 4] propagations          341      1187.6 per second
c [glucose 4]
c last restart ## conflicts  :  1 340 
c Number of calls is: 1
c Layers in PHI: 3
c Layers in KSI: 3
c last restart ## conflicts  :  0 366 
c [glucose 4]
c [glucose 4]        calls            1         3.0 per second
c [glucose 4]     restarts            1         3.0 per second
c [glucose 4]    conflicts            1         3.0 per second
c [glucose 4]    decisions          342      1020.5 per second
c [glucose 4] propagations          342      1020.5 per second
c [glucose 4]
c last restart ## conflicts  :  1 339 
c Number of calls is: 2
c Layers in PHI: 4
c Layers in KSI: 4
c last restart ## conflicts  :  0 367 
c last restart ## conflicts  :  0 340 
c Number of calls is: 3
c Layers in PHI: 5
c Layers in KSI: 5
c last restart ## conflicts  :  0 366 
c last restart ## conflicts  :  0 340 
c Number of calls is: 4
c Layers in PHI: 6
c Layers in KSI: 6
c last restart ## conflicts  :  0 371 
c last restart ## conflicts  :  0 340 
c Number of calls is: 5
c Layers in PHI: 7
c Layers in KSI: 7
c last restart ## conflicts  :  0 376 
c last restart ## conflicts  :  0 340 
c Number of calls is: 6
c Layers in PHI: 8
c Layers in KSI: 8
c last restart ## conflicts  :  0 369 
c last restart ## conflicts  :  0 340 
c Number of calls is: 7
c Layers in PHI: 9
c Layers in KSI: 9
c last restart ## conflicts  :  98 336 
c [glucose 4]
c [glucose 4]        calls            6         8.8 per second
c [glucose 4]     restarts            6         8.8 per second
c [glucose 4]    conflicts            1         1.5 per second
c [glucose 4]    decisions         2046      2996.1 per second
c [glucose 4] propagations         2047      2997.6 per second
c [glucose 4]
c last restart ## conflicts  :  2 340 
c Number of calls is: 8
c Layers in PHI: 10
c Layers in KSI: 9
c last restart ## conflicts  :  0 365 
c last restart ## conflicts  :  0 340 
c Number of calls is: 9
c Layers in PHI: 11
c Layers in KSI: 10
c last restart ## conflicts  :  0 363 
c last restart ## conflicts  :  0 340 
c Number of calls is: 10
c Layers in PHI: 12
c Layers in KSI: 11
c last restart ## conflicts  :  0 359 
c last restart ## conflicts  :  0 340 
c Number of calls is: 11
c Layers in PHI: 13
c Layers in KSI: 12
c last restart ## conflicts  :  0 359 
c last restart ## conflicts  :  0 340 
c Number of calls is: 12
c Layers in PHI: 14
c Layers in KSI: 13
c last restart ## conflicts  :  0 360 
c last restart ## conflicts  :  0 340 
c Number of calls is: 13
c Layers in PHI: 15
c Layers in KSI: 14
c last restart ## conflicts  :  0 359 
c last restart ## conflicts  :  0 340 
c Number of calls is: 14
c Layers in PHI: 16
c Layers in KSI: 15
c last restart ## conflicts  :  5 349 
c [glucose 4]
c [glucose 4]        calls            7         6.6 per second
c [glucose 4]     restarts            7         6.6 per second
c [glucose 4]    conflicts            2         1.9 per second
c [glucose 4]    decisions         2389      2237.6 per second
c [glucose 4] propagations         2390      2238.6 per second
c [glucose 4]
c last restart ## conflicts  :  2 339 
c Number of calls is: 15
c Layers in PHI: 17
c Layers in KSI: 15
c last restart ## conflicts  :  0 345 
c last restart ## conflicts  :  0 340 
c Number of calls is: 16
c Layers in PHI: 18
c Layers in KSI: 16
c last restart ## conflicts  :  0 345 
c last restart ## conflicts  :  0 340 
c Number of calls is: 17
c Layers in PHI: 19
c Layers in KSI: 17
c last restart ## conflicts  :  0 345 
c last restart ## conflicts  :  0 340 
c Number of calls is: 18
c Layers in PHI: 20
c Layers in KSI: 18
c last restart ## conflicts  :  0 344 
c last restart ## conflicts  :  0 340 
c Number of calls is: 19
c Layers in PHI: 21
c Layers in KSI: 19
c last restart ## conflicts  :  0 344 
c last restart ## conflicts  :  0 340 
c Number of calls is: 20
c Layers in PHI: 22
c Layers in KSI: 20
c last restart ## conflicts  :  0 344 
c last restart ## conflicts  :  0 340 
c Number of calls is: 21
c Layers in PHI: 23
c Layers in KSI: 21
c last restart ## conflicts  :  0 345 
c last restart ## conflicts  :  0 340 
c Number of calls is: 22
c Layers in PHI: 24
c Layers in KSI: 22
c last restart ## conflicts  :  0 345 
c last restart ## conflicts  :  0 340 
c Number of calls is: 23
c Layers in PHI: 25
c Layers in KSI: 23
c last restart ## conflicts  :  0 344 
c last restart ## conflicts  :  0 340 
c Number of calls is: 24
c Layers in PHI: 26
c Layers in KSI: 24
c last restart ## conflicts  :  0 344 
c last restart ## conflicts  :  0 340 
c Number of calls is: 25
c Layers in PHI: 27
c Layers in KSI: 25
c last restart ## conflicts  :  0 344 
c last restart ## conflicts  :  0 340 
c Number of calls is: 26
c Layers in PHI: 28
c Layers in KSI: 26
c last restart ## conflicts  :  0 345 
c last restart ## conflicts  :  0 340 
c Number of calls is: 27
c Layers in PHI: 29
c Layers in KSI: 27
c last restart ## conflicts  :  0 345 
c last restart ## conflicts  :  0 340 
c Number of calls is: 28
c Layers in PHI: 30
c Layers in KSI: 28
c last restart ## conflicts  :  0 345 
c last restart ## conflicts  :  0 340 
c Number of calls is: 29
c Layers in PHI: 31
c Layers in KSI: 29
c last restart ## conflicts  :  0 345 
c last restart ## conflicts  :  0 340 
c Number of calls is: 30
c Layers in PHI: 32
c Layers in KSI: 30
c last restart ## conflicts  :  0 344 
c last restart ## conflicts  :  0 340 
c Number of calls is: 31
c Layers in PHI: 33
c Layers in KSI: 31
c last restart ## conflicts  :  0 344 
c last restart ## conflicts  :  0 340 
c Number of calls is: 32
c Layers in PHI: 34
c Layers in KSI: 32
c last restart ## conflicts  :  0 344 
c last restart ## conflicts  :  0 340 
c Number of calls is: 33
c Layers in PHI: 35
c Layers in KSI: 33
c last restart ## conflicts  :  0 344 
c last restart ## conflicts  :  0 340 
c Number of calls is: 34
c Layers in PHI: 36
c Layers in KSI: 34
c last restart ## conflicts  :  8 335 
c [glucose 4]
c [glucose 4]        calls           20         8.1 per second
c [glucose 4]     restarts           20         8.1 per second
c [glucose 4]    conflicts            2         0.8 per second
c [glucose 4]    decisions         6821      2762.1 per second
c [glucose 4] propagations         6823      2763.0 per second
c [glucose 4]
c last restart ## conflicts  :  3 339 
c Number of calls is: 35
c Layers in PHI: 37
c Layers in KSI: 32
c last restart ## conflicts  :  0 369 
c last restart ## conflicts  :  0 340 
c Number of calls is: 36
c Layers in PHI: 38
c Layers in KSI: 33
c last restart ## conflicts  :  0 361 
c last restart ## conflicts  :  0 340 
c Number of calls is: 37
c Layers in PHI: 39
c Layers in KSI: 34
c last restart ## conflicts  :  0 367 
c last restart ## conflicts  :  0 340 
c Number of calls is: 38
c Layers in PHI: 40
c Layers in KSI: 35
c last restart ## conflicts  :  0 363 
c last restart ## conflicts  :  0 340 
c Number of calls is: 39
c Layers in PHI: 41
c Layers in KSI: 36
c last restart ## conflicts  :  0 361 
c last restart ## conflicts  :  0 340 
c Number of calls is: 40
c Layers in PHI: 42
c Layers in KSI: 37
c last restart ## conflicts  :  0 366 
c last restart ## conflicts  :  0 340 
c Number of calls is: 41
c Layers in PHI: 43
c Layers in KSI: 38
c last restart ## conflicts  :  30 354 
c [glucose 4]
c [glucose 4]        calls            7         2.3 per second
c [glucose 4]     restarts            7         2.3 per second
c [glucose 4]    conflicts            3         1.0 per second
c [glucose 4]    decisions         2389       775.3 per second
c [glucose 4] propagations         2391       775.9 per second
c [glucose 4]
c last restart ## conflicts  :  3 338 
c Number of calls is: 42
c Layers in PHI: 44
c Layers in KSI: 38
c last restart ## conflicts  :  0 345 
c last restart ## conflicts  :  0 340 
c Number of calls is: 43
c Layers in PHI: 45
c Layers in KSI: 39
c last restart ## conflicts  :  0 336 
c last restart ## conflicts  :  0 340 
c Number of calls is: 44
c Layers in PHI: 46
c Layers in KSI: 40
c last restart ## conflicts  :  0 336 
c last restart ## conflicts  :  0 340 
c Number of calls is: 45
c Layers in PHI: 47
c Layers in KSI: 41
c last restart ## conflicts  :  0 335 
c last restart ## conflicts  :  0 340 
c Number of calls is: 46
c Layers in PHI: 48
c Layers in KSI: 42
c last restart ## conflicts  :  0 336 
c last restart ## conflicts  :  0 340 
c Number of calls is: 47
c Layers in PHI: 49
c Layers in KSI: 43
c last restart ## conflicts  :  0 335 
c last restart ## conflicts  :  0 340 
c Number of calls is: 48
c Layers in PHI: 50
c Layers in KSI: 44
c last restart ## conflicts  :  0 335 
c last restart ## conflicts  :  0 340 
c Number of calls is: 49
c Layers in PHI: 51
c Layers in KSI: 45
c last restart ## conflicts  :  0 336 
c last restart ## conflicts  :  0 340 
c Number of calls is: 50
c Layers in PHI: 52
c Layers in KSI: 46
c last restart ## conflicts  :  0 336 
c last restart ## conflicts  :  0 340 
c Number of calls is: 51
c Layers in PHI: 53
c Layers in KSI: 47
c last restart ## conflicts  :  0 336 
c last restart ## conflicts  :  0 340 
c Number of calls is: 52
c Layers in PHI: 54
c Layers in KSI: 48
c last restart ## conflicts  :  0 336 
c last restart ## conflicts  :  0 340 
c Number of calls is: 53
c Layers in PHI: 55
c Layers in KSI: 49
c last restart ## conflicts  :  0 335 
c last restart ## conflicts  :  0 340 
c Number of calls is: 54
c Layers in PHI: 56
c Layers in KSI: 50
c last restart ## conflicts  :  0 335 
c last restart ## conflicts  :  0 340 
c Number of calls is: 55
c Layers in PHI: 57
c Layers in KSI: 51
c last restart ## conflicts  :  0 335 
c last restart ## conflicts  :  0 340 
c Number of calls is: 56
c Layers in PHI: 58
c Layers in KSI: 52
c last restart ## conflicts  :  0 335 
c last restart ## conflicts  :  0 340 
c Number of calls is: 57
c Layers in PHI: 59
c Layers in KSI: 53
c last restart ## conflicts  :  0 335 
c last restart ## conflicts  :  0 340 
c Number of calls is: 58
c Layers in PHI: 60
c Layers in KSI: 54
c last restart ## conflicts  :  0 336 
c last restart ## conflicts  :  0 340 
c Number of calls is: 59
c Layers in PHI: 61
c Layers in KSI: 55
c last restart ## conflicts  :  0 335 
c last restart ## conflicts  :  0 340 
c Number of calls is: 60
c Layers in PHI: 62
c Layers in KSI: 56
c last restart ## conflicts  :  0 336 
c last restart ## conflicts  :  0 340 
c Number of calls is: 61
c Layers in PHI: 63
c Layers in KSI: 57
c last restart ## conflicts  :  0 336 
c last restart ## conflicts  :  0 340 
c Number of calls is: 62
c Layers in PHI: 64
c Layers in KSI: 58
c last restart ## conflicts  :  0 336 
c last restart ## conflicts  :  0 340 
c Number of calls is: 63
c Layers in PHI: 65
c Layers in KSI: 59
c last restart ## conflicts  :  0 335 
c last restart ## conflicts  :  0 340 
c Number of calls is: 64
c Layers in PHI: 66
c Layers in KSI: 60
c last restart ## conflicts  :  0 336 
c last restart ## conflicts  :  0 340 
c Number of calls is: 65
c Layers in PHI: 67
c Layers in KSI: 61
c last restart ## conflicts  :  0 335 
c last restart ## conflicts  :  0 340 
c Number of calls is: 66
c Layers in PHI: 68
c Layers in KSI: 62
c last restart ## conflicts  :  0 336 
c last restart ## conflicts  :  0 340 
c Number of calls is: 67
c Layers in PHI: 69
c Layers in KSI: 63
c last restart ## conflicts  :  0 336 
c last restart ## conflicts  :  0 340 
c Number of calls is: 68
c Layers in PHI: 70
c Layers in KSI: 64
c last restart ## conflicts  :  0 335 
c last restart ## conflicts  :  0 340 
c Number of calls is: 69
c Layers in PHI: 71
c Layers in KSI: 65
c last restart ## conflicts  :  0 335 
c last restart ## conflicts  :  0 340 
c Number of calls is: 70
c Layers in PHI: 72
c Layers in KSI: 66
c last restart ## conflicts  :  0 335 
c last restart ## conflicts  :  0 340 
c Number of calls is: 71
c Layers in PHI: 73
c Layers in KSI: 67
c last restart ## conflicts  :  0 335 
c last restart ## conflicts  :  0 340 
c Number of calls is: 72
c Layers in PHI: 74
c Layers in KSI: 68
c last restart ## conflicts  :  0 335 
c last restart ## conflicts  :  0 340 
c Number of calls is: 73
c Layers in PHI: 75
c Layers in KSI: 69
c last restart ## conflicts  :  0 336 
c last restart ## conflicts  :  0 340 
c Number of calls is: 74
c Layers in PHI: 76
c Layers in KSI: 70
c last restart ## conflicts  :  0 336 
c last restart ## conflicts  :  0 340 
c Number of calls is: 75
c Layers in PHI: 77
c Layers in KSI: 71
c last restart ## conflicts  :  0 335 
c last restart ## conflicts  :  0 340 
c Number of calls is: 76
c Layers in PHI: 78
c Layers in KSI: 72
c last restart ## conflicts  :  0 335 
c last restart ## conflicts  :  0 340 
c Number of calls is: 77
c Layers in PHI: 79
c Layers in KSI: 73
c last restart ## conflicts  :  0 335 
c last restart ## conflicts  :  0 340 
c Number of calls is: 78
c Layers in PHI: 80
c Layers in KSI: 74
c last restart ## conflicts  :  0 336 
c last restart ## conflicts  :  0 340 
c Number of calls is: 79
c Layers in PHI: 81
c Layers in KSI: 75
c last restart ## conflicts  :  0 336 
c last restart ## conflicts  :  0 340 
c Number of calls is: 80
c Layers in PHI: 82
c Layers in KSI: 76
c last restart ## conflicts  :  82 573 
c [glucose 4]
c [glucose 4]        calls           39         1.3 per second
c [glucose 4]     restarts           39         1.3 per second
c [glucose 4]    conflicts            3         0.1 per second
c [glucose 4]    decisions        13300       454.0 per second
c [glucose 4] propagations        13303       454.1 per second
c [glucose 4]
c last restart ## conflicts  :  4 340 
c Number of calls is: 81
c Layers in PHI: 83
c Layers in KSI: 77
c last restart ## conflicts  :  0 360 
c last restart ## conflicts  :  0 340 
c Number of calls is: 82
c Layers in PHI: 84
c Layers in KSI: 78
c last restart ## conflicts  :  0 351 
c last restart ## conflicts  :  0 340 
c Number of calls is: 83
c Layers in PHI: 85
c Layers in KSI: 79
c last restart ## conflicts  :  0 363 
c last restart ## conflicts  :  0 340 
c Number of calls is: 84
c Layers in PHI: 86
c Layers in KSI: 80
c last restart ## conflicts  :  0 363 
c last restart ## conflicts  :  0 340 
c Number of calls is: 85
c Layers in PHI: 87
c Layers in KSI: 81
c last restart ## conflicts  :  0 363 
c last restart ## conflicts  :  0 340 
c Number of calls is: 86
c Layers in PHI: 88
c Layers in KSI: 82
c last restart ## conflicts  :  0 361 
c last restart ## conflicts  :  0 340 
c Number of calls is: 87
c Layers in PHI: 89
c Layers in KSI: 83
c last restart ## conflicts  :  0 360 
c last restart ## conflicts  :  0 340 
c Number of calls is: 88
c Layers in PHI: 90
c Layers in KSI: 84
c last restart ## conflicts  :  0 368 
c last restart ## conflicts  :  0 340 
c Number of calls is: 89
c Layers in PHI: 91
c Layers in KSI: 85
c last restart ## conflicts  :  0 366 
c last restart ## conflicts  :  0 340 
c Number of calls is: 90
c Layers in PHI: 92
c Layers in KSI: 86
c last restart ## conflicts  :  0 362 
c last restart ## conflicts  :  0 340 
c Number of calls is: 91
c Layers in PHI: 93
c Layers in KSI: 87
c last restart ## conflicts  :  32 342 
c [glucose 4]
c [glucose 4]        calls           11         0.4 per second
c [glucose 4]     restarts           11         0.4 per second
c [glucose 4]    conflicts            4         0.1 per second
c [glucose 4]    decisions         3755       121.5 per second
c [glucose 4] propagations         3758       121.6 per second
c [glucose 4]
c last restart ## conflicts  :  4 339 
c Number of calls is: 92
c Layers in PHI: 94
c Layers in KSI: 85
c last restart ## conflicts  :  0 347 
c last restart ## conflicts  :  0 340 
c Number of calls is: 93
c Layers in PHI: 95
c Layers in KSI: 86
c last restart ## conflicts  :  0 356 
c last restart ## conflicts  :  0 340 
c Number of calls is: 94
c Layers in PHI: 96
c Layers in KSI: 87
c last restart ## conflicts  :  0 353 
c last restart ## conflicts  :  0 340 
c Number of calls is: 95
c Layers in PHI: 97
c Layers in KSI: 88
c last restart ## conflicts  :  0 359 
c last restart ## conflicts  :  0 340 
c Number of calls is: 96
c Layers in PHI: 98
c Layers in KSI: 89
c last restart ## conflicts  :  0 356 
c last restart ## conflicts  :  0 340 
c Number of calls is: 97
c Layers in PHI: 99
c Layers in KSI: 90
c last restart ## conflicts  :  0 357 
c last restart ## conflicts  :  0 340 
c Number of calls is: 98
c Layers in PHI: 100
c Layers in KSI: 91
c last restart ## conflicts  :  0 357 
c last restart ## conflicts  :  0 340 
c Number of calls is: 99
c Layers in PHI: 101
c Layers in KSI: 92
c last restart ## conflicts  :  0 356 
c last restart ## conflicts  :  0 340 
c Number of calls is: 100
c Layers in PHI: 102
c Layers in KSI: 93
c last restart ## conflicts  :  0 354 
c last restart ## conflicts  :  0 340 
c Number of calls is: 101
c Layers in PHI: 103
c Layers in KSI: 94
c last restart ## conflicts  :  0 355 
c last restart ## conflicts  :  0 340 
c Number of calls is: 102
c Layers in PHI: 104
c Layers in KSI: 95
c last restart ## conflicts  :  0 355 
c last restart ## conflicts  :  0 340 
c Number of calls is: 103
c Layers in PHI: 105
c Layers in KSI: 96
c last restart ## conflicts  :  0 359 
c last restart ## conflicts  :  0 340 
c Number of calls is: 104
c Layers in PHI: 106
c Layers in KSI: 97
c last restart ## conflicts  :  0 354 
c last restart ## conflicts  :  0 340 
c Number of calls is: 105
c Layers in PHI: 107
c Layers in KSI: 98
c last restart ## conflicts  :  0 355 
c last restart ## conflicts  :  0 340 
c Number of calls is: 106
c Layers in PHI: 108
c Layers in KSI: 99
c last restart ## conflicts  :  0 355 
c last restart ## conflicts  :  0 340 
c Number of calls is: 107
c Layers in PHI: 109
c Layers in KSI: 100
c last restart ## conflicts  :  0 359 
c last restart ## conflicts  :  0 340 
c Number of calls is: 108
c Layers in PHI: 110
c Layers in KSI: 101
c last restart ## conflicts  :  0 356 
c last restart ## conflicts  :  0 340 
c Number of calls is: 109
c Layers in PHI: 111
c Layers in KSI: 102
c last restart ## conflicts  :  0 363 
c last restart ## conflicts  :  0 340 
c Number of calls is: 110
c Layers in PHI: 112
c Layers in KSI: 103
c last restart ## conflicts  :  0 361 
c last restart ## conflicts  :  0 340 
c Number of calls is: 111
c Layers in PHI: 113
c Layers in KSI: 104
c last restart ## conflicts  :  0 359 
c last restart ## conflicts  :  0 340 
c Number of calls is: 112
c Layers in PHI: 114
c Layers in KSI: 105
c last restart ## conflicts  :  0 354 
c last restart ## conflicts  :  0 340 
c Number of calls is: 113
c Layers in PHI: 115
c Layers in KSI: 106
c last restart ## conflicts  :  0 356 
c last restart ## conflicts  :  0 340 
c Number of calls is: 114
c Layers in PHI: 116
c Layers in KSI: 107
c last restart ## conflicts  :  0 354 
c last restart ## conflicts  :  0 340 
c Number of calls is: 115
c Layers in PHI: 117
c Layers in KSI: 108
c last restart ## conflicts  :  0 356 
c last restart ## conflicts  :  0 340 
c Number of calls is: 116
c Layers in PHI: 118
c Layers in KSI: 109
c last restart ## conflicts  :  0 355 
c last restart ## conflicts  :  0 340 
c Number of calls is: 117
c Layers in PHI: 119
c Layers in KSI: 110
c last restart ## conflicts  :  0 358 
c last restart ## conflicts  :  0 340 
c Number of calls is: 118
c Layers in PHI: 120
c Layers in KSI: 111
c last restart ## conflicts  :  0 356 
c last restart ## conflicts  :  0 340 
c Number of calls is: 119
c Layers in PHI: 121
c Layers in KSI: 112
c last restart ## conflicts  :  0 359 
c last restart ## conflicts  :  0 340 
c Number of calls is: 120
c Layers in PHI: 122
c Layers in KSI: 113
c last restart ## conflicts  :  0 356 
c last restart ## conflicts  :  0 340 
c Number of calls is: 121
c Layers in PHI: 123
c Layers in KSI: 114
c last restart ## conflicts  :  0 356 
c last restart ## conflicts  :  0 340 
c Number of calls is: 122
c Layers in PHI: 124
c Layers in KSI: 115
c last restart ## conflicts  :  0 355 
c last restart ## conflicts  :  0 340 
c Number of calls is: 123
c Layers in PHI: 125
c Layers in KSI: 116
c last restart ## conflicts  :  0 362 
c last restart ## conflicts  :  0 340 
c Number of calls is: 124
c Layers in PHI: 126
c Layers in KSI: 117
c last restart ## conflicts  :  0 355 
c last restart ## conflicts  :  0 340 
c Number of calls is: 125
c Layers in PHI: 127
c Layers in KSI: 118
c last restart ## conflicts  :  0 356 
c last restart ## conflicts  :  0 340 
c Number of calls is: 126
c Layers in PHI: 128
c Layers in KSI: 119
c last restart ## conflicts  :  0 355 
c last restart ## conflicts  :  0 340 
c Number of calls is: 127
c Layers in PHI: 129
c Layers in KSI: 120
c last restart ## conflicts  :  0 359 
c last restart ## conflicts  :  0 340 
c Number of calls is: 128
c Layers in PHI: 130
c Layers in KSI: 121
c last restart ## conflicts  :  0 355 
c last restart ## conflicts  :  0 340 
c Number of calls is: 129
c Layers in PHI: 131
c Layers in KSI: 122
c last restart ## conflicts  :  0 360 
c last restart ## conflicts  :  0 340 
c Number of calls is: 130
c Layers in PHI: 132
c Layers in KSI: 123
c last restart ## conflicts  :  0 355 
c last restart ## conflicts  :  0 340 
c Number of calls is: 131
c Layers in PHI: 133
c Layers in KSI: 124
c last restart ## conflicts  :  0 355 
c last restart ## conflicts  :  0 340 
c Number of calls is: 132
c Layers in PHI: 134
c Layers in KSI: 125
c last restart ## conflicts  :  0 362 
c last restart ## conflicts  :  0 340 
c Number of calls is: 133
c Layers in PHI: 135
c Layers in KSI: 126
c last restart ## conflicts  :  111 327 
c [glucose 4]
c [glucose 4]        calls           42         1.1 per second
c [glucose 4]     restarts           42         1.1 per second
c [glucose 4]    conflicts            4         0.1 per second
c [glucose 4]    decisions        14325       370.8 per second
c [glucose 4] propagations        14329       370.9 per second
c [glucose 4]
c last restart ## conflicts  :  5 339 
c Number of calls is: 134
c Layers in PHI: 136
c Layers in KSI: 125
c last restart ## conflicts  :  0 338 
c last restart ## conflicts  :  0 340 
c Number of calls is: 135
c Layers in PHI: 137
c Layers in KSI: 126
c last restart ## conflicts  :  0 338 
c last restart ## conflicts  :  0 340 
c Number of calls is: 136
c Layers in PHI: 138
c Layers in KSI: 127
c last restart ## conflicts  :  0 338 
c last restart ## conflicts  :  0 340 
c Number of calls is: 137
c Layers in PHI: 139
c Layers in KSI: 128
c last restart ## conflicts  :  0 338 
c last restart ## conflicts  :  0 340 
c Number of calls is: 138
c Layers in PHI: 140
c Layers in KSI: 129
c last restart ## conflicts  :  0 338 
c last restart ## conflicts  :  0 340 
c Number of calls is: 139
c Layers in PHI: 141
c Layers in KSI: 130
c last restart ## conflicts  :  0 338 
c last restart ## conflicts  :  0 340 
c Number of calls is: 140
c Layers in PHI: 142
c Layers in KSI: 131
c last restart ## conflicts  :  0 337 
c last restart ## conflicts  :  0 340 
c Number of calls is: 141
c Layers in PHI: 143
c Layers in KSI: 132
c last restart ## conflicts  :  0 338 
c last restart ## conflicts  :  0 340 
c Number of calls is: 142
c Layers in PHI: 144
c Layers in KSI: 133
c last restart ## conflicts  :  0 338 
c last restart ## conflicts  :  0 340 
c Number of calls is: 143
c Layers in PHI: 145
c Layers in KSI: 134
c last restart ## conflicts  :  0 338 
c last restart ## conflicts  :  0 340 
c Number of calls is: 144
c Layers in PHI: 146
c Layers in KSI: 135
c last restart ## conflicts  :  0 338 
c last restart ## conflicts  :  0 340 
c Number of calls is: 145
c Layers in PHI: 147
c Layers in KSI: 136
c last restart ## conflicts  :  0 338 
c last restart ## conflicts  :  0 340 
c Number of calls is: 146
c Layers in PHI: 148
c Layers in KSI: 137
c last restart ## conflicts  :  0 338 
c last restart ## conflicts  :  0 340 
c Number of calls is: 147
c Layers in PHI: 149
c Layers in KSI: 138
c last restart ## conflicts  :  0 338 
c last restart ## conflicts  :  0 340 
c Number of calls is: 148
c Layers in PHI: 150
c Layers in KSI: 139
c last restart ## conflicts  :  0 338 
c last restart ## conflicts  :  0 340 
c Number of calls is: 149
c Layers in PHI: 151
c Layers in KSI: 140
c last restart ## conflicts  :  0 338 
c last restart ## conflicts  :  0 340 
c Number of calls is: 150
c Layers in PHI: 152
c Layers in KSI: 141
c last restart ## conflicts  :  0 338 
c last restart ## conflicts  :  0 340 
c Number of calls is: 151
c Layers in PHI: 153
c Layers in KSI: 142
c last restart ## conflicts  :  0 338 
c last restart ## conflicts  :  0 340 
c Number of calls is: 152
c Layers in PHI: 154
c Layers in KSI: 143
c last restart ## conflicts  :  0 338 
c last restart ## conflicts  :  0 340 
c Number of calls is: 153
c Layers in PHI: 155
c Layers in KSI: 144
c last restart ## conflicts  :  0 338 
c last restart ## conflicts  :  0 340 
c Number of calls is: 154
c Layers in PHI: 156
c Layers in KSI: 145
c last restart ## conflicts  :  0 338 
c last restart ## conflicts  :  0 340 
c Number of calls is: 155
c Layers in PHI: 157
c Layers in KSI: 146
c last restart ## conflicts  :  0 338 
c last restart ## conflicts  :  0 340 
c Number of calls is: 156
c Layers in PHI: 158
c Layers in KSI: 147
c last restart ## conflicts  :  0 338 
c last restart ## conflicts  :  0 340 
c Number of calls is: 157
c Layers in PHI: 159
c Layers in KSI: 148
c last restart ## conflicts  :  0 338 
c last restart ## conflicts  :  0 340 
c Number of calls is: 158
c Layers in PHI: 160
c Layers in KSI: 149
c last restart ## conflicts  :  0 338 
c last restart ## conflicts  :  0 340 
c Number of calls is: 159
c Layers in PHI: 161
c Layers in KSI: 150
c last restart ## conflicts  :  0 338 
c last restart ## conflicts  :  0 340 
c Number of calls is: 160
c Layers in PHI: 162
c Layers in KSI: 151
c last restart ## conflicts  :  0 337 
c last restart ## conflicts  :  0 340 
c Number of calls is: 161
c Layers in PHI: 163
c Layers in KSI: 152
c last restart ## conflicts  :  0 338 
c last restart ## conflicts  :  0 340 
c Number of calls is: 162
c Layers in PHI: 164
c Layers in KSI: 153
c last restart ## conflicts  :  0 338 
c last restart ## conflicts  :  0 340 
c Number of calls is: 163
c Layers in PHI: 165
c Layers in KSI: 154
c last restart ## conflicts  :  0 338 
c last restart ## conflicts  :  0 340 
c Number of calls is: 164
c Layers in PHI: 166
c Layers in KSI: 155
c last restart ## conflicts  :  0 338 
c last restart ## conflicts  :  0 340 
c Number of calls is: 165
c Layers in PHI: 167
c Layers in KSI: 156
c last restart ## conflicts  :  0 338 
c last restart ## conflicts  :  0 340 
c Number of calls is: 166
c Layers in PHI: 168
c Layers in KSI: 157
c last restart ## conflicts  :  0 338 
c last restart ## conflicts  :  0 340 
c Number of calls is: 167
c Layers in PHI: 169
c Layers in KSI: 158
c last restart ## conflicts  :  0 338 
c last restart ## conflicts  :  0 340 
c Number of calls is: 168
c Layers in PHI: 170
c Layers in KSI: 159
c last restart ## conflicts  :  0 338 
c last restart ## conflicts  :  0 340 
c Number of calls is: 169
c Layers in PHI: 171
c Layers in KSI: 160
c last restart ## conflicts  :  0 338 
c last restart ## conflicts  :  0 340 
c Number of calls is: 170
c Layers in PHI: 172
c Layers in KSI: 161
c last restart ## conflicts  :  0 338 
c last restart ## conflicts  :  0 340 
c Number of calls is: 171
c Layers in PHI: 173
c Layers in KSI: 162
c last restart ## conflicts  :  0 337 
c last restart ## conflicts  :  0 340 
c Number of calls is: 172
c Layers in PHI: 174
c Layers in KSI: 163
c last restart ## conflicts  :  0 337 
c last restart ## conflicts  :  0 340 
c Number of calls is: 173
c Layers in PHI: 175
c Layers in KSI: 164
c last restart ## conflicts  :  0 338 
c last restart ## conflicts  :  0 340 
c Number of calls is: 174
c Layers in PHI: 176
c Layers in KSI: 165
c last restart ## conflicts  :  0 338 
c last restart ## conflicts  :  0 340 
c Number of calls is: 175
c Layers in PHI: 177
c Layers in KSI: 166
c last restart ## conflicts  :  0 338 
c last restart ## conflicts  :  0 340 
c Number of calls is: 176
c Layers in PHI: 178
c Layers in KSI: 167
c last restart ## conflicts  :  36 320 
c [glucose 4]
c [glucose 4]        calls           43         0.3 per second
c [glucose 4]     restarts           43         0.3 per second
c [glucose 4]    conflicts            5         0.0 per second
c [glucose 4]    decisions        14667       102.9 per second
c [glucose 4] propagations        14671       102.9 per second
c [glucose 4]
c last restart ## conflicts  :  2 340 
c Number of calls is: 177
c Layers in PHI: 179
c Layers in KSI: 150
c last restart ## conflicts  :  0 334 
c last restart ## conflicts  :  0 340 
c Number of calls is: 178
c Layers in PHI: 180
c Layers in KSI: 151
c last restart ## conflicts  :  0 346 
c last restart ## conflicts  :  0 340 
c Number of calls is: 179
c Layers in PHI: 181
c Layers in KSI: 152
c last restart ## conflicts  :  0 344 
c last restart ## conflicts  :  0 340 
c Number of calls is: 180
c Layers in PHI: 182
c Layers in KSI: 153
c last restart ## conflicts  :  0 345 
c last restart ## conflicts  :  0 340 
c Number of calls is: 181
c Layers in PHI: 183
c Layers in KSI: 154
c last restart ## conflicts  :  0 344 
c last restart ## conflicts  :  0 340 
c Number of calls is: 182
c Layers in PHI: 184
c Layers in KSI: 155
c last restart ## conflicts  :  0 345 
c last restart ## conflicts  :  0 340 
c Number of calls is: 183
c Layers in PHI: 185
c Layers in KSI: 156
c last restart ## conflicts  :  0 344 
c last restart ## conflicts  :  0 340 
c Number of calls is: 184
c Layers in PHI: 186
c Layers in KSI: 157
c last restart ## conflicts  :  0 345 
c last restart ## conflicts  :  0 340 
c Number of calls is: 185
c Layers in PHI: 187
c Layers in KSI: 158
c last restart ## conflicts  :  0 344 
c last restart ## conflicts  :  0 340 
c Number of calls is: 186
c Layers in PHI: 188
c Layers in KSI: 159
c last restart ## conflicts  :  0 345 
c last restart ## conflicts  :  0 340 
c Number of calls is: 187
c Layers in PHI: 189
c Layers in KSI: 160
c last restart ## conflicts  :  0 344 
c last restart ## conflicts  :  0 340 
c Number of calls is: 188
c Layers in PHI: 190
c Layers in KSI: 161
c last restart ## conflicts  :  0 345 
c last restart ## conflicts  :  0 340 
c Number of calls is: 189
c Layers in PHI: 191
c Layers in KSI: 162
c last restart ## conflicts  :  0 344 
c last restart ## conflicts  :  0 340 
c Number of calls is: 190
c Layers in PHI: 192
c Layers in KSI: 163
c last restart ## conflicts  :  0 345 
c last restart ## conflicts  :  0 340 
c Number of calls is: 191
c Layers in PHI: 193
c Layers in KSI: 164
c last restart ## conflicts  :  0 344 
c last restart ## conflicts  :  0 340 
c Number of calls is: 192
c Layers in PHI: 194
c Layers in KSI: 165
c last restart ## conflicts  :  0 345 
c last restart ## conflicts  :  0 340 
c Number of calls is: 193
c Layers in PHI: 195
c Layers in KSI: 166
c last restart ## conflicts  :  0 344 
c last restart ## conflicts  :  0 340 
c Number of calls is: 194
c Layers in PHI: 196
c Layers in KSI: 167
c last restart ## conflicts  :  0 345 
c last restart ## conflicts  :  0 340 
c Number of calls is: 195
c Layers in PHI: 197
c Layers in KSI: 168
c last restart ## conflicts  :  0 344 
c last restart ## conflicts  :  0 340 
c Number of calls is: 196
c Layers in PHI: 198
c Layers in KSI: 169
c last restart ## conflicts  :  0 345 
c last restart ## conflicts  :  0 340 
c Number of calls is: 197
c Layers in PHI: 199
c Layers in KSI: 170
c last restart ## conflicts  :  0 344 
c last restart ## conflicts  :  0 340 
c Number of calls is: 198
c Layers in PHI: 200
c Layers in KSI: 171
c last restart ## conflicts  :  0 345 
c last restart ## conflicts  :  0 340 
c Number of calls is: 199
c Layers in PHI: 201
c Layers in KSI: 172
c last restart ## conflicts  :  0 344 
c last restart ## conflicts  :  0 340 
c Number of calls is: 200
c Layers in PHI: 202
c Layers in KSI: 173
c last restart ## conflicts  :  0 345 
c last restart ## conflicts  :  0 340 
c Number of calls is: 201
c Layers in PHI: 203
c Layers in KSI: 174
c last restart ## conflicts  :  0 344 
c last restart ## conflicts  :  0 340 
c Number of calls is: 202
c Layers in PHI: 204
c Layers in KSI: 175
c last restart ## conflicts  :  0 345 
c last restart ## conflicts  :  0 340 
c Number of calls is: 203
c Layers in PHI: 205
c Layers in KSI: 176
c last restart ## conflicts  :  0 344 
c last restart ## conflicts  :  0 340 
c Number of calls is: 204
c Layers in PHI: 206
c Layers in KSI: 177
c last restart ## conflicts  :  0 344 
c last restart ## conflicts  :  0 340 
c Number of calls is: 205
c Layers in PHI: 207
c Layers in KSI: 178
c last restart ## conflicts  :  0 344 
c last restart ## conflicts  :  0 340 
c Number of calls is: 206
c Layers in PHI: 208
c Layers in KSI: 179
c last restart ## conflicts  :  0 344 
c last restart ## conflicts  :  0 340 
c Number of calls is: 207
c Layers in PHI: 209
c Layers in KSI: 180
c last restart ## conflicts  :  0 344 
c last restart ## conflicts  :  0 340 
c Number of calls is: 208
c Layers in PHI: 210
c Layers in KSI: 181
c last restart ## conflicts  :  0 344 
c last restart ## conflicts  :  0 340 
c Number of calls is: 209
c Layers in PHI: 211
c Layers in KSI: 182
c last restart ## conflicts  :  0 344 
c last restart ## conflicts  :  0 340 
c Number of calls is: 210
c Layers in PHI: 212
c Layers in KSI: 183
c last restart ## conflicts  :  0 344 
c last restart ## conflicts  :  0 340 
c Number of calls is: 211
c Layers in PHI: 213
c Layers in KSI: 184
c last restart ## conflicts  :  0 344 
c last restart ## conflicts  :  0 340 
c Number of calls is: 212
c Layers in PHI: 214
c Layers in KSI: 185
c last restart ## conflicts  :  0 344 
c last restart ## conflicts  :  0 340 
c Number of calls is: 213
c Layers in PHI: 215
c Layers in KSI: 186
c last restart ## conflicts  :  0 344 
c last restart ## conflicts  :  0 340 
c Number of calls is: 214
c Layers in PHI: 216
c Layers in KSI: 187
c last restart ## conflicts  :  0 344 
c last restart ## conflicts  :  0 340 
c Number of calls is: 215
c Layers in PHI: 217
c Layers in KSI: 188
c last restart ## conflicts  :  0 344 
c last restart ## conflicts  :  0 340 
c Number of calls is: 216
c Layers in PHI: 218
c Layers in KSI: 189
c last restart ## conflicts  :  0 344 
c last restart ## conflicts  :  0 340 
c Number of calls is: 217
c Layers in PHI: 219
c Layers in KSI: 190
c last restart ## conflicts  :  0 344 
c last restart ## conflicts  :  0 340 
c Number of calls is: 218
c Layers in PHI: 220
c Layers in KSI: 191
c last restart ## conflicts  :  0 344 
c last restart ## conflicts  :  0 340 
c Number of calls is: 219
c Layers in PHI: 221
c Layers in KSI: 192
c last restart ## conflicts  :  0 344 
c last restart ## conflicts  :  0 340 
c Number of calls is: 220
c Layers in PHI: 222
c Layers in KSI: 193
c sat_solver_phi calld 221 times, running for 366.236 seconds.
c number of layers in PHI is 223
c sat_solver_ksi was running for 0.010546 seconds.
c number of layers in KSI is 193
c mysolver was running for 377.775 seconds.
s cnf 0
solving done with exit code 20

QBF solver OK

running SAT Solver...

/tmp/ferpcert3343expanded.cnf
clean up and exit
c array.sh: end:      Tue Feb 16 22:58:50 CET 2021
