[runlim] version:		1.21
[runlim] host:			c3n06
[runlim] time limit:		900 seconds
[runlim] real time limit:	900 seconds
[runlim] space limit:		50000 MB
[runlim] argv[0]:		./binary
[runlim] argv[1]:		/tmp/local-unzipped-18834727-11-biu.mv.xl_ao.bb-b003-p020-IPF02-c05.blif-biu.inv.prop.bb-bmc.conf05.01X-QBF.BB1-Zi.BB2-01X.BB3-Zi.with-IOC.unfold-007.cnf
[runlim] argv[2]:		900 50000
[runlim] start:			Tue Feb 16 22:43:50 2021
[runlim] child:			2898
[runlim] sample:		9.91 time, 10.01 real, 299 MB
[runlim] sample:		19.90 time, 20.01 real, 559 MB
[runlim] sample:		29.90 time, 30.01 real, 794 MB
[runlim] sample:		39.91 time, 40.01 real, 1044 MB
[runlim] sample:		49.91 time, 50.01 real, 1322 MB
[runlim] sample:		59.90 time, 60.01 real, 1572 MB
[runlim] sample:		69.63 time, 70.01 real, 1800 MB
[runlim] sample:		79.64 time, 80.01 real, 1879 MB
solving-time: 80.31
[runlim] sample:		89.60 time, 90.01 real, 2127 MB
[runlim] sample:		99.60 time, 100.01 real, 2507 MB
[runlim] sample:		109.60 time, 110.01 real, 2507 MB
[runlim] sample:		119.60 time, 120.01 real, 2543 MB
proof-gen-satsolver: 40.75
tracecheck-time: 2.02
[runlim] sample:		129.44 time, 130.01 real, 207 MB
[runlim] sample:		139.45 time, 140.01 real, 491 MB
[runlim] sample:		149.45 time, 150.01 real, 770 MB
[runlim] sample:		159.45 time, 160.01 real, 987 MB
toferp-time: 39.34
ferpcheck-time: 4.72
[runlim] sample:		169.24 time, 170.01 real, 2359 MB
[runlim] sample:		179.23 time, 180.01 real, 10980 MB
[runlim] sample:		189.24 time, 190.02 real, 11993 MB
[runlim] sample:		199.23 time, 200.02 real, 11994 MB
[runlim] sample:		209.24 time, 210.01 real, 11995 MB
[runlim] sample:		219.23 time, 220.02 real, 11995 MB
[runlim] sample:		229.24 time, 230.02 real, 11995 MB
[runlim] sample:		239.24 time, 240.02 real, 11995 MB
[runlim] sample:		249.23 time, 250.02 real, 11995 MB
[runlim] sample:		259.23 time, 260.01 real, 11995 MB
[runlim] sample:		269.24 time, 270.01 real, 11995 MB
[runlim] sample:		279.23 time, 280.02 real, 11995 MB
[runlim] sample:		289.23 time, 290.01 real, 11995 MB
[runlim] sample:		299.24 time, 300.01 real, 11995 MB
[runlim] sample:		309.23 time, 310.02 real, 11995 MB
[runlim] sample:		319.24 time, 320.02 real, 11995 MB
[runlim] sample:		329.23 time, 330.02 real, 11995 MB
[runlim] sample:		339.23 time, 340.01 real, 11995 MB
[runlim] sample:		349.23 time, 350.01 real, 11995 MB
[runlim] sample:		359.24 time, 360.01 real, 11995 MB
[runlim] sample:		369.24 time, 370.01 real, 11996 MB
[runlim] sample:		379.23 time, 380.01 real, 11996 MB
[runlim] sample:		389.24 time, 390.01 real, 11996 MB
[runlim] sample:		399.23 time, 400.01 real, 11996 MB
[runlim] sample:		409.24 time, 410.01 real, 11996 MB
[runlim] sample:		419.24 time, 420.01 real, 11996 MB
[runlim] sample:		429.24 time, 430.01 real, 11996 MB
[runlim] sample:		439.24 time, 440.01 real, 11996 MB
[runlim] sample:		449.23 time, 450.02 real, 11996 MB
[runlim] sample:		459.24 time, 460.02 real, 11996 MB
[runlim] sample:		469.24 time, 470.02 real, 11996 MB
[runlim] sample:		479.24 time, 480.02 real, 11996 MB
[runlim] sample:		489.24 time, 490.02 real, 11996 MB
[runlim] sample:		499.24 time, 500.02 real, 11996 MB
[runlim] sample:		509.23 time, 510.02 real, 11996 MB
[runlim] sample:		519.24 time, 520.02 real, 11996 MB
[runlim] sample:		529.24 time, 530.02 real, 11996 MB
[runlim] sample:		539.24 time, 540.01 real, 11996 MB
[runlim] sample:		549.24 time, 550.02 real, 11996 MB
[runlim] sample:		559.24 time, 560.02 real, 11996 MB
[runlim] sample:		569.24 time, 570.02 real, 11996 MB
[runlim] sample:		579.24 time, 580.02 real, 11996 MB
[runlim] sample:		589.24 time, 590.01 real, 11996 MB
[runlim] sample:		599.24 time, 600.02 real, 11996 MB
[runlim] sample:		609.24 time, 610.02 real, 11996 MB
[runlim] sample:		619.24 time, 620.02 real, 11996 MB
[runlim] sample:		629.24 time, 630.02 real, 11996 MB
[runlim] sample:		639.24 time, 640.02 real, 11996 MB
[runlim] sample:		649.24 time, 650.02 real, 11996 MB
[runlim] sample:		659.24 time, 660.02 real, 11996 MB
[runlim] sample:		669.24 time, 670.02 real, 11996 MB
[runlim] sample:		679.24 time, 680.02 real, 11996 MB
[runlim] sample:		689.24 time, 690.02 real, 11996 MB
[runlim] sample:		699.24 time, 700.02 real, 11996 MB
[runlim] sample:		709.24 time, 710.02 real, 11996 MB
[runlim] sample:		719.24 time, 720.02 real, 11996 MB
[runlim] sample:		729.24 time, 730.02 real, 11996 MB
[runlim] sample:		739.24 time, 740.02 real, 11996 MB
[runlim] sample:		749.24 time, 750.02 real, 11996 MB
[runlim] sample:		759.24 time, 760.02 real, 11997 MB
[runlim] sample:		769.24 time, 770.02 real, 11997 MB
[runlim] sample:		779.25 time, 780.02 real, 11997 MB
[runlim] sample:		789.24 time, 790.02 real, 11997 MB
[runlim] sample:		799.24 time, 800.02 real, 11997 MB
[runlim] sample:		809.25 time, 810.02 real, 11997 MB
[runlim] sample:		819.24 time, 820.02 real, 11997 MB
[runlim] sample:		829.24 time, 830.02 real, 11997 MB
[runlim] sample:		839.24 time, 840.02 real, 11997 MB
[runlim] sample:		849.24 time, 850.02 real, 11997 MB
[runlim] sample:		859.24 time, 860.02 real, 11997 MB
[runlim] sample:		869.24 time, 870.02 real, 11997 MB
[runlim] sample:		879.24 time, 880.02 real, 11997 MB
[runlim] sample:		889.24 time, 890.02 real, 11997 MB
[runlim] sample:		899.24 time, 900.02 real, 11997 MB
Terminated
[runlim] end:			Tue Feb 16 22:58:50 2021
[runlim] status:		out of time
[runlim] result:		2
[runlim] children:		13
[runlim] real:			900.10 seconds
[runlim] time:			899.24 seconds
[runlim] space:			11997 MB
[runlim] samples:		9000
