c array.sh: path:     /data/qbf/qbf20/PCNF/biu.mv.xl_ao.bb-b003-p020-MIF04-c05.blif-biu.inv.prop.bb-bmc.with-IOC.unfold-008.qdimacs
c array.sh: name:     biu.mv.xl_ao.bb-b003-p020-MIF04-c05.blif-biu.inv.prop.bb-bmc.with-IOC.unfold-008
c array.sh: task:     22
c array.sh: host:     c3n11
c array.sh: uname:    Linux c3n11 4.15.0-135-generic #139-Ubuntu SMP Mon Jan 18 17:38:24 UTC 2021 x86_64 x86_64 x86_64 GNU/Linux
c array.sh: start:    Tue Feb 16 22:43:50 CET 2021
c array.sh: noturbo:  1
c array.sh: governor: 32 performance
c array.sh: tmp:      1%
c array.sh: unzipped: /tmp/local-unzipped-18834727-22-biu.mv.xl_ao.bb-b003-p020-MIF04-c05.blif-biu.inv.prop.bb-bmc.with-IOC.unfold-008.cnf
using tmp directory:
  /tmp
running QBF solver...

/home/seidl/cert_tests/bin/ferp-models/ijtihad/ijtihad --dependencies=0 --wit_per_call=-1 --cex_per_call=-1 --log_phi=/tmp/ferpcert2763expanded.cnf /tmp/local-unzipped-18834727-22-biu.mv.xl_ao.bb-b003-p020-MIF04-c05.blif-biu.inv.prop.bb-bmc.with-IOC.unfold-008.cnf
c Options after parsing: 
c cex_per_call = 18446744073709551615
c wit_per_call = 18446744073709551615
c warmup = 1
c warmup_randoms = 0
c trimming_phi = 0
c trimming_ksi = 2
c trimming_interval = 200
c memory_limit = 3000000
c MySolverv970-glucose
-1 -2 -3 -4 -5 -6 -7 -8 -9 -10 -11 -12 -13 -14 -15 -16 -17 -18 -19 -20 -21 -22 -23 -24 -25 -26 -27 -28 -29 -30 -31 -32 -33 -34 -35 -36 -37 -38 -39 -40 -41 -42 -43 -44 -45 -46 -47 -48 -49 -50 -51 -52 -53 -54 -55 -56 -57 -58 -59 -60 -61 -62 -63 -64 -65 -66 -67 -68 -69 -70 -71 -72 -73 -74 -75 -76 -77 -78 -79 -80 -81 -82 -83 -84 -85 -86 -87 -88 -89 -90 -91 -92 -93 -94 -95 -96 -97 -98 -99 -100 -101 -102 -103 -104 -105 -106 -107 -108 -109 -110 -111 -112 -113 -114 -115 -116 -117 -118 -119 -120 -121 -122 -123 -124 -125 -126 -127 -128 -129 -130 -131 -132 -133 -134 -135 -136 -137 -138 -139 -140 -141 -142 -143 -144 -145 -146 -147 -148 -149 -150 -151 -152 -153 -154 -155 -156 -157 -158 -159 -160 -161 -162 -163 -164 -165 -166 -167 -168 -169 -170 -171 -172 -173 -174 -175 -176 -177 -178 -179 -180 -181 -182 -183 -184 -185 -186 -187 -188 -189 -190 -191 -192 -193 -194 -195 -196 -197 -198 -199 -200 -201 -202 -203 -204 -205 -206 -207 -208 -209 -210 -211 -212 -213 -214 -215 -216 -217 -218 -219 -220 -221 -222 -223 -224 -225 -226 -227 -228 -229 -230 -231 -232 -233 -234 -235 -236 -237 -238 -239 -240 -241 -242 -243 -244 -245 -246 -247 -248 -249 -250 -251 -252 -253 -254 -255 -256 -257 -258 -259 -260 -261 -262 -263 -264 -265 -266 -267 -268 -269 -270 -271 -272 -273 -274 -275 -276 -277 -278 -279 -280 -281 -282 -283 -284 -285 -286 -287 -288 -289 -290 -291 -292 -293 -294 -295 -296 -297 -298 -299 -300 -301 -302 -303 -304 -305 -306 -307 -308 -309 -310 -311 -312 -313 -314 -315 -316 -317 -318 319 320 321 322 323 324 325 326 327 328 329 330 331 332 333 334 335 336 337 338 339 340 341 342 343 344 345 346 347 348 349 350 351 352 353 354 355 356 357 358 359 360 361 362 363 364 365 366 367 368 369 370 371 -372 -373 -374 -375 -376 -377 
1 2 3 4 5 6 7 8 9 10 11 12 13 14 15 16 17 18 19 20 21 22 23 24 25 26 27 28 29 30 31 32 33 34 35 36 37 38 39 40 41 42 43 44 45 46 47 48 49 50 51 52 53 -54 -55 -56 -57 -58 -59 -60 -61 -62 -63 -64 -65 -66 -67 -68 -69 -70 -71 -72 -73 -74 -75 -76 -77 -78 -79 -80 -81 -82 -83 -84 -85 -86 -87 -88 -89 -90 -91 -92 -93 -94 -95 -96 -97 -98 -99 -100 -101 -102 -103 -104 -105 -106 107 108 109 110 111 112 113 114 115 116 117 118 119 120 121 122 123 124 125 126 127 128 129 130 131 132 133 134 135 136 137 138 139 140 141 142 143 144 145 146 147 148 149 150 151 152 153 154 155 156 157 158 159 160 161 162 163 164 165 166 167 168 169 170 171 172 173 174 175 176 177 178 179 180 181 182 183 184 185 186 187 188 189 190 191 192 193 194 195 196 197 198 199 200 201 202 203 204 205 206 207 208 209 210 211 212 213 214 215 216 217 218 219 220 221 222 223 224 225 226 227 228 229 230 231 232 233 234 235 236 237 238 239 240 241 242 243 244 245 246 247 248 249 250 251 252 253 254 255 256 257 258 259 260 261 262 263 264 265 266 267 268 269 270 271 272 273 274 275 276 277 278 279 280 281 282 283 284 285 286 287 288 289 290 291 292 293 294 295 296 297 298 299 300 301 302 303 304 305 306 307 308 309 310 311 312 313 314 315 316 317 318 319 320 321 322 323 324 325 326 327 328 329 330 331 332 333 334 335 336 337 338 339 340 341 342 343 344 345 346 347 348 349 350 351 352 353 354 355 356 357 358 359 360 361 362 363 364 365 366 367 368 369 370 371 372 373 374 375 376 377 
-1 -2 -3 -4 -5 -6 -7 -8 -9 -10 -11 -12 -13 -14 -15 -16 -17 -18 -19 -20 -21 -22 -23 -24 -25 -26 -27 -28 -29 -30 -31 -32 -33 -34 -35 -36 -37 -38 -39 -40 -41 -42 -43 -44 -45 -46 -47 -48 -49 -50 -51 -52 -53 54 55 56 57 58 59 60 61 62 63 64 65 66 67 68 69 70 71 72 73 74 75 76 77 78 79 80 81 82 83 84 85 86 87 88 89 90 91 92 93 94 95 96 97 98 99 100 101 102 103 104 105 106 107 108 109 110 111 112 113 114 115 116 117 118 119 120 121 122 123 124 125 126 127 128 129 130 131 132 133 134 135 136 137 138 139 140 141 142 143 144 145 146 147 148 149 150 151 152 153 154 155 156 157 158 159 160 161 162 163 164 165 166 167 168 169 170 171 172 173 174 175 176 177 178 179 180 181 182 183 184 185 186 187 188 189 190 191 192 193 194 195 196 197 198 199 200 201 202 203 204 205 206 207 208 209 210 211 212 213 214 215 216 217 218 219 220 221 222 223 224 225 226 227 228 229 230 231 232 233 234 235 236 237 238 239 240 241 242 243 244 245 246 247 248 249 250 251 252 253 254 255 256 257 258 259 260 261 262 263 264 265 266 267 268 269 270 271 272 273 274 275 276 277 278 279 280 281 282 283 284 285 286 287 288 289 290 291 292 293 294 295 296 297 298 299 300 301 302 303 304 305 306 307 308 309 310 311 312 313 314 315 316 317 318 319 320 321 322 323 324 325 326 327 328 329 330 331 332 333 334 335 336 337 338 339 340 341 342 343 344 345 346 347 348 349 350 351 352 353 354 355 356 357 358 359 360 361 362 363 364 365 366 367 368 369 370 371 372 373 374 375 376 377 
1 2 3 4 5 6 7 8 9 10 11 12 13 14 15 16 17 18 19 20 21 22 23 24 25 26 27 28 29 30 31 32 33 34 35 36 37 38 39 40 41 42 43 44 45 46 47 48 49 50 51 52 53 54 55 56 57 58 59 60 61 62 63 64 65 66 67 68 69 70 71 72 73 74 75 76 77 78 79 80 81 82 83 84 85 86 87 88 89 90 91 92 93 94 95 96 97 98 99 100 101 102 103 104 105 106 107 108 109 110 111 112 113 114 115 116 117 118 119 120 121 122 123 124 125 126 127 128 129 130 131 132 133 134 135 136 137 138 139 140 141 142 143 144 145 146 147 148 149 150 151 152 153 154 155 156 157 158 159 160 161 162 163 164 165 166 167 168 169 170 171 172 173 174 175 176 177 178 179 180 181 182 183 184 185 186 187 188 189 190 191 192 193 194 195 196 197 198 199 200 201 202 203 204 205 206 207 208 209 210 211 212 213 214 215 216 217 218 219 220 221 222 223 224 225 226 227 228 229 230 231 232 233 234 235 236 237 238 239 240 241 242 243 244 245 246 247 248 249 250 251 252 253 254 255 256 257 258 259 260 261 262 263 264 265 266 267 268 269 270 271 272 273 274 275 276 277 278 279 280 281 282 283 284 285 286 287 288 289 290 291 292 293 294 295 296 297 298 299 300 301 302 303 304 305 306 307 308 309 310 311 312 313 314 315 316 317 318 319 320 321 322 323 324 325 326 327 328 329 330 331 332 333 334 335 336 337 338 339 340 341 342 343 344 345 346 347 348 349 350 351 352 353 354 355 356 357 358 359 360 361 362 363 364 365 366 367 368 369 370 371 372 373 374 375 376 377 
-1 -2 -3 -4 -5 -6 -7 -8 -9 -10 -11 -12 -13 -14 -15 -16 -17 -18 -19 -20 -21 -22 -23 -24 -25 -26 -27 -28 -29 -30 -31 -32 -33 -34 -35 -36 -37 -38 -39 -40 -41 -42 -43 -44 -45 -46 -47 -48 -49 -50 -51 -52 -53 -54 -55 -56 -57 -58 -59 -60 -61 -62 -63 -64 -65 -66 -67 -68 -69 -70 -71 -72 -73 -74 -75 -76 -77 -78 -79 -80 -81 -82 -83 -84 -85 -86 -87 -88 -89 -90 -91 -92 -93 -94 -95 -96 -97 -98 -99 -100 -101 -102 -103 -104 -105 -106 -107 -108 -109 -110 -111 -112 -113 -114 -115 -116 -117 -118 -119 -120 -121 -122 -123 -124 -125 -126 -127 -128 -129 -130 -131 -132 -133 -134 -135 -136 -137 -138 -139 -140 -141 -142 -143 -144 -145 -146 -147 -148 -149 -150 -151 -152 -153 -154 -155 -156 -157 -158 -159 -160 -161 -162 -163 -164 -165 -166 -167 -168 -169 -170 -171 -172 -173 -174 -175 -176 -177 -178 -179 -180 -181 -182 -183 -184 -185 -186 -187 -188 -189 -190 -191 -192 -193 -194 -195 -196 -197 -198 -199 -200 -201 -202 -203 -204 -205 -206 -207 -208 -209 -210 -211 -212 -213 -214 -215 -216 -217 -218 -219 -220 -221 -222 -223 -224 -225 -226 -227 -228 -229 -230 -231 -232 -233 -234 -235 -236 -237 -238 -239 -240 -241 -242 -243 -244 -245 -246 -247 -248 -249 -250 -251 -252 -253 -254 -255 -256 -257 -258 -259 -260 -261 -262 -263 -264 -265 -266 -267 -268 -269 -270 -271 -272 -273 -274 -275 -276 -277 -278 -279 -280 -281 -282 -283 -284 -285 -286 -287 -288 -289 -290 -291 -292 -293 -294 -295 -296 -297 -298 -299 -300 -301 -302 -303 -304 -305 -306 -307 -308 -309 -310 -311 -312 -313 -314 -315 -316 -317 -318 -319 -320 -321 -322 -323 -324 -325 -326 -327 -328 -329 -330 -331 -332 -333 -334 -335 -336 -337 -338 -339 -340 -341 -342 -343 -344 -345 -346 -347 -348 -349 -350 -351 -352 -353 -354 -355 -356 -357 -358 -359 -360 -361 -362 -363 -364 -365 -366 -367 -368 -369 -370 -371 -372 -373 -374 -375 -376 -377 
1 2 3 4 5 6 7 8 9 10 11 12 13 14 15 16 17 18 19 20 21 22 23 24 25 26 27 28 29 30 31 32 33 34 35 36 37 38 39 40 41 42 43 44 45 46 47 48 49 50 51 52 53 54 55 56 57 58 59 60 61 62 63 64 65 66 67 68 69 70 71 72 73 74 75 76 77 78 79 80 81 82 83 84 85 86 87 88 89 90 91 92 93 94 95 96 97 98 99 100 101 102 103 104 105 106 107 108 109 110 111 112 113 114 115 116 117 118 119 120 121 122 123 124 125 126 127 128 129 130 131 132 133 134 135 136 137 138 139 140 141 142 143 144 145 146 147 148 149 150 151 152 153 154 155 156 157 158 159 160 161 162 163 164 165 166 167 168 169 170 171 172 173 174 175 176 177 178 179 180 181 182 183 184 185 186 187 188 189 190 191 192 193 194 195 196 197 198 199 200 201 202 203 204 205 206 207 208 209 210 211 212 -213 -214 -215 -216 -217 -218 -219 -220 -221 -222 -223 -224 -225 -226 -227 -228 -229 -230 -231 -232 -233 -234 -235 -236 -237 -238 -239 -240 -241 -242 -243 -244 -245 -246 -247 -248 -249 -250 -251 -252 -253 -254 -255 -256 -257 -258 -259 -260 -261 -262 -263 -264 -265 266 267 268 269 270 271 272 273 274 275 276 277 278 279 280 281 282 283 284 285 286 287 288 289 290 291 292 293 294 295 296 297 298 299 300 301 302 303 304 305 306 307 308 309 310 311 312 313 314 315 316 317 318 319 320 321 322 323 324 325 326 327 328 329 330 331 332 333 334 335 336 337 338 339 340 341 342 343 344 345 346 347 348 349 350 351 352 353 354 355 356 357 358 359 360 361 362 363 364 365 366 367 368 369 370 371 372 373 374 375 376 377 
-1 -2 -3 -4 -5 -6 -7 -8 -9 -10 -11 -12 -13 -14 -15 -16 -17 -18 -19 -20 -21 -22 -23 -24 -25 -26 -27 -28 -29 -30 -31 -32 -33 -34 -35 -36 -37 -38 -39 -40 -41 -42 -43 -44 -45 -46 -47 -48 -49 -50 -51 -52 -53 -54 -55 -56 -57 -58 -59 -60 -61 -62 -63 -64 -65 -66 -67 -68 -69 -70 -71 -72 -73 -74 -75 -76 -77 -78 -79 -80 -81 -82 -83 -84 -85 -86 -87 -88 -89 -90 -91 -92 -93 -94 -95 -96 -97 -98 -99 -100 -101 -102 -103 -104 -105 -106 -107 -108 -109 -110 -111 -112 -113 -114 -115 -116 -117 -118 -119 -120 -121 -122 -123 -124 -125 -126 -127 -128 -129 -130 -131 -132 -133 -134 -135 -136 -137 -138 -139 -140 -141 -142 -143 -144 -145 -146 -147 -148 -149 -150 -151 -152 -153 -154 -155 -156 -157 -158 -159 -160 -161 -162 -163 -164 -165 -166 -167 -168 -169 -170 -171 -172 -173 -174 -175 -176 -177 -178 -179 -180 -181 -182 -183 -184 -185 -186 -187 -188 -189 -190 -191 -192 -193 -194 -195 -196 -197 -198 -199 -200 -201 -202 -203 -204 -205 -206 -207 -208 -209 -210 -211 -212 -213 -214 -215 -216 -217 -218 -219 -220 -221 -222 -223 -224 -225 -226 -227 -228 -229 -230 -231 -232 -233 -234 -235 -236 -237 -238 -239 -240 -241 -242 -243 -244 -245 -246 -247 -248 -249 -250 -251 -252 -253 -254 -255 -256 -257 -258 -259 -260 -261 -262 -263 -264 -265 -266 -267 -268 -269 -270 -271 -272 -273 -274 -275 -276 -277 -278 -279 -280 -281 -282 -283 -284 -285 -286 -287 -288 -289 -290 -291 -292 -293 -294 -295 -296 -297 -298 -299 -300 -301 -302 -303 -304 -305 -306 -307 -308 -309 -310 -311 -312 -313 -314 -315 -316 -317 -318 -319 -320 -321 -322 -323 -324 -325 -326 -327 -328 -329 -330 -331 -332 -333 -334 -335 -336 -337 -338 -339 -340 -341 -342 -343 -344 -345 -346 -347 -348 -349 -350 -351 -352 -353 -354 -355 -356 -357 -358 -359 -360 -361 -362 -363 -364 -365 -366 -367 -368 -369 -370 -371 372 373 374 375 376 377 
1 2 3 4 5 6 7 8 9 10 11 12 13 14 15 16 17 18 19 20 21 22 23 24 25 26 27 28 29 30 31 32 33 34 35 36 37 38 39 40 41 42 43 44 45 46 47 48 49 50 51 52 53 54 55 56 57 58 59 60 61 62 63 64 65 66 67 68 69 70 71 72 73 74 75 76 77 78 79 80 81 82 83 84 85 86 87 88 89 90 91 92 93 94 95 96 97 98 99 100 101 102 103 104 105 106 107 108 109 110 111 112 113 114 115 116 117 118 119 120 121 122 123 124 125 126 127 128 129 130 131 132 133 134 135 136 137 138 139 140 141 142 143 144 145 146 147 148 149 150 151 152 153 154 155 156 157 158 159 160 161 162 163 164 165 166 167 168 169 170 171 172 173 174 175 176 177 178 179 180 181 182 183 184 185 186 187 188 189 190 191 192 193 194 195 196 197 198 199 200 201 202 203 204 205 206 207 208 209 210 211 212 213 214 215 216 217 218 219 220 221 222 223 224 225 226 227 228 229 230 231 232 233 234 235 236 237 238 239 240 241 242 243 244 245 246 247 248 249 250 251 252 253 254 255 256 257 258 259 260 261 262 263 264 265 -266 -267 -268 -269 -270 -271 -272 -273 -274 -275 -276 -277 -278 -279 -280 -281 -282 -283 -284 -285 -286 -287 -288 -289 -290 -291 -292 -293 -294 -295 -296 -297 -298 -299 -300 -301 -302 -303 -304 -305 -306 -307 -308 -309 -310 -311 -312 -313 -314 -315 -316 -317 -318 319 320 321 322 323 324 325 326 327 328 329 330 331 332 333 334 335 336 337 338 339 340 341 342 343 344 345 346 347 348 349 350 351 352 353 354 355 356 357 358 359 360 361 362 363 364 365 366 367 368 369 370 371 372 373 374 375 376 377 
-1 -2 -3 -4 -5 -6 -7 -8 -9 -10 -11 -12 -13 -14 -15 -16 -17 -18 -19 -20 -21 -22 -23 -24 -25 -26 -27 -28 -29 -30 -31 -32 -33 -34 -35 -36 -37 -38 -39 -40 -41 -42 -43 -44 -45 -46 -47 -48 -49 -50 -51 -52 -53 54 55 56 57 58 59 60 61 62 63 64 65 66 67 68 69 70 71 72 73 74 75 76 77 78 79 80 81 82 83 84 85 86 87 88 89 90 91 92 93 94 95 96 97 98 99 100 101 102 103 104 105 106 -107 -108 -109 -110 -111 -112 -113 -114 -115 -116 -117 -118 -119 -120 -121 -122 -123 -124 -125 -126 -127 -128 -129 -130 -131 -132 -133 -134 -135 -136 -137 -138 -139 -140 -141 -142 -143 -144 -145 -146 -147 -148 -149 -150 -151 -152 -153 -154 -155 -156 -157 -158 -159 -160 -161 -162 -163 -164 -165 -166 -167 -168 -169 -170 -171 -172 -173 -174 -175 -176 -177 -178 -179 -180 -181 -182 -183 -184 -185 -186 -187 -188 -189 -190 -191 -192 -193 -194 -195 -196 -197 -198 -199 -200 -201 -202 -203 -204 -205 -206 -207 -208 -209 -210 -211 -212 -213 -214 -215 -216 -217 -218 -219 -220 -221 -222 -223 -224 -225 -226 -227 -228 -229 -230 -231 -232 -233 -234 -235 -236 -237 -238 -239 -240 -241 -242 -243 -244 -245 -246 -247 -248 -249 -250 -251 -252 -253 -254 -255 -256 -257 -258 -259 -260 -261 -262 -263 -264 -265 -266 -267 -268 -269 -270 -271 -272 -273 -274 -275 -276 -277 -278 -279 -280 -281 -282 -283 -284 -285 -286 -287 -288 -289 -290 -291 -292 -293 -294 -295 -296 -297 -298 -299 -300 -301 -302 -303 -304 -305 -306 -307 -308 -309 -310 -311 -312 -313 -314 -315 -316 -317 -318 -319 -320 -321 -322 -323 -324 -325 -326 -327 -328 -329 -330 -331 -332 -333 -334 -335 -336 -337 -338 -339 -340 -341 -342 -343 -344 -345 -346 -347 -348 -349 -350 -351 -352 -353 -354 -355 -356 -357 -358 -359 -360 -361 -362 -363 -364 -365 -366 -367 -368 -369 -370 -371 -372 -373 -374 -375 -376 -377 
-1 -2 -3 -4 -5 -6 -7 -8 -9 -10 -11 -12 -13 -14 -15 -16 -17 -18 -19 -20 -21 -22 -23 -24 -25 -26 -27 -28 -29 -30 -31 -32 -33 -34 -35 -36 -37 -38 -39 -40 -41 -42 -43 -44 -45 -46 -47 -48 -49 -50 -51 -52 -53 -54 -55 -56 -57 -58 -59 -60 -61 -62 -63 -64 -65 -66 -67 -68 -69 -70 -71 -72 -73 -74 -75 -76 -77 -78 -79 -80 -81 -82 -83 -84 -85 -86 -87 -88 -89 -90 -91 -92 -93 -94 -95 -96 -97 -98 -99 -100 -101 -102 -103 -104 -105 -106 -107 -108 -109 -110 -111 -112 -113 -114 -115 -116 -117 -118 -119 -120 -121 -122 -123 -124 -125 -126 -127 -128 -129 -130 -131 -132 -133 -134 -135 -136 -137 -138 -139 -140 -141 -142 -143 -144 -145 -146 -147 -148 -149 -150 -151 -152 -153 -154 -155 -156 -157 -158 -159 -160 -161 -162 -163 -164 -165 -166 -167 -168 -169 -170 -171 -172 -173 -174 -175 -176 -177 -178 -179 -180 -181 -182 -183 -184 -185 -186 -187 -188 -189 -190 -191 -192 -193 -194 -195 -196 -197 -198 -199 -200 -201 -202 -203 -204 -205 -206 -207 -208 -209 -210 -211 -212 -213 -214 -215 -216 -217 -218 -219 -220 -221 -222 -223 -224 -225 -226 -227 -228 -229 -230 -231 -232 -233 -234 -235 -236 -237 -238 -239 -240 -241 -242 -243 -244 -245 -246 -247 -248 -249 -250 -251 -252 -253 -254 -255 -256 -257 -258 -259 -260 -261 -262 -263 -264 -265 266 267 268 269 270 271 272 273 274 275 276 277 278 279 280 281 282 283 284 285 286 287 288 289 290 291 292 293 294 295 296 297 298 299 300 301 302 303 304 305 306 307 308 309 310 311 312 313 314 315 316 317 318 -319 -320 -321 -322 -323 -324 -325 -326 -327 -328 -329 -330 -331 -332 -333 -334 -335 -336 -337 -338 -339 -340 -341 -342 -343 -344 -345 -346 -347 -348 -349 -350 -351 -352 -353 -354 -355 -356 -357 -358 -359 -360 -361 -362 -363 -364 -365 -366 -367 -368 -369 -370 -371 -372 -373 -374 -375 -376 -377 
1 2 3 4 5 6 7 8 9 10 11 12 13 14 15 16 17 18 19 20 21 22 23 24 25 26 27 28 29 30 31 32 33 34 35 36 37 38 39 40 41 42 43 44 45 46 47 48 49 50 51 52 53 54 55 56 57 58 59 60 61 62 63 64 65 66 67 68 69 70 71 72 73 74 75 76 77 78 79 80 81 82 83 84 85 86 87 88 89 90 91 92 93 94 95 96 97 98 99 100 101 102 103 104 105 106 107 108 109 110 111 112 113 114 115 116 117 118 119 120 121 122 123 124 125 126 127 128 129 130 131 132 133 134 135 136 137 138 139 140 141 142 143 144 145 146 147 148 149 150 151 152 153 154 155 156 157 158 159 160 161 162 163 164 165 166 167 168 169 170 171 172 173 174 175 176 177 178 179 180 181 182 183 184 185 186 187 188 189 190 191 192 193 194 195 196 197 198 199 200 201 202 203 204 205 206 207 208 209 210 211 212 213 214 215 216 217 218 219 220 221 222 223 224 225 226 227 228 229 230 231 232 233 234 235 236 237 238 239 240 241 242 243 244 245 246 247 248 249 250 251 252 253 254 255 256 257 258 259 260 261 262 263 264 265 266 267 268 269 270 271 272 273 274 275 276 277 278 279 280 281 282 283 284 285 286 287 288 289 290 291 292 293 294 295 296 297 298 299 300 301 302 303 304 305 306 307 308 309 310 311 312 313 314 315 316 317 318 -319 -320 -321 -322 -323 -324 -325 -326 -327 -328 -329 -330 -331 -332 -333 -334 -335 -336 -337 -338 -339 -340 -341 -342 -343 -344 -345 -346 -347 -348 -349 -350 -351 -352 -353 -354 -355 -356 -357 -358 -359 -360 -361 -362 -363 -364 -365 -366 -367 -368 -369 -370 -371 372 373 374 375 376 377 
1 2 3 4 5 6 7 8 9 10 11 12 13 14 15 16 17 18 19 20 21 22 23 24 25 26 27 28 29 30 31 32 33 34 35 36 37 38 39 40 41 42 43 44 45 46 47 48 49 50 51 52 53 54 55 56 57 58 59 60 61 62 63 64 65 66 67 68 69 70 71 72 73 74 75 76 77 78 79 80 81 82 83 84 85 86 87 88 89 90 91 92 93 94 95 96 97 98 99 100 101 102 103 104 105 106 -107 -108 -109 -110 -111 -112 -113 -114 -115 -116 -117 -118 -119 -120 -121 -122 -123 -124 -125 -126 -127 -128 -129 -130 -131 -132 -133 -134 -135 -136 -137 -138 -139 -140 -141 -142 -143 -144 -145 -146 -147 -148 -149 -150 -151 -152 -153 -154 -155 -156 -157 -158 -159 160 161 162 163 164 165 166 167 168 169 170 171 172 173 174 175 176 177 178 179 180 181 182 183 184 185 186 187 188 189 190 191 192 193 194 195 196 197 198 199 200 201 202 203 204 205 206 207 208 209 210 211 212 213 214 215 216 217 218 219 220 221 222 223 224 225 226 227 228 229 230 231 232 233 234 235 236 237 238 239 240 241 242 243 244 245 246 247 248 249 250 251 252 253 254 255 256 257 258 259 260 261 262 263 264 265 266 267 268 269 270 271 272 273 274 275 276 277 278 279 280 281 282 283 284 285 286 287 288 289 290 291 292 293 294 295 296 297 298 299 300 301 302 303 304 305 306 307 308 309 310 311 312 313 314 315 316 317 318 319 320 321 322 323 324 325 326 327 328 329 330 331 332 333 334 335 336 337 338 339 340 341 342 343 344 345 346 347 348 349 350 351 352 353 354 355 356 357 358 359 360 361 362 363 364 365 366 367 368 369 370 371 372 373 374 375 376 377 
1 2 3 4 5 6 7 8 9 10 11 12 13 14 15 16 17 18 19 20 21 22 23 24 25 26 27 28 29 30 31 32 33 34 35 36 37 38 39 40 41 42 43 44 45 46 47 48 49 50 51 52 53 54 55 56 57 58 59 60 61 62 63 64 65 66 67 68 69 70 71 72 73 74 75 76 77 78 79 80 81 82 83 84 85 86 87 88 89 90 91 92 93 94 95 96 97 98 99 100 101 102 103 104 105 106 107 108 109 110 111 112 113 114 115 116 117 118 119 120 121 122 123 124 125 126 127 128 129 130 131 132 133 134 135 136 137 138 139 140 141 142 143 144 145 146 147 148 149 150 151 152 153 154 155 156 157 158 159 160 161 162 163 164 165 166 167 168 169 170 171 172 173 174 175 176 177 178 179 180 181 182 183 184 185 186 187 188 189 190 191 192 193 194 195 196 197 198 199 200 201 202 203 204 205 206 207 208 209 210 211 212 213 214 215 216 217 218 219 220 221 222 223 224 225 226 227 228 229 230 231 232 233 234 235 236 237 238 239 240 241 242 243 244 245 246 247 248 249 250 251 252 253 254 255 256 257 258 259 260 261 262 263 264 265 266 267 268 269 270 271 272 273 274 275 276 277 278 279 280 281 282 283 284 285 286 287 288 289 290 291 292 293 294 295 296 297 298 299 300 301 302 303 304 305 306 307 308 309 310 311 312 313 314 315 316 317 318 319 320 321 322 323 324 325 326 327 328 329 330 331 332 333 334 335 336 337 338 339 340 341 342 343 344 345 346 347 348 349 350 351 352 353 354 355 356 357 358 359 360 361 362 363 364 365 366 367 368 369 370 371 -372 -373 -374 -375 -376 -377 
1 2 3 4 5 6 7 8 9 10 11 12 13 14 15 16 17 18 19 20 21 22 23 24 25 26 27 28 29 30 31 32 33 34 35 36 37 38 39 40 41 42 43 44 45 46 47 48 49 50 51 52 53 -54 -55 -56 -57 -58 -59 -60 -61 -62 -63 -64 -65 -66 -67 -68 -69 -70 -71 -72 -73 -74 -75 -76 -77 -78 -79 -80 -81 -82 -83 -84 -85 -86 -87 -88 -89 -90 -91 -92 -93 -94 -95 -96 -97 -98 -99 -100 -101 -102 -103 -104 -105 -106 -107 -108 -109 -110 -111 -112 -113 -114 -115 -116 -117 -118 -119 -120 -121 -122 -123 -124 -125 -126 -127 -128 -129 -130 -131 -132 -133 -134 -135 -136 -137 -138 -139 -140 -141 -142 -143 -144 -145 -146 -147 -148 -149 -150 -151 -152 -153 -154 -155 -156 -157 -158 -159 -160 -161 -162 -163 -164 -165 -166 -167 -168 -169 -170 -171 -172 -173 -174 -175 -176 -177 -178 -179 -180 -181 -182 -183 -184 -185 -186 -187 -188 -189 -190 -191 -192 -193 -194 -195 -196 -197 -198 -199 -200 -201 -202 -203 -204 -205 -206 -207 -208 -209 -210 -211 -212 -213 -214 -215 -216 -217 -218 -219 -220 -221 -222 -223 -224 -225 -226 -227 -228 -229 -230 -231 -232 -233 -234 -235 -236 -237 -238 -239 -240 -241 -242 -243 -244 -245 -246 -247 -248 -249 -250 -251 -252 -253 -254 -255 -256 -257 -258 -259 -260 -261 -262 -263 -264 -265 -266 -267 -268 -269 -270 -271 -272 -273 -274 -275 -276 -277 -278 -279 -280 -281 -282 -283 -284 -285 -286 -287 -288 -289 -290 -291 -292 -293 -294 -295 -296 -297 -298 -299 -300 -301 -302 -303 -304 -305 -306 -307 -308 -309 -310 -311 -312 -313 -314 -315 -316 -317 -318 -319 -320 -321 -322 -323 -324 -325 -326 -327 -328 -329 -330 -331 -332 -333 -334 -335 -336 -337 -338 -339 -340 -341 -342 -343 -344 -345 -346 -347 -348 -349 -350 -351 -352 -353 -354 -355 -356 -357 -358 -359 -360 -361 -362 -363 -364 -365 -366 -367 -368 -369 -370 -371 -372 -373 -374 -375 -376 -377 
1 2 3 4 5 6 7 8 9 10 11 12 13 14 15 16 17 18 19 20 21 22 23 24 25 26 27 28 29 30 31 32 33 34 35 36 37 38 39 40 41 42 43 44 45 46 47 48 49 50 51 52 53 54 55 56 57 58 59 60 61 62 63 64 65 66 67 68 69 70 71 72 73 74 75 76 77 78 79 80 81 82 83 84 85 86 87 88 89 90 91 92 93 94 95 96 97 98 99 100 101 102 103 104 105 106 107 108 109 110 111 112 113 114 115 116 117 118 119 120 121 122 123 124 125 126 127 128 129 130 131 132 133 134 135 136 137 138 139 140 141 142 143 144 145 146 147 148 149 150 151 152 153 154 155 156 157 158 159 -160 -161 -162 -163 -164 -165 -166 -167 -168 -169 -170 -171 -172 -173 -174 -175 -176 -177 -178 -179 -180 -181 -182 -183 -184 -185 -186 -187 -188 -189 -190 -191 -192 -193 -194 -195 -196 -197 -198 -199 -200 -201 -202 -203 -204 -205 -206 -207 -208 -209 -210 -211 -212 213 214 215 216 217 218 219 220 221 222 223 224 225 226 227 228 229 230 231 232 233 234 235 236 237 238 239 240 241 242 243 244 245 246 247 248 249 250 251 252 253 254 255 256 257 258 259 260 261 262 263 264 265 266 267 268 269 270 271 272 273 274 275 276 277 278 279 280 281 282 283 284 285 286 287 288 289 290 291 292 293 294 295 296 297 298 299 300 301 302 303 304 305 306 307 308 309 310 311 312 313 314 315 316 317 318 319 320 321 322 323 324 325 326 327 328 329 330 331 332 333 334 335 336 337 338 339 340 341 342 343 344 345 346 347 348 349 350 351 352 353 354 355 356 357 358 359 360 361 362 363 364 365 366 367 368 369 370 371 372 373 374 375 376 377 
-1 -2 -3 -4 -5 -6 -7 -8 -9 -10 -11 -12 -13 -14 -15 -16 -17 -18 -19 -20 -21 -22 -23 -24 -25 -26 -27 -28 -29 -30 -31 -32 -33 -34 -35 -36 -37 -38 -39 -40 -41 -42 -43 -44 -45 -46 -47 -48 -49 -50 -51 -52 -53 -54 -55 -56 -57 -58 -59 -60 -61 -62 -63 -64 -65 -66 -67 -68 -69 -70 -71 -72 -73 -74 -75 -76 -77 -78 -79 -80 -81 -82 -83 -84 -85 -86 -87 -88 -89 -90 -91 -92 -93 -94 -95 -96 -97 -98 -99 -100 -101 -102 -103 -104 -105 -106 107 108 109 110 111 112 113 114 115 116 117 118 119 120 121 122 123 124 125 126 127 128 129 130 131 132 133 134 135 136 137 138 139 140 141 142 143 144 145 146 147 148 149 150 151 152 153 154 155 156 157 158 159 -160 -161 -162 -163 -164 -165 -166 -167 -168 -169 -170 -171 -172 -173 -174 -175 -176 -177 -178 -179 -180 -181 -182 -183 -184 -185 -186 -187 -188 -189 -190 -191 -192 -193 -194 -195 -196 -197 -198 -199 -200 -201 -202 -203 -204 -205 -206 -207 -208 -209 -210 -211 -212 -213 -214 -215 -216 -217 -218 -219 -220 -221 -222 -223 -224 -225 -226 -227 -228 -229 -230 -231 -232 -233 -234 -235 -236 -237 -238 -239 -240 -241 -242 -243 -244 -245 -246 -247 -248 -249 -250 -251 -252 -253 -254 -255 -256 -257 -258 -259 -260 -261 -262 -263 -264 -265 -266 -267 -268 -269 -270 -271 -272 -273 -274 -275 -276 -277 -278 -279 -280 -281 -282 -283 -284 -285 -286 -287 -288 -289 -290 -291 -292 -293 -294 -295 -296 -297 -298 -299 -300 -301 -302 -303 -304 -305 -306 -307 -308 -309 -310 -311 -312 -313 -314 -315 -316 -317 -318 -319 -320 -321 -322 -323 -324 -325 -326 -327 -328 -329 -330 -331 -332 -333 -334 -335 -336 -337 -338 -339 -340 -341 -342 -343 -344 -345 -346 -347 -348 -349 -350 -351 -352 -353 -354 -355 -356 -357 -358 -359 -360 -361 -362 -363 -364 -365 -366 -367 -368 -369 -370 -371 -372 -373 -374 -375 -376 -377 
-1 -2 -3 -4 -5 -6 -7 -8 -9 -10 -11 -12 -13 -14 -15 -16 -17 -18 -19 -20 -21 -22 -23 -24 -25 -26 -27 -28 -29 -30 -31 -32 -33 -34 -35 -36 -37 -38 -39 -40 -41 -42 -43 -44 -45 -46 -47 -48 -49 -50 -51 -52 -53 -54 -55 -56 -57 -58 -59 -60 -61 -62 -63 -64 -65 -66 -67 -68 -69 -70 -71 -72 -73 -74 -75 -76 -77 -78 -79 -80 -81 -82 -83 -84 -85 -86 -87 -88 -89 -90 -91 -92 -93 -94 -95 -96 -97 -98 -99 -100 -101 -102 -103 -104 -105 -106 -107 -108 -109 -110 -111 -112 -113 -114 -115 -116 -117 -118 -119 -120 -121 -122 -123 -124 -125 -126 -127 -128 -129 -130 -131 -132 -133 -134 -135 -136 -137 -138 -139 -140 -141 -142 -143 -144 -145 -146 -147 -148 -149 -150 -151 -152 -153 -154 -155 -156 -157 -158 -159 160 161 162 163 164 165 166 167 168 169 170 171 172 173 174 175 176 177 178 179 180 181 182 183 184 185 186 187 188 189 190 191 192 193 194 195 196 197 198 199 200 201 202 203 204 205 206 207 208 209 210 211 212 -213 -214 -215 -216 -217 -218 -219 -220 -221 -222 -223 -224 -225 -226 -227 -228 -229 -230 -231 -232 -233 -234 -235 -236 -237 -238 -239 -240 -241 -242 -243 -244 -245 -246 -247 -248 -249 -250 -251 -252 -253 -254 -255 -256 -257 -258 -259 -260 -261 -262 -263 -264 -265 -266 -267 -268 -269 -270 -271 -272 -273 -274 -275 -276 -277 -278 -279 -280 -281 -282 -283 -284 -285 -286 -287 -288 -289 -290 -291 -292 -293 -294 -295 -296 -297 -298 -299 -300 -301 -302 -303 -304 -305 -306 -307 -308 -309 -310 -311 -312 -313 -314 -315 -316 -317 -318 -319 -320 -321 -322 -323 -324 -325 -326 -327 -328 -329 -330 -331 -332 -333 -334 -335 -336 -337 -338 -339 -340 -341 -342 -343 -344 -345 -346 -347 -348 -349 -350 -351 -352 -353 -354 -355 -356 -357 -358 -359 -360 -361 -362 -363 -364 -365 -366 -367 -368 -369 -370 -371 -372 -373 -374 -375 -376 -377 
-1 -2 -3 -4 -5 -6 -7 -8 -9 -10 -11 -12 -13 -14 -15 -16 -17 -18 -19 -20 -21 -22 -23 -24 -25 -26 -27 -28 -29 -30 -31 -32 -33 -34 -35 -36 -37 -38 -39 -40 -41 -42 -43 -44 -45 -46 -47 -48 -49 -50 -51 -52 -53 -54 -55 -56 -57 -58 -59 -60 -61 -62 -63 -64 -65 -66 -67 -68 -69 -70 -71 -72 -73 -74 -75 -76 -77 -78 -79 -80 -81 -82 -83 -84 -85 -86 -87 -88 -89 -90 -91 -92 -93 -94 -95 -96 -97 -98 -99 -100 -101 -102 -103 -104 -105 -106 -107 -108 -109 -110 -111 -112 -113 -114 -115 -116 -117 -118 -119 -120 -121 -122 -123 -124 -125 -126 -127 -128 -129 -130 -131 -132 -133 -134 -135 -136 -137 -138 -139 -140 -141 -142 -143 -144 -145 -146 -147 -148 -149 -150 -151 -152 -153 -154 -155 -156 -157 -158 -159 -160 -161 -162 -163 -164 -165 -166 -167 -168 -169 -170 -171 -172 -173 -174 -175 -176 -177 -178 -179 -180 -181 -182 -183 -184 -185 -186 -187 -188 -189 -190 -191 -192 -193 -194 -195 -196 -197 -198 -199 -200 -201 -202 -203 -204 -205 -206 -207 -208 -209 -210 -211 -212 213 214 215 216 217 218 219 220 221 222 223 224 225 226 227 228 229 230 231 232 233 234 235 236 237 238 239 240 241 242 243 244 245 246 247 248 249 250 251 252 253 254 255 256 257 258 259 260 261 262 263 264 265 -266 -267 -268 -269 -270 -271 -272 -273 -274 -275 -276 -277 -278 -279 -280 -281 -282 -283 -284 -285 -286 -287 -288 -289 -290 -291 -292 -293 -294 -295 -296 -297 -298 -299 -300 -301 -302 -303 -304 -305 -306 -307 -308 -309 -310 -311 -312 -313 -314 -315 -316 -317 -318 -319 -320 -321 -322 -323 -324 -325 -326 -327 -328 -329 -330 -331 -332 -333 -334 -335 -336 -337 -338 -339 -340 -341 -342 -343 -344 -345 -346 -347 -348 -349 -350 -351 -352 -353 -354 -355 -356 -357 -358 -359 -360 -361 -362 -363 -364 -365 -366 -367 -368 -369 -370 -371 -372 -373 -374 -375 -376 -377 
c Number of calls is: 0
c Layers in PHI: 0
c Layers in KSI: 0
c Running Ijtihad loop
c sat_solver_phi calld 0 times, running for 1e-06 seconds.
c number of layers in PHI is 18
c sat_solver_ksi was running for 0 seconds.
c number of layers in KSI is 0
c mysolver was running for 1.04663 seconds.
s cnf 0
solving done with exit code 20

QBF solver OK

running SAT Solver...

/tmp/ferpcert2763expanded.cnf
s UNSATISFIABLE

PROOF GENERATION OK

checking unsat proof

resolved 1 root and 1 empty clause
trace-size2: 381107

TRACE CHECK OK

running toferp...

ferp-size: 437543
TOFERP OK

checking FERP PROOF...

FERP CHECK OK

extracting AIG ...

aig-size: 311430
aig-header: aag 34523 23700 0 377 9572
FERP CERT OK

merging  AIG into QBF ...

CERTCHECK OK

merged-cnf-header: p cnf 219753 508421
merged-cnf-size: 9216590
running SAT solver...

c ---- [ banner ] ------------------------------------------------------------
c
c KISSAT SAT Solver
c Copyright (c) 2019-2020 Armin Biere JKU Linz
c 
c Version 1.0.3 59813addcacc4d6fb880ebdd63685600475aa940
c gcc (Ubuntu 7.5.0-3ubuntu1~18.04) 7.5.0 -W -Wall -O3 -DNEMBEDDED -DNDEBUG -DNMETRICS -DNSTATISTICS
c Sun Feb 14 23:58:54 CET 2021 Linux cluster3 4.15.0-135-generic x86_64
c
c ---- [ parsing ] -----------------------------------------------------------
c
c opened and reading DIMACS file:
c 
c   /tmp/ferpcert_merged_cnf2763.cnf
c 
c parsed 'p cnf 219753 508421' header
c closing input after reading 9216590 bytes (9 MB)
c finished parsing after 0.16 seconds
c
c ---- [ solving ] -----------------------------------------------------------
c
c  seconds reductions redundant irredundant
c         MB   restarts    trail       variables
c          level  conflicts   glue          remaining
c
c *  0.16 30 0  0  0   0   0 0% 0 508419 35133 16%
c {  0.16 30 0  0  0   0   0 0% 0 508419 35133 16%
c i  0.16 30 2  0  0   1   0 0% 0 508419 35132 16%
c i  0.16 30 2  0  1   2   0 0% 0 508419 35131 16%
c i  0.16 30 3  0  2   3   0 0% 0 508419 35130 16%
c i  0.16 30 4  0  3   4   0 0% 0 508419 35129 16%
c i  0.16 30 4  0  4   5   0 0% 0 508419 35128 16%
c i  0.16 30 5  0  5   6   0 0% 0 508419 35127 16%
c i  0.16 30 6  0  6   7   0 0% 0 508419 35126 16%
c i  0.16 30 6  0  7   8   0 0% 0 508419 35125 16%
c i  0.16 30 7  0  8   9   0 0% 0 508419 35124 16%
c i  0.16 30 7  0  9  10   0 1% 0 508419 35123 16%
c i  0.16 30 8  0 10  11   0 1% 0 508419 35122 16%
c i  0.17 30 8  0 11  12   0 1% 0 508419 35121 16%
c i  0.17 30 9  0 12  13   0 1% 0 508419 35120 16%
c i  0.17 30 10  0 13  14   0 1% 0 508419 35119 16%
c i  0.17 30 11  0 14  15   0 1% 0 508419 35118 16%
c i  0.17 30 11  0 15  16   0 1% 0 508419 35117 16%
c i  0.17 30 11  0 16  17   0 1% 0 508419 35116 16%
c i  0.17 30 12  0 17  18   0 1% 0 508419 35115 16%
c
c  seconds  reductions redundant irredundant
c         MB    restarts    trail       variables
c          level   conflicts   glue          remaining
c
c i  0.17 30 12  0 18  19   0 1% 0 508419 35114 16%
c i  0.17 30 13  0 19  20   0 1% 0 508419 35113 16%
c i  0.17 30 14  0 20  21   0 1% 0 508419 35112 16%
c i  0.17 30 14  0 21  22   0 1% 0 508419 35111 16%
c i  0.17 30 15  0 22  23   0 1% 0 508419 35110 16%
c i  0.17 30 15  0 23  24   0 1% 0 508419 35109 16%
c i  0.17 30 16  0 24  25   0 1% 0 508419 35108 16%
c i  0.17 30 17  0 25  26   0 1% 0 508419 35107 16%
c i  0.17 30 17  0 26  27   0 1% 0 508419 35106 16%
c i  0.17 30 18  0 27  28   0 1% 0 508419 35105 16%
c i  0.17 30 19  0 28  29   0 1% 0 508419 35104 16%
c i  0.17 30 20  0 29  30   0 1% 0 508419 35103 16%
c i  0.18 30 20  0 30  31   0 1% 0 508419 35102 16%
c i  0.18 30 21  0 31  32   0 1% 0 508419 35101 16%
c i  0.18 30 21  0 32  33   0 1% 0 508419 35100 16%
c i  0.18 30 22  0 33  34   0 2% 0 508419 35099 16%
c i  0.18 30 22  0 34  35   0 2% 0 508419 35098 16%
c i  0.18 30 23  0 35  36   0 2% 0 508419 35097 16%
c i  0.18 30 23  0 36  37   0 2% 0 508419 35096 16%
c i  0.18 30 24  0 37  38   0 2% 0 508419 35095 16%
c
c  seconds  reductions redundant irredundant
c         MB    restarts    trail       variables
c          level   conflicts   glue          remaining
c
c i  0.18 30 24  0 38  39   0 2% 0 508419 35094 16%
c i  0.18 30 25  0 39  40   0 2% 0 508419 35093 16%
c i  0.18 30 25  0 40  41   0 2% 0 508419 35092 16%
c i  0.18 30 26  0 41  42   0 2% 0 508419 35091 16%
c i  0.18 30 27  0 42  43   0 2% 0 508419 35090 16%
c i  0.18 30 27  0 43  44   0 2% 0 508419 35089 16%
c i  0.18 30 28  0 44  45   0 2% 0 508419 35088 16%
c i  0.18 30 28  0 45  46   0 2% 0 508419 35087 16%
c i  0.19 30 29  0 46  47   0 2% 0 508419 35086 16%
c i  0.19 30 30  0 47  48   0 2% 0 508419 35085 16%
c i  0.19 30 30  0 48  49   0 2% 0 508419 35084 16%
c i  0.19 30 31  0 49  50   0 2% 0 508419 35083 16%
c i  0.19 30 32  0 50  51   0 2% 0 508419 35082 16%
c i  0.19 30 32  0 51  52   0 2% 0 508419 35081 16%
c i  0.19 30 33  0 52  53   0 2% 0 508419 35080 16%
c i  0.19 30 34  0 53  54   0 3% 0 508419 35079 16%
c i  0.19 30 35  0 54  55   0 3% 0 508419 35078 16%
c i  0.19 30 35  0 55  56   0 3% 0 508419 35077 16%
c i  0.19 30 36  0 56  57   0 3% 0 508419 35076 16%
c i  0.19 30 37  0 57  58   0 3% 0 508419 35075 16%
c
c  seconds  reductions redundant irredundant
c         MB    restarts    trail       variables
c          level   conflicts   glue          remaining
c
c i  0.19 30 38  0 58  59   0 3% 0 508419 35074 16%
c i  0.19 30 38  0 59  60   0 3% 0 508419 35073 16%
c i  0.19 30 39  0 60  61   0 3% 0 508419 35072 16%
c i  0.19 30 40  0 61  62   0 3% 0 508419 35071 16%
c i  0.20 30 41  0 62  63   0 3% 0 508419 35070 16%
c i  0.20 30 41  0 63  64   0 3% 0 508419 35069 16%
c i  0.20 30 42  0 64  65   0 3% 0 508419 35068 16%
c i  0.20 30 42  0 65  66   0 3% 0 508419 35067 16%
c i  0.20 30 43  0 66  67   0 3% 0 508419 35066 16%
c i  0.20 30 43  0 67  68   0 3% 0 508419 35065 16%
c i  0.20 30 43  0 68  69   0 3% 0 508419 35064 16%
c i  0.20 30 44  0 69  70   0 3% 0 508419 35063 16%
c i  0.20 30 44  0 70  71   0 4% 0 508419 35062 16%
c i  0.20 30 45  0 71  72   0 4% 0 508419 35061 16%
c i  0.20 30 45  0 72  73   0 4% 0 508419 35060 16%
c i  0.20 30 46  0 73  74   0 4% 0 508419 35059 16%
c i  0.20 30 46  0 74  75   0 4% 0 508419 35058 16%
c i  0.20 30 47  0 75  76   0 4% 0 508419 35057 16%
c i  0.20 30 47  0 76  77   0 4% 0 508419 35056 16%
c i  0.21 30 48  0 77  78   0 4% 0 508419 35055 16%
c
c  seconds  reductions redundant irredundant
c         MB    restarts    trail       variables
c          level   conflicts   glue          remaining
c
c i  0.21 30 48  0 78  79   0 4% 0 508419 35054 16%
c i  0.21 30 49  0 79  80   0 4% 0 508419 35053 16%
c i  0.21 30 50  0 80  81   0 4% 0 508419 35052 16%
c i  0.21 30 50  0 81  82   0 4% 0 508419 35051 16%
c i  0.21 30 51  0 82  83   0 4% 0 508419 35050 16%
c i  0.21 30 51  0 83  84   0 4% 0 508419 35049 16%
c i  0.21 30 52  0 84  85   0 4% 0 508419 35048 16%
c i  0.21 30 52  0 85  86   0 4% 0 508419 35047 16%
c i  0.21 30 53  0 86  87   0 4% 0 508419 35046 16%
c i  0.21 30 54  0 87  88   0 5% 0 508419 35045 16%
c i  0.21 30 54  0 88  89   0 5% 0 508419 35044 16%
c i  0.21 30 55  0 89  90   0 5% 0 508419 35043 16%
c i  0.21 30 55  0 90  91   0 5% 0 508419 35042 16%
c i  0.22 30 56  0 90  92   0 5% 0 508419 35041 16%
c i  0.22 30 57  0 91  93   0 5% 0 508419 35040 16%
c i  0.22 30 57  0 91  94   0 5% 0 508419 35039 16%
c i  0.22 30 58  0 92  95   0 5% 0 508419 35038 16%
c i  0.22 30 59  0 92  96   0 5% 0 508419 35037 16%
c i  0.22 30 59  0 93  97   0 5% 0 508419 35036 16%
c i  0.22 30 60  0 93  98   0 5% 0 508419 35035 16%
c
c  seconds  reductions redundant irredundant
c         MB    restarts    trail       variables
c          level   conflicts   glue          remaining
c
c i  0.22 30 61  0 94  99   0 5% 0 508419 35034 16%
c i  0.22 30 61  0 94 100   0 5% 0 508419 35033 16%
c i  0.22 30 62  0 95 101   0 6% 0 508419 35032 16%
c i  0.22 30 63  0 95 102   0 6% 0 508419 35031 16%
c i  0.22 30 63  0 96 103   0 6% 0 508419 35030 16%
c i  0.22 30 64  0 96 104   0 6% 0 508419 35029 16%
c i  0.22 30 65  0 97 105   0 6% 0 508419 35028 16%
c i  0.23 30 65  0 97 106   0 6% 0 508419 35027 16%
c i  0.23 30 66  0 98 107   0 6% 0 508419 35026 16%
c i  0.23 30 67  0 98 108   0 6% 0 508419 35025 16%
c i  0.23 30 68  0 99 109   0 6% 0 508419 35024 16%
c i  0.23 30 68  0 99 110   0 6% 0 508419 35023 16%
c i  0.23 30 69  0 100 111   0 6% 0 508419 35022 16%
c i  0.23 30 70  0 100 112   0 7% 0 508419 35021 16%
c i  0.23 30 71  0 101 113   0 7% 0 508419 35020 16%
c i  0.23 30 71  0 101 114   0 7% 0 508419 35019 16%
c i  0.23 30 72  0 102 115   0 7% 0 508419 35018 16%
c i  0.23 30 73  0 102 116   0 7% 0 508419 35017 16%
c i  0.23 30 74  0 103 117   0 7% 0 508419 35016 16%
c i  0.23 30 74  0 103 118   0 7% 0 508419 35015 16%
c
c  seconds  reductions  redundant irredundant
c         MB    restarts     trail       variables
c          level    conflicts   glue          remaining
c
c i  0.23 30 75  0 104 119   0 7% 0 508419 35014 16%
c i  0.23 30 76  0 104 120   0 7% 0 508419 35013 16%
c i  0.24 30 77  0 105 121   0 7% 0 508419 35012 16%
c i  0.24 30 77  0 105 122   0 8% 0 508419 35011 16%
c i  0.24 30 78  0 106 123   0 8% 0 508419 35010 16%
c i  0.24 30 79  0 106 124   0 8% 0 508419 35009 16%
c i  0.24 30 80  0 107 125   0 8% 0 508419 35008 16%
c i  0.24 30 81  0 107 126   0 8% 0 508419 35007 16%
c i  0.24 30 81  0 108 127   0 8% 0 508419 35006 16%
c i  0.24 30 82  0 108 128   0 8% 0 508419 35005 16%
c i  0.24 30 82  0 109 129   0 8% 0 508419 35004 16%
c i  0.24 30 83  0 109 130   0 8% 0 508419 35003 16%
c i  0.24 30 83  0 110 131   0 8% 0 508419 35002 16%
c i  0.24 30 84  0 110 132   0 8% 0 508419 35001 16%
c i  0.24 30 84  0 111 133   0 8% 0 508419 35000 16%
c i  0.24 30 84  0 111 134   0 9% 0 508419 34999 16%
c i  0.25 30 85  0 112 135   0 9% 0 508419 34998 16%
c i  0.25 30 85  0 112 136   0 9% 0 508419 34997 16%
c i  0.25 30 86  0 113 137   0 9% 0 508419 34996 16%
c i  0.25 30 86  0 113 138   0 9% 0 508419 34995 16%
c
c  seconds  reductions  redundant irredundant
c         MB    restarts     trail       variables
c          level    conflicts   glue          remaining
c
c i  0.25 30 87  0 114 139   0 9% 0 508419 34994 16%
c i  0.25 30 87  0 114 140   0 9% 0 508419 34993 16%
c i  0.25 30 88  0 115 141   0 9% 0 508419 34992 16%
c i  0.25 30 88  0 115 142   0 9% 0 508419 34991 16%
c i  0.25 30 88  0 116 143   0 9% 0 508419 34990 16%
c i  0.25 30 89  0 116 144   0 9% 0 508419 34989 16%
c i  0.25 30 89  0 117 145   0 9% 0 508419 34988 16%
c i  0.25 30 90  0 117 146   0 9% 0 508419 34987 16%
c i  0.25 30 90  0 118 147   0 9% 0 508419 34986 16%
c i  0.26 30 91  0 118 148   0 10% 0 508419 34985 16%
c i  0.26 30 91  0 119 149   0 10% 0 508419 34984 16%
c i  0.26 30 92  0 119 150   0 10% 0 508419 34983 16%
c i  0.26 30 92  0 120 151   0 10% 0 508419 34982 16%
c i  0.26 30 93  0 120 152   0 10% 0 508419 34981 16%
c i  0.26 30 93  0 121 153   0 10% 0 508419 34980 16%
c i  0.26 30 94  0 121 154   0 10% 0 508419 34979 16%
c i  0.26 30 94  0 122 155   0 10% 0 508419 34978 16%
c i  0.26 30 95  0 122 156   0 10% 0 508419 34977 16%
c i  0.26 30 96  0 123 157   0 10% 0 508419 34976 16%
c i  0.26 30 96  0 123 158   0 10% 0 508419 34975 16%
c
c  seconds  reductions  redundant irredundant
c         MB    restarts      trail       variables
c          level    conflicts    glue          remaining
c
c i  0.26 30 97  0 124 159   0 10% 0 508419 34974 16%
c i  0.26 30 97  0 124 160   0 11% 0 508419 34973 16%
c i  0.27 30 98  0 125 161   0 11% 0 508419 34972 16%
c i  0.27 30 98  0 125 162   0 11% 0 508419 34971 16%
c i  0.27 30 99  0 126 163   0 11% 0 508419 34970 16%
c i  0.27 30 99  0 126 164   0 11% 0 508419 34969 16%
c i  0.27 30 100  0 127 165   0 11% 0 508419 34968 16%
c i  0.27 30 100  0 127 166   0 11% 0 508419 34967 16%
c i  0.27 30 101  0 128 167   0 11% 0 508419 34966 16%
c i  0.27 30 102  0 128 168   0 11% 0 508419 34965 16%
c i  0.27 30 102  0 129 169   0 11% 0 508419 34964 16%
c i  0.27 30 103  0 129 170   0 12% 0 508419 34963 16%
c i  0.27 30 103  0 130 171   0 12% 0 508419 34962 16%
c i  0.27 30 104  0 130 172   0 12% 0 508419 34961 16%
c i  0.28 30 105  0 131 173   0 12% 0 508419 34960 16%
c i  0.28 30 105  0 131 174   0 12% 0 508419 34959 16%
c i  0.28 30 106  0 132 175   0 12% 0 508419 34958 16%
c i  0.28 30 106  0 132 176   0 12% 0 508419 34957 16%
c i  0.28 30 107  0 133 177   0 12% 0 508419 34956 16%
c i  0.28 30 108  0 133 178   0 12% 0 508419 34955 16%
c
c  seconds   reductions  redundant irredundant
c         MB     restarts      trail       variables
c           level    conflicts    glue          remaining
c
c i  0.28 30 108  0 134 179   0 12% 0 508419 34954 16%
c i  0.28 30 109  0 134 180   0 13% 0 508419 34953 16%
c i  0.28 30 109  0 135 181   0 13% 0 508419 34952 16%
c i  0.28 30 110  0 135 182   0 13% 0 508419 34951 16%
c i  0.28 30 111  0 136 183   0 13% 0 508419 34950 16%
c i  0.28 30 111  0 136 184   0 13% 0 508419 34949 16%
c i  0.29 30 112  0 137 185   0 13% 0 508419 34948 16%
c i  0.29 30 113  0 137 186   0 13% 0 508419 34947 16%
c i  0.29 30 113  0 138 187   0 13% 0 508419 34946 16%
c i  0.29 30 114  0 138 188   0 13% 0 508419 34945 16%
c i  0.29 30 114  0 139 189   0 14% 0 508419 34944 16%
c i  0.29 30 115  0 139 190   0 14% 0 508419 34943 16%
c i  0.29 30 116  0 140 191   0 14% 0 508419 34942 16%
c i  0.29 30 116  0 140 192   0 14% 0 508419 34941 16%
c i  0.29 30 117  0 141 193   0 14% 0 508419 34940 16%
c i  0.29 30 118  0 141 194   0 14% 0 508419 34939 16%
c i  0.29 30 118  0 142 195   0 14% 0 508419 34938 16%
c i  0.29 30 119  0 142 196   0 14% 0 508419 34937 16%
c i  0.30 30 120  0 143 197   0 15% 0 508419 34936 16%
c i  0.30 30 120  0 143 198   0 15% 0 508419 34935 16%
c
c  seconds   reductions  redundant irredundant
c         MB     restarts      trail       variables
c           level    conflicts    glue          remaining
c
c i  0.30 30 121  0 144 199   0 15% 0 508419 34934 16%
c i  0.30 30 122  0 144 200   0 15% 0 508419 34933 16%
c i  0.30 30 122  0 145 201   0 15% 0 508419 34932 16%
c i  0.30 30 123  0 145 202   0 15% 0 508419 34931 16%
c i  0.30 30 124  0 146 203   0 15% 0 508419 34930 16%
c i  0.30 30 124  0 146 204   0 15% 0 508419 34929 16%
c i  0.30 30 125  0 147 205   0 16% 0 508419 34928 16%
c i  0.30 30 126  0 147 206   0 16% 0 508419 34927 16%
c i  0.31 30 127  0 148 207   0 16% 0 508419 34926 16%
c i  0.31 30 127  0 148 208   0 16% 0 508419 34925 16%
c i  0.31 30 128  0 149 209   0 16% 0 508419 34924 16%
c i  0.31 30 129  0 149 210   0 16% 0 508419 34923 16%
c i  0.31 30 129  0 150 211   0 16% 0 508419 34922 16%
c i  0.31 30 130  0 150 212   0 17% 0 508419 34921 16%
c i  0.31 30 131  0 151 213   0 17% 0 508419 34920 16%
c i  0.31 30 131  0 151 214   0 17% 0 508419 34919 16%
c i  0.31 30 132  0 152 215   0 17% 0 508419 34918 16%
c i  0.31 30 133  0 152 216   0 17% 0 508419 34917 16%
c i  0.32 30 134  0 153 217   0 17% 0 508419 34916 16%
c i  0.32 30 134  0 153 218   0 18% 0 508419 34915 16%
c
c  seconds   reductions  redundant irredundant
c         MB     restarts      trail       variables
c           level    conflicts    glue          remaining
c
c i  0.32 30 135  0 154 219   0 18% 0 508419 34914 16%
c i  0.32 30 136  0 154 220   0 18% 0 508419 34913 16%
c i  0.32 30 137  0 155 221   0 18% 0 508419 34912 16%
c i  0.32 30 137  0 155 222   0 18% 0 508419 34911 16%
c i  0.32 30 138  0 156 223   0 18% 0 508419 34910 16%
c i  0.32 30 139  0 156 224   0 19% 0 508419 34909 16%
c i  0.32 30 140  0 157 225   0 19% 0 508419 34908 16%
c i  0.32 30 140  0 157 226   0 19% 0 508419 34907 16%
c i  0.33 30 141  0 158 227   0 19% 0 508419 34906 16%
c i  0.33 30 142  0 158 228   0 19% 0 508419 34905 16%
c i  0.33 30 143  0 159 229   0 20% 0 508419 34904 16%
c i  0.33 30 143  0 159 230   0 20% 0 508419 34903 16%
c i  0.33 30 144  0 160 231   0 20% 0 508419 34902 16%
c i  0.33 30 145  0 160 232   0 20% 0 508419 34901 16%
c i  0.33 30 146  0 161 233   0 20% 0 508419 34900 16%
c i  0.33 30 147  0 161 234   0 21% 0 508419 34899 16%
c i  0.34 30 147  0 162 235   0 21% 0 508419 34898 16%
c i  0.34 30 148  0 162 236   0 21% 0 508419 34897 16%
c i  0.34 30 149  0 163 237   0 21% 0 508419 34896 16%
c i  0.34 30 150  0 163 238   0 21% 0 508419 34895 16%
c
c  seconds   reductions  redundant irredundant
c         MB     restarts      trail       variables
c           level    conflicts    glue          remaining
c
c i  0.34 30 151  0 164 239   0 22% 0 508419 34894 16%
c i  0.34 30 151  0 164 240   0 22% 0 508419 34893 16%
c i  0.34 30 152  0 165 241   0 22% 0 508419 34892 16%
c i  0.34 30 153  0 165 242   0 22% 0 508419 34891 16%
c i  0.34 30 154  0 166 243   0 23% 0 508419 34890 16%
c i  0.35 30 155  0 166 244   0 23% 0 508419 34889 16%
c i  0.35 30 155  0 167 245   0 23% 0 508419 34888 16%
c i  0.35 30 156  0 167 246   0 23% 0 508419 34887 16%
c i  0.35 30 157  0 168 247   0 24% 0 508419 34886 16%
c i  0.35 30 158  0 168 248   0 24% 0 508419 34885 16%
c i  0.35 30 159  0 169 249   0 24% 0 508419 34884 16%
c i  0.35 30 160  0 169 250   0 25% 0 508419 34883 16%
c i  0.36 30 161  0 170 251   0 25% 0 508419 34882 16%
c i  0.36 30 162  0 170 252   0 25% 0 508419 34881 16%
c i  0.36 30 163  0 171 253   0 26% 0 508419 34880 16%
c i  0.36 31 164  0 171 255   1 27% 0 508419 34874 16%
c }  0.37 31 162  0 172 260   3 27% 0 508419 18977 9%
c 0  0.37 31 162  0 172 260   3 27% 0 508419 18977 9%
c
c ---- [ result ] ------------------------------------------------------------
c
s UNSATISFIABLE
c
c ---- [ profiling ] ---------------------------------------------------------
c
c           0.21   57.05 %  search
c           0.21   57.01 %  focused
c           0.16   42.91 %  parse
c           0.00    0.00 %  simplify
c =============================================
c           0.37  100.00 %  total
c
c ---- [ statistics ] --------------------------------------------------------
c
c conflicts:                              260              701.99 per second
c decisions:                            19701               75.77 per conflict
c propagations:                       1212232          3272968    per second
c restarts:                               172                1.51 interval
c
c ---- [ resources ] ---------------------------------------------------------
c
c maximum-resident-set-size:         32653312 bytes         31 MB
c process-time:                             0s               0.37 seconds
c
c ---- [ shutting down ] -----------------------------------------------------
c
c exit 20

SAT solver OK

VALID
c array.sh: end:      Tue Feb 16 22:45:04 CET 2021
