[runlim] version:		1.21
[runlim] host:			c3n11
[runlim] time limit:		900 seconds
[runlim] real time limit:	900 seconds
[runlim] space limit:		50000 MB
[runlim] argv[0]:		./binary
[runlim] argv[1]:		/tmp/local-unzipped-18834727-22-biu.mv.xl_ao.bb-b003-p020-MIF04-c05.blif-biu.inv.prop.bb-bmc.with-IOC.unfold-008.cnf
[runlim] argv[2]:		900 50000
[runlim] start:			Tue Feb 16 22:43:50 2021
[runlim] child:			2763
solving-time: 3.66
proof-gen-satsolver: 0.63
tracecheck-time: 0.14
toferp-time: 2.01
[runlim] sample:		7.74 time, 10.01 real, 14 MB
ferpcheck-time: 2.97
[runlim] sample:		17.70 time, 20.02 real, 7183 MB
[runlim] sample:		27.69 time, 30.02 real, 15074 MB
[runlim] sample:		37.69 time, 40.02 real, 22950 MB
[runlim] sample:		47.69 time, 50.02 real, 26812 MB
[runlim] sample:		57.69 time, 60.02 real, 26812 MB
[runlim] sample:		67.69 time, 70.02 real, 26812 MB
ferpcert-time: 62.02
merging-time 0.12
final-check-time: 0.37
[runlim] end:			Tue Feb 16 22:45:04 2021
[runlim] status:		ok
[runlim] result:		0
[runlim] children:		23
[runlim] real:			73.72 seconds
[runlim] time:			71.09 seconds
[runlim] space:			26812 MB
[runlim] samples:		737
