[runlim] version:		1.21
[runlim] host:			c3n13
[runlim] time limit:		900 seconds
[runlim] real time limit:	900 seconds
[runlim] space limit:		50000 MB
[runlim] argv[0]:		./binary
[runlim] argv[1]:		/tmp/local-unzipped-18834727-26-depots03_9.cnf
[runlim] argv[2]:		900 50000
[runlim] start:			Tue Feb 16 22:43:53 2021
[runlim] child:			2866
solving-time: 1.72
proof-gen-satsolver: 0.34
tracecheck-time: 0.53
toferp-time: 4.11
[runlim] sample:		6.57 time, 10.01 real, 17 MB
ferpcheck-time: 4.86
[runlim] sample:		16.51 time, 20.02 real, 3680 MB
[runlim] sample:		26.51 time, 30.02 real, 11581 MB
[runlim] sample:		36.50 time, 40.02 real, 13936 MB
[runlim] sample:		46.51 time, 50.02 real, 14203 MB
[runlim] sample:		56.50 time, 60.02 real, 14542 MB
[runlim] sample:		66.50 time, 70.02 real, 14749 MB
[runlim] sample:		76.51 time, 80.02 real, 15020 MB
[runlim] sample:		86.50 time, 90.02 real, 15319 MB
[runlim] sample:		96.50 time, 100.02 real, 15632 MB
[runlim] sample:		106.51 time, 110.02 real, 15983 MB
[runlim] sample:		116.50 time, 120.02 real, 16317 MB
[runlim] sample:		126.50 time, 130.02 real, 16469 MB
[runlim] sample:		136.50 time, 140.02 real, 16817 MB
[runlim] sample:		146.50 time, 150.02 real, 17149 MB
[runlim] sample:		156.50 time, 160.02 real, 17496 MB
[runlim] sample:		166.51 time, 170.02 real, 17830 MB
[runlim] sample:		176.50 time, 180.01 real, 17908 MB
[runlim] sample:		186.50 time, 190.01 real, 17908 MB
[runlim] sample:		196.25 time, 200.01 real, 17908 MB
[runlim] sample:		205.93 time, 210.02 real, 17908 MB
[runlim] sample:		214.43 time, 220.01 real, 17908 MB
[runlim] sample:		223.17 time, 230.01 real, 17908 MB
[runlim] sample:		232.00 time, 240.01 real, 17908 MB
[runlim] sample:		240.77 time, 250.02 real, 17908 MB
[runlim] sample:		249.72 time, 260.01 real, 17908 MB
[runlim] sample:		259.00 time, 270.01 real, 17908 MB
[runlim] sample:		267.99 time, 280.02 real, 17908 MB
ferpcert-time: 274.79
[runlim] sample:		277.93 time, 290.02 real, 4 MB
[runlim] sample:		287.83 time, 300.02 real, 2522 MB
[runlim] sample:		297.83 time, 310.02 real, 5335 MB
[runlim] sample:		307.83 time, 320.02 real, 8169 MB
[runlim] sample:		317.83 time, 330.02 real, 10995 MB
[runlim] sample:		327.83 time, 340.02 real, 3691 MB
[runlim] sample:		337.83 time, 350.01 real, 3691 MB
[runlim] sample:		347.82 time, 360.01 real, 3691 MB
[runlim] sample:		357.83 time, 370.01 real, 3691 MB
[runlim] sample:		365.86 time, 380.01 real, 3691 MB
[runlim] sample:		374.48 time, 390.02 real, 3691 MB
[runlim] sample:		383.31 time, 400.02 real, 3691 MB
[runlim] sample:		392.17 time, 410.01 real, 3691 MB
[runlim] sample:		400.92 time, 420.01 real, 3691 MB
[runlim] sample:		409.30 time, 430.01 real, 3691 MB
[runlim] sample:		417.90 time, 440.01 real, 3691 MB
[runlim] sample:		426.26 time, 450.01 real, 3691 MB
[runlim] sample:		435.29 time, 460.01 real, 3691 MB
[runlim] sample:		443.19 time, 470.02 real, 3691 MB
[runlim] sample:		452.47 time, 480.01 real, 3691 MB
[runlim] sample:		461.40 time, 490.02 real, 3691 MB
[runlim] sample:		469.22 time, 500.01 real, 3691 MB
[runlim] sample:		477.65 time, 510.01 real, 3691 MB
[runlim] sample:		486.71 time, 520.01 real, 3691 MB
[runlim] sample:		495.47 time, 530.01 real, 3691 MB
[runlim] sample:		504.38 time, 540.02 real, 3691 MB
[runlim] sample:		512.98 time, 550.02 real, 3691 MB
[runlim] sample:		522.07 time, 560.01 real, 3691 MB
[runlim] sample:		531.23 time, 570.02 real, 3691 MB
[runlim] sample:		539.12 time, 580.02 real, 3691 MB
merging-time 294.57
kissat: error: /tmp/ferpcert_merged_cnf2866.cnf:1: parse error: maximum variable too large
final-check-time: 0.00
[runlim] sample:		548.14 time, 590.01 real, 4 MB
[runlim] end:			Tue Feb 16 22:53:44 2021
[runlim] status:		ok
[runlim] result:		0
[runlim] children:		25
[runlim] real:			591.13 seconds
[runlim] time:			549.23 seconds
[runlim] space:			17908 MB
[runlim] samples:		5911
