[runlim] version:		1.21
[runlim] host:			c3n15
[runlim] time limit:		900 seconds
[runlim] real time limit:	900 seconds
[runlim] space limit:		50000 MB
[runlim] argv[0]:		./binary
[runlim] argv[1]:		/tmp/local-unzipped-18834727-29-depots09_11.cnf
[runlim] argv[2]:		900 50000
[runlim] start:			Tue Feb 16 22:43:53 2021
[runlim] child:			2831
[runlim] sample:		9.29 time, 10.01 real, 620 MB
[runlim] sample:		19.30 time, 20.01 real, 700 MB
[runlim] sample:		29.29 time, 30.01 real, 821 MB
solving-time: 35.15
[runlim] sample:		38.45 time, 40.02 real, 491 MB
proof-gen-satsolver: 5.27
tracecheck-time: 1.26
[runlim] sample:		48.39 time, 50.01 real, 92 MB
toferp-time: 8.86
[runlim] sample:		58.31 time, 60.01 real, 159 MB
ferpcheck-time: 11.93
[runlim] sample:		68.28 time, 70.02 real, 5735 MB
[runlim] sample:		78.28 time, 80.02 real, 14090 MB
[runlim] sample:		88.28 time, 90.02 real, 22511 MB
[runlim] sample:		98.28 time, 100.02 real, 30945 MB
[runlim] sample:		108.28 time, 110.02 real, 38865 MB
[runlim] sample:		118.28 time, 120.02 real, 43028 MB
[runlim] sample:		128.28 time, 130.02 real, 43028 MB
[runlim] sample:		138.28 time, 140.02 real, 43028 MB
[runlim] sample:		148.28 time, 150.02 real, 43028 MB
[runlim] sample:		158.28 time, 160.02 real, 43029 MB
[runlim] sample:		168.28 time, 170.02 real, 43034 MB
[runlim] sample:		178.28 time, 180.02 real, 43042 MB
[runlim] sample:		188.28 time, 190.02 real, 43053 MB
[runlim] sample:		198.28 time, 200.02 real, 43096 MB
[runlim] sample:		208.28 time, 210.02 real, 43170 MB
[runlim] sample:		218.27 time, 220.02 real, 43223 MB
[runlim] sample:		228.28 time, 230.02 real, 43266 MB
[runlim] sample:		238.28 time, 240.02 real, 43282 MB
[runlim] sample:		248.28 time, 250.02 real, 43335 MB
[runlim] sample:		258.28 time, 260.02 real, 43479 MB
[runlim] sample:		268.27 time, 270.02 real, 43527 MB
[runlim] sample:		278.28 time, 280.02 real, 43645 MB
[runlim] sample:		288.27 time, 290.02 real, 43694 MB
[runlim] sample:		298.28 time, 300.02 real, 43740 MB
[runlim] sample:		308.28 time, 310.02 real, 43799 MB
[runlim] sample:		318.27 time, 320.02 real, 43895 MB
[runlim] sample:		328.27 time, 330.02 real, 43971 MB
[runlim] sample:		338.28 time, 340.02 real, 44117 MB
[runlim] sample:		348.27 time, 350.02 real, 44356 MB
[runlim] sample:		358.28 time, 360.02 real, 44576 MB
[runlim] sample:		368.28 time, 370.02 real, 44832 MB
[runlim] sample:		378.28 time, 380.02 real, 45066 MB
[runlim] sample:		388.28 time, 390.02 real, 45377 MB
[runlim] sample:		398.28 time, 400.02 real, 45663 MB
[runlim] sample:		408.28 time, 410.02 real, 45967 MB
[runlim] sample:		418.28 time, 420.02 real, 46092 MB
[runlim] sample:		428.28 time, 430.02 real, 46279 MB
[runlim] sample:		438.27 time, 440.02 real, 46535 MB
[runlim] sample:		448.27 time, 450.02 real, 46849 MB
[runlim] sample:		458.27 time, 460.02 real, 47081 MB
[runlim] sample:		468.27 time, 470.02 real, 47303 MB
[runlim] sample:		478.27 time, 480.02 real, 47483 MB
[runlim] sample:		488.28 time, 490.02 real, 47721 MB
[runlim] sample:		498.27 time, 500.02 real, 47909 MB
[runlim] sample:		508.27 time, 510.02 real, 48021 MB
[runlim] sample:		518.27 time, 520.02 real, 48133 MB
[runlim] sample:		528.27 time, 530.01 real, 48250 MB
[runlim] sample:		538.27 time, 540.02 real, 48250 MB
[runlim] sample:		547.51 time, 550.01 real, 48250 MB
[runlim] sample:		556.57 time, 560.01 real, 48250 MB
[runlim] sample:		565.25 time, 570.01 real, 48250 MB
[runlim] sample:		574.58 time, 580.01 real, 48250 MB
[runlim] sample:		583.79 time, 590.01 real, 48250 MB
[runlim] sample:		592.82 time, 600.01 real, 48250 MB
[runlim] sample:		602.12 time, 610.01 real, 48250 MB
[runlim] sample:		611.05 time, 620.02 real, 48250 MB
[runlim] sample:		620.11 time, 630.01 real, 48250 MB
[runlim] sample:		627.64 time, 640.01 real, 48250 MB
[runlim] sample:		633.95 time, 650.01 real, 48250 MB
[runlim] sample:		640.96 time, 660.01 real, 48250 MB
[runlim] sample:		648.05 time, 670.01 real, 48250 MB
[runlim] sample:		657.69 time, 680.02 real, 48250 MB
ferpcert-time: 620.86
[runlim] sample:		667.49 time, 690.02 real, 1013 MB
[runlim] sample:		677.49 time, 700.02 real, 3926 MB
[runlim] sample:		687.49 time, 710.02 real, 6813 MB
[runlim] sample:		697.49 time, 720.02 real, 9680 MB
[runlim] sample:		707.48 time, 730.02 real, 12526 MB
[runlim] sample:		717.48 time, 740.02 real, 15333 MB
[runlim] sample:		727.49 time, 750.01 real, 4680 MB
[runlim] sample:		737.23 time, 760.01 real, 4680 MB
[runlim] sample:		747.08 time, 770.01 real, 4680 MB
[runlim] sample:		756.90 time, 780.01 real, 4680 MB
[runlim] sample:		766.00 time, 790.01 real, 4680 MB
[runlim] sample:		775.58 time, 800.01 real, 4680 MB
[runlim] sample:		784.66 time, 810.01 real, 4680 MB
[runlim] sample:		794.17 time, 820.01 real, 4680 MB
[runlim] sample:		802.76 time, 830.01 real, 4680 MB
[runlim] sample:		812.64 time, 840.01 real, 4680 MB
[runlim] sample:		820.88 time, 850.01 real, 4680 MB
[runlim] sample:		830.25 time, 860.01 real, 4680 MB
[runlim] sample:		839.30 time, 870.01 real, 4680 MB
[runlim] sample:		848.80 time, 880.01 real, 4680 MB
[runlim] sample:		857.60 time, 890.01 real, 4680 MB
[runlim] sample:		866.66 time, 900.01 real, 4680 MB
Terminated
[runlim] end:			Tue Feb 16 22:58:53 2021
[runlim] status:		out of time
[runlim] result:		2
[runlim] children:		16
[runlim] real:			900.10 seconds
[runlim] time:			866.66 seconds
[runlim] space:			48250 MB
[runlim] samples:		9000
