[runlim] version:		1.21
[runlim] host:			c3n20
[runlim] time limit:		900 seconds
[runlim] real time limit:	900 seconds
[runlim] space limit:		50000 MB
[runlim] argv[0]:		./binary
[runlim] argv[1]:		/tmp/local-unzipped-18834727-40-driverlog13_8.cnf
[runlim] argv[2]:		900 50000
[runlim] start:			Tue Feb 16 22:43:56 2021
[runlim] child:			2742
solving-time: 2.15
proof-gen-satsolver: 2.65
[runlim] sample:		9.09 time, 10.01 real, 26 MB
[runlim] sample:		19.08 time, 20.01 real, 26 MB
[runlim] sample:		29.09 time, 30.01 real, 26 MB
[runlim] sample:		38.87 time, 40.01 real, 26 MB
[runlim] sample:		47.44 time, 50.01 real, 26 MB
[runlim] sample:		56.50 time, 60.01 real, 26 MB
[runlim] sample:		65.09 time, 70.01 real, 26 MB
[runlim] sample:		75.09 time, 80.01 real, 26 MB
[runlim] sample:		85.10 time, 90.01 real, 26 MB
[runlim] sample:		94.90 time, 100.01 real, 26 MB
[runlim] sample:		103.65 time, 110.01 real, 26 MB
tracecheck-time: 109.75
[runlim] sample:		113.34 time, 120.01 real, 131 MB
[runlim] sample:		123.34 time, 130.01 real, 372 MB
[runlim] sample:		133.34 time, 140.01 real, 619 MB
[runlim] sample:		143.34 time, 150.01 real, 866 MB
[runlim] sample:		153.34 time, 160.01 real, 1115 MB
[runlim] sample:		163.34 time, 170.01 real, 1361 MB
[runlim] sample:		173.34 time, 180.01 real, 1607 MB
[runlim] sample:		183.34 time, 190.01 real, 1852 MB
[runlim] sample:		193.34 time, 200.01 real, 2094 MB
[runlim] sample:		203.34 time, 210.01 real, 2342 MB
[runlim] sample:		213.34 time, 220.01 real, 2584 MB
[runlim] sample:		223.34 time, 230.01 real, 2830 MB
[runlim] sample:		233.34 time, 240.01 real, 3079 MB
[runlim] sample:		243.34 time, 250.01 real, 3329 MB
[runlim] sample:		253.34 time, 260.01 real, 3577 MB
[runlim] sample:		263.34 time, 270.01 real, 3826 MB
[runlim] sample:		273.34 time, 280.01 real, 4075 MB
[runlim] sample:		283.34 time, 290.01 real, 4326 MB
[runlim] sample:		293.33 time, 300.01 real, 4575 MB
[runlim] sample:		303.33 time, 310.01 real, 4814 MB
[runlim] sample:		313.34 time, 320.01 real, 5062 MB
[runlim] sample:		323.33 time, 330.01 real, 5311 MB
[runlim] sample:		333.34 time, 340.01 real, 5561 MB
[runlim] sample:		343.33 time, 350.01 real, 5668 MB
[runlim] sample:		353.34 time, 360.01 real, 5668 MB
[runlim] sample:		363.33 time, 370.01 real, 5668 MB
[runlim] sample:		373.34 time, 380.01 real, 5668 MB
[runlim] sample:		383.33 time, 390.01 real, 5668 MB
[runlim] sample:		393.34 time, 400.01 real, 5668 MB
[runlim] sample:		403.34 time, 410.01 real, 5668 MB
[runlim] sample:		413.34 time, 420.01 real, 5668 MB
[runlim] sample:		423.33 time, 430.01 real, 5668 MB
[runlim] sample:		432.25 time, 440.01 real, 5668 MB
[runlim] sample:		442.08 time, 450.01 real, 5668 MB
[runlim] sample:		451.84 time, 460.01 real, 5668 MB
[runlim] sample:		461.56 time, 470.01 real, 5668 MB
[runlim] sample:		471.40 time, 480.01 real, 5668 MB
[runlim] sample:		481.31 time, 490.01 real, 5668 MB
[runlim] sample:		491.26 time, 500.01 real, 5668 MB
[runlim] sample:		500.98 time, 510.01 real, 5668 MB
[runlim] sample:		510.06 time, 520.01 real, 5668 MB
[runlim] sample:		519.21 time, 530.01 real, 5668 MB
[runlim] sample:		528.88 time, 540.01 real, 5668 MB
[runlim] sample:		537.65 time, 550.01 real, 5668 MB
[runlim] sample:		547.03 time, 560.01 real, 5668 MB
[runlim] sample:		556.71 time, 570.01 real, 5668 MB
[runlim] sample:		566.02 time, 580.01 real, 5668 MB
[runlim] sample:		576.02 time, 590.01 real, 5668 MB
[runlim] sample:		585.65 time, 600.01 real, 5668 MB
[runlim] sample:		594.69 time, 610.01 real, 5668 MB
[runlim] sample:		604.58 time, 620.01 real, 5668 MB
[runlim] sample:		613.37 time, 630.01 real, 5668 MB
[runlim] sample:		622.24 time, 640.01 real, 5668 MB
[runlim] sample:		632.03 time, 650.01 real, 5668 MB
[runlim] sample:		640.78 time, 660.01 real, 5668 MB
[runlim] sample:		650.60 time, 670.01 real, 5668 MB
[runlim] sample:		660.07 time, 680.01 real, 5668 MB
[runlim] sample:		669.97 time, 690.01 real, 5668 MB
[runlim] sample:		679.95 time, 700.01 real, 5668 MB
[runlim] sample:		689.70 time, 710.01 real, 5668 MB
[runlim] sample:		699.70 time, 720.01 real, 5668 MB
[runlim] sample:		709.70 time, 730.01 real, 5668 MB
[runlim] sample:		719.70 time, 740.01 real, 5668 MB
[runlim] sample:		729.70 time, 750.01 real, 5668 MB
[runlim] sample:		739.70 time, 760.01 real, 5668 MB
[runlim] sample:		749.70 time, 770.01 real, 5668 MB
[runlim] sample:		759.70 time, 780.01 real, 5668 MB
[runlim] sample:		769.70 time, 790.01 real, 5668 MB
[runlim] sample:		779.70 time, 800.01 real, 5668 MB
[runlim] sample:		789.70 time, 810.01 real, 5668 MB
[runlim] sample:		799.70 time, 820.01 real, 5668 MB
[runlim] sample:		809.51 time, 830.01 real, 5668 MB
[runlim] sample:		818.37 time, 840.02 real, 5668 MB
[runlim] sample:		828.36 time, 850.01 real, 5668 MB
[runlim] sample:		838.38 time, 860.01 real, 5668 MB
[runlim] sample:		848.37 time, 870.01 real, 5668 MB
[runlim] sample:		858.32 time, 880.01 real, 5668 MB
[runlim] sample:		868.31 time, 890.01 real, 5668 MB
[runlim] sample:		878.31 time, 900.01 real, 5668 MB
Terminated
[runlim] end:			Tue Feb 16 22:58:57 2021
[runlim] status:		out of time
[runlim] result:		2
[runlim] children:		10
[runlim] real:			900.09 seconds
[runlim] time:			878.31 seconds
[runlim] space:			5668 MB
[runlim] samples:		9000
