[runlim] version:		1.21
[runlim] host:			c3n20
[runlim] time limit:		900 seconds
[runlim] real time limit:	900 seconds
[runlim] space limit:		50000 MB
[runlim] argv[0]:		./binary
[runlim] argv[1]:		/tmp/local-unzipped-18834727-39-driverlog13_7.cnf
[runlim] argv[2]:		900 50000
[runlim] start:			Tue Feb 16 22:43:56 2021
[runlim] child:			2743
solving-time: 1.18
proof-gen-satsolver: 0.37
tracecheck-time: 0.82
[runlim] sample:		8.46 time, 10.01 real, 57 MB
toferp-time: 7.85
ferpcheck-time: 8.93
[runlim] sample:		18.31 time, 20.01 real, 134 MB
[runlim] sample:		28.31 time, 30.01 real, 6749 MB
[runlim] sample:		38.31 time, 40.01 real, 14660 MB
[runlim] sample:		48.31 time, 50.01 real, 22541 MB
[runlim] sample:		58.31 time, 60.01 real, 28888 MB
[runlim] sample:		68.31 time, 70.01 real, 29071 MB
[runlim] sample:		78.31 time, 80.01 real, 29296 MB
[runlim] sample:		88.30 time, 90.01 real, 29535 MB
[runlim] sample:		98.31 time, 100.01 real, 29778 MB
[runlim] sample:		108.31 time, 110.01 real, 30017 MB
[runlim] sample:		118.31 time, 120.01 real, 30264 MB
[runlim] sample:		128.30 time, 130.01 real, 30505 MB
[runlim] sample:		138.31 time, 140.01 real, 30803 MB
[runlim] sample:		148.31 time, 150.01 real, 31199 MB
[runlim] sample:		158.31 time, 160.01 real, 31589 MB
[runlim] sample:		168.30 time, 170.01 real, 31980 MB
[runlim] sample:		178.31 time, 180.01 real, 32368 MB
[runlim] sample:		188.31 time, 190.01 real, 32754 MB
[runlim] sample:		198.31 time, 200.01 real, 33137 MB
[runlim] sample:		208.31 time, 210.01 real, 33514 MB
[runlim] sample:		218.06 time, 220.01 real, 33514 MB
[runlim] sample:		227.27 time, 230.01 real, 33514 MB
[runlim] sample:		236.31 time, 240.01 real, 33514 MB
[runlim] sample:		245.36 time, 250.01 real, 33514 MB
[runlim] sample:		254.40 time, 260.01 real, 33514 MB
[runlim] sample:		262.73 time, 270.01 real, 33514 MB
[runlim] sample:		271.30 time, 280.01 real, 33514 MB
[runlim] sample:		279.65 time, 290.01 real, 33514 MB
[runlim] sample:		288.37 time, 300.01 real, 33514 MB
[runlim] sample:		297.62 time, 310.01 real, 33514 MB
[runlim] sample:		306.73 time, 320.01 real, 33514 MB
[runlim] sample:		316.07 time, 330.01 real, 33514 MB
[runlim] sample:		325.32 time, 340.01 real, 33514 MB
[runlim] sample:		335.16 time, 350.01 real, 33514 MB
ferpcert-time: 336.65
[runlim] sample:		345.02 time, 360.01 real, 335 MB
[runlim] sample:		355.02 time, 370.01 real, 3324 MB
[runlim] sample:		365.02 time, 380.01 real, 6225 MB
[runlim] sample:		375.02 time, 390.01 real, 9173 MB
[runlim] sample:		385.02 time, 400.01 real, 12112 MB
[runlim] sample:		395.02 time, 410.01 real, 9676 MB
[runlim] sample:		404.77 time, 420.01 real, 4331 MB
[runlim] sample:		413.75 time, 430.01 real, 4331 MB
[runlim] sample:		422.05 time, 440.01 real, 4331 MB
[runlim] sample:		431.10 time, 450.01 real, 4331 MB
[runlim] sample:		440.46 time, 460.01 real, 4331 MB
[runlim] sample:		449.45 time, 470.01 real, 4331 MB
[runlim] sample:		457.36 time, 480.01 real, 4331 MB
[runlim] sample:		465.71 time, 490.01 real, 4331 MB
[runlim] sample:		474.83 time, 500.01 real, 4331 MB
[runlim] sample:		483.83 time, 510.01 real, 4331 MB
[runlim] sample:		491.93 time, 520.01 real, 4331 MB
[runlim] sample:		500.40 time, 530.01 real, 4331 MB
[runlim] sample:		509.24 time, 540.01 real, 4331 MB
[runlim] sample:		517.07 time, 550.01 real, 4331 MB
[runlim] sample:		525.77 time, 560.01 real, 4331 MB
[runlim] sample:		534.77 time, 570.01 real, 4331 MB
[runlim] sample:		543.26 time, 580.01 real, 4331 MB
[runlim] sample:		552.34 time, 590.01 real, 4331 MB
[runlim] sample:		561.33 time, 600.01 real, 4331 MB
[runlim] sample:		569.39 time, 610.01 real, 4331 MB
[runlim] sample:		578.57 time, 620.01 real, 4331 MB
[runlim] sample:		586.27 time, 630.01 real, 4331 MB
[runlim] sample:		594.42 time, 640.01 real, 4331 MB
[runlim] sample:		603.51 time, 650.01 real, 4331 MB
[runlim] sample:		611.46 time, 660.01 real, 4331 MB
[runlim] sample:		620.58 time, 670.01 real, 4331 MB
[runlim] sample:		630.03 time, 680.01 real, 4331 MB
[runlim] sample:		637.95 time, 690.01 real, 4331 MB
[runlim] sample:		647.24 time, 700.01 real, 4331 MB
merging-time 345.11
kissat: error: /tmp/ferpcert_merged_cnf2743.cnf:1: parse error: maximum variable too large
final-check-time: 0.00
[runlim] end:			Tue Feb 16 22:55:46 2021
[runlim] status:		ok
[runlim] result:		0
[runlim] children:		18
[runlim] real:			709.83 seconds
[runlim] time:			656.01 seconds
[runlim] space:			33514 MB
[runlim] samples:		7098
