[runlim] version:		1.21
[runlim] host:			c3n24
[runlim] time limit:		900 seconds
[runlim] real time limit:	900 seconds
[runlim] space limit:		50000 MB
[runlim] argv[0]:		./binary
[runlim] argv[1]:		/tmp/local-unzipped-18834727-48-falsequ_query60_1344n.cnf
[runlim] argv[2]:		900 50000
[runlim] start:			Tue Feb 16 22:43:54 2021
[runlim] child:			2845
[runlim] sample:		8.68 time, 10.02 real, 555 MB
[runlim] sample:		18.68 time, 20.02 real, 1083 MB
[runlim] sample:		28.68 time, 30.02 real, 1570 MB
[runlim] sample:		38.68 time, 40.02 real, 2001 MB
[runlim] sample:		48.68 time, 50.02 real, 2442 MB
[runlim] sample:		58.68 time, 60.02 real, 2851 MB
solving-time: 65.07
proof-gen-satsolver: 0.48
tracecheck-time: 0.06
toferp-time: 1.29
ferpcheck-time: 0.00
ferpcert-time: 0.00
merging-time 0.00
final-check-time: 0.00
[runlim] end:			Tue Feb 16 22:45:02 2021
[runlim] status:		ok
[runlim] result:		0
[runlim] children:		8
[runlim] real:			67.96 seconds
[runlim] time:			66.23 seconds
[runlim] space:			3085 MB
[runlim] samples:		679
