[runlim] version:		1.21
[runlim] host:			c3n25
[runlim] time limit:		900 seconds
[runlim] real time limit:	900 seconds
[runlim] space limit:		50000 MB
[runlim] argv[0]:		./binary
[runlim] argv[1]:		/tmp/local-unzipped-18834727-49-falsequ_query64_1344n.cnf
[runlim] argv[2]:		900 50000
[runlim] start:			Tue Feb 16 22:43:58 2021
[runlim] child:			2875
solving-time: 0.08
proof-gen-satsolver: 0.00
tracecheck-time: 0.00
toferp-time: 0.01
ferpcheck-time: 0.01
ferpcert-time: 0.14
merging-time 0.00
final-check-time: 0.00
[runlim] end:			Tue Feb 16 22:43:59 2021
[runlim] status:		ok
[runlim] result:		0
[runlim] children:		9
[runlim] real:			1.20 seconds
[runlim] time:			0.00 seconds
[runlim] space:			6 MB
[runlim] samples:		11
