[runlim] version:		1.21
[runlim] host:			c3n31
[runlim] time limit:		900 seconds
[runlim] real time limit:	900 seconds
[runlim] space limit:		50000 MB
[runlim] argv[0]:		./binary
[runlim] argv[1]:		/tmp/local-unzipped-18834727-61-freecell03_5.cnf
[runlim] argv[2]:		900 50000
[runlim] start:			Tue Feb 16 22:43:59 2021
[runlim] child:			2800
[runlim] sample:		9.96 time, 10.01 real, 486 MB
solving-time: 15.80
proof-gen-satsolver: 1.99
[runlim] sample:		19.90 time, 20.01 real, 76 MB
tracecheck-time: 7.90
[runlim] sample:		29.88 time, 30.01 real, 103 MB
[runlim] sample:		39.87 time, 40.01 real, 358 MB
[runlim] sample:		49.87 time, 50.01 real, 478 MB
[runlim] sample:		59.87 time, 60.01 real, 479 MB
[runlim] sample:		69.87 time, 70.01 real, 479 MB
[runlim] sample:		79.62 time, 80.01 real, 479 MB
[runlim] sample:		88.44 time, 90.01 real, 479 MB
[runlim] sample:		98.45 time, 100.01 real, 479 MB
toferp-time: 80.12
[runlim] sample:		108.38 time, 110.01 real, 94 MB
[runlim] sample:		118.38 time, 120.01 real, 146 MB
[runlim] sample:		128.38 time, 130.01 real, 199 MB
[runlim] sample:		138.38 time, 140.01 real, 252 MB
[runlim] sample:		148.38 time, 150.01 real, 308 MB
[runlim] sample:		158.38 time, 160.01 real, 363 MB
[runlim] sample:		168.38 time, 170.01 real, 420 MB
[runlim] sample:		178.38 time, 180.01 real, 476 MB
[runlim] sample:		188.37 time, 190.01 real, 537 MB
[runlim] sample:		198.37 time, 200.02 real, 572 MB
ferpcheck-time: 97.67
[runlim] sample:		208.32 time, 210.02 real, 3911 MB
[runlim] sample:		218.32 time, 220.02 real, 10187 MB
[runlim] sample:		228.32 time, 230.02 real, 16325 MB
[runlim] sample:		238.32 time, 240.02 real, 22730 MB
[runlim] sample:		248.31 time, 250.02 real, 28997 MB
[runlim] sample:		258.32 time, 260.02 real, 35310 MB
[runlim] sample:		268.31 time, 270.02 real, 41592 MB
[runlim] sample:		278.32 time, 280.01 real, 48903 MB
Terminated
[runlim] end:			Tue Feb 16 22:48:40 2021
[runlim] status:		out of memory
[runlim] result:		3
[runlim] children:		13
[runlim] real:			281.49 seconds
[runlim] time:			279.72 seconds
[runlim] space:			50018 MB
[runlim] samples:		2814
