[runlim] version:		1.21
[runlim] host:			c3n32
[runlim] time limit:		900 seconds
[runlim] real time limit:	900 seconds
[runlim] space limit:		50000 MB
[runlim] argv[0]:		./binary
[runlim] argv[1]:		/tmp/local-unzipped-18834727-64-freecell04_8.cnf
[runlim] argv[2]:		900 50000
[runlim] start:			Tue Feb 16 22:43:59 2021
[runlim] child:			2799
[runlim] sample:		9.99 time, 10.01 real, 1094 MB
[runlim] sample:		19.98 time, 20.01 real, 1174 MB
[runlim] sample:		29.41 time, 30.01 real, 1203 MB
[runlim] sample:		39.16 time, 40.01 real, 1330 MB
[runlim] sample:		49.08 time, 50.02 real, 1345 MB
[runlim] sample:		59.08 time, 60.01 real, 1412 MB
solving-time: 66.32
[runlim] sample:		69.06 time, 70.02 real, 432 MB
proof-gen-satsolver: 6.93
[runlim] sample:		78.97 time, 80.01 real, 274 MB
[runlim] sample:		88.97 time, 90.01 real, 274 MB
tracecheck-time: 19.85
[runlim] sample:		98.92 time, 100.01 real, 114 MB
[runlim] sample:		108.92 time, 110.01 real, 355 MB
[runlim] sample:		118.92 time, 120.01 real, 595 MB
[runlim] sample:		128.92 time, 130.01 real, 834 MB
[runlim] sample:		138.92 time, 140.01 real, 1073 MB
[runlim] sample:		148.92 time, 150.01 real, 1198 MB
[runlim] sample:		158.92 time, 160.01 real, 1198 MB
[runlim] sample:		168.92 time, 170.01 real, 1198 MB
[runlim] sample:		178.92 time, 180.01 real, 1198 MB
[runlim] sample:		188.92 time, 190.01 real, 1198 MB
[runlim] sample:		198.39 time, 200.01 real, 1198 MB
[runlim] sample:		208.40 time, 210.01 real, 1198 MB
[runlim] sample:		218.39 time, 220.01 real, 1198 MB
[runlim] sample:		228.25 time, 230.01 real, 1198 MB
[runlim] sample:		237.22 time, 240.01 real, 1198 MB
[runlim] sample:		247.22 time, 250.01 real, 1198 MB
[runlim] sample:		257.22 time, 260.01 real, 1198 MB
[runlim] sample:		266.86 time, 270.01 real, 1198 MB
[runlim] sample:		276.86 time, 280.01 real, 1198 MB
[runlim] sample:		286.87 time, 290.01 real, 1198 MB
toferp-time: 205.75
[runlim] sample:		295.08 time, 300.01 real, 17 MB
[runlim] sample:		305.08 time, 310.01 real, 235 MB
[runlim] sample:		315.09 time, 320.01 real, 284 MB
[runlim] sample:		325.08 time, 330.01 real, 333 MB
[runlim] sample:		335.08 time, 340.01 real, 386 MB
[runlim] sample:		345.09 time, 350.01 real, 437 MB
[runlim] sample:		355.08 time, 360.01 real, 486 MB
[runlim] sample:		365.09 time, 370.01 real, 541 MB
[runlim] sample:		375.08 time, 380.01 real, 590 MB
[runlim] sample:		385.08 time, 390.01 real, 647 MB
[runlim] sample:		395.08 time, 400.01 real, 697 MB
[runlim] sample:		405.08 time, 410.01 real, 757 MB
[runlim] sample:		415.08 time, 420.01 real, 816 MB
[runlim] sample:		425.08 time, 430.01 real, 869 MB
[runlim] sample:		435.08 time, 440.01 real, 919 MB
[runlim] sample:		445.08 time, 450.01 real, 971 MB
[runlim] sample:		455.08 time, 460.01 real, 1021 MB
[runlim] sample:		465.08 time, 470.01 real, 1071 MB
[runlim] sample:		475.09 time, 480.01 real, 1131 MB
[runlim] sample:		485.08 time, 490.01 real, 1210 MB
[runlim] sample:		495.09 time, 500.01 real, 1248 MB
[runlim] sample:		505.09 time, 510.01 real, 1305 MB
[runlim] sample:		515.08 time, 520.01 real, 1367 MB
[runlim] sample:		525.09 time, 530.01 real, 1401 MB
[runlim] sample:		535.09 time, 540.01 real, 1401 MB
ferpcheck-time: 244.09
[runlim] sample:		544.99 time, 550.01 real, 4386 MB
[runlim] sample:		554.98 time, 560.01 real, 11606 MB
[runlim] sample:		564.99 time, 570.02 real, 18895 MB
[runlim] sample:		574.98 time, 580.02 real, 26099 MB
[runlim] sample:		584.98 time, 590.02 real, 33170 MB
[runlim] sample:		594.99 time, 600.02 real, 40320 MB
[runlim] sample:		604.98 time, 610.02 real, 47370 MB
Terminated
[runlim] end:			Tue Feb 16 22:54:12 2021
[runlim] status:		out of memory
[runlim] result:		3
[runlim] children:		13
[runlim] real:			613.80 seconds
[runlim] time:			608.68 seconds
[runlim] space:			50004 MB
[runlim] samples:		6137
