c array.sh: path:     /data/qbf/qbf20/PCNF/incrementer-enc09-nonuniform-depth-15.qdimacs
c array.sh: name:     incrementer-enc09-nonuniform-depth-15
c array.sh: task:     75
c array.sh: host:     c3n28
c array.sh: uname:    Linux c3n28 4.15.0-135-generic #139-Ubuntu SMP Mon Jan 18 17:38:24 UTC 2021 x86_64 x86_64 x86_64 GNU/Linux
c array.sh: start:    Tue Feb 16 22:45:38 CET 2021
c array.sh: noturbo:  1
c array.sh: governor: 32 performance
c array.sh: tmp:      1%
c array.sh: unzipped: /tmp/local-unzipped-18834727-75-incrementer-enc09-nonuniform-depth-15.cnf
using tmp directory:
  /tmp
running QBF solver...

/home/seidl/cert_tests/bin/ferp-models/ijtihad/ijtihad --dependencies=0 --wit_per_call=-1 --cex_per_call=-1 --log_phi=/tmp/ferpcert2932expanded.cnf /tmp/local-unzipped-18834727-75-incrementer-enc09-nonuniform-depth-15.cnf
c Options after parsing: 
c cex_per_call = 18446744073709551615
c wit_per_call = 18446744073709551615
c warmup = 1
c warmup_randoms = 0
c trimming_phi = 0
c trimming_ksi = 2
c trimming_interval = 200
c memory_limit = 3000000
c MySolverv970-glucose
-1 -2 -3 -4 -5 -6 -7 -8 -9 -10 -11 -12 -13 -14 -15 -16 -17 -18 -19 -20 -21 -22 -23 -24 -25 -26 -27 -28 29 30 -31 -32 
-1 -2 -3 -4 -5 -6 -7 -8 -9 -10 -11 -12 -13 -14 -15 -16 -17 -18 -19 -20 -21 -22 -23 -24 -25 -26 27 28 -29 -30 -31 -32 
-1 -2 -3 -4 -5 -6 -7 -8 -9 -10 -11 -12 -13 -14 -15 -16 -17 -18 19 20 -21 -22 -23 -24 -25 -26 -27 -28 -29 -30 -31 -32 
-1 -2 -3 -4 -5 -6 -7 -8 -9 -10 11 12 -13 -14 -15 -16 -17 -18 -19 -20 -21 -22 -23 -24 -25 -26 -27 -28 -29 -30 -31 -32 
-1 -2 -3 -4 5 6 -7 -8 -9 -10 -11 -12 -13 -14 -15 -16 -17 -18 -19 -20 -21 -22 -23 -24 -25 -26 -27 -28 -29 -30 -31 -32 
1 2 3 4 5 6 7 8 9 10 11 12 13 14 15 16 17 18 19 20 21 22 23 24 25 26 27 28 29 30 -31 -32 
1 2 3 4 5 6 7 8 9 10 11 12 13 14 15 16 17 18 19 20 21 22 23 24 25 26 27 28 -29 -30 31 32 
-1 -2 -3 -4 -5 -6 -7 -8 -9 -10 -11 -12 -13 -14 15 16 -17 -18 -19 -20 -21 -22 -23 -24 -25 -26 -27 -28 -29 -30 -31 -32 
-1 -2 -3 -4 -5 -6 -7 -8 -9 -10 -11 -12 13 14 -15 -16 -17 -18 -19 -20 -21 -22 -23 -24 -25 -26 -27 -28 -29 -30 -31 -32 
1 2 3 4 5 6 -7 -8 9 10 11 12 13 14 15 16 17 18 19 20 21 22 23 24 25 26 27 28 29 30 31 32 
1 2 3 4 5 6 7 8 9 10 11 12 13 14 15 16 17 18 19 20 21 22 23 24 -25 -26 27 28 29 30 31 32 
1 2 -3 -4 5 6 7 8 9 10 11 12 13 14 15 16 17 18 19 20 21 22 23 24 25 26 27 28 29 30 31 32 
-1 -2 -3 -4 -5 -6 -7 -8 -9 -10 -11 -12 -13 -14 -15 -16 -17 -18 -19 -20 -21 -22 -23 -24 -25 -26 -27 -28 -29 -30 -31 -32 
1 2 3 4 5 6 7 8 9 10 11 12 13 14 -15 -16 17 18 19 20 21 22 23 24 25 26 27 28 29 30 31 32 
-1 -2 -3 -4 -5 -6 -7 -8 -9 -10 -11 -12 -13 -14 -15 -16 -17 -18 -19 -20 -21 -22 23 24 -25 -26 -27 -28 -29 -30 -31 -32 
-1 -2 -3 -4 -5 -6 -7 -8 9 10 -11 -12 -13 -14 -15 -16 -17 -18 -19 -20 -21 -22 -23 -24 -25 -26 -27 -28 -29 -30 -31 -32 
1 2 3 4 5 6 7 8 9 10 11 12 13 14 15 16 17 18 19 20 21 22 -23 -24 25 26 27 28 29 30 31 32 
-1 -2 3 4 5 6 7 8 9 10 11 12 13 14 15 16 17 18 19 20 21 22 23 24 25 26 27 28 29 30 31 32 
-1 -2 -3 -4 -5 -6 -7 -8 -9 -10 -11 -12 -13 -14 -15 -16 -17 -18 -19 -20 -21 -22 -23 -24 -25 -26 -27 -28 -29 -30 31 32 
1 2 3 4 5 6 7 8 9 10 11 12 13 14 15 16 17 18 -19 -20 21 22 23 24 25 26 27 28 29 30 31 32 
-1 -2 -3 -4 -5 -6 -7 -8 -9 -10 -11 -12 -13 -14 -15 -16 -17 -18 -19 -20 -21 -22 -23 -24 25 26 -27 -28 -29 -30 -31 -32 
1 2 3 4 5 6 7 8 9 10 11 12 13 14 15 16 17 18 19 20 21 22 23 24 25 26 -27 -28 29 30 31 32 
-1 -2 3 4 -5 -6 -7 -8 -9 -10 -11 -12 -13 -14 -15 -16 -17 -18 -19 -20 -21 -22 -23 -24 -25 -26 -27 -28 -29 -30 -31 -32 
1 2 3 4 5 6 7 8 9 10 11 12 13 14 15 16 17 18 19 20 21 22 23 24 25 26 27 28 29 30 31 32 
1 2 3 4 5 6 7 8 -9 -10 11 12 13 14 15 16 17 18 19 20 21 22 23 24 25 26 27 28 29 30 31 32 
-1 -2 -3 -4 -5 -6 7 8 -9 -10 -11 -12 -13 -14 -15 -16 -17 -18 -19 -20 -21 -22 -23 -24 -25 -26 -27 -28 -29 -30 -31 -32 
1 2 3 4 -5 -6 7 8 9 10 11 12 13 14 15 16 17 18 19 20 21 22 23 24 25 26 27 28 29 30 31 32 
1 2 3 4 5 6 7 8 9 10 -11 -12 13 14 15 16 17 18 19 20 21 22 23 24 25 26 27 28 29 30 31 32 
1 2 3 4 5 6 7 8 9 10 11 12 13 14 15 16 -17 -18 19 20 21 22 23 24 25 26 27 28 29 30 31 32 
-1 -2 -3 -4 -5 -6 -7 -8 -9 -10 -11 -12 -13 -14 -15 -16 17 18 -19 -20 -21 -22 -23 -24 -25 -26 -27 -28 -29 -30 -31 -32 
1 2 3 4 5 6 7 8 9 10 11 12 -13 -14 15 16 17 18 19 20 21 22 23 24 25 26 27 28 29 30 31 32 
-1 -2 -3 -4 -5 -6 -7 -8 -9 -10 -11 -12 -13 -14 -15 -16 -17 -18 -19 -20 21 22 -23 -24 -25 -26 -27 -28 -29 -30 -31 -32 
1 2 -3 -4 -5 -6 -7 -8 -9 -10 -11 -12 -13 -14 -15 -16 -17 -18 -19 -20 -21 -22 -23 -24 -25 -26 -27 -28 -29 -30 -31 -32 
1 2 3 4 5 6 7 8 9 10 11 12 13 14 15 16 17 18 19 20 -21 -22 23 24 25 26 27 28 29 30 31 32 
c Number of calls is: 0
c Layers in PHI: 0
c Layers in KSI: 0
c Running Ijtihad loop
c sat_solver_phi calld 0 times, running for 0.060318 seconds.
c number of layers in PHI is 34
c sat_solver_ksi was running for 0 seconds.
c number of layers in KSI is 0
c mysolver was running for 0.877592 seconds.
s cnf 0
solving done with exit code 20

QBF solver OK

running SAT Solver...

/tmp/ferpcert2932expanded.cnf
s UNSATISFIABLE

PROOF GENERATION OK

checking unsat proof

resolved 1 root and 1 empty clause
trace-size2: 2957067

TRACE CHECK OK

running toferp...

ferp-size: 2310457
TOFERP OK

checking FERP PROOF...

c Warning: Variable count mismatch 15248 15249
FERP CHECK OK

extracting AIG ...

aig-size: 3011199315
aig-header: aag 105955196 15126 0 32 105939979
FERP CERT OK

merging  AIG into QBF ...

CERTCHECK OK

merged-cnf-header: p cnf 106059414 318086843
merged-cnf-size: 7703371846
running SAT solver...

c ---- [ banner ] ------------------------------------------------------------
c
c KISSAT SAT Solver
c Copyright (c) 2019-2020 Armin Biere JKU Linz
c 
c Version 1.0.3 59813addcacc4d6fb880ebdd63685600475aa940
c gcc (Ubuntu 7.5.0-3ubuntu1~18.04) 7.5.0 -W -Wall -O3 -DNEMBEDDED -DNDEBUG -DNMETRICS -DNSTATISTICS
c Sun Feb 14 23:58:54 CET 2021 Linux cluster3 4.15.0-135-generic x86_64
c
c ---- [ parsing ] -----------------------------------------------------------
c
c opened and reading DIMACS file:
c 
c   /tmp/ferpcert_merged_cnf2932.cnf
c 
c parsed 'p cnf 106059414 318086843' header
c closing input after reading 7703371846 bytes (7 GB)
c finished parsing after 99.06 seconds
c
c ---- [ solving ] -----------------------------------------------------------
c
c  seconds    reductions redundant  irredundant
c            MB   restarts    trail           variables
c             level  conflicts   glue                remaining
c
c * 99.06 16167 0  0  0   0   0 0% 0 318086841 69128110 65%
c { 99.06 16167 0  0  0   0   0 0% 0 318086841 69128110 65%
c i 101.24 16246 46  0  0  21  20 1% 1 318086841 67042517 63%
c i 105.10 16404 81  0  0  40  38 5% 1 318086841 60721666 57%
c i 105.50 16449 60  0  0  50  47 4% 1 318086841 60721616 57%
c i 105.91 16459 51  0  0  57  53 4% 2 318086841 58585428 55%
c i 105.91 16459 49  0  0  58  53 3% 2 318086841 58585416 55%
c i 107.48 16575 48  0  0  59  53 4% 1 318086841 58256334 55%
c i 108.89 16595 47  0  0  60  53 5% 1 318086841 58182079 55%
c i 112.54 16647 38  0  0  74  66 9% 2 318086841 58182066 55%
c i 123.03 16770 26  0  0 159 146 15% 2 318086841 58151815 55%
c i 123.03 16770 26  0  0 160 146 15% 2 318086841 58151786 55%
c i 123.03 16770 26  0  0 161 146 15% 2 318086841 58149824 55%
c i 124.21 16770 26  0  1 169 152 15% 3 318086841 58149818 55%
c i 124.22 16770 26  0  2 170 152 15% 3 318086841 58149710 55%
c i 124.22 16770 25  0  2 171 152 15% 3 318086841 58149685 55%
c i 138.65 16935 18  0  3 296 276 30% 3 318086841 58149681 55%
c i 138.65 16935 18  0  3 297 276 30% 3 318086841 58146522 55%
c - 156.45 13777 18  1  3 302 247 29% 3 174133143 58146522 55%
c i 160.64 13786 16  1  3 365 306 25% 2 174133143 58130765 55%
c
c  seconds      reductions redundant   irredundant
c             MB    restarts     trail           variables
c              level   conflicts    glue                remaining
c
c i 160.64 13786 16  1  3 368 308 24% 2 174133143 58130733 55%
c i 160.67 13786 16  1  3 369 308 24% 2 174133143 58130470 55%
c i 160.90 13790 16  1  3 370 308 24% 2 174133143 56905207 54%
c } 160.90 13790 16  1  3 372 308 24% 2 174133143 56905154 54%
c 0 160.90 13790 16  1  3 372 308 24% 2 174133143 56905154 54%
c
c ---- [ result ] ------------------------------------------------------------
c
s UNSATISFIABLE
c
c ---- [ profiling ] ---------------------------------------------------------
c
c          99.06   61.56 %  parse
c          61.85   38.44 %  search
c          61.85   38.44 %  focused
c          17.40   10.81 %  reduce
c           0.00    0.00 %  simplify
c =============================================
c         160.90  100.00 %  total
c
c ---- [ statistics ] --------------------------------------------------------
c
c conflicts:                              372                2.31 per second
c decisions:                             1241                3.34 per conflict
c propagations:                     525618638          3266667    per second
c reductions:                               1              372    interval
c restarts:                                 3              124.00 interval
c
c ---- [ resources ] ---------------------------------------------------------
c
c maximum-resident-set-size:      18223251456 bytes      17379 MB
c process-time:                         2m 40s             160.90 seconds
c
c ---- [ shutting down ] -----------------------------------------------------
c
c exit 20

SAT solver OK

VALID
c array.sh: end:      Tue Feb 16 22:51:42 CET 2021
