[runlim] version:		1.21
[runlim] host:			c3n26
[runlim] time limit:		900 seconds
[runlim] real time limit:	900 seconds
[runlim] space limit:		50000 MB
[runlim] argv[0]:		./binary
[runlim] argv[1]:		/tmp/local-unzipped-18834727-80-ntrivil_query42_1344n.cnf
[runlim] argv[2]:		900 50000
[runlim] start:			Tue Feb 16 22:47:09 2021
[runlim] child:			2988
[runlim] sample:		10.00 time, 10.01 real, 462 MB
[runlim] sample:		19.99 time, 20.02 real, 859 MB
[runlim] sample:		30.00 time, 30.02 real, 1215 MB
[runlim] sample:		40.00 time, 40.01 real, 1569 MB
[runlim] sample:		50.00 time, 50.01 real, 1903 MB
[runlim] sample:		60.00 time, 60.01 real, 2217 MB
[runlim] sample:		69.99 time, 70.01 real, 2516 MB
[runlim] sample:		80.00 time, 80.02 real, 2806 MB
[runlim] sample:		89.99 time, 90.02 real, 3076 MB
[runlim] sample:		99.99 time, 100.01 real, 3354 MB
[runlim] sample:		110.00 time, 110.02 real, 3601 MB
[runlim] sample:		119.99 time, 120.01 real, 3854 MB
[runlim] sample:		129.99 time, 130.01 real, 4090 MB
[runlim] sample:		139.99 time, 140.01 real, 4332 MB
[runlim] sample:		150.00 time, 150.01 real, 4594 MB
[runlim] sample:		159.99 time, 160.01 real, 4837 MB
[runlim] sample:		169.99 time, 170.02 real, 5079 MB
[runlim] sample:		179.99 time, 180.01 real, 5338 MB
[runlim] sample:		189.99 time, 190.01 real, 5557 MB
[runlim] sample:		199.99 time, 200.01 real, 5781 MB
[runlim] sample:		209.99 time, 210.01 real, 5992 MB
[runlim] sample:		219.99 time, 220.01 real, 6194 MB
[runlim] sample:		229.99 time, 230.01 real, 6393 MB
[runlim] sample:		239.99 time, 240.02 real, 6588 MB
[runlim] sample:		249.99 time, 250.02 real, 6774 MB
[runlim] sample:		259.99 time, 260.02 real, 6971 MB
[runlim] sample:		269.99 time, 270.01 real, 7181 MB
[runlim] sample:		279.99 time, 280.02 real, 7370 MB
[runlim] sample:		289.99 time, 290.02 real, 7546 MB
[runlim] sample:		299.99 time, 300.02 real, 7721 MB
[runlim] sample:		309.99 time, 310.02 real, 7903 MB
[runlim] sample:		319.99 time, 320.02 real, 8086 MB
[runlim] sample:		329.99 time, 330.02 real, 8282 MB
[runlim] sample:		339.98 time, 340.01 real, 8490 MB
[runlim] sample:		349.99 time, 350.02 real, 8692 MB
[runlim] sample:		359.99 time, 360.02 real, 8869 MB
[runlim] sample:		369.99 time, 370.01 real, 9067 MB
[runlim] sample:		379.99 time, 380.02 real, 9255 MB
[runlim] sample:		389.99 time, 390.01 real, 9470 MB
[runlim] sample:		399.99 time, 400.02 real, 9648 MB
[runlim] sample:		409.98 time, 410.02 real, 9851 MB
[runlim] sample:		419.99 time, 420.01 real, 10054 MB
[runlim] sample:		429.98 time, 430.02 real, 10238 MB
[runlim] sample:		439.99 time, 440.02 real, 10403 MB
[runlim] sample:		449.99 time, 450.02 real, 10550 MB
[runlim] sample:		459.99 time, 460.01 real, 10699 MB
[runlim] sample:		469.98 time, 470.02 real, 10869 MB
[runlim] sample:		479.98 time, 480.01 real, 11039 MB
[runlim] sample:		489.98 time, 490.01 real, 11214 MB
[runlim] sample:		499.99 time, 500.01 real, 11371 MB
[runlim] sample:		509.99 time, 510.02 real, 11552 MB
[runlim] sample:		519.99 time, 520.02 real, 11735 MB
[runlim] sample:		529.98 time, 530.01 real, 11914 MB
[runlim] sample:		539.99 time, 540.02 real, 12088 MB
[runlim] sample:		549.98 time, 550.02 real, 12255 MB
[runlim] sample:		559.98 time, 560.01 real, 12412 MB
[runlim] sample:		569.98 time, 570.01 real, 12587 MB
[runlim] sample:		579.99 time, 580.01 real, 12760 MB
[runlim] sample:		589.99 time, 590.02 real, 12913 MB
[runlim] sample:		599.99 time, 600.01 real, 13088 MB
[runlim] sample:		609.98 time, 610.02 real, 13237 MB
[runlim] sample:		619.98 time, 620.02 real, 13413 MB
[runlim] sample:		629.98 time, 630.02 real, 13577 MB
[runlim] sample:		639.98 time, 640.01 real, 13732 MB
[runlim] sample:		649.98 time, 650.02 real, 13881 MB
[runlim] sample:		659.98 time, 660.01 real, 14043 MB
[runlim] sample:		669.99 time, 670.01 real, 14207 MB
[runlim] sample:		679.99 time, 680.01 real, 14365 MB
[runlim] sample:		689.98 time, 690.02 real, 14544 MB
[runlim] sample:		699.99 time, 700.02 real, 14721 MB
[runlim] sample:		709.98 time, 710.01 real, 14856 MB
[runlim] sample:		719.99 time, 720.01 real, 15034 MB
[runlim] sample:		729.98 time, 730.02 real, 15199 MB
[runlim] sample:		739.98 time, 740.01 real, 15327 MB
[runlim] sample:		749.98 time, 750.01 real, 15474 MB
[runlim] sample:		759.98 time, 760.01 real, 15631 MB
[runlim] sample:		769.98 time, 770.01 real, 15784 MB
[runlim] sample:		779.98 time, 780.01 real, 15918 MB
[runlim] sample:		789.98 time, 790.01 real, 16061 MB
[runlim] sample:		799.98 time, 800.01 real, 16192 MB
[runlim] sample:		809.98 time, 810.01 real, 16322 MB
[runlim] sample:		819.98 time, 820.01 real, 16479 MB
[runlim] sample:		829.98 time, 830.01 real, 16644 MB
[runlim] sample:		839.98 time, 840.02 real, 16800 MB
[runlim] sample:		849.98 time, 850.01 real, 16935 MB
[runlim] sample:		859.98 time, 860.01 real, 17091 MB
[runlim] sample:		869.98 time, 870.01 real, 17238 MB
[runlim] sample:		879.98 time, 880.02 real, 17373 MB
[runlim] sample:		889.98 time, 890.01 real, 17535 MB
[runlim] sample:		899.98 time, 900.01 real, 17682 MB
Terminated
[runlim] end:			Tue Feb 16 23:02:09 2021
[runlim] status:		out of time
[runlim] result:		2
[runlim] children:		3
[runlim] real:			900.10 seconds
[runlim] time:			899.98 seconds
[runlim] space:			17682 MB
[runlim] samples:		9000
