[runlim] version:		1.21
[runlim] host:			c3n24
[runlim] time limit:		900 seconds
[runlim] real time limit:	900 seconds
[runlim] space limit:		50000 MB
[runlim] argv[0]:		./binary
[runlim] argv[1]:		/tmp/local-unzipped-18834727-82-ntrivil_query71_1344n.cnf
[runlim] argv[2]:		900 50000
[runlim] start:			Tue Feb 16 22:47:35 2021
[runlim] child:			3067
[runlim] sample:		9.99 time, 10.02 real, 504 MB
[runlim] sample:		20.00 time, 20.02 real, 1050 MB
[runlim] sample:		30.00 time, 30.02 real, 1539 MB
[runlim] sample:		39.99 time, 40.02 real, 2019 MB
[runlim] sample:		50.00 time, 50.02 real, 2468 MB
[runlim] sample:		59.99 time, 60.01 real, 2902 MB
[runlim] sample:		69.99 time, 70.02 real, 3320 MB
[runlim] sample:		79.99 time, 80.02 real, 3649 MB
[runlim] sample:		89.99 time, 90.02 real, 3989 MB
[runlim] sample:		100.00 time, 100.02 real, 4325 MB
[runlim] sample:		109.99 time, 110.02 real, 4641 MB
[runlim] sample:		119.98 time, 120.01 real, 4926 MB
[runlim] sample:		129.98 time, 130.02 real, 5215 MB
[runlim] sample:		139.98 time, 140.02 real, 5519 MB
[runlim] sample:		149.98 time, 150.02 real, 5824 MB
[runlim] sample:		159.98 time, 160.02 real, 6121 MB
[runlim] sample:		169.98 time, 170.02 real, 6421 MB
[runlim] sample:		179.98 time, 180.02 real, 6693 MB
[runlim] sample:		189.98 time, 190.02 real, 6933 MB
[runlim] sample:		199.98 time, 200.02 real, 7186 MB
[runlim] sample:		209.98 time, 210.02 real, 7445 MB
[runlim] sample:		219.98 time, 220.02 real, 7673 MB
[runlim] sample:		229.98 time, 230.02 real, 7919 MB
[runlim] sample:		239.98 time, 240.02 real, 8187 MB
[runlim] sample:		249.98 time, 250.02 real, 8459 MB
[runlim] sample:		259.98 time, 260.02 real, 8722 MB
[runlim] sample:		269.98 time, 270.02 real, 8990 MB
[runlim] sample:		279.98 time, 280.01 real, 9234 MB
[runlim] sample:		289.98 time, 290.02 real, 9456 MB
[runlim] sample:		299.98 time, 300.02 real, 9716 MB
[runlim] sample:		309.98 time, 310.02 real, 9934 MB
[runlim] sample:		319.98 time, 320.02 real, 10123 MB
[runlim] sample:		329.98 time, 330.02 real, 10331 MB
[runlim] sample:		339.98 time, 340.02 real, 10558 MB
[runlim] sample:		349.98 time, 350.01 real, 10785 MB
[runlim] sample:		359.98 time, 360.02 real, 10999 MB
[runlim] sample:		369.98 time, 370.01 real, 11241 MB
[runlim] sample:		379.98 time, 380.02 real, 11451 MB
[runlim] sample:		389.98 time, 390.02 real, 11679 MB
[runlim] sample:		399.98 time, 400.02 real, 11902 MB
[runlim] sample:		409.98 time, 410.02 real, 12109 MB
[runlim] sample:		419.98 time, 420.01 real, 12326 MB
[runlim] sample:		429.98 time, 430.02 real, 12538 MB
[runlim] sample:		439.98 time, 440.01 real, 12763 MB
[runlim] sample:		449.98 time, 450.02 real, 12974 MB
[runlim] sample:		459.98 time, 460.01 real, 13176 MB
[runlim] sample:		469.98 time, 470.01 real, 13460 MB
[runlim] sample:		479.98 time, 480.02 real, 13718 MB
[runlim] sample:		489.98 time, 490.02 real, 13965 MB
[runlim] sample:		499.98 time, 500.02 real, 14209 MB
[runlim] sample:		509.98 time, 510.02 real, 14437 MB
[runlim] sample:		519.98 time, 520.02 real, 14638 MB
[runlim] sample:		529.98 time, 530.02 real, 14849 MB
[runlim] sample:		539.98 time, 540.01 real, 15062 MB
[runlim] sample:		549.98 time, 550.02 real, 15301 MB
[runlim] sample:		559.98 time, 560.01 real, 15486 MB
[runlim] sample:		569.98 time, 570.02 real, 15709 MB
[runlim] sample:		579.98 time, 580.02 real, 15893 MB
[runlim] sample:		589.98 time, 590.02 real, 16081 MB
[runlim] sample:		599.98 time, 600.02 real, 16267 MB
[runlim] sample:		609.98 time, 610.02 real, 16500 MB
[runlim] sample:		619.98 time, 620.01 real, 16751 MB
[runlim] sample:		629.98 time, 630.02 real, 16948 MB
[runlim] sample:		639.98 time, 640.01 real, 17172 MB
[runlim] sample:		649.98 time, 650.01 real, 17423 MB
[runlim] sample:		659.98 time, 660.02 real, 17642 MB
[runlim] sample:		669.98 time, 670.01 real, 17886 MB
[runlim] sample:		679.98 time, 680.02 real, 18116 MB
[runlim] sample:		689.98 time, 690.01 real, 18364 MB
[runlim] sample:		699.98 time, 700.01 real, 18629 MB
[runlim] sample:		709.98 time, 710.01 real, 18879 MB
[runlim] sample:		719.98 time, 720.01 real, 19111 MB
[runlim] sample:		729.98 time, 730.01 real, 19335 MB
[runlim] sample:		739.97 time, 740.01 real, 19548 MB
[runlim] sample:		749.98 time, 750.01 real, 19775 MB
[runlim] sample:		759.98 time, 760.01 real, 19994 MB
[runlim] sample:		769.98 time, 770.01 real, 20221 MB
[runlim] sample:		779.98 time, 780.01 real, 20431 MB
[runlim] sample:		789.98 time, 790.01 real, 20658 MB
[runlim] sample:		799.98 time, 800.01 real, 20871 MB
[runlim] sample:		809.98 time, 810.01 real, 21084 MB
[runlim] sample:		819.98 time, 820.01 real, 21278 MB
[runlim] sample:		829.98 time, 830.01 real, 21492 MB
[runlim] sample:		839.98 time, 840.01 real, 21723 MB
[runlim] sample:		849.98 time, 850.01 real, 21918 MB
[runlim] sample:		859.98 time, 860.02 real, 22082 MB
[runlim] sample:		869.98 time, 870.02 real, 22189 MB
[runlim] sample:		879.98 time, 880.02 real, 22368 MB
[runlim] sample:		889.98 time, 890.02 real, 22584 MB
[runlim] sample:		899.98 time, 900.02 real, 22790 MB
Terminated
[runlim] end:			Tue Feb 16 23:02:35 2021
[runlim] status:		out of time
[runlim] result:		2
[runlim] children:		3
[runlim] real:			900.09 seconds
[runlim] time:			899.98 seconds
[runlim] space:			22790 MB
[runlim] samples:		9000
