[runlim] version:		1.21
[runlim] host:			c3n01
[runlim] time limit:		900 seconds
[runlim] real time limit:	900 seconds
[runlim] space limit:		50000 MB
[runlim] argv[0]:		./binary
[runlim] argv[1]:		/tmp/local-unzipped-18834727-85-nxquery_query71_1344n.cnf
[runlim] argv[2]:		900 50000
[runlim] start:			Tue Feb 16 22:48:12 2021
[runlim] child:			3767
[runlim] sample:		9.99 time, 10.02 real, 395 MB
[runlim] sample:		20.00 time, 20.02 real, 746 MB
[runlim] sample:		29.99 time, 30.02 real, 1084 MB
solving-time: 30.98
proof-gen-satsolver: 1.36
tracecheck-time: 0.06
toferp-time: 1.19
ferpcheck-time: 0.01
ferpcert-time: 0.00
merging-time 0.00
final-check-time: 0.00
[runlim] end:			Tue Feb 16 22:48:46 2021
[runlim] status:		ok
[runlim] result:		0
[runlim] children:		9
[runlim] real:			33.71 seconds
[runlim] time:			33.40 seconds
[runlim] space:			1109 MB
[runlim] samples:		337
