[runlim] version:		1.21
[runlim] host:			c3n16
[runlim] time limit:		900 seconds
[runlim] real time limit:	900 seconds
[runlim] space limit:		50000 MB
[runlim] argv[0]:		./binary
[runlim] argv[1]:		/tmp/local-unzipped-18834727-90-pipesnotankage17_6.cnf
[runlim] argv[2]:		900 50000
[runlim] start:			Tue Feb 16 22:50:00 2021
[runlim] child:			2853
solving-time: 9.75
[runlim] sample:		9.93 time, 10.02 real, 32 MB
proof-gen-satsolver: 2.56
tracecheck-time: 2.58
[runlim] sample:		19.85 time, 20.01 real, 132 MB
[runlim] sample:		29.85 time, 30.01 real, 158 MB
[runlim] sample:		39.85 time, 40.02 real, 158 MB
toferp-time: 25.54
[runlim] sample:		49.77 time, 50.01 real, 111 MB
[runlim] sample:		59.77 time, 60.02 real, 160 MB
[runlim] sample:		69.77 time, 70.01 real, 205 MB
ferpcheck-time: 32.66
[runlim] sample:		79.73 time, 80.01 real, 5360 MB
[runlim] sample:		89.73 time, 90.01 real, 9239 MB
[runlim] sample:		99.73 time, 100.01 real, 10596 MB
[runlim] sample:		109.73 time, 110.01 real, 10597 MB
[runlim] sample:		119.73 time, 120.01 real, 10597 MB
[runlim] sample:		129.73 time, 130.01 real, 10597 MB
[runlim] sample:		139.73 time, 140.01 real, 10597 MB
[runlim] sample:		149.74 time, 150.01 real, 10597 MB
[runlim] sample:		159.73 time, 160.01 real, 10597 MB
[runlim] sample:		169.74 time, 170.01 real, 10597 MB
[runlim] sample:		179.73 time, 180.01 real, 10597 MB
[runlim] sample:		189.73 time, 190.01 real, 10597 MB
[runlim] sample:		199.73 time, 200.01 real, 10597 MB
[runlim] sample:		209.74 time, 210.01 real, 10597 MB
[runlim] sample:		219.74 time, 220.01 real, 10597 MB
[runlim] sample:		229.74 time, 230.01 real, 10597 MB
[runlim] sample:		239.73 time, 240.01 real, 10597 MB
[runlim] sample:		249.74 time, 250.01 real, 10597 MB
[runlim] sample:		259.74 time, 260.01 real, 10597 MB
[runlim] sample:		269.74 time, 270.01 real, 10597 MB
[runlim] sample:		279.73 time, 280.01 real, 10597 MB
[runlim] sample:		289.74 time, 290.01 real, 10597 MB
[runlim] sample:		299.74 time, 300.01 real, 10597 MB
[runlim] sample:		309.74 time, 310.01 real, 10597 MB
[runlim] sample:		319.73 time, 320.01 real, 10597 MB
[runlim] sample:		329.74 time, 330.01 real, 10597 MB
[runlim] sample:		339.74 time, 340.01 real, 10597 MB
[runlim] sample:		349.73 time, 350.01 real, 10597 MB
[runlim] sample:		359.74 time, 360.01 real, 10597 MB
[runlim] sample:		369.74 time, 370.01 real, 10597 MB
[runlim] sample:		379.73 time, 380.01 real, 10597 MB
[runlim] sample:		389.73 time, 390.01 real, 10597 MB
[runlim] sample:		399.74 time, 400.01 real, 10597 MB
[runlim] sample:		409.74 time, 410.01 real, 10597 MB
[runlim] sample:		419.74 time, 420.01 real, 10597 MB
[runlim] sample:		429.73 time, 430.01 real, 10597 MB
[runlim] sample:		439.73 time, 440.01 real, 10597 MB
[runlim] sample:		449.74 time, 450.01 real, 10597 MB
[runlim] sample:		459.74 time, 460.01 real, 10597 MB
[runlim] sample:		469.74 time, 470.01 real, 10597 MB
[runlim] sample:		479.73 time, 480.01 real, 10597 MB
[runlim] sample:		489.74 time, 490.01 real, 10597 MB
[runlim] sample:		499.74 time, 500.01 real, 10597 MB
[runlim] sample:		509.74 time, 510.01 real, 10597 MB
[runlim] sample:		519.73 time, 520.01 real, 10597 MB
[runlim] sample:		529.73 time, 530.01 real, 10597 MB
[runlim] sample:		539.73 time, 540.01 real, 10597 MB
[runlim] sample:		549.74 time, 550.01 real, 10598 MB
[runlim] sample:		559.74 time, 560.01 real, 10598 MB
[runlim] sample:		569.74 time, 570.01 real, 10598 MB
[runlim] sample:		579.73 time, 580.01 real, 10598 MB
[runlim] sample:		589.73 time, 590.01 real, 10598 MB
[runlim] sample:		599.73 time, 600.01 real, 10598 MB
[runlim] sample:		609.73 time, 610.01 real, 10598 MB
[runlim] sample:		619.73 time, 620.01 real, 10598 MB
[runlim] sample:		629.73 time, 630.01 real, 10598 MB
[runlim] sample:		639.73 time, 640.01 real, 10598 MB
[runlim] sample:		649.74 time, 650.01 real, 10598 MB
[runlim] sample:		659.74 time, 660.01 real, 10598 MB
[runlim] sample:		669.73 time, 670.01 real, 10598 MB
[runlim] sample:		679.73 time, 680.01 real, 10598 MB
[runlim] sample:		689.74 time, 690.01 real, 10598 MB
[runlim] sample:		699.73 time, 700.01 real, 10598 MB
[runlim] sample:		709.73 time, 710.01 real, 10598 MB
[runlim] sample:		719.73 time, 720.01 real, 10598 MB
[runlim] sample:		729.73 time, 730.01 real, 10598 MB
[runlim] sample:		739.73 time, 740.01 real, 10598 MB
[runlim] sample:		749.73 time, 750.01 real, 10598 MB
[runlim] sample:		759.73 time, 760.01 real, 10598 MB
[runlim] sample:		769.73 time, 770.01 real, 10598 MB
[runlim] sample:		779.73 time, 780.01 real, 10598 MB
[runlim] sample:		789.74 time, 790.01 real, 10598 MB
[runlim] sample:		799.73 time, 800.01 real, 10598 MB
[runlim] sample:		809.73 time, 810.01 real, 10598 MB
[runlim] sample:		819.74 time, 820.01 real, 10598 MB
[runlim] sample:		829.74 time, 830.01 real, 10598 MB
[runlim] sample:		839.73 time, 840.01 real, 10598 MB
[runlim] sample:		849.73 time, 850.01 real, 10598 MB
[runlim] sample:		859.73 time, 860.01 real, 10598 MB
[runlim] sample:		869.73 time, 870.01 real, 10598 MB
[runlim] sample:		879.73 time, 880.01 real, 10598 MB
[runlim] sample:		889.73 time, 890.01 real, 10598 MB
[runlim] sample:		899.73 time, 900.01 real, 10598 MB
Terminated
[runlim] end:			Tue Feb 16 23:05:00 2021
[runlim] status:		out of time
[runlim] result:		2
[runlim] children:		13
[runlim] real:			900.09 seconds
[runlim] time:			899.73 seconds
[runlim] space:			10598 MB
[runlim] samples:		9000
