[runlim] version:		1.21
[runlim] host:			c3n28
[runlim] time limit:		900 seconds
[runlim] real time limit:	900 seconds
[runlim] space limit:		50000 MB
[runlim] argv[0]:		./binary
[runlim] argv[1]:		/tmp/local-unzipped-18834727-91-pipesnotankage17_7.cnf
[runlim] argv[2]:		900 50000
[runlim] start:			Tue Feb 16 22:51:43 2021
[runlim] child:			3129
solving-time: 9.79
[runlim] sample:		9.88 time, 10.01 real, 25 MB
proof-gen-satsolver: 1.96
tracecheck-time: 2.63
[runlim] sample:		19.71 time, 20.01 real, 142 MB
[runlim] sample:		29.71 time, 30.01 real, 142 MB
toferp-time: 21.76
[runlim] sample:		39.63 time, 40.01 real, 83 MB
[runlim] sample:		49.63 time, 50.01 real, 132 MB
[runlim] sample:		59.63 time, 60.01 real, 183 MB
ferpcheck-time: 27.69
[runlim] sample:		69.55 time, 70.02 real, 4909 MB
[runlim] sample:		79.55 time, 80.02 real, 8801 MB
[runlim] sample:		89.55 time, 90.01 real, 10707 MB
[runlim] sample:		99.54 time, 100.01 real, 10707 MB
[runlim] sample:		109.55 time, 110.01 real, 10707 MB
[runlim] sample:		119.55 time, 120.02 real, 10707 MB
[runlim] sample:		129.55 time, 130.01 real, 10707 MB
[runlim] sample:		139.54 time, 140.01 real, 10707 MB
[runlim] sample:		149.55 time, 150.01 real, 10707 MB
[runlim] sample:		159.54 time, 160.01 real, 10707 MB
[runlim] sample:		169.54 time, 170.01 real, 10707 MB
[runlim] sample:		179.55 time, 180.01 real, 10707 MB
[runlim] sample:		189.55 time, 190.01 real, 10708 MB
[runlim] sample:		199.55 time, 200.01 real, 10708 MB
[runlim] sample:		209.55 time, 210.01 real, 10708 MB
[runlim] sample:		219.55 time, 220.01 real, 10708 MB
[runlim] sample:		229.54 time, 230.01 real, 10708 MB
[runlim] sample:		239.55 time, 240.01 real, 10708 MB
[runlim] sample:		249.54 time, 250.01 real, 10708 MB
[runlim] sample:		259.55 time, 260.01 real, 10708 MB
[runlim] sample:		269.55 time, 270.01 real, 10708 MB
[runlim] sample:		279.55 time, 280.01 real, 10708 MB
[runlim] sample:		289.55 time, 290.01 real, 10708 MB
[runlim] sample:		299.55 time, 300.01 real, 10708 MB
[runlim] sample:		309.55 time, 310.01 real, 10708 MB
[runlim] sample:		319.55 time, 320.01 real, 10708 MB
[runlim] sample:		329.55 time, 330.01 real, 10708 MB
[runlim] sample:		339.55 time, 340.01 real, 10708 MB
[runlim] sample:		349.55 time, 350.01 real, 10708 MB
[runlim] sample:		359.55 time, 360.01 real, 10709 MB
[runlim] sample:		369.55 time, 370.01 real, 10709 MB
[runlim] sample:		379.55 time, 380.01 real, 10709 MB
[runlim] sample:		389.54 time, 390.01 real, 10709 MB
[runlim] sample:		399.54 time, 400.01 real, 10709 MB
[runlim] sample:		409.55 time, 410.01 real, 10709 MB
[runlim] sample:		419.54 time, 420.01 real, 10709 MB
[runlim] sample:		429.54 time, 430.01 real, 10709 MB
[runlim] sample:		439.54 time, 440.01 real, 10709 MB
[runlim] sample:		449.55 time, 450.01 real, 10709 MB
[runlim] sample:		459.55 time, 460.01 real, 10709 MB
[runlim] sample:		469.55 time, 470.01 real, 10709 MB
[runlim] sample:		479.55 time, 480.01 real, 10709 MB
[runlim] sample:		489.55 time, 490.01 real, 10709 MB
[runlim] sample:		499.55 time, 500.01 real, 10709 MB
[runlim] sample:		509.55 time, 510.01 real, 10709 MB
[runlim] sample:		519.55 time, 520.01 real, 10709 MB
[runlim] sample:		529.55 time, 530.01 real, 10709 MB
[runlim] sample:		539.55 time, 540.01 real, 10709 MB
[runlim] sample:		549.55 time, 550.01 real, 10709 MB
[runlim] sample:		559.55 time, 560.01 real, 10709 MB
[runlim] sample:		569.54 time, 570.01 real, 10709 MB
[runlim] sample:		579.55 time, 580.01 real, 10709 MB
[runlim] sample:		589.55 time, 590.01 real, 10710 MB
[runlim] sample:		599.55 time, 600.01 real, 10710 MB
[runlim] sample:		609.55 time, 610.01 real, 10710 MB
[runlim] sample:		619.55 time, 620.01 real, 10710 MB
[runlim] sample:		629.54 time, 630.01 real, 10710 MB
[runlim] sample:		639.55 time, 640.01 real, 10710 MB
[runlim] sample:		649.55 time, 650.01 real, 10710 MB
[runlim] sample:		659.55 time, 660.01 real, 10710 MB
[runlim] sample:		669.55 time, 670.01 real, 10710 MB
[runlim] sample:		679.55 time, 680.01 real, 10710 MB
[runlim] sample:		689.55 time, 690.01 real, 10710 MB
[runlim] sample:		699.55 time, 700.01 real, 10710 MB
[runlim] sample:		709.55 time, 710.01 real, 10710 MB
[runlim] sample:		719.54 time, 720.01 real, 10710 MB
[runlim] sample:		729.54 time, 730.01 real, 10710 MB
[runlim] sample:		739.55 time, 740.01 real, 10710 MB
[runlim] sample:		749.55 time, 750.01 real, 10710 MB
[runlim] sample:		759.55 time, 760.01 real, 10710 MB
[runlim] sample:		769.55 time, 770.01 real, 10710 MB
[runlim] sample:		779.55 time, 780.01 real, 10710 MB
[runlim] sample:		789.55 time, 790.01 real, 10710 MB
[runlim] sample:		799.55 time, 800.01 real, 10710 MB
[runlim] sample:		809.55 time, 810.01 real, 10710 MB
[runlim] sample:		819.55 time, 820.01 real, 10710 MB
[runlim] sample:		829.55 time, 830.01 real, 10710 MB
[runlim] sample:		839.54 time, 840.01 real, 10710 MB
[runlim] sample:		849.54 time, 850.01 real, 10710 MB
[runlim] sample:		859.55 time, 860.01 real, 10710 MB
[runlim] sample:		869.54 time, 870.01 real, 10710 MB
[runlim] sample:		879.54 time, 880.01 real, 10710 MB
[runlim] sample:		889.54 time, 890.01 real, 10710 MB
[runlim] sample:		899.53 time, 900.01 real, 10710 MB
Terminated
[runlim] end:			Tue Feb 16 23:06:43 2021
[runlim] status:		out of time
[runlim] result:		2
[runlim] children:		13
[runlim] real:			900.09 seconds
[runlim] time:			899.53 seconds
[runlim] space:			10710 MB
[runlim] samples:		9000
