c array.sh: path:     /data/qbf/qbf20/PCNF/sortnetsort9.v.stepl.005.qdimacs
c array.sh: name:     sortnetsort9.v.stepl.005
c array.sh: task:     98
c array.sh: host:     c3n13
c array.sh: uname:    Linux c3n13 4.15.0-135-generic #139-Ubuntu SMP Mon Jan 18 17:38:24 UTC 2021 x86_64 x86_64 x86_64 GNU/Linux
c array.sh: start:    Tue Feb 16 22:53:45 CET 2021
c array.sh: noturbo:  1
c array.sh: governor: 32 performance
c array.sh: tmp:      1%
c array.sh: unzipped: /tmp/local-unzipped-18834727-98-sortnetsort9.v.stepl.005.cnf
using tmp directory:
  /tmp
running QBF solver...

/home/seidl/cert_tests/bin/ferp-models/ijtihad/ijtihad --dependencies=0 --wit_per_call=-1 --cex_per_call=-1 --log_phi=/tmp/ferpcert3308expanded.cnf /tmp/local-unzipped-18834727-98-sortnetsort9.v.stepl.005.cnf
c Options after parsing: 
c cex_per_call = 18446744073709551615
c wit_per_call = 18446744073709551615
c warmup = 1
c warmup_randoms = 0
c trimming_phi = 0
c trimming_ksi = 2
c trimming_interval = 200
c memory_limit = 3000000
c MySolverv970-glucose
-1 -2 -3 -4 -5 -6 -7 -8 -9 -10 
1 2 3 4 5 6 7 8 9 10 
c Number of calls is: 0
c Layers in PHI: 0
c Layers in KSI: 0
c Running Ijtihad loop
c last restart ## conflicts  :  0 529 
c [glucose 4]
c [glucose 4]        calls            0         0.0 per second
c [glucose 4]     restarts            0         0.0 per second
c [glucose 4]    conflicts            0         0.0 per second
c [glucose 4]    decisions            0         0.0 per second
c [glucose 4] propagations            0         0.0 per second
c [glucose 4]
c last restart ## conflicts  :  0 9 
c Number of calls is: 0
c Layers in PHI: 2
c Layers in KSI: 2
c last restart ## conflicts  :  0 670 
c [glucose 4]
c [glucose 4]        calls            1        30.7 per second
c [glucose 4]     restarts            1        30.7 per second
c [glucose 4]    conflicts            0         0.0 per second
c [glucose 4]    decisions           10       306.5 per second
c [glucose 4] propagations           10       306.5 per second
c [glucose 4]
c last restart ## conflicts  :  0 8 
c Number of calls is: 1
c Layers in PHI: 3
c Layers in KSI: 3
c last restart ## conflicts  :  0 834 
c last restart ## conflicts  :  0 17 
c Number of calls is: 2
c Layers in PHI: 4
c Layers in KSI: 7
c last restart ## conflicts  :  0 1027 
c last restart ## conflicts  :  1 16 
c Number of calls is: 3
c Layers in PHI: 5
c Layers in KSI: 8
c last restart ## conflicts  :  0 998 
c last restart ## conflicts  :  0 20 
c Number of calls is: 4
c Layers in PHI: 6
c Layers in KSI: 9
c last restart ## conflicts  :  1 1193 
c [glucose 4]
c [glucose 4]        calls            4        55.6 per second
c [glucose 4]     restarts            4        55.6 per second
c [glucose 4]    conflicts            1        13.9 per second
c [glucose 4]    decisions           66       918.0 per second
c [glucose 4] propagations           78      1085.0 per second
c [glucose 4]
c last restart ## conflicts  :  1 8 
c Number of calls is: 5
c Layers in PHI: 7
c Layers in KSI: 7
c last restart ## conflicts  :  0 1403 
c [glucose 4]
c [glucose 4]        calls            1        12.1 per second
c [glucose 4]     restarts            1        12.1 per second
c [glucose 4]    conflicts            1        12.1 per second
c [glucose 4]    decisions           10       121.3 per second
c [glucose 4] propagations           12       145.5 per second
c [glucose 4]
c last restart ## conflicts  :  1 7 
c Number of calls is: 6
c Layers in PHI: 8
c Layers in KSI: 8
c last restart ## conflicts  :  1 1579 
c last restart ## conflicts  :  0 20 
c Number of calls is: 7
c Layers in PHI: 9
c Layers in KSI: 17
c last restart ## conflicts  :  2 1791 
c last restart ## conflicts  :  0 31 
c Number of calls is: 8
c Layers in PHI: 10
c Layers in KSI: 27
c last restart ## conflicts  :  8 1923 
c [glucose 4]
c [glucose 4]        calls            3        25.5 per second
c [glucose 4]     restarts            3        25.5 per second
c [glucose 4]    conflicts            1         8.5 per second
c [glucose 4]    decisions           62       526.2 per second
c [glucose 4] propagations           67       568.7 per second
c [glucose 4]
c last restart ## conflicts  :  1 7 
c Number of calls is: 9
c Layers in PHI: 11
c Layers in KSI: 11
c last restart ## conflicts  :  42 1668 
c [glucose 4]
c [glucose 4]        calls            1         7.6 per second
c [glucose 4]     restarts            1         7.6 per second
c [glucose 4]    conflicts            1         7.6 per second
c [glucose 4]    decisions            9        68.5 per second
c [glucose 4] propagations           13        98.9 per second
c [glucose 4]
c last restart ## conflicts  :  0 6 
c Number of calls is: 10
c Layers in PHI: 12
c Layers in KSI: 12
c last restart ## conflicts  :  0 1790 
c last restart ## conflicts  :  1 6 
c Number of calls is: 11
c Layers in PHI: 13
c Layers in KSI: 13
c last restart ## conflicts  :  0 1915 
c last restart ## conflicts  :  0 12 
c Number of calls is: 12
c Layers in PHI: 14
c Layers in KSI: 14
c last restart ## conflicts  :  0 2022 
c last restart ## conflicts  :  0 11 
c Number of calls is: 13
c Layers in PHI: 15
c Layers in KSI: 15
c last restart ## conflicts  :  0 2130 
c last restart ## conflicts  :  0 10 
c Number of calls is: 14
c Layers in PHI: 16
c Layers in KSI: 16
c last restart ## conflicts  :  0 2083 
c last restart ## conflicts  :  0 9 
c Number of calls is: 15
c Layers in PHI: 17
c Layers in KSI: 17
c last restart ## conflicts  :  0 2276 
c last restart ## conflicts  :  0 9 
c Number of calls is: 16
c Layers in PHI: 18
c Layers in KSI: 18
c last restart ## conflicts  :  0 2450 
c last restart ## conflicts  :  0 9 
c Number of calls is: 17
c Layers in PHI: 19
c Layers in KSI: 19
c last restart ## conflicts  :  443 3221 
c [glucose 4]
c [glucose 4]        calls            8        30.6 per second
c [glucose 4]     restarts            8        30.6 per second
c [glucose 4]    conflicts            1         3.8 per second
c [glucose 4]    decisions           81       310.2 per second
c [glucose 4] propagations          114       436.5 per second
c [glucose 4]
c last restart ## conflicts  :  0 7 
c Number of calls is: 18
c Layers in PHI: 20
c Layers in KSI: 20
c last restart ## conflicts  :  0 3950 
c last restart ## conflicts  :  0 6 
c Number of calls is: 19
c Layers in PHI: 21
c Layers in KSI: 21
c last restart ## conflicts  :  24 2909 
c [glucose 4]
c [glucose 4]        calls            2         6.7 per second
c [glucose 4]     restarts            2         6.7 per second
c [glucose 4]    conflicts            0         0.0 per second
c [glucose 4]    decisions           15        50.6 per second
c [glucose 4] propagations           26        87.7 per second
c [glucose 4]
c last restart ## conflicts  :  0 7 
c Number of calls is: 20
c Layers in PHI: 22
c Layers in KSI: 22
c last restart ## conflicts  :  0 2758 
c last restart ## conflicts  :  0 6 
c Number of calls is: 21
c Layers in PHI: 23
c Layers in KSI: 23
c last restart ## conflicts  :  0 2798 
c last restart ## conflicts  :  0 6 
c Number of calls is: 22
c Layers in PHI: 24
c Layers in KSI: 24
c last restart ## conflicts  :  0 2824 
c last restart ## conflicts  :  1 7 
c Number of calls is: 23
c Layers in PHI: 25
c Layers in KSI: 25
c last restart ## conflicts  :  0 2886 
c last restart ## conflicts  :  0 10 
c Number of calls is: 24
c Layers in PHI: 26
c Layers in KSI: 26
c last restart ## conflicts  :  89 3569 
c [glucose 4]
c [glucose 4]        calls            5        13.4 per second
c [glucose 4]     restarts            5        13.4 per second
c [glucose 4]    conflicts            1         2.7 per second
c [glucose 4]    decisions           42       112.8 per second
c [glucose 4] propagations           67       180.0 per second
c [glucose 4]
c last restart ## conflicts  :  0 6 
c Number of calls is: 25
c Layers in PHI: 27
c Layers in KSI: 27
c last restart ## conflicts  :  0 3295 
c last restart ## conflicts  :  2 6 
c Number of calls is: 26
c Layers in PHI: 28
c Layers in KSI: 28
c last restart ## conflicts  :  157 4600 
c [glucose 4]
c [glucose 4]        calls            2         4.8 per second
c [glucose 4]     restarts            2         4.8 per second
c [glucose 4]    conflicts            2         4.8 per second
c [glucose 4]    decisions           16        38.3 per second
c [glucose 4] propagations           31        74.2 per second
c [glucose 4]
c last restart ## conflicts  :  0 6 
c Number of calls is: 27
c Layers in PHI: 29
c Layers in KSI: 29
c last restart ## conflicts  :  23 5750 
c [glucose 4]
c [glucose 4]        calls            1         2.3 per second
c [glucose 4]     restarts            1         2.3 per second
c [glucose 4]    conflicts            0         0.0 per second
c [glucose 4]    decisions            7        16.0 per second
c [glucose 4] propagations           13        29.8 per second
c [glucose 4]
c last restart ## conflicts  :  0 6 
c Number of calls is: 28
c Layers in PHI: 30
c Layers in KSI: 30
c last restart ## conflicts  :  0 5370 
c last restart ## conflicts  :  1 5 
c Number of calls is: 29
c Layers in PHI: 31
c Layers in KSI: 31
c last restart ## conflicts  :  386 4996 
c [glucose 4]
c [glucose 4]        calls            2         3.3 per second
c [glucose 4]     restarts            2         3.3 per second
c [glucose 4]    conflicts            1         1.6 per second
c [glucose 4]    decisions           14        23.0 per second
c [glucose 4] propagations           27        44.3 per second
c [glucose 4]
c last restart ## conflicts  :  0 6 
c Number of calls is: 30
c Layers in PHI: 32
c Layers in KSI: 32
c last restart ## conflicts  :  4 5042 
c last restart ## conflicts  :  0 13 
c Number of calls is: 31
c Layers in PHI: 33
c Layers in KSI: 65
c last restart ## conflicts  :  0 4672 
c last restart ## conflicts  :  0 13 
c Number of calls is: 32
c Layers in PHI: 34
c Layers in KSI: 66
c last restart ## conflicts  :  0 4312 
c last restart ## conflicts  :  1 15 
c Number of calls is: 33
c Layers in PHI: 35
c Layers in KSI: 67
c last restart ## conflicts  :  181 5137 
c [glucose 4]
c [glucose 4]        calls            4         5.0 per second
c [glucose 4]     restarts            4         5.0 per second
c [glucose 4]    conflicts            1         1.2 per second
c [glucose 4]    decisions           52        64.4 per second
c [glucose 4] propagations           96       118.9 per second
c [glucose 4]
c last restart ## conflicts  :  0 6 
c Number of calls is: 34
c Layers in PHI: 36
c Layers in KSI: 36
c last restart ## conflicts  :  0 5346 
c last restart ## conflicts  :  1 6 
c Number of calls is: 35
c Layers in PHI: 37
c Layers in KSI: 37
c last restart ## conflicts  :  0 4994 
c last restart ## conflicts  :  0 12 
c Number of calls is: 36
c Layers in PHI: 38
c Layers in KSI: 38
c last restart ## conflicts  :  0 4608 
c last restart ## conflicts  :  0 11 
c Number of calls is: 37
c Layers in PHI: 39
c Layers in KSI: 39
c last restart ## conflicts  :  0 4446 
c last restart ## conflicts  :  0 10 
c Number of calls is: 38
c Layers in PHI: 40
c Layers in KSI: 40
c last restart ## conflicts  :  0 4392 
c last restart ## conflicts  :  0 9 
c Number of calls is: 39
c Layers in PHI: 41
c Layers in KSI: 41
c last restart ## conflicts  :  0 4426 
c last restart ## conflicts  :  0 9 
c Number of calls is: 40
c Layers in PHI: 42
c Layers in KSI: 42
c last restart ## conflicts  :  0 4489 
c last restart ## conflicts  :  1 9 
c Number of calls is: 41
c Layers in PHI: 43
c Layers in KSI: 43
c last restart ## conflicts  :  174 4264 
c [glucose 4]
c [glucose 4]        calls            8         8.4 per second
c [glucose 4]     restarts            8         8.4 per second
c [glucose 4]    conflicts            2         2.1 per second
c [glucose 4]    decisions           82        85.9 per second
c [glucose 4] propagations          115       120.4 per second
c [glucose 4]
c last restart ## conflicts  :  0 5 
c Number of calls is: 42
c Layers in PHI: 44
c Layers in KSI: 44
c last restart ## conflicts  :  0 5663 
c last restart ## conflicts  :  1 6 
c Number of calls is: 43
c Layers in PHI: 45
c Layers in KSI: 45
c last restart ## conflicts  :  0 5120 
c last restart ## conflicts  :  0 12 
c Number of calls is: 44
c Layers in PHI: 46
c Layers in KSI: 46
c last restart ## conflicts  :  0 4671 
c last restart ## conflicts  :  0 11 
c Number of calls is: 45
c Layers in PHI: 47
c Layers in KSI: 47
c last restart ## conflicts  :  0 4508 
c last restart ## conflicts  :  0 10 
c Number of calls is: 46
c Layers in PHI: 48
c Layers in KSI: 48
c last restart ## conflicts  :  269 6122 
c [glucose 4]
c [glucose 4]        calls            5         4.6 per second
c [glucose 4]     restarts            5         4.6 per second
c [glucose 4]    conflicts            1         0.9 per second
c [glucose 4]    decisions           50        46.0 per second
c [glucose 4] propagations           72        66.3 per second
c [glucose 4]
c last restart ## conflicts  :  1 6 
c Number of calls is: 47
c Layers in PHI: 49
c Layers in KSI: 49
c last restart ## conflicts  :  0 7641 
c last restart ## conflicts  :  0 12 
c Number of calls is: 48
c Layers in PHI: 50
c Layers in KSI: 50
c last restart ## conflicts  :  0 7139 
c last restart ## conflicts  :  0 12 
c Number of calls is: 49
c Layers in PHI: 51
c Layers in KSI: 51
c last restart ## conflicts  :  0 6697 
c last restart ## conflicts  :  0 11 
c Number of calls is: 50
c Layers in PHI: 52
c Layers in KSI: 52
c last restart ## conflicts  :  0 6363 
c last restart ## conflicts  :  0 11 
c Number of calls is: 51
c Layers in PHI: 53
c Layers in KSI: 53
c last restart ## conflicts  :  568 5604 
c [glucose 4]
c [glucose 4]        calls            5         3.8 per second
c [glucose 4]     restarts            5         3.8 per second
c [glucose 4]    conflicts            1         0.8 per second
c [glucose 4]    decisions           58        44.6 per second
c [glucose 4] propagations           72        55.3 per second
c [glucose 4]
c last restart ## conflicts  :  2 6 
c Number of calls is: 52
c Layers in PHI: 54
c Layers in KSI: 54
c last restart ## conflicts  :  0 6936 
c last restart ## conflicts  :  0 12 
c Number of calls is: 53
c Layers in PHI: 55
c Layers in KSI: 55
c last restart ## conflicts  :  0 6439 
c last restart ## conflicts  :  2 11 
c Number of calls is: 54
c Layers in PHI: 56
c Layers in KSI: 56
c last restart ## conflicts  :  0 5942 
c last restart ## conflicts  :  1 10 
c Number of calls is: 55
c Layers in PHI: 57
c Layers in KSI: 57
c last restart ## conflicts  :  202 5433 
c [glucose 4]
c [glucose 4]        calls            4         2.8 per second
c [glucose 4]     restarts            4         2.8 per second
c [glucose 4]    conflicts            5         3.5 per second
c [glucose 4]    decisions           48        33.9 per second
c [glucose 4] propagations           64        45.2 per second
c [glucose 4]
c last restart ## conflicts  :  2 6 
c Number of calls is: 56
c Layers in PHI: 58
c Layers in KSI: 58
c last restart ## conflicts  :  0 6910 
c last restart ## conflicts  :  0 12 
c Number of calls is: 57
c Layers in PHI: 59
c Layers in KSI: 59
c last restart ## conflicts  :  0 6257 
c last restart ## conflicts  :  2 10 
c Number of calls is: 58
c Layers in PHI: 60
c Layers in KSI: 60
c last restart ## conflicts  :  0 5700 
c last restart ## conflicts  :  1 9 
c Number of calls is: 59
c Layers in PHI: 61
c Layers in KSI: 61
c last restart ## conflicts  :  0 5446 
c last restart ## conflicts  :  0 10 
c Number of calls is: 60
c Layers in PHI: 62
c Layers in KSI: 62
c last restart ## conflicts  :  0 5332 
c last restart ## conflicts  :  1 10 
c Number of calls is: 61
c Layers in PHI: 63
c Layers in KSI: 63
c last restart ## conflicts  :  0 5330 
c last restart ## conflicts  :  0 10 
c Number of calls is: 62
c Layers in PHI: 64
c Layers in KSI: 64
c last restart ## conflicts  :  0 5419 
c last restart ## conflicts  :  1 10 
c Number of calls is: 63
c Layers in PHI: 65
c Layers in KSI: 65
c last restart ## conflicts  :  1 6227 
c last restart ## conflicts  :  0 20 
c Number of calls is: 64
c Layers in PHI: 66
c Layers in KSI: 131
c last restart ## conflicts  :  0 6214 
c last restart ## conflicts  :  0 21 
c Number of calls is: 65
c Layers in PHI: 67
c Layers in KSI: 132
c last restart ## conflicts  :  0 6223 
c last restart ## conflicts  :  0 23 
c Number of calls is: 66
c Layers in PHI: 68
c Layers in KSI: 133
c last restart ## conflicts  :  0 6318 
c last restart ## conflicts  :  0 19 
c Number of calls is: 67
c Layers in PHI: 69
c Layers in KSI: 134
c last restart ## conflicts  :  0 8927 
c last restart ## conflicts  :  0 19 
c Number of calls is: 68
c Layers in PHI: 70
c Layers in KSI: 135
c last restart ## conflicts  :  187 8318 
c [glucose 4]
c [glucose 4]        calls           13         0.7 per second
c [glucose 4]     restarts           13         0.7 per second
c [glucose 4]    conflicts            7         0.4 per second
c [glucose 4]    decisions          199        10.8 per second
c [glucose 4] propagations          262        14.2 per second
c [glucose 4]
c last restart ## conflicts  :  0 5 
c Number of calls is: 69
c Layers in PHI: 71
c Layers in KSI: 71
c last restart ## conflicts  :  0 8482 
c last restart ## conflicts  :  1 6 
c Number of calls is: 70
c Layers in PHI: 72
c Layers in KSI: 72
c last restart ## conflicts  :  0 7776 
c last restart ## conflicts  :  0 12 
c Number of calls is: 71
c Layers in PHI: 73
c Layers in KSI: 73
c last restart ## conflicts  :  0 7064 
c last restart ## conflicts  :  0 11 
c Number of calls is: 72
c Layers in PHI: 74
c Layers in KSI: 74
c last restart ## conflicts  :  412 9798 
c [glucose 4]
c [glucose 4]        calls            4         0.1 per second
c [glucose 4]     restarts            4         0.1 per second
c [glucose 4]    conflicts            1         0.0 per second
c [glucose 4]    decisions           39         1.5 per second
c [glucose 4] propagations           58         2.2 per second
c [glucose 4]
c last restart ## conflicts  :  0 6 
c Number of calls is: 73
c Layers in PHI: 75
c Layers in KSI: 75
c last restart ## conflicts  :  0 10026 
c last restart ## conflicts  :  2 5 
c Number of calls is: 74
c Layers in PHI: 76
c Layers in KSI: 76
c last restart ## conflicts  :  0 9195 
c last restart ## conflicts  :  0 12 
c Number of calls is: 75
c Layers in PHI: 77
c Layers in KSI: 77
c last restart ## conflicts  :  0 8392 
c last restart ## conflicts  :  0 12 
c Number of calls is: 76
c Layers in PHI: 78
c Layers in KSI: 78
c last restart ## conflicts  :  0 7977 
c last restart ## conflicts  :  1 10 
c Number of calls is: 77
c Layers in PHI: 79
c Layers in KSI: 79
c last restart ## conflicts  :  0 7792 
c last restart ## conflicts  :  0 9 
c Number of calls is: 78
c Layers in PHI: 80
c Layers in KSI: 80
c
c Try to adapt solver strategies
c 
c Nothing extreme in this problem, continue with glucose default strategies.
c
c last restart ## conflicts  :  396 12407 
c [glucose 4]
c [glucose 4]        calls            6         0.1 per second
c [glucose 4]     restarts            6         0.1 per second
c [glucose 4]    conflicts            3         0.0 per second
c [glucose 4]    decisions           63         0.6 per second
c [glucose 4] propagations           89         0.9 per second
c [glucose 4]
c last restart ## conflicts  :  0 5 
c Number of calls is: 79
c Layers in PHI: 81
c Layers in KSI: 81
c last restart ## conflicts  :  0 12827 
c last restart ## conflicts  :  1 6 
c Number of calls is: 80
c Layers in PHI: 82
c Layers in KSI: 82
c last restart ## conflicts  :  0 11349 
c last restart ## conflicts  :  0 12 
c Number of calls is: 81
c Layers in PHI: 83
c Layers in KSI: 83
c last restart ## conflicts  :  0 10203 
c last restart ## conflicts  :  0 11 
c Number of calls is: 82
c Layers in PHI: 84
c Layers in KSI: 84
c last restart ## conflicts  :  18 10882 
c [glucose 4]
c [glucose 4]        calls            4         0.0 per second
c [glucose 4]     restarts            4         0.0 per second
c [glucose 4]    conflicts            1         0.0 per second
c [glucose 4]    decisions           39         0.3 per second
c [glucose 4] propagations           58         0.5 per second
c [glucose 4]
c last restart ## conflicts  :  1 6 
c Number of calls is: 83
c Layers in PHI: 85
c Layers in KSI: 85
c last restart ## conflicts  :  0 11195 
c last restart ## conflicts  :  1 10 
c Number of calls is: 84
c Layers in PHI: 86
c Layers in KSI: 86
c last restart ## conflicts  :  722 10299 
c [glucose 4]
c [glucose 4]        calls            2         0.0 per second
c [glucose 4]     restarts            2         0.0 per second
c [glucose 4]    conflicts            2         0.0 per second
c [glucose 4]    decisions           20         0.2 per second
c [glucose 4] propagations           32         0.3 per second
c [glucose 4]
c last restart ## conflicts  :  2 5 
c Number of calls is: 85
c Layers in PHI: 87
c Layers in KSI: 87
c last restart ## conflicts  :  0 10474 
c last restart ## conflicts  :  1 10 
c Number of calls is: 86
c Layers in PHI: 88
c Layers in KSI: 88
c last restart ## conflicts  :  0 9370 
c last restart ## conflicts  :  0 11 
c Number of calls is: 87
c Layers in PHI: 89
c Layers in KSI: 89
c last restart ## conflicts  :  0 8387 
c last restart ## conflicts  :  0 10 
c Number of calls is: 88
c Layers in PHI: 90
c Layers in KSI: 90
c last restart ## conflicts  :  473 9648 
c [glucose 4]
c [glucose 4]        calls            4         0.0 per second
c [glucose 4]     restarts            4         0.0 per second
c [glucose 4]    conflicts            3         0.0 per second
c [glucose 4]    decisions           43         0.3 per second
c [glucose 4] propagations           61         0.4 per second
c [glucose 4]
c last restart ## conflicts  :  2 6 
c Number of calls is: 89
c Layers in PHI: 91
c Layers in KSI: 91
c last restart ## conflicts  :  0 9858 
c last restart ## conflicts  :  1 11 
c Number of calls is: 90
c Layers in PHI: 92
c Layers in KSI: 92
c last restart ## conflicts  :  0 8788 
c last restart ## conflicts  :  1 10 
c Number of calls is: 91
c Layers in PHI: 93
c Layers in KSI: 93
c last restart ## conflicts  :  0 8013 
c last restart ## conflicts  :  0 10 
c Number of calls is: 92
c Layers in PHI: 94
c Layers in KSI: 94
c last restart ## conflicts  :  107 13085 
c [glucose 4]
c [glucose 4]        calls            4         0.0 per second
c [glucose 4]     restarts            4         0.0 per second
c [glucose 4]    conflicts            4         0.0 per second
c [glucose 4]    decisions           45         0.2 per second
c [glucose 4] propagations           61         0.2 per second
c [glucose 4]
c last restart ## conflicts  :  7 7 
c Number of calls is: 93
c Layers in PHI: 95
c Layers in KSI: 95
c last restart ## conflicts  :  0 13688 
c last restart ## conflicts  :  1 12 
c Number of calls is: 94
c Layers in PHI: 96
c Layers in KSI: 96
c last restart ## conflicts  :  0 12499 
c last restart ## conflicts  :  0 12 
c Number of calls is: 95
c Layers in PHI: 97
c Layers in KSI: 97
c last restart ## conflicts  :  0 11734 
c last restart ## conflicts  :  1 11 
c Number of calls is: 96
c Layers in PHI: 98
c Layers in KSI: 98
c last restart ## conflicts  :  0 11202 
c last restart ## conflicts  :  0 10 
c Number of calls is: 97
c Layers in PHI: 99
c Layers in KSI: 99
c last restart ## conflicts  :  0 10943 
c last restart ## conflicts  :  1 11 
c Number of calls is: 98
c Layers in PHI: 100
c Layers in KSI: 100
c last restart ## conflicts  :  0 10967 
c last restart ## conflicts  :  0 11 
c Number of calls is: 99
c Layers in PHI: 101
c Layers in KSI: 101
c last restart ## conflicts  :  0 11037 
c last restart ## conflicts  :  0 10 
c Number of calls is: 100
c Layers in PHI: 102
c Layers in KSI: 102
c last restart ## conflicts  :  0 11019 
c last restart ## conflicts  :  0 10 
c Number of calls is: 101
c Layers in PHI: 103
c Layers in KSI: 103
c last restart ## conflicts  :  0 11101 
c last restart ## conflicts  :  0 10 
c Number of calls is: 102
c Layers in PHI: 104
c Layers in KSI: 104
c last restart ## conflicts  :  0 11168 
c last restart ## conflicts  :  0 9 
c Number of calls is: 103
c Layers in PHI: 105
c Layers in KSI: 105
c sat_solver_phi calld 104 times, running for 427.392 seconds.
c number of layers in PHI is 106
c sat_solver_ksi was running for 0.001058 seconds.
c number of layers in KSI is 105
c mysolver was running for 428.039 seconds.
s cnf 0
solving done with exit code 20

QBF solver OK

running SAT Solver...

/tmp/ferpcert3308expanded.cnf
clean up and exit
c array.sh: end:      Tue Feb 16 23:08:45 CET 2021
