[runlim] version:		1.21
[runlim] host:			c3n20
[runlim] time limit:		900 seconds
[runlim] real time limit:	900 seconds
[runlim] space limit:		50000 MB
[runlim] argv[0]:		./binary
[runlim] argv[1]:		/tmp/local-unzipped-18834727-108-tlc05-uniform-depth-85.cnf
[runlim] argv[2]:		900 50000
[runlim] start:			Tue Feb 16 22:57:03 2021
[runlim] child:			2982
solving-time: 1.27
proof-gen-satsolver: 2.34
tracecheck-time: 3.21
[runlim] sample:		9.83 time, 10.01 real, 83 MB
[runlim] sample:		19.84 time, 20.01 real, 212 MB
[runlim] sample:		29.84 time, 30.01 real, 212 MB
toferp-time: 33.05
[runlim] sample:		39.55 time, 40.01 real, 11 MB
[runlim] sample:		49.55 time, 50.01 real, 99 MB
[runlim] sample:		59.55 time, 60.01 real, 168 MB
[runlim] sample:		69.55 time, 70.01 real, 230 MB
[runlim] sample:		79.55 time, 80.01 real, 239 MB
ferpcheck-time: 41.79
[runlim] sample:		89.45 time, 90.02 real, 7244 MB
[runlim] sample:		99.44 time, 100.02 real, 15870 MB
[runlim] sample:		109.44 time, 110.02 real, 24526 MB
[runlim] sample:		119.44 time, 120.02 real, 33169 MB
[runlim] sample:		129.44 time, 130.02 real, 41715 MB
Terminated
Terminated
[runlim] end:			Tue Feb 16 22:59:23 2021
[runlim] status:		out of memory
[runlim] result:		3
[runlim] children:		13
[runlim] real:			139.80 seconds
[runlim] time:			139.14 seconds
[runlim] space:			50032 MB
[runlim] samples:		1397
