[runlim] version:		1.21
[runlim] host:			c3n10
[runlim] time limit:		900 seconds
[runlim] real time limit:	900 seconds
[runlim] space limit:		50000 MB
[runlim] argv[0]:		./binary
[runlim] argv[1]:		/tmp/local-unzipped-18834727-103-tlc05-uniform-depth-60.cnf
[runlim] argv[2]:		900 50000
[runlim] start:			Tue Feb 16 22:56:30 2021
[runlim] child:			2981
solving-time: 1.52
proof-gen-satsolver: 1.01
tracecheck-time: 1.44
[runlim] sample:		9.27 time, 10.01 real, 103 MB
toferp-time: 15.19
[runlim] sample:		18.41 time, 20.01 real, 23 MB
[runlim] sample:		28.41 time, 30.01 real, 96 MB
ferpcheck-time: 18.25
[runlim] sample:		38.33 time, 40.01 real, 2218 MB
[runlim] sample:		48.34 time, 50.01 real, 10643 MB
[runlim] sample:		58.33 time, 60.01 real, 19095 MB
[runlim] sample:		68.33 time, 70.02 real, 27532 MB
[runlim] sample:		78.33 time, 80.02 real, 35995 MB
[runlim] sample:		88.34 time, 90.02 real, 44526 MB
Terminated
Terminated
[runlim] end:			Tue Feb 16 22:58:07 2021
[runlim] status:		out of memory
[runlim] result:		3
[runlim] children:		13
[runlim] real:			96.60 seconds
[runlim] time:			94.83 seconds
[runlim] space:			50053 MB
[runlim] samples:		965
