[runlim] version:		1.21
[runlim] host:			c3n32
[runlim] time limit:		900 seconds
[runlim] real time limit:	900 seconds
[runlim] space limit:		50000 MB
[runlim] argv[0]:		./binary
[runlim] argv[1]:		/tmp/local-unzipped-18834727-100-tlc05-uniform-depth-45.cnf
[runlim] argv[2]:		900 50000
[runlim] start:			Tue Feb 16 22:54:34 2021
[runlim] child:			3016
solving-time: 0.43
proof-gen-satsolver: 0.47
tracecheck-time: 0.38
toferp-time: 3.47
ferpcheck-time: 5.01
[runlim] sample:		9.79 time, 10.01 real, 154 MB
[runlim] sample:		19.78 time, 20.01 real, 8578 MB
[runlim] sample:		29.78 time, 30.02 real, 16833 MB
[runlim] sample:		39.78 time, 40.02 real, 24832 MB
[runlim] sample:		49.78 time, 50.02 real, 26409 MB
[runlim] sample:		59.79 time, 60.02 real, 26409 MB
[runlim] sample:		69.79 time, 70.02 real, 26409 MB
[runlim] sample:		79.78 time, 80.01 real, 26409 MB
[runlim] sample:		89.79 time, 90.02 real, 26409 MB
[runlim] sample:		99.78 time, 100.02 real, 26409 MB
[runlim] sample:		109.78 time, 110.02 real, 26409 MB
ferpcert-time: 107.12
merging-time 0.06
final-check-time: 0.50
[runlim] end:			Tue Feb 16 22:56:32 2021
[runlim] status:		ok
[runlim] result:		0
[runlim] children:		17
[runlim] real:			117.56 seconds
[runlim] time:			117.20 seconds
[runlim] space:			26409 MB
[runlim] samples:		1175
