[runlim] version:		1.21
[runlim] host:			c3n32
[runlim] time limit:		900 seconds
[runlim] real time limit:	900 seconds
[runlim] space limit:		50000 MB
[runlim] argv[0]:		./binary
[runlim] argv[1]:		/tmp/local-unzipped-18834727-113-trueque_query64_1344n.cnf
[runlim] argv[2]:		900 50000
[runlim] start:			Tue Feb 16 22:58:05 2021
[runlim] child:			3533
solving-time: 0.00
proof-gen-satsolver: 0.00
tracecheck-time: 0.00
toferp-time: 0.00
ferpcheck-time: 0.00
ferpcert-time: 0.00
merging-time 0.00
final-check-time: 0.00
[runlim] end:			Tue Feb 16 22:58:05 2021
[runlim] status:		ok
[runlim] result:		0
[runlim] children:		0
[runlim] real:			0.09 seconds
[runlim] time:			0.00 seconds
[runlim] space:			0 MB
[runlim] samples:		0
