[runlim] version:		1.21
[runlim] host:			c3n32
[runlim] time limit:		900 seconds
[runlim] real time limit:	900 seconds
[runlim] space limit:		50000 MB
[runlim] argv[0]:		./binary
[runlim] argv[1]:		/tmp/local-unzipped-18834727-118-W4-Umbrella_tbm_26.tex.moduleQ3.7S.000003.cnf
[runlim] argv[2]:		900 50000
[runlim] start:			Tue Feb 16 22:58:26 2021
[runlim] child:			3822
[runlim] sample:		10.00 time, 10.01 real, 206 MB
[runlim] sample:		20.00 time, 20.01 real, 310 MB
[runlim] sample:		30.00 time, 30.01 real, 397 MB
[runlim] sample:		39.99 time, 40.01 real, 469 MB
[runlim] sample:		50.00 time, 50.01 real, 532 MB
[runlim] sample:		60.00 time, 60.01 real, 597 MB
[runlim] sample:		69.99 time, 70.01 real, 658 MB
[runlim] sample:		79.99 time, 80.01 real, 713 MB
[runlim] sample:		89.99 time, 90.01 real, 770 MB
[runlim] sample:		99.99 time, 100.01 real, 826 MB
[runlim] sample:		109.99 time, 110.01 real, 882 MB
[runlim] sample:		120.00 time, 120.01 real, 935 MB
[runlim] sample:		129.99 time, 130.01 real, 988 MB
[runlim] sample:		139.99 time, 140.01 real, 1041 MB
[runlim] sample:		149.99 time, 150.01 real, 1093 MB
[runlim] sample:		159.99 time, 160.01 real, 1142 MB
[runlim] sample:		169.99 time, 170.01 real, 1199 MB
[runlim] sample:		179.99 time, 180.01 real, 1254 MB
[runlim] sample:		189.99 time, 190.01 real, 1299 MB
[runlim] sample:		199.99 time, 200.01 real, 1347 MB
[runlim] sample:		209.99 time, 210.01 real, 1398 MB
[runlim] sample:		219.99 time, 220.01 real, 1449 MB
[runlim] sample:		229.99 time, 230.01 real, 1501 MB
[runlim] sample:		239.99 time, 240.01 real, 1549 MB
[runlim] sample:		249.99 time, 250.01 real, 1597 MB
[runlim] sample:		259.99 time, 260.01 real, 1652 MB
[runlim] sample:		269.99 time, 270.01 real, 1694 MB
[runlim] sample:		279.99 time, 280.01 real, 1749 MB
[runlim] sample:		289.99 time, 290.01 real, 1799 MB
[runlim] sample:		299.99 time, 300.01 real, 1848 MB
[runlim] sample:		309.99 time, 310.01 real, 1899 MB
[runlim] sample:		319.99 time, 320.01 real, 1955 MB
[runlim] sample:		329.99 time, 330.01 real, 1999 MB
[runlim] sample:		339.99 time, 340.01 real, 2048 MB
[runlim] sample:		349.99 time, 350.01 real, 2092 MB
[runlim] sample:		359.99 time, 360.01 real, 2146 MB
[runlim] sample:		369.98 time, 370.01 real, 2190 MB
[runlim] sample:		379.98 time, 380.01 real, 2238 MB
[runlim] sample:		389.99 time, 390.01 real, 2285 MB
[runlim] sample:		399.99 time, 400.01 real, 2336 MB
[runlim] sample:		409.99 time, 410.01 real, 2384 MB
[runlim] sample:		419.99 time, 420.01 real, 2438 MB
[runlim] sample:		429.99 time, 430.01 real, 2484 MB
[runlim] sample:		439.99 time, 440.01 real, 2530 MB
[runlim] sample:		449.98 time, 450.01 real, 2580 MB
[runlim] sample:		459.99 time, 460.01 real, 2628 MB
[runlim] sample:		469.99 time, 470.01 real, 2678 MB
[runlim] sample:		479.99 time, 480.01 real, 2728 MB
[runlim] sample:		489.99 time, 490.01 real, 2769 MB
[runlim] sample:		499.99 time, 500.01 real, 2816 MB
[runlim] sample:		509.98 time, 510.01 real, 2865 MB
[runlim] sample:		519.99 time, 520.01 real, 2919 MB
[runlim] sample:		529.99 time, 530.01 real, 2960 MB
[runlim] sample:		539.99 time, 540.01 real, 3002 MB
[runlim] sample:		549.99 time, 550.01 real, 3053 MB
[runlim] sample:		559.98 time, 560.01 real, 3100 MB
[runlim] sample:		569.99 time, 570.01 real, 3148 MB
[runlim] sample:		579.98 time, 580.01 real, 3193 MB
[runlim] sample:		589.98 time, 590.01 real, 3240 MB
[runlim] sample:		599.98 time, 600.01 real, 3283 MB
[runlim] sample:		609.98 time, 610.01 real, 3327 MB
[runlim] sample:		619.99 time, 620.01 real, 3376 MB
[runlim] sample:		629.98 time, 630.01 real, 3419 MB
[runlim] sample:		639.99 time, 640.01 real, 3472 MB
[runlim] sample:		649.98 time, 650.01 real, 3515 MB
[runlim] sample:		659.98 time, 660.01 real, 3566 MB
[runlim] sample:		669.99 time, 670.01 real, 3614 MB
[runlim] sample:		679.98 time, 680.01 real, 3656 MB
[runlim] sample:		689.98 time, 690.01 real, 3705 MB
[runlim] sample:		699.98 time, 700.01 real, 3754 MB
[runlim] sample:		709.98 time, 710.01 real, 3797 MB
[runlim] sample:		719.98 time, 720.01 real, 3848 MB
[runlim] sample:		729.98 time, 730.01 real, 3892 MB
[runlim] sample:		739.98 time, 740.01 real, 3935 MB
[runlim] sample:		749.98 time, 750.01 real, 3982 MB
[runlim] sample:		759.98 time, 760.01 real, 4021 MB
[runlim] sample:		769.98 time, 770.01 real, 4073 MB
[runlim] sample:		779.98 time, 780.01 real, 4115 MB
[runlim] sample:		789.98 time, 790.01 real, 4160 MB
[runlim] sample:		799.98 time, 800.01 real, 4206 MB
[runlim] sample:		809.98 time, 810.01 real, 4253 MB
[runlim] sample:		819.98 time, 820.01 real, 4298 MB
[runlim] sample:		829.97 time, 830.01 real, 4342 MB
[runlim] sample:		839.97 time, 840.01 real, 4387 MB
[runlim] sample:		849.98 time, 850.01 real, 4434 MB
[runlim] sample:		859.97 time, 860.01 real, 4482 MB
[runlim] sample:		869.98 time, 870.01 real, 4533 MB
[runlim] sample:		879.97 time, 880.01 real, 4575 MB
[runlim] sample:		889.97 time, 890.02 real, 4629 MB
[runlim] sample:		899.98 time, 900.01 real, 4673 MB
Terminated
[runlim] end:			Tue Feb 16 23:13:26 2021
[runlim] status:		out of time
[runlim] result:		2
[runlim] children:		3
[runlim] real:			900.09 seconds
[runlim] time:			899.98 seconds
[runlim] space:			4673 MB
[runlim] samples:		9000
