c array.sh: path:     /home/seidl/data/parity/parity90.qdimacs
c array.sh: name:     parity90
c array.sh: task:     8
c array.sh: host:     c3n04
c array.sh: uname:    Linux c3n04 4.15.0-135-generic #139-Ubuntu SMP Mon Jan 18 17:38:24 UTC 2021 x86_64 x86_64 x86_64 GNU/Linux
c array.sh: start:    Tue Feb 16 22:30:17 CET 2021
c array.sh: noturbo:  1
c array.sh: governor: 32 performance
c array.sh: tmp:      1%
c array.sh: unzipped: /tmp/local-unzipped-18834717-8-parity90.cnf
using tmp directory:
  /tmp
running QBF solver...

/home/seidl/cert_tests/bin/ferp-models/ijtihad/ijtihad --dependencies=0 --wit_per_call=-1 --cex_per_call=-1 --log_phi=/tmp/ferpcert3154expanded.cnf /tmp/local-unzipped-18834717-8-parity90.cnf
c Options after parsing: 
c cex_per_call = 18446744073709551615
c wit_per_call = 18446744073709551615
c warmup = 1
c warmup_randoms = 0
c trimming_phi = 0
c trimming_ksi = 2
c trimming_interval = 200
c memory_limit = 3000000
c MySolverv970-glucose
-1 
1 
c Number of calls is: 0
c Layers in PHI: 0
c Layers in KSI: 0
c Running Ijtihad loop
c sat_solver_phi calld 0 times, running for 0.017229 seconds.
c number of layers in PHI is 2
c sat_solver_ksi was running for 0 seconds.
c number of layers in KSI is 0
c mysolver was running for 0.019323 seconds.
s cnf 0
solving done with exit code 20

QBF solver OK

running SAT Solver...

/tmp/ferpcert3154expanded.cnf
s UNSATISFIABLE

PROOF GENERATION OK

checking unsat proof

resolved 1 root and 1 empty clause
trace-size2: 275704

TRACE CHECK OK

running toferp...

ferp-size: 282959
TOFERP OK

checking FERP PROOF...

FERP CHECK OK

extracting AIG ...

aig-size: 10846259
aig-header: aag 523358 179 0 1 523179
FERP CERT OK

merging  AIG into QBF ...

CERTCHECK OK

merged-cnf-header: p cnf 524610 1572752
merged-cnf-size: 30058220
running SAT solver...

c ---- [ banner ] ------------------------------------------------------------
c
c KISSAT SAT Solver
c Copyright (c) 2019-2020 Armin Biere JKU Linz
c 
c Version 1.0.3 59813addcacc4d6fb880ebdd63685600475aa940
c gcc (Ubuntu 7.5.0-3ubuntu1~18.04) 7.5.0 -W -Wall -O3 -DNEMBEDDED -DNDEBUG -DNMETRICS -DNSTATISTICS
c Sun Feb 14 23:58:54 CET 2021 Linux cluster3 4.15.0-135-generic x86_64
c
c ---- [ parsing ] -----------------------------------------------------------
c
c opened and reading DIMACS file:
c 
c   /tmp/ferpcert_merged_cnf3154.cnf
c 
c parsed 'p cnf 524610 1572752' header
c closing input after reading 30058220 bytes (29 MB)
c finished parsing after 0.42 seconds
c
c ---- [ solving ] -----------------------------------------------------------
c
c  seconds reductions redundant irredundant
c         MB   restarts    trail        variables
c          level  conflicts   glue            remaining
c
c *  0.42 76 0  0  0   0   0 0% 0 1572750 523714 100%
c {  0.42 76 0  0  0   0   0 0% 0 1572750 523714 100%
c -  0.97 87 581  1  1 300 227 57% 9 1571320 523714 100%
c i  0.98 87 680  1  1 369 289 49% 8 1571320 523713 100%
c i  0.98 87 730  1  1 416 335 43% 7 1571320 523712 100%
c i  0.99 87 794  1  1 495 407 36% 6 1571320 523711 100%
c i  0.99 87 799  1  1 503 411 36% 6 1571320 523710 100%
c i  1.00 87 839  1  1 626 516 31% 5 1571320 523709 100%
c i  1.00 87 842  1  1 634 522 31% 5 1571320 523708 100%
c i  1.00 87 842  1  1 636 523 31% 5 1571320 523707 100%
c i  1.01 87 844  1  1 644 530 31% 5 1571320 523706 100%
c i  1.02 87 859  1  1 707 585 29% 5 1571320 523705 100%
c i  1.05 87 874  1  1 783 650 28% 5 1571320 523704 100%
c i  1.06 87 869  1  3 812 676 27% 5 1571320 523703 100%
c i  1.08 87 776  1  9 876 734 25% 5 1571320 523702 100%
c -  1.27 87 759  2 26 901 680 25% 5 1571278 523702 100%
c }  1.37 87 689  2 41 1000 766 26% 5 1571278 523702 100%
c [  1.37 87 0  2 41 1000 766 0% 0 1571278 523702 100%
c O  1.50 87 327  2 41 1004 769 40% 3 1570921 523702 100%
c i  1.52 88 368  2 41 1012 776 31% 2 1570921 523700 100%
c
c  seconds   reductions  redundant  irredundant
c         MB     restarts      trail        variables
c           level   conflicts     glue            remaining
c
c i  1.56 88 758  2 41 1078 840 40% 6 1570921 523699 100%
c i  1.59 88 756  2 41 1133 893 41% 6 1570921 523695 100%
c i  1.61 88 758  2 41 1164 923 42% 5 1570921 523694 100%
c i  1.63 88 762  2 41 1200 955 46% 4 1570921 523693 100%
c i  1.64 88 757  2 41 1226 979 48% 4 1570921 523682 100%
c i  1.64 88 756  2 41 1229 981 48% 4 1570921 523681 100%
c ]  2.30 89 655  2 41 1498 1233 66% 9 1570921 523681 100%
c {  2.30 89 689  2 41 1498 1233 26% 5 1570921 523681 100%
c i  2.37 89 678  2 41 1601 1332 34% 5 1570921 523680 100%
c i  2.40 89 666  2 41 1714 1442 37% 5 1570921 523679 100%
c -  2.45 89 658  3 41 1801 1315 40% 4 1570848 523679 100%
c i  2.48 90 654  3 41 1810 1320 40% 4 1570848 523678 100%
c i  2.51 90 623  3 41 1875 1382 40% 4 1570848 523677 100%
c i  2.61 90 571  3 53 1985 1485 38% 4 1570848 523676 100%
c i  2.61 90 561  3 53 2004 1503 37% 4 1570848 523675 100%
c i  2.62 90 554  3 53 2017 1513 37% 4 1570848 523674 100%
c i  2.70 90 476  3 53 2209 1677 35% 4 1570848 523672 100%
c i  2.71 90 474  3 53 2213 1680 34% 4 1570848 523667 100%
c i  2.72 90 436  3 53 2303 1761 32% 4 1570848 523666 100%
c i  2.76 90 427  3 53 2330 1783 32% 4 1570848 523665 100%
c
c  seconds   reductions  redundant   irredundant
c         MB     restarts       trail        variables
c           level   conflicts      glue            remaining
c
c i  2.79 90 402  3 58 2405 1856 31% 4 1570848 523664 100%
c i  2.82 90 354  3 62 2551 1987 28% 4 1570848 523663 100%
c i  2.82 90 349  3 62 2569 2004 27% 4 1570848 523662 100%
c i  2.82 90 346  3 62 2578 2010 27% 4 1570848 523661 100%
c i  2.83 90 333  3 62 2639 2054 26% 4 1570848 523660 100%
c i  2.85 90 331  3 62 2658 2072 26% 4 1570848 523659 100%
c i  2.87 90 328  3 62 2677 2088 26% 4 1570848 523657 100%
c i  2.97 90 327  3 62 2883 2281 30% 4 1570848 523656 100%
c i  2.97 90 326  3 62 2944 2338 32% 4 1570848 523655 100%
c i  2.98 90 326  3 62 2999 2388 33% 4 1570848 523654 100%
c -  3.02 90 326  4 62 3001 2119 33% 4 1570769 523654 100%
c I  3.02 90 325  4 62 3005 2123 33% 4 1570769 523654 100%
c i  3.02 90 325  4 62 3008 2125 33% 4 1570769 523652 100%
c i  3.04 90 318  4 62 3060 2171 32% 4 1570769 523651 100%
c i  3.05 90 316  4 62 3075 2185 32% 4 1570769 523650 100%
c i  3.06 90 315  4 62 3082 2189 32% 4 1570769 523649 100%
c i  3.08 90 309  4 62 3148 2250 32% 4 1570769 523644 100%
c i  3.14 90 303  4 70 3215 2311 32% 4 1570769 523640 100%
c i  3.16 90 289  4 75 3329 2409 30% 4 1570769 523639 100%
c i  3.18 90 284  4 75 3374 2452 30% 4 1570769 523637 100%
c
c  seconds   reductions  redundant   irredundant
c         MB     restarts       trail        variables
c           level   conflicts      glue            remaining
c
c i  3.22 90 270  4 75 3491 2558 29% 3 1570769 523636 100%
c }  3.22 90 270  4 75 3498 2565 29% 3 1570769 523636 100%
c [  3.22 90 655  4 75 3498 2565 66% 9 1570769 523636 100%
c i  3.32 91 553  4 75 3585 2643 60% 8 1570769 523635 100%
c i  3.34 91 545  4 75 3594 2650 60% 8 1570769 523634 100%
c d  3.47 91 540  4 75 3600 2585 59% 8 1570587 523556 100%
c d  3.57 95 540  4 75 3600 2584 59% 8 1570362 523466 100%
c 3  3.79 92 540  4 75 3600 10627 59% 8 1570362 523466 100%
c t  3.83 92 540  4 75 3600 10626 59% 8 1569606 523313 100%
c f  4.53 100 540  4 75 3600 230817 59% 8 1569579 522291 100%
c f  4.58 101 540  4 75 3600 230809 59% 8 1569262 522291 100%
c u  4.76 102 540  4 75 3600 231616 59% 8 1569262 522291 100%
c v  4.83 102 540  4 75 3600 231606 59% 8 1569262 522291 100%
c w  6.15 104 540  4 75 3600 237028 59% 8 1569245 522246 100%
c d  6.28 103 540  4 75 3600 230388 59% 8 1557260 516106 98%
c d  6.40 103 540  4 75 3600 230340 59% 8 1557152 516054 98%
c i  6.42 103 540  4 75 3600 230340 59% 8 1557152 516054 98%
c i  6.44 104 524  4 75 3618 230355 58% 8 1557152 516050 98%
c i  6.63 104 338  4 76 3919 230651 47% 9 1557152 516049 98%
c i  6.66 104 374  4 76 4115 230834 54% 7 1557152 516043 98%
c
c  seconds    reductions   redundant    irredundant
c          MB     restarts         trail        variables
c            level   conflicts        glue            remaining
c
c i  6.68 104 372  4 76 4261 230969 56% 7 1557152 516042 98%
c i  6.70 104 370  4 76 4360 231058 57% 6 1557152 516041 98%
c -  6.76 104 366  5 76 4501 2985 58% 6 1553576 516041 98%
c i  6.96 104 341  5 76 4678 3154 55% 6 1553576 516040 98%
c i  7.04 105 348  5 76 4743 3213 57% 6 1553576 516039 98%
c i  7.08 105 352  5 76 4898 3361 59% 6 1553576 516038 98%
c i  7.10 105 353  5 77 4933 3393 60% 6 1553576 516037 98%
c i  7.10 105 353  5 77 4939 3398 60% 6 1553576 516036 98%
c ]  7.21 105 356  5 77 5196 3639 63% 7 1553576 516036 98%
c {  7.21 105 270  5 77 5196 3639 29% 3 1553576 516036 98%
c i  7.29 105 259  5 87 5487 3906 30% 3 1553576 516035 98%
c i  7.30 105 257  5 87 5504 3920 30% 3 1553576 516034 98%
c i  7.31 105 251  5 87 5555 3966 29% 3 1553576 516033 98%
c i  7.32 105 251  5 87 5558 3968 29% 3 1553576 516029 98%
c i  7.42 105 245  5 88 5678 4077 30% 3 1553576 516028 98%
c i  7.47 105 240  5 94 5844 4234 31% 3 1553576 516027 98%
c a  7.81 105 233  5 109 6005 4375 32% 3 1553455 516005 98%
c B  7.86 105 234  5 109 6006 4376 32% 3 1553455 516005 98%
c i  7.88 105 233  5 113 6026 4395 32% 3 1553455 516004 98%
c i  8.04 105 233  5 119 6040 4408 32% 3 1553455 516003 98%
c
c  seconds    reductions   redundant   irredundant
c          MB     restarts        trail        variables
c            level    conflicts      glue            remaining
c
c i  8.07 105 234  5 120 6042 4409 32% 3 1553455 516002 98%
c i  8.12 105 234  5 121 6069 4434 32% 3 1553455 516000 98%
c i  8.13 105 230  5 121 6114 4476 32% 3 1553455 515999 98%
c -  8.41 105 214  6 154 6302 3982 30% 3 1553436 515999 98%
c i  8.47 105 200  6 154 6507 4152 28% 3 1553436 515998 98%
c i  8.53 105 200  6 154 6536 4177 28% 3 1553436 515993 98%
c i  8.55 105 201  6 157 6569 4208 29% 3 1553436 515992 98%
c i  8.60 105 200  6 164 6603 4236 29% 3 1553436 515988 98%
c i  8.61 105 198  6 171 6634 4265 28% 3 1553436 515987 98%
c i  8.61 105 198  6 171 6637 4266 28% 3 1553436 515986 98%
c i  8.65 105 198  6 171 6656 4284 28% 3 1553436 515984 98%
c i  8.88 105 195  6 205 6976 4557 29% 3 1553436 515983 98%
c i  8.94 105 190  6 212 7110 4682 28% 3 1553436 515982 98%
c i  9.03 105 184  6 228 7242 4802 28% 3 1553436 515981 98%
c i  9.26 105 182  6 231 7344 4899 28% 3 1553436 515979 98%
c i  9.26 105 182  6 231 7345 4899 28% 3 1553436 515977 98%
c i  9.26 105 182  6 231 7348 4901 28% 3 1553436 515976 98%
c i  9.54 105 180  6 275 7565 5102 27% 3 1553436 515975 98%
c i  9.55 105 179  6 275 7592 5126 27% 3 1553436 515974 98%
c i  9.60 105 176  6 275 7682 5200 27% 3 1553436 515973 98%
c
c  seconds    reductions   redundant   irredundant
c          MB     restarts        trail        variables
c            level    conflicts      glue            remaining
c
c i  9.62 105 175  6 275 7727 5240 27% 3 1553436 515972 98%
c i  9.76 105 176  6 292 7867 5375 28% 3 1553436 515971 98%
c i  9.91 105 174  6 316 7929 5436 27% 3 1553436 515970 98%
c i  9.99 105 172  6 333 7981 5487 27% 3 1553436 515969 98%
c i 10.03 105 169  6 334 8094 5593 27% 3 1553436 515968 98%
c i 10.04 105 168  6 334 8096 5594 27% 3 1553436 515964 98%
c i 10.05 105 167  6 334 8126 5623 27% 3 1553436 515963 98%
c i 10.09 105 165  6 334 8185 5681 26% 3 1553436 515962 98%
c i 10.09 105 165  6 334 8191 5686 26% 3 1553436 515961 98%
c - 10.26 105 160  7 341 8406 5267 26% 3 1553321 515961 98%
c i 10.67 105 151  7 367 8803 5634 26% 3 1553321 515960 98%
c i 10.69 105 150  7 370 8854 5682 26% 3 1553321 515956 98%
c i 10.78 105 147  7 399 8975 5800 25% 3 1553321 515955 98%
c i 10.93 105 139  7 404 9269 6075 24% 3 1553321 515954 98%
c i 11.01 105 135  7 408 9434 6230 24% 3 1553321 515953 98%
c i 11.10 105 128  7 424 9724 6505 23% 3 1553321 515949 98%
c i 11.15 105 125  7 429 9880 6644 22% 3 1553321 515948 98%
c i 11.19 105 124  7 442 9950 6710 22% 3 1553321 515946 98%
c i 11.22 105 123  7 442 9980 6738 22% 3 1553321 515945 98%
c W 11.67 105 123  7 442 10007 6758 22% 3 1553250 515945 98%
c
c  seconds    reductions    redundant   irredundant
c          MB     restarts         trail        variables
c            level     conflicts      glue            remaining
c
c i 11.68 105 122  7 442 10038 6787 22% 3 1553250 515944 98%
c i 11.80 105 120  7 447 10125 6870 22% 3 1553250 515941 98%
c } 11.89 105 119  7 447 10197 6942 22% 3 1553250 515941 98%
c [ 11.89 105 356  7 447 10197 6942 63% 7 1553250 515941 98%
c i 11.99 105 322  7 447 10445 7164 58% 7 1553250 515940 98%
c i 12.03 105 317  7 447 10497 7207 57% 7 1553250 515939 98%
c i 12.06 105 317  7 447 10562 7266 57% 7 1553250 515938 98%
c d 12.39 113 319  7 447 10801 7395 59% 7 1552994 515814 98%
c d 12.48 113 319  7 447 10801 7391 59% 7 1552775 515722 98%
c 3 12.73 113 319  7 447 10801 16218 59% 7 1552775 515722 98%
c t 12.77 113 319  7 447 10801 16216 59% 7 1552177 515519 98%
c f 13.58 116 319  7 447 10801 229324 59% 7 1552107 514048 98%
c u 13.76 116 319  7 447 10801 229184 59% 7 1552107 514047 98%
c v 13.85 116 319  7 447 10801 229100 59% 7 1552107 514047 98%
c w 14.82 117 319  7 447 10801 240667 59% 7 1551592 513897 98%
c d 15.01 117 319  7 447 10801 232998 59% 7 1537953 506948 97%
c d 15.16 117 319  7 447 10801 232961 59% 7 1537714 506829 97%
c i 15.19 118 319  7 447 10801 232961 59% 7 1537714 506829 97%
c - 15.27 118 318  8 448 10806 11690 58% 7 1532596 506829 97%
c i 15.29 118 313  8 448 10838 11720 58% 7 1532596 506828 97%
c
c  seconds    reductions     redundant   irredundant
c          MB     restarts          trail        variables
c            level     conflicts       glue            remaining
c
c i 15.96 118 274  8 448 11310 12157 55% 7 1532596 506827 97%
c i 16.02 118 263  8 448 11456 12294 54% 7 1532596 506826 97%
c ] 18.45 118 192  8 449 13395 14115 49% 8 1532596 506826 97%
c { 18.45 118 119  8 449 13395 14115 22% 3 1532596 506826 97%
c - 18.76 118 118  9 480 13506 6918 22% 3 1532586 506826 97%
c i 18.89 118 117  9 485 13546 6954 22% 3 1532586 506825 97%
c i 19.25 118 115  9 517 13655 7056 22% 3 1532586 506820 97%
c i 19.30 118 114  9 518 13707 7104 22% 3 1532586 506817 97%
c i 19.30 118 114  9 518 13709 7105 22% 3 1532586 506814 97%
c i 19.31 118 114  9 518 13717 7112 22% 3 1532586 506812 97%
c i 19.33 118 114  9 518 13733 7127 21% 3 1532586 506811 97%
c i 19.54 118 111  9 529 13973 7358 21% 3 1532586 506810 97%
c i 19.60 118 111  9 536 14025 7403 21% 3 1532586 506809 97%
c i 19.72 118 111  9 545 14138 7502 21% 3 1532586 506807 97%
c i 19.73 118 111  9 545 14139 7502 21% 3 1532586 506805 97%
c i 19.74 118 111  9 545 14144 7504 21% 3 1532586 506804 97%
c i 19.81 118 110  9 545 14263 7621 21% 3 1532586 506803 97%
c i 19.90 118 107  9 548 14524 7868 21% 3 1532586 506802 97%
c i 19.91 118 107  9 548 14566 7908 21% 3 1532586 506800 97%
c i 20.06 118 106  9 559 14810 8129 21% 3 1532586 506799 97%
c
c  seconds    reductions    redundant   irredundant
c          MB     restarts         trail        variables
c            level     conflicts      glue            remaining
c
c i 20.06 118 106  9 562 14820 8138 21% 3 1532586 506797 97%
c i 20.10 118 104  9 563 14972 8272 21% 3 1532586 506796 97%
c a 20.27 118 104  9 563 15008 8295 21% 3 1532231 506713 97%
c O 20.27 118 104  9 563 15009 8296 21% 3 1532231 506713 97%
c i 20.29 118 104  9 563 15031 8316 21% 3 1532231 506712 97%
c i 20.34 118 104  9 563 15120 8401 21% 3 1532231 506711 97%
c i 20.38 118 103  9 563 15163 8443 21% 3 1532231 506710 97%
c i 20.43 118 103  9 563 15173 8452 21% 3 1532231 506709 97%
c i 20.60 118 101  9 573 15660 8908 21% 3 1532231 506707 97%
c i 20.64 118 101  9 577 15728 8970 21% 3 1532231 506706 97%
c i 20.70 118 100  9 578 15782 9020 21% 3 1532231 506705 97%
c i 20.71 118 100  9 579 15797 9033 21% 3 1532231 506704 97%
c i 20.71 118 100  9 581 15808 9043 21% 3 1532231 506703 97%
c i 20.71 118 100  9 582 15813 9047 21% 3 1532231 506702 97%
c i 20.73 118 100  9 582 15869 9096 21% 3 1532231 506701 97%
c i 20.73 118 100  9 582 15870 9096 21% 3 1532231 506700 97%
c i 20.82 118 98  9 591 16165 9368 20% 3 1532231 506699 97%
c i 20.90 118 97  9 591 16233 9431 20% 3 1532231 506697 97%
c i 20.91 118 97  9 591 16252 9449 21% 3 1532231 506696 97%
c - 21.14 118 98 10 622 16506 8668 22% 3 1532174 506696 97%
c
c  seconds   reductions    redundant   irredundant
c          MB    restarts         trail        variables
c           level     conflicts      glue            remaining
c
c i 21.17 118 98 10 623 16518 8679 22% 3 1532174 506695 97%
c i 21.32 118 98 10 631 16615 8764 22% 3 1532174 506694 97%
c i 21.42 118 97 10 656 16704 8845 22% 3 1532174 506693 97%
c i 21.48 118 96 10 656 16796 8936 22% 3 1532174 506692 97%
c i 21.49 118 96 10 660 16811 8949 22% 3 1532174 506691 97%
c i 21.49 118 96 10 661 16812 8949 22% 3 1532174 506690 97%
c i 21.49 118 96 10 661 16820 8956 22% 3 1532174 506688 97%
c i 21.50 118 96 10 665 16840 8971 22% 3 1532174 506687 97%
c i 21.50 118 96 10 665 16844 8974 22% 3 1532174 506684 97%
c i 21.57 118 96 10 665 16936 9056 22% 3 1532174 506682 97%
c i 21.58 118 96 10 665 16953 9072 22% 3 1532174 506681 97%
c i 21.62 118 96 10 674 17001 9116 22% 3 1532174 506680 97%
c i 21.82 118 95 10 699 17061 9172 22% 3 1532174 506678 97%
c i 22.25 118 95 10 736 17270 9371 22% 3 1532174 506675 97%
c i 22.25 118 94 10 736 17283 9383 22% 3 1532174 506674 97%
c i 22.25 118 94 10 736 17284 9383 22% 3 1532174 506673 97%
c i 22.25 118 94 10 736 17287 9385 22% 3 1532174 506672 97%
c i 22.31 118 94 10 736 17317 9412 22% 3 1532174 506671 97%
c i 22.31 118 94 10 736 17345 9433 22% 3 1532174 506670 97%
c i 22.52 118 95 10 737 17588 9665 23% 3 1532174 506669 97%
c
c  seconds   reductions     redundant   irredundant
c          MB    restarts          trail        variables
c           level     conflicts       glue            remaining
c
c 2 22.68 118 98 10 737 18001 10038 26% 3 1527951 505772 96%
c s 22.85 118 98 10 737 18001 10038 26% 3 1524649 505611 96%
c e 27.15 122 98 10 737 18001 10038 26% 3 500895 74173 14%
c s 27.44 122 98 10 737 18001 10038 26% 3 500258 74173 14%
c e 27.57 122 98 10 737 18001 10038 26% 3 497568 73478 14%
c i 27.97 124 89 10 852 19252 2618 24% 3 497568 73477 14%
c i 28.17 125 87 10 939 19636 2973 24% 3 497568 73476 14%
c - 28.30 91 86 11 942 19808 2979 23% 3 496725 73476 14%
c B 28.56 91 91 11 970 21010 4040 28% 3 496725 73476 14%
c i 28.72 91 90 11 1050 21396 4402 28% 3 496725 73475 14%
c d 28.79 91 89 11 1053 21602 4513 27% 3 496407 73349 14%
c d 28.81 91 89 11 1053 21602 4513 27% 3 496403 73348 14%
c 3 29.02 79 89 11 1053 21602 62198 27% 3 496387 73348 14%
c t 29.07 79 89 11 1053 21602 61948 27% 3 492683 73275 14%
c f 29.12 81 89 11 1053 21602 86957 27% 3 492561 73156 14%
c u 29.21 81 89 11 1053 21602 86804 27% 3 492561 73156 14%
c v 29.26 81 89 11 1053 21602 87477 27% 3 492561 73156 14%
c w 29.58 88 89 11 1053 21602 89204 27% 3 492080 73154 14%
c d 29.63 88 89 11 1053 21602 88682 27% 3 491418 72920 14%
c d 29.66 88 89 11 1053 21602 88682 27% 3 491415 72919 14%
c
c  seconds  reductions      redundant  irredundant
c         MB     restarts          trail       variables
c          level      conflicts       glue          remaining
c
c i 29.68 88 89 11 1053 21602 88682 27% 3 491415 72919 14%
c } 30.23 89 81 11 1217 23396 90265 25% 3 491413 72919 14%
c [ 30.23 89 192 11 1217 23396 90265 49% 8 491413 72919 14%
c i 30.23 89 192 11 1217 23398 90266 49% 8 491413 72918 14%
c - 30.25 89 192 12 1217 23408 5972 49% 8 490827 72918 14%
c - 32.52 89 221 13 1219 27308 6968 58% 38 490827 72918 14%
c W 33.17 89 223 13 1220 28011 7572 57% 44 490819 72918 14%
c i 33.30 89 223 13 1221 28690 8197 53% 41 490819 72917 14%
c - 34.07 89 208 14 1222 31508 8092 50% 31 490815 72917 14%
c d 34.13 89 206 14 1222 31603 8103 49% 31 490668 72870 14%
c d 34.16 89 206 14 1222 31603 8103 49% 31 490647 72864 14%
c 3 34.40 79 206 14 1222 31603 74859 49% 31 490635 72864 14%
c t 34.46 79 206 14 1222 31603 74783 49% 31 489040 72853 14%
c f 34.51 81 206 14 1222 31603 95197 49% 31 489009 72816 14%
c u 34.63 82 206 14 1222 31603 95742 49% 31 488906 72816 14%
c v 34.69 82 206 14 1222 31603 95674 49% 31 488906 72816 14%
c w 35.04 88 206 14 1222 31603 98516 49% 31 486783 72815 14%
c d 35.09 88 206 14 1222 31603 97933 49% 31 486039 72508 14%
c d 35.12 88 206 14 1222 31603 97928 49% 31 486030 72506 14%
c i 35.14 88 206 14 1222 31603 97928 49% 31 486030 72506 14%
c
c  seconds   reductions      redundant   irredundant
c         MB      restarts          trail        variables
c           level      conflicts        glue          remaining
c
c ] 35.32 88 182 14 1223 32682 98655 44% 28 486030 72506 14%
c { 35.32 88 81 14 1223 32682 98655 25% 3 486030 72506 14%
c i 36.15 89 78 14 1582 35219 100951 25% 3 486026 72505 14%
c - 36.40 89 76 15 1674 36010 21552 25% 4 485882 72505 14%
c I 36.40 89 76 15 1674 36015 21555 25% 4 485882 72505 14%
c i 36.85 89 73 15 1846 37702 23055 25% 4 485881 72504 14%
c i 37.48 89 69 15 2038 39494 24662 24% 4 485880 72503 14%
c i 37.83 90 67 15 2171 40568 25674 23% 4 485880 72502 14%
c - 37.92 90 67 16 2180 40813 14155 23% 4 485864 72502 14%
c i 38.21 90 65 16 2269 41750 14978 23% 4 485864 72501 14%
c 2 38.71 90 63 16 2429 43001 16127 22% 4 485805 72499 14%
c s 38.74 90 63 16 2429 43001 16127 22% 4 484692 72499 14%
c e 38.95 71 63 16 2429 43001 16127 22% 4 477901 70529 13%
c 2 38.95 71 63 16 2429 43001 16127 22% 4 477871 70528 13%
c s 38.99 71 63 16 2429 43001 16127 22% 4 477509 70528 13%
c e 39.04 71 63 16 2429 43001 16127 22% 4 477019 70424 13%
c d 39.45 79 60 16 2568 44103 14974 21% 4 476771 70318 13%
c d 39.47 79 60 16 2568 44103 14964 21% 4 476712 70304 13%
c 3 39.73 80 60 16 2568 44103 90686 21% 4 476687 70304 13%
c t 39.78 80 60 16 2568 44103 90500 21% 4 476218 70297 13%
c
c  seconds  reductions      redundant   irredundant
c         MB     restarts           trail       variables
c          level      conflicts        glue          remaining
c
c f 39.84 81 60 16 2568 44103 119858 21% 4 476196 70282 13%
c u 39.96 82 60 16 2568 44103 119505 21% 4 476196 70282 13%
c v 40.02 82 60 16 2568 44103 119348 21% 4 476196 70281 13%
c w 40.38 88 60 16 2568 44103 119447 21% 4 474287 70280 13%
c d 40.44 88 60 16 2568 44103 118923 21% 4 473871 70120 13%
c d 40.47 88 60 16 2568 44103 118912 21% 4 473864 70118 13%
c i 40.49 88 60 16 2568 44103 118912 21% 4 473864 70118 13%
c B 40.81 89 59 16 2631 45018 119756 21% 4 473864 70118 13%
c - 41.01 89 59 17 2677 45913 25858 21% 4 473802 70118 13%
c } 42.78 90 56 17 3301 49683 29353 21% 4 473799 70118 13%
c [ 42.78 90 182 17 3301 49683 29353 44% 28 473799 70118 13%
c - 43.10 90 155 18 3302 51313 17732 39% 24 473799 70118 13%
c W 44.44 90 128 18 3305 55020 21042 34% 20 473799 70118 13%
c - 44.97 90 117 19 3306 57013 18593 32% 18 473799 70118 13%
c d 45.81 90 108 19 3307 59103 20430 30% 17 473590 70047 13%
c d 45.83 90 108 19 3307 59103 20428 30% 17 473548 70036 13%
c 3 46.13 80 108 19 3307 59103 102198 30% 17 473512 70036 13%
c t 46.19 80 108 19 3307 59103 102146 30% 17 473104 70034 13%
c f 46.24 81 108 19 3307 59103 130119 30% 17 473094 70016 13%
c u 46.39 84 108 19 3307 59103 131999 30% 17 473094 70016 13%
c
c  seconds   reductions      redundant    irredundant
c         MB      restarts           trail        variables
c           level      conflicts         glue          remaining
c
c v 46.47 84 108 19 3307 59103 131634 30% 17 473094 70016 13%
c w 46.85 89 108 19 3307 59103 131924 30% 17 469516 70012 13%
c d 46.90 89 108 19 3307 59103 131120 30% 17 468978 69776 13%
c i 46.95 89 108 19 3307 59103 131120 30% 17 468978 69776 13%
c i 47.03 90 108 19 3307 59348 131348 31% 17 468978 69775 13%
c - 48.44 90 116 20 3308 63013 20021 39% 15 468922 69775 13%
c # 49.42 90 101 20 3310 66021 22633 36% 14 468922 69775 13%
c ] 49.73 90 96 20 3311 67215 23668 35% 13 468922 69775 13%
c { 49.73 90 56 20 3311 67215 23668 21% 4 468922 69775 13%
c - 50.64 90 55 21 3557 69313 21761 21% 4 468919 69775 13%
c - 54.04 91 51 22 4637 75915 24863 20% 4 468912 69775 13%
c d 54.51 91 51 22 4786 76603 25258 20% 4 468713 69696 13%
c d 54.54 91 51 22 4786 76603 25216 20% 4 468671 69680 13%
c 3 54.88 80 51 22 4786 76603 111568 20% 4 468632 69680 13%
c t 54.94 80 51 22 4786 76603 111480 20% 4 468208 69680 13%
c f 55.01 82 51 22 4786 76603 149295 20% 4 468208 69668 13%
c u 55.24 83 51 22 4786 76603 148995 20% 4 468208 69668 13%
c v 55.33 83 51 22 4786 76603 148662 20% 4 468208 69668 13%
c w 55.75 89 51 22 4786 76603 149203 20% 4 465259 69664 13%
c d 55.80 89 51 22 4786 76603 148644 20% 4 464788 69488 13%
c
c  seconds  reductions      redundant   irredundant
c         MB     restarts           trail       variables
c          level      conflicts        glue          remaining
c
c d 55.83 89 51 22 4786 76603 148594 20% 4 464728 69472 13%
c i 55.85 89 51 22 4786 76603 148594 20% 4 464728 69472 13%
c i 56.19 90 51 22 4855 77410 149332 20% 4 464728 69471 13%
c B 56.55 91 50 22 4925 78022 149441 20% 4 464682 69471 13%
c 2 57.98 91 50 22 5382 80501 151742 20% 4 464661 69471 13%
c s 58.01 91 50 22 5382 80501 151742 20% 4 463409 69471 13%
c e 58.23 72 50 22 5382 80501 151742 20% 4 456483 67099 13%
c 2 58.23 72 50 22 5382 80501 151742 20% 4 456473 67091 13%
c s 58.27 72 50 22 5382 80501 151742 20% 4 455931 67091 13%
c e 58.32 72 50 22 5382 80501 151742 20% 4 455380 66972 13%
c - 59.24 83 49 23 5634 82815 28494 20% 4 455380 66972 13%
c i 62.24 84 48 23 6363 87383 32774 21% 4 455380 66971 13%
c - 63.19 84 48 24 6562 90015 30669 21% 4 455377 66971 13%
c W 64.04 84 48 24 6748 91023 31605 22% 4 455373 66971 13%
c } 65.12 85 49 24 7000 93216 33629 22% 4 455371 66971 13%
c [ 65.12 85 96 24 7000 93216 33629 35% 13 455371 66971 13%
c d 66.02 85 98 24 7002 96603 36155 39% 12 455109 66868 13%
c d 66.04 85 98 24 7002 96603 36079 39% 12 455067 66854 13%
c 3 66.43 80 98 24 7002 96603 118525 39% 12 455044 66854 13%
c t 66.49 80 98 24 7002 96603 118336 39% 12 454604 66853 13%
c
c  seconds  reductions      redundant    irredundant
c         MB     restarts           trail        variables
c          level      conflicts         glue          remaining
c
c f 66.57 82 98 24 7002 96603 157703 39% 12 454601 66828 13%
c u 66.79 84 98 24 7002 96603 157860 39% 12 454601 66828 13%
c v 66.88 85 98 24 7002 96603 157512 39% 12 454601 66828 13%
c w 67.30 90 98 24 7002 96603 158792 39% 12 452639 66825 13%
c d 67.35 90 98 24 7002 96603 157842 39% 12 452029 66581 13%
c d 67.38 90 98 24 7002 96603 157829 39% 12 452007 66573 13%
c i 67.41 90 98 24 7002 96603 157829 39% 12 452007 66573 13%
c - 67.79 90 98 25 7003 97516 46690 40% 12 451944 66573 13%
c F 70.67 91 96 25 7006 105025 53342 43% 11 451943 66573 13%
c - 70.80 91 95 26 7006 105317 33708 43% 11 451943 66573 13%
c - 73.52 91 91 27 7012 113417 35250 45% 10 451938 66573 13%
c d 74.95 91 88 27 7014 119103 39503 47% 9 451905 66557 13%
c d 74.98 91 88 27 7014 119103 39501 47% 9 451900 66556 13%
c 3 75.42 80 88 27 7014 119103 127550 47% 9 451867 66556 13%
c t 75.48 80 88 27 7014 119103 127445 47% 9 451456 66556 13%
c f 75.60 83 88 27 7014 119103 177169 47% 9 451456 66517 13%
c u 75.95 85 88 27 7014 119103 176989 47% 9 451456 66517 13%
c v 76.06 85 88 27 7014 119103 176637 47% 9 451456 66517 13%
c w 76.46 90 88 27 7014 119103 177695 47% 9 449184 66516 13%
c d 76.52 90 88 27 7014 119103 176977 47% 9 448658 66317 13%
c
c  seconds  reductions       redundant   irredundant
c         MB     restarts            trail       variables
c          level      conflicts         glue          remaining
c
c d 76.55 90 88 27 7014 119103 176964 47% 9 448652 66314 13%
c i 76.57 90 88 27 7014 119103 176964 47% 9 448652 66314 13%
c B 77.05 91 87 27 7014 120027 177804 48% 9 448652 66314 13%
c - 77.93 91 86 28 7014 121817 53478 48% 9 448569 66314 13%
c ] 79.03 91 84 28 7014 123684 54995 48% 9 448569 66314 13%
c { 79.03 91 49 28 7014 123684 54995 22% 4 448569 66314 13%
c i 81.44 91 48 28 7690 127209 58204 22% 4 448568 66313 13%
c 2 84.18 92 48 28 8430 130501 61120 22% 4 448506 66311 13%
c s 84.21 92 48 28 8430 130501 61120 22% 4 447053 66311 13%
c e 84.37 72 48 28 8430 130501 61120 22% 4 443667 65179 12%
c 2 84.37 72 48 28 8430 130501 61120 22% 4 443649 65176 12%
c s 84.41 72 48 28 8430 130501 61120 22% 4 443233 65176 12%
c e 84.45 72 48 28 8430 130501 61120 22% 4 442929 65109 12%
c - 84.55 77 48 29 8434 130517 38219 22% 4 442929 65109 12%
c W 87.91 80 47 29 9336 136028 43229 23% 4 442927 65109 12%
c - 90.37 81 46 30 9984 139517 41736 23% 4 442927 65109 12%
c i 92.32 81 46 30 10520 142032 44042 23% 4 442927 65108 12%
c d 93.70 81 46 30 10822 144104 45464 23% 4 442704 65020 12%
c d 93.73 81 46 30 10822 144104 45440 23% 4 442674 65011 12%
c 3 94.24 79 46 30 10822 144104 128838 23% 4 442638 65011 12%
c
c  seconds  reductions        redundant   irredundant
c         MB     restarts             trail       variables
c          level       conflicts         glue          remaining
c
c t 94.31 79 46 30 10822 144104 128648 23% 4 441705 65007 12%
c f 94.44 82 46 30 10822 144104 180458 23% 4 441695 64938 12%
c u 94.91 83 46 30 10822 144104 179900 23% 4 441695 64938 12%
c v 95.03 84 46 30 10822 144104 179419 23% 4 441695 64938 12%
c w 95.44 89 46 30 10822 144104 180633 23% 4 439804 64937 12%
c d 95.50 89 46 30 10822 144104 178401 23% 4 438792 64503 12%
c d 95.53 89 46 30 10822 144104 178389 23% 4 438780 64498 12%
c i 95.55 90 46 30 10822 144104 178389 23% 4 438780 64498 12%
c - 99.30 91 45 31 11665 148817 46363 23% 5 438625 64498 12%
c O 102.14 91 46 31 12226 153029 50140 23% 5 438623 64498 12%
c - 106.28 91 45 32 13034 158418 49388 24% 5 438621 64498 12%
c } 107.85 79 45 32 13464 160687 51403 24% 5 438621 64498 12%
c [ 107.85 79 84 32 13464 160687 51403 48% 9 438621 64498 12%
c i 108.21 79 85 32 13465 161829 52479 49% 9 438618 64497 12%
c - 110.24 80 89 33 13469 168320 49977 52% 10 438608 64497 12%
c B 111.37 80 92 33 13470 171031 52277 53% 10 438608 64497 12%
c d 111.64 80 93 33 13470 171604 52544 53% 10 438402 64413 12%
c d 111.66 80 93 33 13470 171604 52544 53% 10 438346 64400 12%
c 3 112.26 79 93 33 13470 171604 137099 53% 10 438307 64400 12%
c t 112.33 79 93 33 13470 171604 136913 53% 10 437636 64398 12%
c
c  seconds   reductions        redundant    irredundant
c          MB     restarts             trail        variables
c           level       conflicts          glue          remaining
c
c f 112.46 83 93 33 13470 171604 194238 53% 10 437595 64333 12%
c u 112.90 85 93 33 13470 171604 192973 53% 10 437337 64333 12%
c v 113.06 85 93 33 13470 171604 192778 53% 10 437337 64333 12%
c w 113.52 90 93 33 13470 171604 193877 53% 10 435415 64333 12%
c d 113.57 90 93 33 13470 171604 191932 53% 10 434620 64026 12%
c d 113.61 90 93 33 13470 171604 191930 53% 10 434617 64025 12%
c i 113.63 90 93 33 13470 171604 191930 53% 10 434617 64025 12%
c - 117.49 92 91 34 13475 178520 66670 53% 11 434470 64025 12%
c - 124.48 92 90 35 13478 189020 64063 53% 13 434464 64025 12%
c W 125.29 92 90 35 13478 190032 65014 53% 13 434461 64025 12%
c 2 126.40 92 90 35 13478 193003 67587 53% 13 434394 64025 12%
c s 126.42 92 90 35 13478 193003 67587 53% 13 432645 64025 12%
c e 126.60 72 90 35 13478 193003 67587 53% 13 428799 62715 12%
c 2 126.60 72 90 35 13478 193003 67587 53% 13 428787 62713 12%
c s 126.64 72 90 35 13478 193003 67587 53% 13 428085 62713 12%
c e 126.70 72 90 35 13478 193003 67587 53% 13 427586 62618 12%
c - 128.73 79 88 36 13483 199820 50567 51% 14 427585 62618 12%
c d 129.32 79 88 36 13484 201605 52113 50% 14 427523 62591 12%
c d 129.34 79 88 36 13484 201605 52105 50% 14 427500 62585 12%
c 3 130.03 80 88 36 13484 201605 134304 50% 14 427471 62585 12%
c
c  seconds   reductions        redundant    irredundant
c          MB     restarts             trail        variables
c           level       conflicts          glue          remaining
c
c t 130.12 80 88 36 13484 201605 133652 50% 14 426617 62584 12%
c f 130.25 83 88 36 13484 201605 193769 50% 14 426615 62571 12%
c u 130.83 86 88 36 13484 201605 193517 50% 14 426615 62571 12%
c v 130.99 86 88 36 13484 201605 193071 50% 14 426615 62571 12%
c w 131.43 90 88 36 13484 201605 194243 50% 14 423401 62567 12%
c d 131.49 90 88 36 13484 201605 193191 50% 14 422773 62312 12%
c d 131.52 90 88 36 13484 201605 193131 50% 14 422764 62308 12%
c i 131.54 90 88 36 13484 201605 193131 50% 14 422764 62308 12%
c I 137.48 91 87 36 13488 210034 200350 49% 14 422764 62308 12%
c - 137.87 91 86 37 13489 210920 66107 49% 14 422716 62308 12%
c ] 140.37 91 82 37 13492 217894 72330 48% 14 422715 62308 12%
c { 140.37 91 45 37 13492 217894 72330 24% 5 422715 62308 12%
c - 143.41 92 45 38 14034 222320 55687 24% 5 422714 62308 12%
c B 149.03 81 44 38 15178 231035 63478 24% 5 422713 62308 12%
c - 150.90 82 44 39 15550 234022 59719 25% 5 422713 62308 12%
c d 151.01 82 44 39 15569 234105 59411 25% 5 422609 62262 12%
c d 151.03 82 44 39 15569 234105 59322 25% 5 422594 62257 12%
c 3 151.84 80 44 39 15569 234105 142914 25% 5 422575 62257 12%
c t 151.91 80 44 39 15569 234105 142733 25% 5 422009 62257 12%
c f 152.09 84 44 39 15569 234105 222264 25% 5 422009 62238 12%
c
c  seconds   reductions        redundant   irredundant
c          MB     restarts             trail       variables
c           level       conflicts         glue          remaining
c
c u 152.83 85 44 39 15569 234105 221236 25% 5 422009 62238 12%
c v 153.00 87 44 39 15569 234105 220387 25% 5 422009 62238 12%
c w 153.47 91 44 39 15569 234105 221228 25% 5 418965 62238 12%
c d 153.53 91 44 39 15569 234105 220329 25% 5 418539 62041 12%
c i 153.58 92 44 39 15569 234105 220329 25% 5 418539 62041 12%
c - 162.99 93 42 40 17178 246022 68310 25% 5 418451 62041 12%
c W 167.89 82 43 40 18108 253036 74563 25% 5 418451 62041 12%
c - 171.87 83 43 41 18934 258324 68775 26% 5 418450 62041 12%
c } 178.14 83 43 41 20090 267894 77481 26% 5 418449 62041 12%
c [ 178.14 83 82 41 20090 267894 77481 48% 14 418449 62041 12%
c 2 178.20 83 82 41 20090 268003 77561 48% 14 418383 62040 12%
c s 178.23 83 82 41 20090 268003 77561 48% 14 416884 62040 12%
c e 178.43 83 82 41 20090 268003 77561 48% 14 411547 60130 11%
c 2 178.43 83 82 41 20090 268003 77561 48% 14 411531 60130 11%
c s 178.48 83 82 41 20090 268003 77561 48% 14 410901 60130 11%
c e 178.53 83 82 41 20090 268003 77561 48% 14 410584 60039 11%
c d 178.98 84 82 41 20091 269105 70745 48% 14 410448 59967 11%
c d 179.00 84 82 41 20091 269105 70712 48% 14 410411 59953 11%
c 3 179.87 80 82 41 20091 269105 153534 48% 14 410374 59953 11%
c t 179.94 80 82 41 20091 269105 152985 48% 14 409794 59950 11%
c
c  seconds   reductions        redundant    irredundant
c          MB     restarts             trail        variables
c           level       conflicts          glue          remaining
c
c f 180.16 85 82 41 20091 269105 254218 48% 14 409784 59932 11%
c u 180.87 88 82 41 20091 269105 252448 48% 14 409753 59932 11%
c v 181.09 88 82 41 20091 269105 252189 48% 14 409753 59932 11%
c w 181.59 92 82 41 20091 269105 253198 48% 14 406913 59931 11%
c d 181.65 92 82 41 20091 269105 251536 48% 14 406305 59688 11%
c i 181.71 92 82 41 20091 269105 251536 48% 14 406305 59688 11%
c - 182.69 92 81 42 20092 270926 72521 48% 14 406247 59688 11%
c # 186.10 77 79 42 20095 276039 76808 48% 13 406247 59688 11%
c - 189.66 81 77 43 20099 283827 67114 48% 13 406247 59688 11%
c - 195.43 82 73 44 20104 297028 67447 45% 13 406247 59688 11%
c B 197.91 82 71 44 20104 300040 69678 45% 12 406247 59688 11%
c d 202.05 82 70 44 20109 306606 74467 44% 13 406217 59674 11%
c d 202.08 82 70 44 20109 306606 74435 44% 13 406213 59672 11%
c 3 203.10 81 70 44 20109 306606 166749 44% 13 406196 59672 11%
c t 203.18 81 70 44 20109 306606 166494 44% 13 405693 59668 11%
c f 203.39 85 70 44 20109 306606 262257 44% 13 405683 59630 11%
c u 204.42 87 70 44 20109 306606 261061 44% 13 405683 59630 11%
c v 204.65 88 70 44 20109 306606 260499 44% 13 405683 59630 11%
c w 205.18 92 70 44 20109 306606 261207 44% 13 402376 59630 11%
c d 205.24 92 70 44 20109 306606 260021 44% 13 401740 59439 11%
c
c  seconds   reductions        redundant    irredundant
c          MB     restarts             trail        variables
c           level       conflicts          glue          remaining
c
c d 205.28 92 70 44 20109 306606 260001 44% 13 401717 59430 11%
c i 205.30 92 70 44 20109 306606 260001 44% 13 401717 59430 11%
c - 207.78 93 69 45 20111 310528 81727 44% 13 401571 59430 11%
c - 218.04 78 65 46 20118 324329 67583 42% 12 401571 59430 11%
c ] 218.04 78 65 46 20118 324339 67593 42% 12 401571 59430 11%
c { 218.04 78 43 46 20118 324339 67593 26% 5 401571 59430 11%
c W 218.79 81 43 46 20261 325041 68240 26% 5 401571 59430 11%
c i 223.49 82 42 46 21435 331687 73883 26% 6 401571 59161 11%
c i 223.49 82 42 46 21435 331688 73883 26% 6 401571 59157 11%
c i 223.55 82 42 46 21438 331821 73980 26% 6 401571 59149 11%
c i 224.08 82 42 46 21524 332645 74713 26% 6 401570 59140 11%
c i 224.23 82 42 46 21552 332861 74864 26% 6 401570 59139 11%
c i 224.48 82 42 46 21605 333257 75197 26% 6 401570 59138 11%
c i 224.78 82 42 46 21689 333678 75586 26% 6 401570 59133 11%
c i 224.80 82 42 46 21693 333695 75602 26% 6 401570 59125 11%
c i 225.55 82 41 46 21840 334969 76713 26% 6 401570 59118 11%
c i 225.59 82 41 46 21854 335037 76768 26% 6 401570 59109 11%
c i 225.62 82 41 46 21865 335086 76808 26% 6 401570 59100 11%
c i 225.62 82 41 46 21865 335088 76809 26% 6 401570 59091 11%
c i 226.10 83 41 46 21992 335903 77579 26% 6 401570 59083 11%
c
c  seconds   reductions        redundant  irredundant
c          MB     restarts            trail       variables
c           level       conflicts        glue          remaining
c
c i 226.10 83 41 46 21993 335907 77580 26% 6 401570 59071 11%
c i 226.35 83 41 46 22077 336328 77967 26% 6 401570 59064 11%
c i 226.52 83 41 46 22127 336573 78200 26% 6 401570 57783 11%
c i 226.74 83 41 46 22199 336923 78523 26% 6 401570 57782 11%
c i 226.84 83 41 46 22232 337077 78665 26% 6 401570 57779 11%
c i 227.12 83 41 46 22323 337512 79048 26% 6 401570 57777 11%
c i 227.51 83 41 46 22437 338113 79597 26% 6 401570 57254 11%
c i 227.60 83 41 46 22437 338347 79797 26% 6 401570 57253 11%
c - 227.72 82 41 47 22437 338429 61221 26% 6 372110 57253 11%
c i 227.82 82 41 47 22437 338631 61367 25% 6 372110 57123 11%
c i 227.85 82 41 47 22437 338709 61422 25% 6 372110 55841 11%
c i 227.86 82 41 47 22437 338723 61433 25% 6 372110 55839 11%
c i 227.86 82 41 47 22437 338731 61438 25% 6 372110 55285 11%
c i 227.87 82 41 47 22437 338749 61453 25% 6 372110 54718 10%
c i 227.87 82 41 47 22437 338751 61454 25% 6 372110 50911 10%
c } 227.87 82 41 47 22437 338753 61454 25% 6 372110 50670 10%
c 0 227.87 82 41 47 22437 338753 61454 25% 6 372110 50670 10%
c
c ---- [ result ] ------------------------------------------------------------
c
s UNSATISFIABLE
c
c ---- [ profiling ] ---------------------------------------------------------
c
c         188.59   82.76 %  search
c         102.03   44.77 %  focused
c          86.56   37.99 %  stable
c          38.87   17.06 %  simplify
c          29.63   13.00 %  probe
c          15.07    6.61 %  vivify
c           6.84    3.00 %  ternary
c           6.78    2.97 %  eliminate
c           3.70    1.63 %  substitute
c           3.11    1.36 %  failed
c           1.38    0.60 %  reduce
c           1.32    0.58 %  walking
c           1.14    0.50 %  autarky
c           0.91    0.40 %  transitive
c           0.42    0.18 %  parse
c =============================================
c         227.87  100.00 %  total
c
c ---- [ statistics ] --------------------------------------------------------
c
c conflicts:                           338753             1486.58 per second
c decisions:                          1634131                4.82 per conflict
c propagations:                    1328432323          5829677    per second
c reductions:                              47             7208    interval
c rephased:                                25            13550    interval
c restarts:                             22437               15.10 interval
c
c ---- [ resources ] ---------------------------------------------------------
c
c maximum-resident-set-size:        159784960 bytes        152 MB
c process-time:                         3m 47s             227.87 seconds
c
c ---- [ shutting down ] -----------------------------------------------------
c
c exit 20

SAT solver OK

VALID
c array.sh: end:      Tue Feb 16 22:34:06 CET 2021
