c array.sh: path:     /home/seidl/data/parity/parity100.qdimacs
c array.sh: name:     parity100
c array.sh: task:     9
c array.sh: host:     c3n05
c array.sh: uname:    Linux c3n05 4.15.0-135-generic #139-Ubuntu SMP Mon Jan 18 17:38:24 UTC 2021 x86_64 x86_64 x86_64 GNU/Linux
c array.sh: start:    Tue Feb 16 22:30:17 CET 2021
c array.sh: noturbo:  1
c array.sh: governor: 32 performance
c array.sh: tmp:      1%
c array.sh: unzipped: /tmp/local-unzipped-18834717-9-parity100.cnf
using tmp directory:
  /tmp
running QBF solver...

/home/seidl/cert_tests/bin/ferp-models/ijtihad/ijtihad --dependencies=0 --wit_per_call=-1 --cex_per_call=-1 --log_phi=/tmp/ferpcert3124expanded.cnf /tmp/local-unzipped-18834717-9-parity100.cnf
c Options after parsing: 
c cex_per_call = 18446744073709551615
c wit_per_call = 18446744073709551615
c warmup = 1
c warmup_randoms = 0
c trimming_phi = 0
c trimming_ksi = 2
c trimming_interval = 200
c memory_limit = 3000000
c MySolverv970-glucose
-1 
1 
c Number of calls is: 0
c Layers in PHI: 0
c Layers in KSI: 0
c Running Ijtihad loop
c sat_solver_phi calld 0 times, running for 0.007609 seconds.
c number of layers in PHI is 2
c sat_solver_ksi was running for 0 seconds.
c number of layers in KSI is 0
c mysolver was running for 0.00761 seconds.
s cnf 0
solving done with exit code 20

QBF solver OK

running SAT Solver...

/tmp/ferpcert3124expanded.cnf
s UNSATISFIABLE

PROOF GENERATION OK

checking unsat proof

resolved 1 root and 1 empty clause
trace-size2: 323446

TRACE CHECK OK

running toferp...

ferp-size: 332621
TOFERP OK

checking FERP PROOF...

FERP CHECK OK

extracting AIG ...

aig-size: 13980455
aig-header: aag 654300 199 0 1 654101
FERP CERT OK

merging  AIG into QBF ...

CERTCHECK OK

merged-cnf-header: p cnf 655692 1965878
merged-cnf-size: 37778173
running SAT solver...

c ---- [ banner ] ------------------------------------------------------------
c
c KISSAT SAT Solver
c Copyright (c) 2019-2020 Armin Biere JKU Linz
c 
c Version 1.0.3 59813addcacc4d6fb880ebdd63685600475aa940
c gcc (Ubuntu 7.5.0-3ubuntu1~18.04) 7.5.0 -W -Wall -O3 -DNEMBEDDED -DNDEBUG -DNMETRICS -DNSTATISTICS
c Sun Feb 14 23:58:54 CET 2021 Linux cluster3 4.15.0-135-generic x86_64
c
c ---- [ parsing ] -----------------------------------------------------------
c
c opened and reading DIMACS file:
c 
c   /tmp/ferpcert_merged_cnf3124.cnf
c 
c parsed 'p cnf 655692 1965878' header
c closing input after reading 37778173 bytes (36 MB)
c finished parsing after 0.52 seconds
c
c ---- [ solving ] -----------------------------------------------------------
c
c  seconds reductions redundant irredundant
c         MB   restarts    trail        variables
c          level  conflicts   glue            remaining
c
c *  0.52 95 0  0  0   0   0 0% 0 1965876 654696 100%
c {  0.52 95 0  0  0   0   0 0% 0 1965876 654696 100%
c i  0.64 107 505  0  0 123 117 78% 3 1965876 654694 100%
c i  0.65 107 505  0  0 146 134 78% 3 1965876 654693 100%
c i  0.65 107 505  0  0 159 144 77% 3 1965876 654692 100%
c i  0.67 107 507  0  0 252 224 77% 3 1965876 654691 100%
c -  0.73 107 507  1  0 300 259 77% 3 1964268 654691 100%
c i  0.80 108 427  1  0 361 308 65% 3 1964268 654690 100%
c i  0.85 108 287  1  0 489 423 46% 3 1964268 654689 100%
c i  0.85 108 285  1  0 490 423 46% 3 1964268 654684 100%
c i  0.86 108 259  1  0 522 447 41% 3 1964268 654683 100%
c i  0.86 108 252  1  0 530 453 40% 3 1964268 654682 100%
c i  0.87 108 250  1  0 532 454 40% 3 1964268 654681 100%
c i  0.87 108 249  1  0 535 455 40% 3 1964268 654680 100%
c i  0.90 108 214  1  0 636 550 35% 3 1964268 654678 100%
c i  1.01 108 144  1 13 893 783 25% 3 1964268 654677 100%
c -  1.07 108 142  2 13 901 772 25% 3 1964227 654677 100%
c i  1.07 108 141  2 13 905 775 25% 3 1964227 654675 100%
c i  1.13 108 130  2 20 961 828 24% 3 1964227 654674 100%
c i  1.13 108 130  2 20 963 829 24% 3 1964227 654673 100%
c
c  seconds    reductions redundant  irredundant
c          MB     restarts     trail        variables
c            level   conflicts    glue            remaining
c
c i  1.14 108 125  2 20 986 848 23% 3 1964227 654670 100%
c }  1.14 108 122  2 20 1000 862 22% 3 1964227 654670 100%
c [  1.14 108 0  2 20 1000 862 0% 0 1964227 654670 100%
c O  1.35 108 245  2 20 1002 863 61% 2 1963802 654670 100%
c i  1.40 109 857  2 20 1041 900 76% 10 1963802 654669 100%
c i  1.98 111 244  2 20 1342 1198 82% 15 1963802 654667 100%
c ]  2.03 112 259  2 20 1360 1216 83% 23 1963802 654667 100%
c {  2.03 112 122  2 20 1360 1216 22% 3 1963802 654667 100%
c i  2.16 112 119  2 70 1442 1293 21% 3 1963802 654663 100%
c i  2.20 112 115  2 97 1486 1336 20% 3 1963802 654662 100%
c i  2.21 112 111  2 104 1529 1375 19% 3 1963802 654661 100%
c i  2.23 112 109  2 104 1545 1390 19% 3 1963802 654660 100%
c i  2.23 112 109  2 104 1547 1391 19% 3 1963802 654659 100%
c i  2.36 112 115  2 120 1611 1433 19% 4 1963802 654658 100%
c i  2.37 112 114  2 122 1614 1435 19% 4 1963802 654657 100%
c i  2.44 112 112  2 136 1648 1465 19% 4 1963802 654656 100%
c i  2.44 112 112  2 138 1654 1469 19% 4 1963802 654655 100%
c i  2.45 112 111  2 141 1660 1473 18% 4 1963802 654654 100%
c i  2.49 112 107  2 164 1721 1528 18% 4 1963802 654653 100%
c i  2.50 112 105  2 165 1744 1550 17% 4 1963802 654647 100%
c
c  seconds    reductions   redundant   irredundant
c          MB     restarts        trail        variables
c            level    conflicts      glue            remaining
c
c i  2.50 112 105  2 165 1747 1552 17% 4 1963802 654645 100%
c i  2.50 112 104  2 165 1759 1561 17% 4 1963802 654644 100%
c i  2.51 112 101  2 165 1794 1590 17% 4 1963802 654640 100%
c -  2.55 112 101  3 165 1801 1406 17% 4 1963707 654640 100%
c i  2.56 112 100  3 165 1816 1419 16% 4 1963707 654639 100%
c i  2.56 112 100  3 165 1817 1419 16% 4 1963707 654638 100%
c i  2.58 112 94  3 165 1934 1525 15% 4 1963707 654637 100%
c i  2.59 112 93  3 165 1937 1527 15% 4 1963707 654636 100%
c i  2.65 112 90  3 165 2062 1643 15% 3 1963707 654635 100%
c i  2.65 112 89  3 165 2067 1647 15% 3 1963707 654634 100%
c i  2.68 112 85  3 166 2162 1735 14% 3 1963707 654633 100%
c i  2.68 112 84  3 166 2169 1741 14% 3 1963707 654632 100%
c i  2.69 112 84  3 166 2171 1742 14% 3 1963707 654631 100%
c i  2.73 112 82  3 173 2248 1816 14% 3 1963707 654630 100%
c i  2.73 112 82  3 173 2250 1817 14% 3 1963707 654629 100%
c i  2.78 112 73  3 173 2444 1990 13% 3 1963707 654628 100%
c i  2.92 113 84  3 174 2632 2172 16% 3 1963707 654625 100%
c i  2.94 113 83  3 174 2706 2234 16% 3 1963707 654624 100%
c i  3.00 113 81  3 174 2850 2371 16% 3 1963707 654623 100%
c i  3.00 113 81  3 174 2857 2377 16% 3 1963707 654620 100%
c
c  seconds   reductions   redundant   irredundant
c          MB    restarts        trail        variables
c           level    conflicts      glue            remaining
c
c i  3.01 113 80  3 174 2874 2392 16% 3 1963707 654618 100%
c -  3.11 113 78  4 174 3001 2284 15% 3 1963631 654618 100%
c I  3.12 113 77  4 174 3003 2286 15% 3 1963631 654618 100%
c i  3.18 113 74  4 174 3118 2399 14% 3 1963631 654612 100%
c i  3.20 113 74  4 174 3136 2415 14% 3 1963631 654611 100%
c i  3.20 113 74  4 174 3137 2415 14% 3 1963631 654606 100%
c i  3.20 113 73  4 174 3164 2438 14% 3 1963631 654605 100%
c i  3.21 113 73  4 174 3166 2439 14% 3 1963631 654604 100%
c }  3.34 113 72  4 175 3361 2626 14% 3 1963631 654604 100%
c [  3.34 113 259  4 175 3361 2626 83% 23 1963631 654604 100%
c i  3.35 113 264  4 175 3366 2630 81% 22 1963631 654603 100%
c i  3.41 113 291  4 175 3447 2706 61% 17 1963631 654602 100%
c d  3.61 113 197  4 175 3600 2785 42% 13 1963440 654519 100%
c d  3.73 118 197  4 175 3600 2784 42% 13 1963163 654410 100%
c 3  4.01 115 197  4 175 3600 14096 42% 13 1963163 654410 100%
c t  4.05 115 197  4 175 3600 14094 42% 13 1962327 654186 100%
c f  4.86 124 197  4 175 3600 216361 42% 13 1962248 653722 100%
c f  4.94 125 197  4 175 3600 216362 42% 13 1962135 653722 100%
c u  5.12 125 197  4 175 3600 216203 42% 13 1962135 653722 100%
c v  5.21 125 197  4 175 3600 216113 42% 13 1962135 653722 100%
c
c  seconds    reductions    redundant     irredundant
c          MB     restarts          trail         variables
c            level    conflicts         glue            remaining
c
c w  6.46 129 197  4 175 3600 222163 42% 13 1962121 653696 100%
c d  6.62 130 197  4 175 3600 216931 42% 13 1952560 648763 99%
c d  6.76 130 197  4 175 3600 216920 42% 13 1952522 648744 99%
c i  6.78 130 197  4 175 3600 216920 42% 13 1952522 648744 99%
c i  6.93 130 341  4 175 3768 217079 42% 10 1952522 648742 99%
c i  6.93 130 348  4 175 3776 217086 42% 10 1952522 648741 99%
c i  6.94 130 357  4 175 3785 217094 42% 10 1952522 648740 99%
c i  7.06 130 510  4 175 3988 217280 43% 8 1952522 648739 99%
c -  7.51 130 637  5 176 4501 3074 43% 9 1950525 648739 99%
c i  7.53 130 627  5 176 4518 3084 42% 8 1950525 648738 99%
c ]  7.85 130 497  5 176 4831 3358 41% 8 1950525 648738 99%
c {  7.85 130 72  5 176 4831 3358 14% 3 1950525 648738 99%
c i  7.88 130 73  5 176 4852 3378 15% 3 1950525 648737 99%
c i  7.88 130 74  5 176 4860 3385 15% 3 1950525 648736 99%
c i  7.90 130 74  5 181 4905 3429 15% 3 1950525 648734 99%
c i  7.92 130 75  5 181 4966 3479 15% 3 1950525 648727 99%
c i  7.94 130 76  5 181 5007 3511 15% 3 1950525 648726 99%
c i  7.99 130 73  5 188 5115 3609 14% 3 1950525 648725 99%
c i  8.19 130 70  5 211 5352 3831 14% 3 1950525 648724 99%
c i  8.33 130 70  5 232 5432 3898 14% 3 1950525 648723 99%
c
c  seconds   reductions   redundant   irredundant
c          MB    restarts        trail        variables
c           level    conflicts      glue            remaining
c
c i  8.45 130 69  5 251 5479 3942 14% 3 1950525 648722 99%
c i  8.55 130 69  5 259 5604 4043 14% 3 1950525 648721 99%
c i  8.61 130 69  5 269 5630 4068 14% 3 1950525 648720 99%
c i  8.69 130 69  5 279 5661 4094 14% 3 1950525 648718 99%
c i  8.69 130 69  5 279 5667 4096 14% 3 1950525 648717 99%
c i  8.71 130 68  5 284 5697 4121 14% 3 1950525 648716 99%
c i  8.79 130 66  5 289 5842 4254 14% 3 1950525 648715 99%
c i  8.81 130 66  5 301 5874 4277 14% 3 1950525 648714 99%
c a  9.13 130 69  5 321 6004 4400 15% 3 1950414 648704 99%
c B  9.19 130 69  5 321 6005 4401 15% 3 1950414 648704 99%
c i  9.22 130 80  5 321 6127 4512 19% 3 1950414 648702 99%
c i  9.23 130 85  5 321 6217 4597 21% 3 1950414 648701 99%
c -  9.52 130 89  6 330 6302 4048 22% 3 1950405 648701 99%
c i  9.73 130 91  6 354 6364 4106 22% 3 1950405 648700 99%
c i  9.75 130 90  6 361 6384 4123 21% 3 1950405 648698 99%
c i  9.76 130 90  6 367 6399 4137 21% 3 1950405 648697 99%
c i  9.76 130 90  6 368 6402 4139 21% 3 1950405 648696 99%
c i  9.76 130 90  6 370 6408 4142 21% 3 1950405 648695 99%
c i  9.99 130 88  6 421 6548 4277 21% 3 1950405 648694 99%
c i 10.03 130 89  6 421 6566 4292 21% 3 1950405 648688 99%
c
c  seconds   reductions   redundant   irredundant
c          MB    restarts        trail        variables
c           level    conflicts      glue            remaining
c
c i 10.06 130 90  6 423 6596 4319 21% 3 1950405 648683 99%
c i 10.16 130 89  6 458 6681 4400 21% 3 1950405 648680 99%
c i 10.22 130 89  6 466 6750 4468 21% 3 1950405 648679 99%
c i 10.27 130 89  6 466 6777 4489 21% 3 1950405 648676 99%
c i 10.28 130 89  6 466 6819 4527 21% 3 1950405 648675 99%
c i 10.43 130 87  6 467 7043 4741 20% 3 1950405 648674 99%
c i 10.51 130 86  6 471 7169 4862 20% 3 1950405 648673 99%
c i 10.51 130 85  6 471 7170 4862 20% 3 1950405 648672 99%
c i 10.57 130 86  6 471 7256 4944 20% 3 1950405 648671 99%
c i 10.57 130 85  6 471 7271 4957 20% 3 1950405 648667 99%
c i 10.63 130 85  6 471 7350 5024 20% 3 1950405 648666 99%
c i 10.70 130 84  6 471 7394 5064 20% 3 1950405 648664 99%
c i 10.71 130 84  6 471 7423 5088 20% 3 1950405 648663 99%
c i 10.71 130 84  6 471 7430 5094 20% 3 1950405 648660 99%
c i 10.72 130 83  6 471 7458 5120 20% 3 1950405 648659 99%
c i 10.72 130 83  6 471 7494 5152 20% 3 1950405 648658 99%
c i 10.74 130 82  6 471 7557 5207 19% 3 1950405 648657 99%
c i 10.80 130 82  6 471 7688 5326 20% 3 1950405 648655 99%
c i 10.80 130 82  6 471 7690 5327 20% 3 1950405 648654 99%
c i 10.82 130 82  6 471 7755 5388 20% 3 1950405 648653 99%
c
c  seconds   reductions   redundant   irredundant
c          MB    restarts        trail        variables
c           level    conflicts      glue            remaining
c
c i 10.82 130 81  6 471 7767 5399 20% 3 1950405 648652 99%
c i 10.89 130 82  6 471 7881 5503 20% 3 1950405 648650 99%
c i 10.90 130 82  6 471 7908 5528 20% 3 1950405 648643 99%
c i 10.92 130 82  6 471 7953 5572 21% 3 1950405 648639 99%
c i 11.02 130 85  6 471 8162 5773 22% 3 1950405 648638 99%
c - 11.17 130 87  7 479 8404 5447 23% 3 1950228 648638 99%
c i 11.31 130 87  7 483 8634 5649 24% 3 1950228 648637 99%
c i 11.33 130 86  7 485 8715 5712 24% 3 1950228 648636 99%
c i 11.39 130 85  7 488 8854 5843 23% 3 1950228 648635 99%
c i 11.41 131 84  7 488 8939 5925 23% 3 1950228 648633 99%
c i 11.46 131 84  7 488 8989 5969 23% 3 1950228 648632 99%
c i 11.52 131 84  7 498 9090 6060 24% 3 1950228 648631 99%
c i 11.56 131 83  7 499 9121 6086 24% 3 1950228 648630 99%
c i 11.56 131 83  7 499 9135 6098 24% 3 1950228 648629 99%
c i 11.63 131 83  7 507 9178 6137 24% 3 1950228 648628 99%
c i 11.67 131 83  7 507 9190 6148 24% 3 1950228 648627 99%
c i 11.71 131 83  7 507 9213 6168 24% 3 1950228 648626 99%
c i 11.76 131 83  7 507 9254 6201 24% 3 1950228 648625 99%
c i 11.76 131 83  7 507 9265 6211 24% 3 1950228 648624 99%
c i 11.77 131 84  7 507 9332 6274 25% 3 1950228 648622 99%
c
c  seconds   reductions   redundant   irredundant
c          MB    restarts        trail        variables
c           level    conflicts      glue            remaining
c
c i 11.79 131 86  7 507 9496 6427 27% 3 1950228 648620 99%
c i 11.84 131 85  7 532 9615 6537 27% 3 1950228 648619 99%
c i 11.93 131 84  7 539 9730 6638 26% 3 1950228 648618 99%
c i 11.94 131 84  7 540 9734 6641 26% 3 1950228 648616 99%
c i 11.95 131 84  7 542 9765 6671 26% 3 1950228 648615 99%
c } 11.98 131 83  7 542 9832 6733 26% 3 1950228 648615 99%
c [ 11.98 131 497  7 542 9832 6733 41% 8 1950228 648615 99%
c i 12.18 131 517  7 542 9901 6793 43% 8 1950228 648614 99%
c W 12.69 131 574  7 542 10006 6887 47% 7 1950120 648614 99%
c i 12.69 131 573  7 542 10008 6888 47% 7 1950120 648613 99%
c i 12.77 131 549  7 542 10067 6942 46% 7 1950120 648611 99%
c i 12.81 131 548  7 542 10120 6993 47% 7 1950120 648609 99%
c i 12.82 131 546  7 542 10158 7021 47% 7 1950120 648608 99%
c i 12.84 131 538  7 542 10193 7050 46% 7 1950120 648607 99%
c i 12.85 131 511  7 542 10305 7152 44% 7 1950120 648606 99%
c i 12.97 131 505  7 542 10336 7182 44% 7 1950120 648605 99%
c d 13.52 141 427  7 542 10802 7512 41% 7 1949860 648474 99%
c d 13.64 141 427  7 542 10802 7502 41% 7 1949532 648339 99%
c 3 13.94 142 427  7 542 10802 21273 41% 7 1949532 648339 99%
c t 13.99 142 427  7 542 10802 21272 41% 7 1948612 648041 99%
c
c  seconds    reductions     redundant    irredundant
c          MB     restarts           trail        variables
c            level     conflicts        glue            remaining
c
c f 14.98 145 427  7 542 10802 274165 41% 7 1948497 646348 99%
c u 15.18 145 427  7 542 10802 274534 41% 7 1948497 646347 99%
c v 15.28 145 427  7 542 10802 274418 41% 7 1948497 646346 99%
c w 17.12 146 427  7 542 10802 297850 41% 7 1948032 646333 99%
c d 17.31 146 427  7 542 10802 288794 41% 7 1932244 638125 97%
c d 17.45 146 427  7 542 10802 288697 41% 7 1932084 638049 97%
c i 17.48 147 427  7 542 10802 288697 41% 7 1932084 638049 97%
c - 17.56 147 427  8 543 10804 93255 41% 7 1926413 638049 97%
c i 18.10 147 300  8 544 11860 94243 35% 7 1926413 638048 97%
c i 18.64 147 265  8 544 12435 94794 35% 7 1926413 638047 97%
c i 18.66 147 265  8 544 12476 94832 35% 7 1926413 638046 97%
c i 18.88 147 268  8 544 12781 95081 39% 7 1926413 638044 97%
c i 19.01 147 263  8 544 13119 95380 41% 6 1926413 638043 97%
c ] 20.42 148 262  8 544 13349 95580 44% 7 1926413 638043 97%
c { 20.42 148 83  8 544 13349 95580 26% 3 1926413 638043 97%
c i 20.49 148 81  8 551 13460 95688 25% 3 1926413 638042 97%
c - 20.62 148 81  9 556 13505 7598 25% 3 1926390 638042 97%
c i 20.63 148 80  9 556 13582 7657 25% 3 1926390 638041 97%
c i 20.64 148 80  9 556 13588 7661 25% 3 1926390 638040 97%
c i 20.64 148 80  9 556 13593 7663 25% 3 1926390 638039 97%
c
c  seconds   reductions    redundant   irredundant
c          MB    restarts         trail        variables
c           level     conflicts      glue            remaining
c
c i 20.65 148 79  9 556 13659 7716 24% 3 1926390 638038 97%
c i 20.85 148 80  9 570 13713 7769 24% 3 1926390 638037 97%
c i 20.92 148 79  9 581 13763 7814 24% 3 1926390 638036 97%
c i 21.46 148 76  9 617 14173 8205 24% 3 1926390 638035 97%
c i 21.54 148 77  9 619 14226 8254 24% 3 1926390 638034 97%
c i 21.57 148 77  9 619 14272 8295 24% 3 1926390 638033 97%
c i 21.77 148 76  9 649 14395 8406 23% 3 1926390 638032 97%
c i 21.78 148 76  9 649 14409 8419 23% 3 1926390 638031 97%
c i 21.78 148 76  9 649 14435 8443 23% 3 1926390 638030 97%
c i 21.89 148 77  9 649 14614 8593 24% 3 1926390 638028 97%
c i 21.89 148 77  9 649 14626 8603 25% 3 1926390 638027 97%
c i 21.89 148 78  9 649 14648 8621 25% 3 1926390 638025 97%
c i 21.90 148 78  9 649 14670 8641 25% 3 1926390 638023 97%
c i 21.94 148 80  9 649 14944 8893 26% 3 1926390 638022 97%
c i 21.95 148 80  9 649 14967 8910 26% 3 1926390 638021 97%
c i 21.95 148 80  9 649 14985 8924 26% 3 1926390 638020 97%
c a 22.15 148 80  9 649 15006 8930 27% 3 1926146 637967 97%
c O 22.15 148 80  9 649 15007 8931 27% 3 1926146 637967 97%
c i 22.16 148 80  9 649 15013 8936 27% 3 1926146 637965 97%
c i 22.20 148 79  9 649 15150 9058 26% 3 1926146 637964 97%
c
c  seconds   reductions    redundant   irredundant
c          MB    restarts         trail        variables
c           level     conflicts      glue            remaining
c
c i 22.24 148 79  9 649 15173 9080 26% 3 1926146 637963 97%
c i 22.44 148 80  9 650 15413 9307 27% 3 1926146 637961 97%
c i 22.48 148 80  9 662 15463 9353 26% 3 1926146 637954 97%
c i 22.52 148 80  9 662 15508 9396 27% 3 1926146 637953 97%
c i 22.96 148 80  9 683 15663 9543 26% 3 1926146 637952 97%
c i 22.96 148 80  9 683 15664 9543 26% 3 1926146 637951 97%
c i 22.96 148 80  9 683 15673 9551 26% 3 1926146 637947 97%
c i 22.97 148 80  9 683 15690 9567 26% 3 1926146 637946 97%
c i 23.11 148 79  9 710 15890 9757 26% 3 1926146 637945 97%
c i 23.12 148 79  9 710 15913 9778 26% 3 1926146 637944 97%
c i 23.40 148 79  9 721 16082 9938 26% 3 1926146 637942 97%
c i 23.42 148 80  9 721 16133 9986 26% 3 1926146 637940 97%
c i 23.57 148 80  9 736 16227 10072 27% 3 1926146 637939 97%
c i 23.64 148 80  9 742 16285 10127 26% 3 1926146 637938 97%
c i 23.64 148 80  9 742 16291 10132 26% 3 1926146 637937 97%
c i 24.21 148 80  9 798 16443 10275 26% 3 1926146 637936 97%
c i 24.21 148 79  9 800 16447 10278 26% 3 1926146 637934 97%
c - 24.30 148 79 10 824 16506 9483 26% 3 1926052 637934 97%
c i 24.56 148 79 10 844 16589 9563 26% 3 1926052 637933 97%
c i 24.91 148 78 10 889 16802 9763 26% 3 1926052 637930 97%
c
c  seconds   reductions     redundant   irredundant
c          MB    restarts          trail        variables
c           level     conflicts       glue            remaining
c
c i 25.60 148 78 10 944 17051 10001 26% 3 1926052 637929 97%
c i 25.60 148 78 10 944 17052 10001 26% 3 1926052 637925 97%
c i 25.82 148 77 10 970 17172 10117 26% 3 1926052 637924 97%
c i 25.88 148 77 10 970 17187 10131 26% 3 1926052 637923 97%
c i 25.88 148 77 10 970 17191 10134 26% 3 1926052 637922 97%
c i 25.94 148 77 10 976 17275 10212 26% 3 1926052 637920 97%
c i 25.95 148 77 10 976 17294 10230 26% 3 1926052 637919 97%
c i 26.02 148 78 10 976 17348 10280 26% 3 1926052 637911 97%
c i 26.02 148 78 10 976 17356 10284 26% 3 1926052 637910 97%
c i 26.03 148 78 10 979 17374 10299 26% 3 1926052 637907 97%
c i 26.29 148 77 10 999 17455 10377 26% 3 1926052 637906 97%
c i 26.43 148 77 10 999 17533 10451 26% 3 1926052 637905 97%
c i 27.48 148 76 10 1064 17892 10792 26% 3 1926052 637902 97%
c i 27.55 148 76 10 1065 17985 10882 26% 3 1926052 637901 97%
c 2 27.69 148 76 10 1067 18002 10894 26% 3 1921907 637022 97%
c s 27.95 148 76 10 1067 18002 10894 26% 3 1918105 636879 97%
c e 34.46 149 76 10 1067 18002 10894 26% 3 593155 87888 13%
c s 34.80 149 76 10 1067 18002 10894 26% 3 592634 87888 13%
c e 35.00 127 76 10 1067 18002 10894 26% 3 588844 87031 13%
c i 35.27 136 74 10 1138 18657 2220 25% 3 588844 87030 13%
c
c  seconds   reductions     redundant  irredundant
c          MB     restarts         trail       variables
c           level      conflicts      glue          remaining
c
c i 35.46 136 73 10 1147 19222 2710 25% 3 588844 87029 13%
c i 35.63 137 72 10 1198 19617 3085 24% 3 588844 87028 13%
c - 35.82 94 72 11 1202 19806 3139 25% 3 588103 87028 13%
c i 35.97 95 76 11 1291 20605 3887 27% 3 588103 87027 13%
c B 36.16 95 76 11 1320 21008 4252 26% 3 588092 87027 13%
c d 36.36 95 74 11 1352 21602 4648 25% 3 587673 86868 13%
c d 36.39 95 74 11 1352 21602 4646 25% 3 587647 86861 13%
c 3 36.64 95 74 11 1352 21602 74108 25% 3 587631 86861 13%
c t 36.70 95 74 11 1352 21602 73839 25% 3 583655 86737 13%
c f 36.76 97 74 11 1352 21602 101611 25% 3 583374 86583 13%
c u 36.86 97 74 11 1352 21602 101511 25% 3 583374 86583 13%
c v 36.92 98 74 11 1352 21602 101422 25% 3 583374 86583 13%
c w 37.32 105 74 11 1352 21602 103945 25% 3 582751 86583 13%
c d 37.38 105 74 11 1352 21602 103176 25% 3 581942 86260 13%
c d 37.42 105 74 11 1352 21602 103167 25% 3 581916 86253 13%
c i 37.45 105 74 11 1352 21602 103167 25% 3 581916 86253 13%
c } 38.02 106 71 11 1519 23349 104740 25% 3 581914 86253 13%
c [ 38.02 106 262 11 1519 23349 104740 44% 7 581914 86253 13%
c - 38.06 106 262 12 1519 23408 19270 44% 7 581067 86253 13%
c - 38.95 106 308 13 1521 27308 15605 60% 9 581066 86253 13%
c
c  seconds    reductions      redundant  irredundant
c          MB      restarts          trail       variables
c            level      conflicts       glue          remaining
c
c W 39.33 106 317 13 1522 28011 16214 61% 9 581066 86253 13%
c i 40.02 106 286 13 1524 31256 19137 47% 8 581065 86252 13%
c - 40.08 106 286 14 1524 31508 9205 46% 8 581062 86252 13%
c d 40.18 106 283 14 1524 31602 9252 46% 8 580913 86199 13%
c d 40.21 106 283 14 1524 31602 9250 46% 8 580894 86194 13%
c 3 40.48 95 283 14 1524 31602 86177 46% 8 580867 86194 13%
c t 40.54 95 283 14 1524 31602 86077 46% 8 578934 86182 13%
c f 40.60 96 283 14 1524 31602 105578 46% 8 578898 86139 13%
c u 40.74 97 283 14 1524 31602 105728 46% 8 578755 86139 13%
c v 40.81 98 283 14 1524 31602 105650 46% 8 578755 86139 13%
c w 41.23 104 283 14 1524 31602 108072 46% 8 575727 86139 13%
c d 41.29 104 283 14 1524 31602 107586 46% 8 575069 85866 13%
c d 41.33 104 283 14 1524 31602 107584 46% 8 575065 85865 13%
c i 41.35 105 283 14 1524 31602 107584 46% 8 575065 85865 13%
c - 42.14 105 220 15 1526 36008 22106 52% 7 574893 85865 13%
c I 42.14 105 220 15 1526 36012 22110 52% 7 574893 85865 13%
c - 43.81 106 186 16 1529 40809 16442 46% 6 574892 85865 13%
c ] 43.84 106 185 16 1529 40896 16508 46% 6 574892 85865 13%
c { 43.84 106 71 16 1529 40896 16508 25% 3 574892 85865 13%
c 2 44.54 106 69 16 1774 43002 18396 24% 3 574763 85864 13%
c
c  seconds   reductions      redundant  irredundant
c          MB     restarts          trail       variables
c           level      conflicts       glue          remaining
c
c s 44.58 106 69 16 1774 43002 18396 24% 3 573553 85864 13%
c e 44.83 85 69 16 1774 43002 18396 24% 3 554853 82258 13%
c 2 44.84 85 69 16 1774 43002 18396 24% 3 554823 82254 13%
c s 44.88 85 69 16 1774 43002 18396 24% 3 554267 82254 13%
c e 44.97 86 69 16 1774 43002 18396 24% 3 546772 81136 12%
c d 45.61 94 67 16 1995 44103 17839 23% 3 546583 81048 12%
c d 45.64 94 67 16 1995 44103 17830 23% 3 546549 81037 12%
c 3 45.92 94 67 16 1995 44103 87970 23% 3 546510 81037 12%
c t 46.00 94 67 16 1995 44103 86813 23% 3 545937 81023 12%
c f 46.06 96 67 16 1995 44103 117724 23% 3 545891 81016 12%
c u 46.22 96 67 16 1995 44103 117611 23% 3 545891 81016 12%
c v 46.30 97 67 16 1995 44103 117543 23% 3 545891 81016 12%
c w 46.69 103 67 16 1995 44103 117566 23% 3 539738 81015 12%
c d 46.75 103 67 16 1995 44103 117032 23% 3 539190 80798 12%
c d 46.78 103 67 16 1995 44103 117027 23% 3 539186 80797 12%
c i 46.81 103 67 16 1995 44103 117027 23% 3 539186 80797 12%
c B 47.22 105 65 16 2103 45014 117868 23% 3 539185 80797 12%
c i 47.33 105 65 16 2136 45145 117983 23% 3 539185 80796 12%
c - 47.54 105 64 17 2161 45909 17319 22% 3 539134 80796 12%
c i 49.76 105 60 17 2863 51010 21866 22% 3 539125 80795 12%
c
c  seconds   reductions      redundant  irredundant
c          MB     restarts          trail       variables
c           level      conflicts       glue          remaining
c
c i 49.77 105 60 17 2863 51027 21881 22% 3 539125 80794 12%
c - 49.82 105 62 18 2868 51309 17067 22% 3 539102 80793 12%
c W 51.39 106 60 18 3269 55015 20407 23% 4 539067 80793 12%
c - 51.94 106 58 19 3379 57009 19977 23% 4 539064 80793 12%
c } 52.36 106 57 19 3533 57899 20790 22% 4 539064 80793 12%
c [ 52.36 106 185 19 3533 57899 20790 46% 6 539064 80793 12%
c d 52.96 106 188 19 3534 59105 21478 50% 7 538699 80631 12%
c d 52.99 106 188 19 3534 59105 21436 50% 7 538610 80606 12%
c 3 53.31 94 188 19 3534 59105 94672 50% 7 538562 80606 12%
c t 53.38 94 188 19 3534 59105 94543 50% 7 537967 80603 12%
c f 53.44 96 188 19 3534 59105 118076 50% 7 537959 80591 12%
c u 53.60 98 188 19 3534 59105 118797 50% 7 537959 80591 12%
c v 53.68 98 188 19 3534 59105 118696 50% 7 537959 80591 12%
c w 54.09 104 188 19 3534 59105 118751 50% 7 535070 80590 12%
c d 54.15 104 188 19 3534 59105 117952 50% 7 534470 80365 12%
c d 54.18 104 188 19 3534 59105 117933 50% 7 534459 80362 12%
c i 54.21 104 188 19 3534 59105 117933 50% 7 534459 80362 12%
c - 55.17 104 225 20 3536 63010 35337 55% 8 534412 80362 12%
c # 56.13 105 241 20 3538 66018 38101 56% 16 534408 80362 12%
c - 56.92 105 217 21 3539 69312 29840 52% 14 534405 80362 12%
c
c  seconds    reductions      redundant   irredundant
c          MB      restarts          trail        variables
c            level      conflicts        glue          remaining
c
c - 58.20 105 197 22 3544 75912 31644 54% 13 534403 80362 12%
c d 58.39 105 195 22 3544 76605 32143 55% 13 534344 80341 12%
c d 58.42 105 195 22 3544 76605 32141 55% 13 534309 80334 12%
c 3 58.77 94 195 22 3544 76605 108501 55% 13 534285 80334 12%
c t 58.86 94 195 22 3544 76605 106780 55% 13 534016 80334 12%
c f 58.94 96 195 22 3544 76605 137959 55% 13 534016 80302 12%
c u 59.13 97 195 22 3544 76605 137193 55% 13 534016 80302 12%
c v 59.22 97 195 22 3544 76605 136966 55% 13 534016 80302 12%
c w 59.63 104 195 22 3544 76605 137246 55% 13 531309 80295 12%
c d 59.70 104 195 22 3544 76605 136618 55% 13 530762 80085 12%
c d 59.73 104 195 22 3544 76605 136609 55% 13 530748 80079 12%
c i 59.76 104 195 22 3544 76605 136609 55% 13 530748 80079 12%
c B 60.26 105 193 22 3545 78020 137686 55% 12 530658 80079 12%
c ] 61.12 106 193 22 3546 80038 139533 56% 13 530658 80079 12%
c { 61.12 106 57 22 3546 80038 139533 22% 4 530658 80079 12%
c 2 61.40 106 57 22 3678 80502 139967 22% 4 530590 80075 12%
c s 61.44 106 57 22 3678 80502 139967 22% 4 529105 80075 12%
c e 61.75 87 57 22 3678 80502 139967 22% 4 505504 74395 11%
c 2 61.76 87 57 22 3678 80502 139967 22% 4 505490 74391 11%
c s 61.81 87 57 22 3678 80502 139967 22% 4 504849 74391 11%
c
c  seconds  reductions      redundant   irredundant
c         MB     restarts           trail       variables
c          level      conflicts        glue          remaining
c
c e 61.87 87 57 22 3678 80502 139967 22% 4 504193 74229 11%
c - 63.28 99 56 23 4102 82812 32944 22% 4 504193 74229 11%
c i 65.63 100 55 23 4954 87448 37150 22% 4 504191 74228 11%
c - 66.64 100 54 24 5243 90012 33369 21% 4 504184 74228 11%
c W 67.23 100 54 24 5371 91021 34297 21% 4 504182 74228 11%
c d 70.44 101 52 24 6344 96606 38996 20% 4 503867 74087 11%
c d 70.47 101 52 24 6344 96606 38936 20% 4 503794 74066 11%
c 3 70.85 94 52 24 6344 96606 106256 20% 4 503767 74066 11%
c t 70.93 94 52 24 6344 96606 105665 20% 4 503217 74059 11%
c f 71.01 97 52 24 6344 96606 146088 20% 4 503196 74038 11%
c u 71.24 99 52 24 6344 96606 145839 20% 4 503196 74038 11%
c v 71.34 99 52 24 6344 96606 145478 20% 4 503196 74038 11%
c w 71.76 105 52 24 6344 96606 145857 20% 4 501601 74035 11%
c d 71.82 105 52 24 6344 96606 144412 20% 4 500766 73712 11%
c d 71.85 105 52 24 6344 96606 144390 20% 4 500734 73701 11%
c i 71.88 105 52 24 6344 96606 144390 20% 4 500734 73701 11%
c - 72.38 106 52 25 6459 97512 38436 21% 4 500664 73701 11%
c F 76.35 106 51 25 7516 105025 45274 21% 4 500660 73701 11%
c - 76.41 106 51 26 7517 105312 36384 21% 4 500660 73701 11%
c } 76.81 106 50 26 7637 106038 37048 21% 4 500660 73701 11%
c
c  seconds    reductions       redundant   irredundant
c          MB      restarts           trail        variables
c            level      conflicts         glue          remaining
c
c [ 76.81 106 193 26 7637 106038 37048 56% 13 500660 73701 11%
c - 78.33 106 184 27 7642 113414 37879 54% 12 500658 73701 11%
c d 81.37 107 170 27 7644 119107 42982 56% 11 500562 73658 11%
c d 81.40 107 170 27 7644 119107 42945 56% 11 500543 73653 11%
c 3 81.84 95 170 27 7644 119107 114704 56% 11 500519 73653 11%
c t 81.91 95 170 27 7644 119107 114578 56% 11 499926 73651 11%
c f 82.00 97 170 27 7644 119107 152027 56% 11 499909 73598 11%
c u 82.32 98 170 27 7644 119107 151908 56% 11 499909 73598 11%
c v 82.43 99 170 27 7644 119107 151461 56% 11 499909 73598 11%
c w 82.82 105 170 27 7644 119107 151718 56% 11 498047 73595 11%
c d 82.88 105 170 27 7644 119107 150604 56% 11 497353 73300 11%
c d 82.91 105 170 27 7644 119107 150595 56% 11 497340 73297 11%
c i 82.94 105 170 27 7644 119107 150595 56% 11 497340 73297 11%
c B 83.46 106 170 27 7645 120026 151478 56% 11 497340 73297 11%
c - 84.02 106 170 28 7646 121815 50951 56% 11 497208 73297 11%
c 2 88.24 106 156 28 7650 130503 59032 56% 11 497135 73296 11%
c s 88.27 106 156 28 7650 130503 59032 56% 11 495438 73296 11%
c e 88.44 85 156 28 7650 130503 59032 56% 11 490453 71977 11%
c 2 88.44 85 156 28 7650 130503 59032 56% 11 490427 71974 11%
c s 88.47 85 156 28 7650 130503 59032 56% 11 489900 71974 11%
c
c  seconds   reductions       redundant   irredundant
c         MB      restarts           trail        variables
c           level      conflicts         glue          remaining
c
c e 88.52 85 156 28 7650 130503 59032 56% 11 489607 71900 11%
c - 88.58 92 156 29 7650 130515 39586 56% 11 489607 71900 11%
c ] 89.97 93 153 29 7651 133948 42692 55% 10 489606 71900 11%
c { 89.97 93 50 29 7651 133948 42692 21% 4 489606 71900 11%
c W 91.28 96 51 29 7978 136027 44583 21% 4 489606 71900 11%
c i 92.63 96 50 29 8371 138390 46752 21% 4 489606 71899 11%
c - 93.09 97 50 30 8490 139515 39870 21% 4 489604 71899 11%
c d 95.86 97 50 30 9350 144109 43896 21% 4 489474 71843 11%
c d 95.88 97 50 30 9350 144109 43879 21% 4 489448 71834 11%
c 3 96.38 94 50 30 9350 144109 117344 21% 4 489427 71834 11%
c t 96.45 94 50 30 9350 144109 117213 21% 4 488779 71831 11%
c f 96.57 97 50 30 9350 144109 166631 21% 4 488773 71732 11%
c u 96.89 100 50 30 9350 144109 166102 21% 4 488773 71732 11%
c v 97.02 100 50 30 9350 144109 165647 21% 4 488773 71732 11%
c w 97.44 105 50 30 9350 144109 166492 21% 4 485489 71728 11%
c d 97.50 105 50 30 9350 144109 164754 21% 4 484534 71317 11%
c d 97.53 105 50 30 9350 144109 164745 21% 4 484529 71315 11%
c i 97.56 105 50 30 9350 144109 164745 21% 4 484529 71315 11%
c i 100.34 106 49 30 9967 147840 168171 21% 4 484524 71314 11%
c - 101.05 106 49 31 10115 148815 55884 21% 4 484292 71314 11%
c
c  seconds    reductions        redundant  irredundant
c           MB     restarts            trail       variables
c            level       conflicts        glue          remaining
c
c i 103.57 106 49 31 10645 152979 59673 21% 4 484292 71313 11%
c O 103.59 106 49 31 10645 153028 59713 21% 4 484292 71313 11%
c - 107.33 107 49 32 11455 158416 49220 21% 4 484285 71313 11%
c i 109.50 107 48 32 11865 162553 53000 21% 4 484285 71312 11%
c - 114.00 107 48 33 12883 168316 52973 21% 4 484283 71312 11%
c } 115.93 107 48 33 13322 170951 55444 21% 4 484283 71312 11%
c [ 115.93 107 153 33 13322 170951 55444 55% 10 484283 71312 11%
c B 116.01 107 153 33 13322 171029 55514 55% 10 484283 71312 11%
c d 116.19 107 153 33 13322 171609 55646 56% 10 484104 71237 11%
c d 116.22 107 153 33 13322 171609 55642 56% 10 484081 71230 11%
c 3 116.83 95 153 33 13322 171609 137497 56% 10 484049 71230 11%
c t 116.90 95 153 33 13322 171609 137308 56% 10 483274 71230 11%
c f 117.03 98 153 33 13322 171609 193494 56% 10 483274 71155 11%
c u 117.51 99 153 33 13322 171609 192569 56% 10 482855 71155 11%
c v 117.66 100 153 33 13322 171609 191949 56% 10 482855 71155 11%
c w 118.09 106 153 33 13322 171609 192933 56% 10 480589 71150 11%
c d 118.15 106 153 33 13322 171609 191541 56% 10 479770 70837 11%
c d 118.19 106 153 33 13322 171609 191504 56% 10 479754 70830 11%
c i 118.22 106 153 33 13322 171609 191504 56% 10 479754 70830 11%
c - 120.29 108 153 34 13327 178517 70608 55% 13 479585 70830 11%
c
c  seconds     reductions        redundant   irredundant
c           MB      restarts            trail        variables
c             level       conflicts         glue          remaining
c
c - 124.00 108 151 35 13333 189017 60213 55% 15 479583 70830 11%
c W 124.43 108 151 35 13334 190030 61053 54% 15 479583 70830 11%
c 2 125.45 108 147 35 13335 193003 63847 53% 15 479504 70828 11%
c s 125.48 108 147 35 13335 193003 63847 53% 15 477403 70828 11%
c e 125.70 86 147 35 13335 193003 63847 53% 15 472424 69163 11%
c 2 125.70 86 147 35 13335 193003 63847 53% 15 472400 69162 11%
c s 125.74 86 147 35 13335 193003 63847 53% 15 471708 69162 11%
c e 125.80 86 147 35 13335 193003 63847 53% 15 470900 69014 11%
c - 128.02 95 142 36 13336 199817 53761 52% 14 470897 69014 11%
c d 128.62 95 141 36 13336 201609 55319 52% 14 470785 68967 11%
c d 128.64 95 141 36 13336 201609 55319 52% 14 470746 68957 11%
c 3 129.29 95 141 36 13336 201609 140617 52% 14 470733 68957 11%
c t 129.36 95 141 36 13336 201609 140240 52% 14 470033 68956 11%
c f 129.49 98 141 36 13336 201609 198223 52% 14 470031 68946 11%
c u 129.90 101 141 36 13336 201609 197668 52% 14 470031 68946 11%
c v 130.06 102 141 36 13336 201609 197353 52% 14 470031 68946 11%
c w 130.51 106 141 36 13336 201609 198300 52% 14 467499 68946 11%
c d 130.57 106 141 36 13336 201609 197231 52% 14 466903 68723 10%
c d 130.60 106 141 36 13336 201609 197224 52% 14 466900 68722 10%
c i 130.63 107 141 36 13336 201609 197224 52% 14 466900 68722 10%
c
c  seconds     reductions        redundant    irredundant
c           MB      restarts             trail        variables
c             level       conflicts          glue          remaining
c
c I 133.32 107 140 36 13341 210031 205043 51% 14 466897 68722 10%
c - 133.69 107 140 37 13342 210917 64009 51% 14 466866 68722 10%
c - 137.78 108 134 38 13348 222317 62585 50% 13 466865 68722 10%
c B 140.92 108 137 38 13351 231033 70741 47% 12 466865 68722 10%
c - 141.77 108 138 39 13351 234017 61823 47% 13 466865 68722 10%
c d 141.85 108 138 39 13351 234109 61885 47% 13 466840 68707 10%
c d 141.88 108 138 39 13351 234109 61885 47% 13 466832 68705 10%
c 3 142.60 95 138 39 13351 234109 150385 47% 13 466817 68705 10%
c t 142.67 95 138 39 13351 234109 149863 47% 13 466345 68704 10%
c f 142.81 99 138 39 13351 234109 211569 47% 13 466345 68683 10%
c u 143.48 100 138 39 13351 234109 210912 47% 13 466345 68683 10%
c v 143.65 102 138 39 13351 234109 210547 47% 13 466345 68683 10%
c w 144.11 107 138 39 13351 234109 213907 47% 13 462980 68683 10%
c d 144.17 107 138 39 13351 234109 213137 47% 13 462457 68470 10%
c d 144.21 107 138 39 13351 234109 213136 47% 13 462453 68469 10%
c i 144.23 107 138 39 13351 234109 213136 47% 13 462453 68469 10%
c ] 144.93 107 138 39 13351 235898 214826 47% 13 462453 68469 10%
c { 144.93 107 48 39 13351 235898 214826 21% 4 462453 68469 10%
c - 153.18 109 47 40 15015 246019 94645 22% 5 462389 68469 10%
c W 158.62 109 46 40 16074 253034 101140 22% 5 462387 68469 10%
c
c  seconds    reductions        redundant   irredundant
c           MB     restarts             trail       variables
c            level       conflicts         glue          remaining
c
c i 160.67 109 46 40 16490 255371 103320 23% 5 462387 68468 10%
c - 163.26 109 45 41 17038 258320 73084 23% 5 462381 68468 10%
c 2 170.03 98 46 41 18386 268003 82057 23% 5 462273 68468 10%
c s 170.06 98 46 41 18386 268003 82057 23% 5 460885 68468 10%
c e 170.27 98 46 41 18386 268003 82057 23% 5 456154 66554 10%
c 2 170.27 98 46 41 18386 268003 82057 23% 5 456138 66554 10%
c s 170.32 98 46 41 18386 268003 82057 23% 5 455659 66554 10%
c e 170.39 98 46 41 18386 268003 82057 23% 5 454937 66407 10%
c d 171.21 99 46 41 18511 269109 73407 23% 5 454770 66328 10%
c d 171.24 99 46 41 18511 269109 73390 23% 5 454732 66317 10%
c 3 172.09 95 46 41 18511 269109 160027 23% 5 454711 66317 10%
c t 172.17 95 46 41 18511 269109 159040 23% 5 454106 66317 10%
c f 172.35 99 46 41 18511 269109 231494 23% 5 454106 66276 10%
c u 172.96 102 46 41 18511 269109 230433 23% 5 454106 66276 10%
c v 173.16 103 46 41 18511 269109 230080 23% 5 454106 66276 10%
c w 173.64 107 46 41 18511 269109 232000 23% 5 451318 66272 10%
c d 173.70 107 46 41 18511 269109 230452 23% 5 450571 65928 10%
c d 173.74 107 46 41 18511 269109 230393 23% 5 450564 65926 10%
c i 173.76 107 46 41 18511 269109 230393 23% 5 450564 65926 10%
c - 175.03 108 46 42 18666 270920 79904 24% 5 450468 65926 10%
c
c  seconds    reductions        redundant  irredundant
c           MB     restarts            trail       variables
c            level       conflicts        glue          remaining
c
c # 177.87 108 47 42 19139 276035 84598 24% 5 450467 65926 10%
c i 178.33 108 47 42 19221 276647 85166 24% 5 450467 65925 10%
c - 182.75 108 47 43 19995 283821 72797 24% 5 450465 65925 10%
c } 184.34 95 47 43 20324 285900 74731 25% 5 450465 65925 10%
c [ 184.34 95 138 43 20324 285900 74731 47% 13 450465 65925 10%
c - 187.63 96 134 44 20330 297021 73703 47% 13 450463 65925 10%
c B 188.89 96 133 44 20332 300038 76408 47% 13 450463 65925 10%
c i 191.55 97 131 44 20336 305931 81625 46% 13 450463 65924 10%
c d 191.77 97 131 44 20336 306609 82106 47% 13 450361 65885 10%
c d 191.80 97 131 44 20336 306609 82099 47% 13 450343 65880 10%
c 3 192.75 96 131 44 20336 306609 180590 47% 13 450324 65880 10%
c t 192.82 96 131 44 20336 306609 180243 47% 13 449583 65880 10%
c f 193.00 101 131 44 20336 306609 260407 47% 13 449583 65869 10%
c u 193.78 103 131 44 20336 306609 258357 47% 13 449549 65869 10%
c v 194.00 104 131 44 20336 306609 257559 47% 13 449549 65869 10%
c w 194.49 109 131 44 20336 306609 259029 47% 13 447148 65868 10%
c d 194.56 109 131 44 20336 306609 257978 47% 13 446774 65700 10%
c d 194.60 109 131 44 20336 306609 257964 47% 13 446769 65699 10%
c i 194.62 109 131 44 20336 306609 257964 47% 13 446769 65699 10%
c - 196.32 111 129 45 20337 310521 78130 46% 14 446740 65699 10%
c
c  seconds    reductions        redundant   irredundant
c          MB      restarts            trail        variables
c            level       conflicts         glue          remaining
c
c - 201.67 97 123 46 20343 324322 75122 45% 14 446739 65699 10%
c W 202.20 98 122 46 20343 325039 75761 45% 14 446739 65699 10%
c - 207.50 100 116 47 20351 338424 78647 43% 14 446739 65699 10%
c d 210.74 100 112 47 20353 346610 86133 43% 13 446694 65679 10%
c d 210.77 100 112 47 20353 346610 86133 43% 13 446680 65675 10%
c 3 211.79 98 112 47 20353 346610 183562 43% 13 446659 65675 10%
c t 211.87 98 112 47 20353 346610 182915 43% 13 446067 65675 10%
c f 212.08 102 112 47 20353 346610 268194 43% 13 446067 65661 10%
c u 212.85 105 112 47 20353 346610 267210 43% 13 446067 65661 10%
c v 213.10 106 112 47 20353 346610 266857 43% 13 446067 65661 10%
c w 213.62 111 112 47 20353 346610 268963 43% 13 442870 65659 10%
c d 213.69 111 112 47 20353 346610 267639 43% 13 442336 65415 10%
c i 213.76 111 112 47 20353 346610 267639 43% 13 442336 65415 10%
c F 215.50 111 110 47 20353 351040 271567 42% 13 442335 65415 10%
c - 216.34 111 109 48 20354 352824 90157 42% 13 442298 65415 10%
c 2 217.65 92 107 48 20354 355503 92706 42% 13 442161 65414 10%
c s 217.70 92 107 48 20354 355503 92706 42% 13 439198 65414 10%
c e 217.97 94 107 48 20354 355503 92706 42% 13 431083 62822 10%
c 2 217.97 94 107 48 20354 355503 92706 42% 13 431050 62819 10%
c s 218.02 94 107 48 20354 355503 92706 42% 13 430238 62819 10%
c
c  seconds    reductions        redundant   irredundant
c          MB      restarts            trail        variables
c            level       conflicts         glue          remaining
c
c e 218.09 94 107 48 20354 355503 92706 42% 13 429634 62651 10%
c - 223.30 97 103 49 20354 367524 77122 40% 14 429634 62651 10%
c ] 227.85 98 99 49 20361 377722 86484 39% 14 429634 62651 10%
c { 227.85 98 47 49 20361 377722 86484 25% 5 429634 62651 10%
c B 228.10 99 47 49 20428 378041 86779 24% 5 429634 62651 10%
c - 230.70 101 47 50 20908 382524 77426 25% 5 429634 62651 10%
c d 234.34 102 47 50 21619 389111 83279 25% 5 429394 62555 10%
c d 234.36 102 47 50 21619 389111 83275 25% 5 429388 62553 10%
c 3 235.48 97 47 50 21619 389111 180041 25% 5 429372 62553 10%
c t 235.55 97 47 50 21619 389111 179419 25% 5 428553 62553 10%
c f 235.79 102 47 50 21619 389111 273423 25% 5 428553 62478 10%
c u 236.89 104 47 50 21619 389111 271260 25% 5 428319 62478 10%
c v 237.12 106 47 50 21619 389111 271878 25% 5 428319 62478 10%
c w 237.67 110 47 50 21619 389111 276269 25% 5 425820 62478 10%
c d 237.74 110 47 50 21619 389111 274968 25% 5 424941 62081 9%
c d 237.77 110 47 50 21619 389111 274935 25% 5 424922 62075 9%
c i 237.80 110 47 50 21619 389111 274935 25% 5 424922 62075 9%
c - 243.26 111 47 51 22477 397825 84671 25% 5 424781 62075 9%
c i 245.40 97 47 51 22922 400671 87321 25% 5 424781 62074 9%
c W 249.21 99 47 51 23588 406044 91890 25% 5 424774 62074 9%
c
c  seconds    reductions        redundant  irredundant
c           MB     restarts            trail       variables
c            level       conflicts        glue         remaining
c
c - 253.72 100 47 52 24398 413428 91090 26% 5 424772 62074 9%
c - 266.54 102 48 53 27264 429328 96305 26% 5 424769 62074 9%
c d 269.34 102 48 53 27703 434111 100086 26% 5 424568 61994 9%
c d 269.37 102 48 53 27703 434111 100020 26% 5 424526 61981 9%
c 3 270.57 98 48 53 27703 434111 205171 26% 5 424511 61981 9%
c t 270.64 98 48 53 27703 434111 204952 26% 5 423526 61976 9%
c f 270.91 104 48 53 27703 434111 315761 26% 5 423458 61938 9%
c u 272.06 107 48 53 27703 434111 313690 26% 5 423458 61938 9%
c v 272.39 108 48 53 27703 434111 313122 26% 5 423458 61938 9%
c w 273.01 112 48 53 27703 434111 315790 26% 5 419625 61937 9%
c d 273.07 112 48 53 27703 434111 313621 26% 5 418342 61500 9%
c i 273.14 112 48 53 27703 434111 313621 26% 5 418342 61500 9%
c O 273.83 112 48 53 27864 435045 314459 26% 5 418342 61500 9%
c } 280.42 113 48 53 29306 442722 321559 26% 6 418340 61500 9%
c [ 280.42 113 99 53 29306 442722 321559 39% 14 418340 61500 9%
c - 281.75 113 98 54 29308 445530 127103 39% 14 418185 61500 9%
c 2 286.31 95 94 54 29313 455504 135884 39% 14 418017 61500 9%
c s 286.34 95 94 54 29313 455504 135884 39% 14 415435 61500 9%
c e 286.59 97 94 54 29313 455504 135884 39% 14 405252 58855 9%
c 2 286.59 97 94 54 29313 455504 135884 39% 14 405226 58854 9%
c
c  seconds   reductions        redundant    irredundant
c          MB     restarts             trail        variables
c           level       conflicts          glue         remaining
c
c s 286.64 97 94 54 29313 455504 135884 39% 14 404334 58854 9%
c e 286.71 97 94 54 29313 455504 135884 39% 14 403679 58714 9%
c - 289.85 98 91 55 29318 462030 92526 38% 14 403679 58714 9%
c B 291.10 98 90 55 29319 465047 95070 38% 13 403679 58714 9%
c i 295.18 98 85 55 29320 474529 102626 37% 13 403678 58422 9%
c i 295.20 98 85 55 29320 474567 102660 37% 13 403678 58294 9%
c i 295.26 98 85 55 29320 474678 102748 37% 13 403678 58205 9%
c i 295.28 98 85 55 29320 474757 102800 37% 13 403678 57849 9%
c i 295.29 98 85 55 29320 474773 102809 37% 13 403678 57016 9%
c i 295.29 98 85 55 29320 474780 102815 37% 13 403678 57004 9%
c i 295.29 98 85 55 29320 474783 102817 37% 13 403678 56553 9%
c i 295.29 98 85 55 29320 474784 102817 37% 13 403678 56333 9%
c ] 295.29 98 85 55 29320 474786 102817 37% 13 403678 54071 8%
c 0 295.29 98 48 55 29320 474786 102817 26% 6 403678 54071 8%
c
c ---- [ result ] ------------------------------------------------------------
c
s UNSATISFIABLE
c
c ---- [ profiling ] ---------------------------------------------------------
c
c         240.08   81.30 %  search
c         139.84   47.36 %  focused
c         100.23   33.94 %  stable
c          54.69   18.52 %  simplify
c          41.14   13.93 %  probe
c          20.89    7.07 %  vivify
c          10.43    3.53 %  eliminate
c          10.09    3.42 %  ternary
c           4.89    1.66 %  substitute
c           4.01    1.36 %  failed
c           1.94    0.66 %  reduce
c           1.63    0.55 %  walking
c           1.49    0.51 %  autarky
c           1.26    0.43 %  transitive
c           0.52    0.18 %  parse
c =============================================
c         295.29  100.00 %  total
c
c ---- [ statistics ] --------------------------------------------------------
c
c conflicts:                           474786             1607.85 per second
c decisions:                          2616389                5.51 per conflict
c propagations:                    1659762396          5620751    per second
c reductions:                              55             8632    interval
c rephased:                                30            15826    interval
c restarts:                             29320               16.19 interval
c
c ---- [ resources ] ---------------------------------------------------------
c
c maximum-resident-set-size:        201273344 bytes        192 MB
c process-time:                         4m 55s             295.29 seconds
c
c ---- [ shutting down ] -----------------------------------------------------
c
c exit 20

SAT solver OK

VALID
c array.sh: end:      Tue Feb 16 22:35:14 CET 2021
