[runlim] version:		1.21
[runlim] host:			c3n02
[runlim] time limit:		900 seconds
[runlim] real time limit:	900 seconds
[runlim] space limit:		50000 MB
[runlim] argv[0]:		./binary
[runlim] argv[1]:		/tmp/local-unzipped-18834717-3-parity10.cnf
[runlim] argv[2]:		900 50000
[runlim] start:			Tue Feb 16 22:30:17 2021
[runlim] child:			3230
solving-time: 0.00
proof-gen-satsolver: 0.00
tracecheck-time: 0.00
toferp-time: 0.00
ferpcheck-time: 0.00
ferpcert-time: 0.01
merging-time 0.01
final-check-time: 0.56
[runlim] end:			Tue Feb 16 22:30:18 2021
[runlim] status:		ok
[runlim] result:		0
[runlim] children:		3
[runlim] real:			0.68 seconds
[runlim] time:			0.48 seconds
[runlim] space:			10 MB
[runlim] samples:		6
