[runlim] version:		1.21
[runlim] host:			c3n05
[runlim] time limit:		900 seconds
[runlim] real time limit:	900 seconds
[runlim] space limit:		50000 MB
[runlim] argv[0]:		./binary
[runlim] argv[1]:		/tmp/local-unzipped-18834717-9-parity100.cnf
[runlim] argv[2]:		900 50000
[runlim] start:			Tue Feb 16 22:30:17 2021
[runlim] child:			3124
solving-time: 0.01
proof-gen-satsolver: 0.01
tracecheck-time: 0.01
toferp-time: 0.09
ferpcheck-time: 0.09
ferpcert-time: 0.79
merging-time 0.49
[runlim] sample:		9.65 time, 10.02 real, 134 MB
[runlim] sample:		19.65 time, 20.01 real, 151 MB
[runlim] sample:		29.65 time, 30.02 real, 157 MB
[runlim] sample:		39.65 time, 40.01 real, 110 MB
[runlim] sample:		49.65 time, 50.02 real, 109 MB
[runlim] sample:		59.65 time, 60.02 real, 109 MB
[runlim] sample:		69.65 time, 70.02 real, 104 MB
[runlim] sample:		79.65 time, 80.01 real, 110 MB
[runlim] sample:		89.65 time, 90.01 real, 89 MB
[runlim] sample:		99.65 time, 100.02 real, 110 MB
[runlim] sample:		109.65 time, 110.02 real, 111 MB
[runlim] sample:		119.65 time, 120.01 real, 110 MB
[runlim] sample:		129.65 time, 130.01 real, 99 MB
[runlim] sample:		139.65 time, 140.01 real, 111 MB
[runlim] sample:		149.65 time, 150.02 real, 112 MB
[runlim] sample:		159.65 time, 160.02 real, 113 MB
[runlim] sample:		169.65 time, 170.02 real, 101 MB
[runlim] sample:		179.65 time, 180.02 real, 112 MB
[runlim] sample:		189.65 time, 190.01 real, 100 MB
[runlim] sample:		199.65 time, 200.01 real, 96 MB
[runlim] sample:		209.65 time, 210.01 real, 104 MB
[runlim] sample:		219.65 time, 220.01 real, 99 MB
[runlim] sample:		229.65 time, 230.02 real, 104 MB
[runlim] sample:		239.64 time, 240.02 real, 114 MB
[runlim] sample:		249.64 time, 250.02 real, 103 MB
[runlim] sample:		259.65 time, 260.02 real, 105 MB
[runlim] sample:		269.65 time, 270.02 real, 106 MB
[runlim] sample:		279.65 time, 280.02 real, 116 MB
[runlim] sample:		289.65 time, 290.01 real, 102 MB
final-check-time: 295.29
[runlim] end:			Tue Feb 16 22:35:14 2021
[runlim] status:		ok
[runlim] result:		0
[runlim] children:		11
[runlim] real:			296.90 seconds
[runlim] time:			296.45 seconds
[runlim] space:			239 MB
[runlim] samples:		2968
