[runlim] version:		1.21
[runlim] host:			c3n03
[runlim] time limit:		900 seconds
[runlim] real time limit:	900 seconds
[runlim] space limit:		50000 MB
[runlim] argv[0]:		./binary
[runlim] argv[1]:		/tmp/local-unzipped-18834717-6-parity60.cnf
[runlim] argv[2]:		900 50000
[runlim] start:			Tue Feb 16 22:30:17 2021
[runlim] child:			3064
solving-time: 0.02
proof-gen-satsolver: 0.00
tracecheck-time: 0.01
toferp-time: 0.04
ferpcheck-time: 0.05
ferpcert-time: 0.58
merging-time 0.23
[runlim] sample:		9.67 time, 10.01 real, 77 MB
[runlim] sample:		19.67 time, 20.01 real, 50 MB
[runlim] sample:		29.67 time, 30.01 real, 56 MB
[runlim] sample:		39.66 time, 40.01 real, 56 MB
[runlim] sample:		49.66 time, 50.01 real, 60 MB
[runlim] sample:		59.67 time, 60.01 real, 55 MB
[runlim] sample:		69.67 time, 70.01 real, 56 MB
[runlim] sample:		79.67 time, 80.01 real, 56 MB
[runlim] sample:		89.66 time, 90.01 real, 52 MB
final-check-time: 93.41
[runlim] end:			Tue Feb 16 22:31:51 2021
[runlim] status:		ok
[runlim] result:		0
[runlim] children:		8
[runlim] real:			94.44 seconds
[runlim] time:			94.07 seconds
[runlim] space:			220 MB
[runlim] samples:		944
